2025-09-08 15:40:52 - root - INFO - 服务器日志系统初始化完成，日志文件: C:\Users\z0054unn\Documents\Siemens-GitLab\Third-party\third-party-clearance\logs\server_20250908_15h40m52s.log
2025-09-08 15:40:52 - nodes - INFO - Now we are parsing the original HTML File
2025-09-08 15:40:58 - nodes - INFO - Successfully parsed!
2025-09-08 15:40:58 - nodes - INFO - Now we are parsing the original PCR file.
2025-09-08 15:41:10 - back_end.services.chat_service - INFO - we have found risk bot when initializing the chat service!
2025-09-08 15:41:10 - back_end.services.chat_manager - WARNING - now we start with checking: pure_component
2025-09-08 15:41:10 - testing - INFO - 检验测试环境初始化...
2025-09-08 15:41:10 - testing - INFO - 测试环境验证通过!
2025-09-08 15:41:10 - testing - INFO - 开始执行测试: test_custom_instruction_retrieval
2025-09-08 15:41:10 - testing - INFO - Now we are using the customized shared dictionary
2025-09-08 15:41:12 - testing - INFO - Retrieved instructions with custom context: I understand you're switching to confirming mode. Please provide your feedback or let me know if you're satisfied with the current results so I can proceed accordingly.
2025-09-08 15:41:12 - testing - INFO - 开始执行测试: test_user_in_flow
2025-09-08 15:41:12 - testing - INFO - 当前对话轮次1, 用户输入OK, show me the first subtitle
2025-09-08 15:42:35 - back_end.services.chat_service - INFO - user_input: OK, show me the first subtitle
2025-09-08 15:42:37 - back_end.services.chat_service - INFO - chat_service.process_user_input: we have this response {'result': 'next', 'talking': "The first subtitle is: 'Core Responsibilities'. If you need further information or details, please let me know!"}
2025-09-08 15:42:59 - ObligationsHandler - INFO - Initialized 7 subtitle handlers for item: 0
2025-09-08 15:42:59 - ObligationsHandler - INFO - Initialized 7 subtitle handlers for item: 1
2025-09-08 15:42:59 - ObligationsHandler - INFO - Initialized 7 subtitle handlers for item: 2
2025-09-08 15:42:59 - ObligationsHandler - INFO - Initialized 7 subtitle handlers for item: 3
2025-09-08 15:42:59 - ObligationsHandler - INFO - Initialized 7 subtitle handlers for item: 4
2025-09-08 15:42:59 - ObligationsHandler - INFO - Initialized 7 subtitle handlers for item: 5
2025-09-08 15:42:59 - ObligationsHandler - INFO - Initialized 7 subtitle handlers for item: 6
2025-09-08 15:42:59 - ObligationsHandler - INFO - Initialized 7 subtitle handlers for item: 7
2025-09-08 15:42:59 - back_end.services.chat_flow - INFO - chat_flow.process: 处理状态: ConfirmationStatus.OBLIGATIONS
2025-09-08 15:42:59 - LicenseHandler - INFO - Now we are checking...
2025-09-08 15:42:59 - ObligationsHandler - INFO - Marked content_confirmed for item_0 - LicenseHandler
2025-09-08 15:42:59 - back_end.services.chat_service - INFO - chat_service.process_user_input: Current status: obligations, Updated status: obligations
2025-09-08 15:42:59 - back_end.services.chat_service - INFO - Status check - Processing type: pure_component, Item type: ItemType.PC, Status: obligations -> obligations
2025-09-08 15:42:59 - back_end.services.chat_service - INFO - chat_service._handle_chapter_generation: Processing ChapterGeneration with result: next
2025-09-08 15:43:07 - utils.database.hardDB - INFO - this is the found components
2025-09-08 15:43:07 - back_end.services.chat_gen.generator - INFO - Generated content for item_0 - HandlerStateWrapper
2025-09-08 15:43:07 - testing - INFO - 状态: obligations
2025-09-08 15:43:07 - testing - INFO - 系统回复: ['Now we start importing the obligations for this component', '']
2025-09-08 15:43:07 - testing - INFO - 当前对话轮次2, 用户输入ok, next, please
2025-09-08 15:49:24 - back_end.services.chat_service - INFO - user_input: ok, next, please
2025-09-08 15:49:47 - back_end.services.chat_service - INFO - chat_service.process_user_input: we have this response {'result': 'next', 'talking': 'Moving on to the next section. Please specify what you would like to focus on or if you need details about a specific topic.'}
2025-09-08 15:49:59 - back_end.services.chat_flow - INFO - chat_flow.process: 处理状态: ConfirmationStatus.OBLIGATIONS
2025-09-08 15:49:59 - SubObligationsHandler - INFO - Now we are checking...
2025-09-08 15:49:59 - ObligationsHandler - INFO - Marked content_confirmed for item_0 - SubObligationsHandler
2025-09-08 15:50:23 - back_end.services.chat_service - INFO - chat_service.process_user_input: Current status: obligations, Updated status: obligations
2025-09-08 15:50:52 - LicenseHandler - ERROR - 访问 handler.__iter__ 时出错: 'LicenseHandler' object has no attribute '__iter__'
2025-09-08 15:50:52 - SubObligationsHandler - ERROR - 访问 handler.__iter__ 时出错: 'SubObligationsHandler' object has no attribute '__iter__'
2025-09-08 15:50:52 - SubRisksHandler - ERROR - 访问 handler.__iter__ 时出错: 'SubRisksHandler' object has no attribute '__iter__'
2025-09-08 15:50:52 - CommonRulesHandler - ERROR - 访问 handler.__iter__ 时出错: 'CommonRulesHandler' object has no attribute '__iter__'
2025-09-08 15:50:52 - AdditionalHandler - ERROR - 访问 handler.__iter__ 时出错: 'AdditionalHandler' object has no attribute '__iter__'
2025-09-08 15:50:52 - ImplementationHandler - ERROR - 访问 handler.__iter__ 时出错: 'ImplementationHandler' object has no attribute '__iter__'
2025-09-08 15:50:52 - ObligationCombiningHandler - ERROR - 访问 handler.__iter__ 时出错: 'ObligationCombiningHandler' object has no attribute '__iter__'
2025-09-08 15:50:52 - LicenseHandler - ERROR - 访问 handler.__iter__ 时出错: 'LicenseHandler' object has no attribute '__iter__'
2025-09-08 15:50:52 - SubObligationsHandler - ERROR - 访问 handler.__iter__ 时出错: 'SubObligationsHandler' object has no attribute '__iter__'
2025-09-08 15:50:52 - SubRisksHandler - ERROR - 访问 handler.__iter__ 时出错: 'SubRisksHandler' object has no attribute '__iter__'
2025-09-08 15:50:52 - CommonRulesHandler - ERROR - 访问 handler.__iter__ 时出错: 'CommonRulesHandler' object has no attribute '__iter__'
2025-09-08 15:50:52 - AdditionalHandler - ERROR - 访问 handler.__iter__ 时出错: 'AdditionalHandler' object has no attribute '__iter__'
2025-09-08 15:50:52 - ImplementationHandler - ERROR - 访问 handler.__iter__ 时出错: 'ImplementationHandler' object has no attribute '__iter__'
2025-09-08 15:50:52 - ObligationCombiningHandler - ERROR - 访问 handler.__iter__ 时出错: 'ObligationCombiningHandler' object has no attribute '__iter__'
2025-09-08 15:50:52 - LicenseHandler - ERROR - 访问 handler.__iter__ 时出错: 'LicenseHandler' object has no attribute '__iter__'
2025-09-08 15:50:52 - SubObligationsHandler - ERROR - 访问 handler.__iter__ 时出错: 'SubObligationsHandler' object has no attribute '__iter__'
2025-09-08 15:50:52 - SubRisksHandler - ERROR - 访问 handler.__iter__ 时出错: 'SubRisksHandler' object has no attribute '__iter__'
2025-09-08 15:50:52 - CommonRulesHandler - ERROR - 访问 handler.__iter__ 时出错: 'CommonRulesHandler' object has no attribute '__iter__'
2025-09-08 15:50:52 - AdditionalHandler - ERROR - 访问 handler.__iter__ 时出错: 'AdditionalHandler' object has no attribute '__iter__'
2025-09-08 15:50:52 - ImplementationHandler - ERROR - 访问 handler.__iter__ 时出错: 'ImplementationHandler' object has no attribute '__iter__'
2025-09-08 15:50:52 - ObligationCombiningHandler - ERROR - 访问 handler.__iter__ 时出错: 'ObligationCombiningHandler' object has no attribute '__iter__'
2025-09-08 15:50:52 - LicenseHandler - ERROR - 访问 handler.__iter__ 时出错: 'LicenseHandler' object has no attribute '__iter__'
2025-09-08 15:50:52 - SubObligationsHandler - ERROR - 访问 handler.__iter__ 时出错: 'SubObligationsHandler' object has no attribute '__iter__'
2025-09-08 15:50:52 - SubRisksHandler - ERROR - 访问 handler.__iter__ 时出错: 'SubRisksHandler' object has no attribute '__iter__'
2025-09-08 15:50:52 - CommonRulesHandler - ERROR - 访问 handler.__iter__ 时出错: 'CommonRulesHandler' object has no attribute '__iter__'
2025-09-08 15:50:52 - AdditionalHandler - ERROR - 访问 handler.__iter__ 时出错: 'AdditionalHandler' object has no attribute '__iter__'
2025-09-08 15:50:52 - ImplementationHandler - ERROR - 访问 handler.__iter__ 时出错: 'ImplementationHandler' object has no attribute '__iter__'
2025-09-08 15:50:52 - ObligationCombiningHandler - ERROR - 访问 handler.__iter__ 时出错: 'ObligationCombiningHandler' object has no attribute '__iter__'
2025-09-08 15:50:52 - LicenseHandler - ERROR - 访问 handler.__iter__ 时出错: 'LicenseHandler' object has no attribute '__iter__'
2025-09-08 15:50:52 - SubObligationsHandler - ERROR - 访问 handler.__iter__ 时出错: 'SubObligationsHandler' object has no attribute '__iter__'
2025-09-08 15:50:52 - SubRisksHandler - ERROR - 访问 handler.__iter__ 时出错: 'SubRisksHandler' object has no attribute '__iter__'
2025-09-08 15:50:52 - CommonRulesHandler - ERROR - 访问 handler.__iter__ 时出错: 'CommonRulesHandler' object has no attribute '__iter__'
2025-09-08 15:50:52 - AdditionalHandler - ERROR - 访问 handler.__iter__ 时出错: 'AdditionalHandler' object has no attribute '__iter__'
2025-09-08 15:50:52 - ImplementationHandler - ERROR - 访问 handler.__iter__ 时出错: 'ImplementationHandler' object has no attribute '__iter__'
2025-09-08 15:50:52 - ObligationCombiningHandler - ERROR - 访问 handler.__iter__ 时出错: 'ObligationCombiningHandler' object has no attribute '__iter__'
2025-09-08 15:50:52 - LicenseHandler - ERROR - 访问 handler.__iter__ 时出错: 'LicenseHandler' object has no attribute '__iter__'
2025-09-08 15:50:52 - SubObligationsHandler - ERROR - 访问 handler.__iter__ 时出错: 'SubObligationsHandler' object has no attribute '__iter__'
2025-09-08 15:50:52 - SubRisksHandler - ERROR - 访问 handler.__iter__ 时出错: 'SubRisksHandler' object has no attribute '__iter__'
2025-09-08 15:50:52 - CommonRulesHandler - ERROR - 访问 handler.__iter__ 时出错: 'CommonRulesHandler' object has no attribute '__iter__'
2025-09-08 15:50:52 - AdditionalHandler - ERROR - 访问 handler.__iter__ 时出错: 'AdditionalHandler' object has no attribute '__iter__'
2025-09-08 15:50:52 - ImplementationHandler - ERROR - 访问 handler.__iter__ 时出错: 'ImplementationHandler' object has no attribute '__iter__'
2025-09-08 15:50:52 - ObligationCombiningHandler - ERROR - 访问 handler.__iter__ 时出错: 'ObligationCombiningHandler' object has no attribute '__iter__'
2025-09-08 15:50:52 - LicenseHandler - ERROR - 访问 handler.__iter__ 时出错: 'LicenseHandler' object has no attribute '__iter__'
2025-09-08 15:50:52 - SubObligationsHandler - ERROR - 访问 handler.__iter__ 时出错: 'SubObligationsHandler' object has no attribute '__iter__'
2025-09-08 15:50:52 - SubRisksHandler - ERROR - 访问 handler.__iter__ 时出错: 'SubRisksHandler' object has no attribute '__iter__'
2025-09-08 15:50:52 - CommonRulesHandler - ERROR - 访问 handler.__iter__ 时出错: 'CommonRulesHandler' object has no attribute '__iter__'
2025-09-08 15:50:52 - AdditionalHandler - ERROR - 访问 handler.__iter__ 时出错: 'AdditionalHandler' object has no attribute '__iter__'
2025-09-08 15:50:52 - ImplementationHandler - ERROR - 访问 handler.__iter__ 时出错: 'ImplementationHandler' object has no attribute '__iter__'
2025-09-08 15:50:52 - ObligationCombiningHandler - ERROR - 访问 handler.__iter__ 时出错: 'ObligationCombiningHandler' object has no attribute '__iter__'
2025-09-08 15:50:52 - LicenseHandler - ERROR - 访问 handler.__iter__ 时出错: 'LicenseHandler' object has no attribute '__iter__'
2025-09-08 15:50:52 - SubObligationsHandler - ERROR - 访问 handler.__iter__ 时出错: 'SubObligationsHandler' object has no attribute '__iter__'
2025-09-08 15:50:52 - SubRisksHandler - ERROR - 访问 handler.__iter__ 时出错: 'SubRisksHandler' object has no attribute '__iter__'
2025-09-08 15:50:52 - CommonRulesHandler - ERROR - 访问 handler.__iter__ 时出错: 'CommonRulesHandler' object has no attribute '__iter__'
2025-09-08 15:50:52 - AdditionalHandler - ERROR - 访问 handler.__iter__ 时出错: 'AdditionalHandler' object has no attribute '__iter__'
2025-09-08 15:50:52 - ImplementationHandler - ERROR - 访问 handler.__iter__ 时出错: 'ImplementationHandler' object has no attribute '__iter__'
2025-09-08 15:50:52 - ObligationCombiningHandler - ERROR - 访问 handler.__iter__ 时出错: 'ObligationCombiningHandler' object has no attribute '__iter__'
2025-09-08 15:51:13 - LicenseHandler - ERROR - 访问 handler.__iter__ 时出错: 'LicenseHandler' object has no attribute '__iter__'
2025-09-08 15:51:13 - SubObligationsHandler - ERROR - 访问 handler.__iter__ 时出错: 'SubObligationsHandler' object has no attribute '__iter__'
2025-09-08 15:51:13 - SubRisksHandler - ERROR - 访问 handler.__iter__ 时出错: 'SubRisksHandler' object has no attribute '__iter__'
2025-09-08 15:51:13 - CommonRulesHandler - ERROR - 访问 handler.__iter__ 时出错: 'CommonRulesHandler' object has no attribute '__iter__'
2025-09-08 15:51:13 - AdditionalHandler - ERROR - 访问 handler.__iter__ 时出错: 'AdditionalHandler' object has no attribute '__iter__'
2025-09-08 15:51:13 - ImplementationHandler - ERROR - 访问 handler.__iter__ 时出错: 'ImplementationHandler' object has no attribute '__iter__'
2025-09-08 15:51:13 - ObligationCombiningHandler - ERROR - 访问 handler.__iter__ 时出错: 'ObligationCombiningHandler' object has no attribute '__iter__'
2025-09-08 15:51:13 - LicenseHandler - ERROR - 访问 handler.__iter__ 时出错: 'LicenseHandler' object has no attribute '__iter__'
2025-09-08 15:51:13 - SubObligationsHandler - ERROR - 访问 handler.__iter__ 时出错: 'SubObligationsHandler' object has no attribute '__iter__'
2025-09-08 15:51:13 - SubRisksHandler - ERROR - 访问 handler.__iter__ 时出错: 'SubRisksHandler' object has no attribute '__iter__'
2025-09-08 15:51:13 - CommonRulesHandler - ERROR - 访问 handler.__iter__ 时出错: 'CommonRulesHandler' object has no attribute '__iter__'
2025-09-08 15:51:13 - AdditionalHandler - ERROR - 访问 handler.__iter__ 时出错: 'AdditionalHandler' object has no attribute '__iter__'
2025-09-08 15:51:13 - ImplementationHandler - ERROR - 访问 handler.__iter__ 时出错: 'ImplementationHandler' object has no attribute '__iter__'
2025-09-08 15:51:13 - ObligationCombiningHandler - ERROR - 访问 handler.__iter__ 时出错: 'ObligationCombiningHandler' object has no attribute '__iter__'
2025-09-08 15:51:13 - LicenseHandler - ERROR - 访问 handler.__iter__ 时出错: 'LicenseHandler' object has no attribute '__iter__'
2025-09-08 15:51:13 - SubObligationsHandler - ERROR - 访问 handler.__iter__ 时出错: 'SubObligationsHandler' object has no attribute '__iter__'
2025-09-08 15:51:13 - SubRisksHandler - ERROR - 访问 handler.__iter__ 时出错: 'SubRisksHandler' object has no attribute '__iter__'
2025-09-08 15:51:13 - CommonRulesHandler - ERROR - 访问 handler.__iter__ 时出错: 'CommonRulesHandler' object has no attribute '__iter__'
2025-09-08 15:51:13 - AdditionalHandler - ERROR - 访问 handler.__iter__ 时出错: 'AdditionalHandler' object has no attribute '__iter__'
2025-09-08 15:51:13 - ImplementationHandler - ERROR - 访问 handler.__iter__ 时出错: 'ImplementationHandler' object has no attribute '__iter__'
2025-09-08 15:51:13 - ObligationCombiningHandler - ERROR - 访问 handler.__iter__ 时出错: 'ObligationCombiningHandler' object has no attribute '__iter__'
2025-09-08 15:51:13 - LicenseHandler - ERROR - 访问 handler.__iter__ 时出错: 'LicenseHandler' object has no attribute '__iter__'
2025-09-08 15:51:13 - SubObligationsHandler - ERROR - 访问 handler.__iter__ 时出错: 'SubObligationsHandler' object has no attribute '__iter__'
2025-09-08 15:51:13 - SubRisksHandler - ERROR - 访问 handler.__iter__ 时出错: 'SubRisksHandler' object has no attribute '__iter__'
2025-09-08 15:51:13 - CommonRulesHandler - ERROR - 访问 handler.__iter__ 时出错: 'CommonRulesHandler' object has no attribute '__iter__'
2025-09-08 15:51:13 - AdditionalHandler - ERROR - 访问 handler.__iter__ 时出错: 'AdditionalHandler' object has no attribute '__iter__'
2025-09-08 15:51:13 - ImplementationHandler - ERROR - 访问 handler.__iter__ 时出错: 'ImplementationHandler' object has no attribute '__iter__'
2025-09-08 15:51:13 - ObligationCombiningHandler - ERROR - 访问 handler.__iter__ 时出错: 'ObligationCombiningHandler' object has no attribute '__iter__'
2025-09-08 15:51:13 - LicenseHandler - ERROR - 访问 handler.__iter__ 时出错: 'LicenseHandler' object has no attribute '__iter__'
2025-09-08 15:51:13 - SubObligationsHandler - ERROR - 访问 handler.__iter__ 时出错: 'SubObligationsHandler' object has no attribute '__iter__'
2025-09-08 15:51:13 - SubRisksHandler - ERROR - 访问 handler.__iter__ 时出错: 'SubRisksHandler' object has no attribute '__iter__'
2025-09-08 15:51:13 - CommonRulesHandler - ERROR - 访问 handler.__iter__ 时出错: 'CommonRulesHandler' object has no attribute '__iter__'
2025-09-08 15:51:13 - AdditionalHandler - ERROR - 访问 handler.__iter__ 时出错: 'AdditionalHandler' object has no attribute '__iter__'
2025-09-08 15:51:13 - ImplementationHandler - ERROR - 访问 handler.__iter__ 时出错: 'ImplementationHandler' object has no attribute '__iter__'
2025-09-08 15:51:13 - ObligationCombiningHandler - ERROR - 访问 handler.__iter__ 时出错: 'ObligationCombiningHandler' object has no attribute '__iter__'
2025-09-08 15:51:13 - LicenseHandler - ERROR - 访问 handler.__iter__ 时出错: 'LicenseHandler' object has no attribute '__iter__'
2025-09-08 15:51:13 - SubObligationsHandler - ERROR - 访问 handler.__iter__ 时出错: 'SubObligationsHandler' object has no attribute '__iter__'
2025-09-08 15:51:13 - SubRisksHandler - ERROR - 访问 handler.__iter__ 时出错: 'SubRisksHandler' object has no attribute '__iter__'
2025-09-08 15:51:13 - CommonRulesHandler - ERROR - 访问 handler.__iter__ 时出错: 'CommonRulesHandler' object has no attribute '__iter__'
2025-09-08 15:51:13 - AdditionalHandler - ERROR - 访问 handler.__iter__ 时出错: 'AdditionalHandler' object has no attribute '__iter__'
2025-09-08 15:51:13 - ImplementationHandler - ERROR - 访问 handler.__iter__ 时出错: 'ImplementationHandler' object has no attribute '__iter__'
2025-09-08 15:51:13 - ObligationCombiningHandler - ERROR - 访问 handler.__iter__ 时出错: 'ObligationCombiningHandler' object has no attribute '__iter__'
2025-09-08 15:51:13 - LicenseHandler - ERROR - 访问 handler.__iter__ 时出错: 'LicenseHandler' object has no attribute '__iter__'
2025-09-08 15:51:13 - SubObligationsHandler - ERROR - 访问 handler.__iter__ 时出错: 'SubObligationsHandler' object has no attribute '__iter__'
2025-09-08 15:51:13 - SubRisksHandler - ERROR - 访问 handler.__iter__ 时出错: 'SubRisksHandler' object has no attribute '__iter__'
2025-09-08 15:51:13 - CommonRulesHandler - ERROR - 访问 handler.__iter__ 时出错: 'CommonRulesHandler' object has no attribute '__iter__'
2025-09-08 15:51:13 - AdditionalHandler - ERROR - 访问 handler.__iter__ 时出错: 'AdditionalHandler' object has no attribute '__iter__'
2025-09-08 15:51:13 - ImplementationHandler - ERROR - 访问 handler.__iter__ 时出错: 'ImplementationHandler' object has no attribute '__iter__'
2025-09-08 15:51:13 - ObligationCombiningHandler - ERROR - 访问 handler.__iter__ 时出错: 'ObligationCombiningHandler' object has no attribute '__iter__'
2025-09-08 15:51:13 - LicenseHandler - ERROR - 访问 handler.__iter__ 时出错: 'LicenseHandler' object has no attribute '__iter__'
2025-09-08 15:51:13 - SubObligationsHandler - ERROR - 访问 handler.__iter__ 时出错: 'SubObligationsHandler' object has no attribute '__iter__'
2025-09-08 15:51:13 - SubRisksHandler - ERROR - 访问 handler.__iter__ 时出错: 'SubRisksHandler' object has no attribute '__iter__'
2025-09-08 15:51:13 - CommonRulesHandler - ERROR - 访问 handler.__iter__ 时出错: 'CommonRulesHandler' object has no attribute '__iter__'
2025-09-08 15:51:13 - AdditionalHandler - ERROR - 访问 handler.__iter__ 时出错: 'AdditionalHandler' object has no attribute '__iter__'
2025-09-08 15:51:13 - ImplementationHandler - ERROR - 访问 handler.__iter__ 时出错: 'ImplementationHandler' object has no attribute '__iter__'
2025-09-08 15:51:13 - ObligationCombiningHandler - ERROR - 访问 handler.__iter__ 时出错: 'ObligationCombiningHandler' object has no attribute '__iter__'
2025-09-08 15:51:26 - back_end.services.chat_service - INFO - Status check - Processing type: pure_component, Item type: ItemType.PC, Status: obligations -> obligations
2025-09-08 15:51:35 - back_end.services.chat_service - INFO - chat_service._handle_chapter_generation: Processing ChapterGeneration with result: next
2025-09-08 15:52:20 - LicenseHandler - ERROR - 访问 handler.__iter__ 时出错: 'LicenseHandler' object has no attribute '__iter__'
2025-09-08 15:52:20 - SubObligationsHandler - ERROR - 访问 handler.__iter__ 时出错: 'SubObligationsHandler' object has no attribute '__iter__'
2025-09-08 15:52:20 - SubRisksHandler - ERROR - 访问 handler.__iter__ 时出错: 'SubRisksHandler' object has no attribute '__iter__'
2025-09-08 15:52:20 - CommonRulesHandler - ERROR - 访问 handler.__iter__ 时出错: 'CommonRulesHandler' object has no attribute '__iter__'
2025-09-08 15:52:20 - AdditionalHandler - ERROR - 访问 handler.__iter__ 时出错: 'AdditionalHandler' object has no attribute '__iter__'
2025-09-08 15:52:20 - ImplementationHandler - ERROR - 访问 handler.__iter__ 时出错: 'ImplementationHandler' object has no attribute '__iter__'
2025-09-08 15:52:20 - ObligationCombiningHandler - ERROR - 访问 handler.__iter__ 时出错: 'ObligationCombiningHandler' object has no attribute '__iter__'
2025-09-08 15:52:22 - LicenseHandler - ERROR - 访问 handler.__iter__ 时出错: 'LicenseHandler' object has no attribute '__iter__'
2025-09-08 15:52:22 - SubObligationsHandler - ERROR - 访问 handler.__iter__ 时出错: 'SubObligationsHandler' object has no attribute '__iter__'
2025-09-08 15:52:22 - SubRisksHandler - ERROR - 访问 handler.__iter__ 时出错: 'SubRisksHandler' object has no attribute '__iter__'
2025-09-08 15:52:22 - CommonRulesHandler - ERROR - 访问 handler.__iter__ 时出错: 'CommonRulesHandler' object has no attribute '__iter__'
2025-09-08 15:52:22 - AdditionalHandler - ERROR - 访问 handler.__iter__ 时出错: 'AdditionalHandler' object has no attribute '__iter__'
2025-09-08 15:52:22 - ImplementationHandler - ERROR - 访问 handler.__iter__ 时出错: 'ImplementationHandler' object has no attribute '__iter__'
2025-09-08 15:52:22 - ObligationCombiningHandler - ERROR - 访问 handler.__iter__ 时出错: 'ObligationCombiningHandler' object has no attribute '__iter__'
2025-09-08 15:52:37 - LicenseHandler - ERROR - 访问 handler.__iter__ 时出错: 'LicenseHandler' object has no attribute '__iter__'
2025-09-08 15:52:37 - LicenseHandler - ERROR - 访问 handler.__iter__ 时出错: 'LicenseHandler' object has no attribute '__iter__'
2025-09-08 15:52:37 - SubObligationsHandler - ERROR - 访问 handler.__iter__ 时出错: 'SubObligationsHandler' object has no attribute '__iter__'
2025-09-08 15:52:37 - SubRisksHandler - ERROR - 访问 handler.__iter__ 时出错: 'SubRisksHandler' object has no attribute '__iter__'
2025-09-08 15:52:37 - CommonRulesHandler - ERROR - 访问 handler.__iter__ 时出错: 'CommonRulesHandler' object has no attribute '__iter__'
2025-09-08 15:52:37 - AdditionalHandler - ERROR - 访问 handler.__iter__ 时出错: 'AdditionalHandler' object has no attribute '__iter__'
2025-09-08 15:52:37 - ImplementationHandler - ERROR - 访问 handler.__iter__ 时出错: 'ImplementationHandler' object has no attribute '__iter__'
2025-09-08 15:52:37 - ObligationCombiningHandler - ERROR - 访问 handler.__iter__ 时出错: 'ObligationCombiningHandler' object has no attribute '__iter__'
2025-09-08 15:52:37 - LicenseHandler - ERROR - 访问 handler.__iter__ 时出错: 'LicenseHandler' object has no attribute '__iter__'
2025-09-08 15:52:37 - SubObligationsHandler - ERROR - 访问 handler.__iter__ 时出错: 'SubObligationsHandler' object has no attribute '__iter__'
2025-09-08 15:52:37 - SubRisksHandler - ERROR - 访问 handler.__iter__ 时出错: 'SubRisksHandler' object has no attribute '__iter__'
2025-09-08 15:52:37 - CommonRulesHandler - ERROR - 访问 handler.__iter__ 时出错: 'CommonRulesHandler' object has no attribute '__iter__'
2025-09-08 15:52:37 - AdditionalHandler - ERROR - 访问 handler.__iter__ 时出错: 'AdditionalHandler' object has no attribute '__iter__'
2025-09-08 15:52:37 - ImplementationHandler - ERROR - 访问 handler.__iter__ 时出错: 'ImplementationHandler' object has no attribute '__iter__'
2025-09-08 15:52:37 - ObligationCombiningHandler - ERROR - 访问 handler.__iter__ 时出错: 'ObligationCombiningHandler' object has no attribute '__iter__'
2025-09-08 15:52:38 - LicenseHandler - ERROR - 访问 handler.__iter__ 时出错: 'LicenseHandler' object has no attribute '__iter__'
2025-09-08 15:52:38 - LicenseHandler - ERROR - 访问 handler.__iter__ 时出错: 'LicenseHandler' object has no attribute '__iter__'
2025-09-08 15:52:38 - SubObligationsHandler - ERROR - 访问 handler.__iter__ 时出错: 'SubObligationsHandler' object has no attribute '__iter__'
2025-09-08 15:52:38 - SubRisksHandler - ERROR - 访问 handler.__iter__ 时出错: 'SubRisksHandler' object has no attribute '__iter__'
2025-09-08 15:52:38 - CommonRulesHandler - ERROR - 访问 handler.__iter__ 时出错: 'CommonRulesHandler' object has no attribute '__iter__'
2025-09-08 15:52:38 - AdditionalHandler - ERROR - 访问 handler.__iter__ 时出错: 'AdditionalHandler' object has no attribute '__iter__'
2025-09-08 15:52:38 - ImplementationHandler - ERROR - 访问 handler.__iter__ 时出错: 'ImplementationHandler' object has no attribute '__iter__'
2025-09-08 15:52:38 - ObligationCombiningHandler - ERROR - 访问 handler.__iter__ 时出错: 'ObligationCombiningHandler' object has no attribute '__iter__'
2025-09-08 15:52:38 - LicenseHandler - ERROR - 访问 handler.__iter__ 时出错: 'LicenseHandler' object has no attribute '__iter__'
2025-09-08 15:52:38 - SubObligationsHandler - ERROR - 访问 handler.__iter__ 时出错: 'SubObligationsHandler' object has no attribute '__iter__'
2025-09-08 15:52:38 - SubRisksHandler - ERROR - 访问 handler.__iter__ 时出错: 'SubRisksHandler' object has no attribute '__iter__'
2025-09-08 15:52:38 - CommonRulesHandler - ERROR - 访问 handler.__iter__ 时出错: 'CommonRulesHandler' object has no attribute '__iter__'
2025-09-08 15:52:38 - AdditionalHandler - ERROR - 访问 handler.__iter__ 时出错: 'AdditionalHandler' object has no attribute '__iter__'
2025-09-08 15:52:38 - ImplementationHandler - ERROR - 访问 handler.__iter__ 时出错: 'ImplementationHandler' object has no attribute '__iter__'
2025-09-08 15:52:38 - ObligationCombiningHandler - ERROR - 访问 handler.__iter__ 时出错: 'ObligationCombiningHandler' object has no attribute '__iter__'
2025-09-08 15:52:38 - SubObligationsHandler - ERROR - 访问 handler.__iter__ 时出错: 'SubObligationsHandler' object has no attribute '__iter__'
2025-09-08 15:52:38 - LicenseHandler - ERROR - 访问 handler.__iter__ 时出错: 'LicenseHandler' object has no attribute '__iter__'
2025-09-08 15:52:38 - SubObligationsHandler - ERROR - 访问 handler.__iter__ 时出错: 'SubObligationsHandler' object has no attribute '__iter__'
2025-09-08 15:52:38 - SubRisksHandler - ERROR - 访问 handler.__iter__ 时出错: 'SubRisksHandler' object has no attribute '__iter__'
2025-09-08 15:52:38 - CommonRulesHandler - ERROR - 访问 handler.__iter__ 时出错: 'CommonRulesHandler' object has no attribute '__iter__'
2025-09-08 15:52:38 - AdditionalHandler - ERROR - 访问 handler.__iter__ 时出错: 'AdditionalHandler' object has no attribute '__iter__'
2025-09-08 15:52:38 - ImplementationHandler - ERROR - 访问 handler.__iter__ 时出错: 'ImplementationHandler' object has no attribute '__iter__'
2025-09-08 15:52:38 - ObligationCombiningHandler - ERROR - 访问 handler.__iter__ 时出错: 'ObligationCombiningHandler' object has no attribute '__iter__'
2025-09-08 15:52:39 - LicenseHandler - ERROR - 访问 handler.__iter__ 时出错: 'LicenseHandler' object has no attribute '__iter__'
2025-09-08 15:52:39 - SubObligationsHandler - ERROR - 访问 handler.__iter__ 时出错: 'SubObligationsHandler' object has no attribute '__iter__'
2025-09-08 15:52:39 - SubRisksHandler - ERROR - 访问 handler.__iter__ 时出错: 'SubRisksHandler' object has no attribute '__iter__'
2025-09-08 15:52:39 - CommonRulesHandler - ERROR - 访问 handler.__iter__ 时出错: 'CommonRulesHandler' object has no attribute '__iter__'
2025-09-08 15:52:39 - AdditionalHandler - ERROR - 访问 handler.__iter__ 时出错: 'AdditionalHandler' object has no attribute '__iter__'
2025-09-08 15:52:39 - ImplementationHandler - ERROR - 访问 handler.__iter__ 时出错: 'ImplementationHandler' object has no attribute '__iter__'
2025-09-08 15:52:39 - ObligationCombiningHandler - ERROR - 访问 handler.__iter__ 时出错: 'ObligationCombiningHandler' object has no attribute '__iter__'
2025-09-08 15:52:39 - SubObligationsHandler - ERROR - 访问 handler.__iter__ 时出错: 'SubObligationsHandler' object has no attribute '__iter__'
2025-09-08 15:52:39 - LicenseHandler - ERROR - 访问 handler.__iter__ 时出错: 'LicenseHandler' object has no attribute '__iter__'
2025-09-08 15:52:39 - SubObligationsHandler - ERROR - 访问 handler.__iter__ 时出错: 'SubObligationsHandler' object has no attribute '__iter__'
2025-09-08 15:52:39 - SubRisksHandler - ERROR - 访问 handler.__iter__ 时出错: 'SubRisksHandler' object has no attribute '__iter__'
2025-09-08 15:52:39 - CommonRulesHandler - ERROR - 访问 handler.__iter__ 时出错: 'CommonRulesHandler' object has no attribute '__iter__'
2025-09-08 15:52:39 - AdditionalHandler - ERROR - 访问 handler.__iter__ 时出错: 'AdditionalHandler' object has no attribute '__iter__'
2025-09-08 15:52:39 - ImplementationHandler - ERROR - 访问 handler.__iter__ 时出错: 'ImplementationHandler' object has no attribute '__iter__'
2025-09-08 15:52:39 - ObligationCombiningHandler - ERROR - 访问 handler.__iter__ 时出错: 'ObligationCombiningHandler' object has no attribute '__iter__'
2025-09-08 15:52:40 - LicenseHandler - ERROR - 访问 handler.__iter__ 时出错: 'LicenseHandler' object has no attribute '__iter__'
2025-09-08 15:52:40 - SubObligationsHandler - ERROR - 访问 handler.__iter__ 时出错: 'SubObligationsHandler' object has no attribute '__iter__'
2025-09-08 15:52:40 - SubRisksHandler - ERROR - 访问 handler.__iter__ 时出错: 'SubRisksHandler' object has no attribute '__iter__'
2025-09-08 15:52:40 - CommonRulesHandler - ERROR - 访问 handler.__iter__ 时出错: 'CommonRulesHandler' object has no attribute '__iter__'
2025-09-08 15:52:40 - AdditionalHandler - ERROR - 访问 handler.__iter__ 时出错: 'AdditionalHandler' object has no attribute '__iter__'
2025-09-08 15:52:40 - ImplementationHandler - ERROR - 访问 handler.__iter__ 时出错: 'ImplementationHandler' object has no attribute '__iter__'
2025-09-08 15:52:40 - ObligationCombiningHandler - ERROR - 访问 handler.__iter__ 时出错: 'ObligationCombiningHandler' object has no attribute '__iter__'
2025-09-08 15:52:40 - SubRisksHandler - ERROR - 访问 handler.__iter__ 时出错: 'SubRisksHandler' object has no attribute '__iter__'
2025-09-08 15:52:40 - LicenseHandler - ERROR - 访问 handler.__iter__ 时出错: 'LicenseHandler' object has no attribute '__iter__'
2025-09-08 15:52:40 - SubObligationsHandler - ERROR - 访问 handler.__iter__ 时出错: 'SubObligationsHandler' object has no attribute '__iter__'
2025-09-08 15:52:40 - SubRisksHandler - ERROR - 访问 handler.__iter__ 时出错: 'SubRisksHandler' object has no attribute '__iter__'
2025-09-08 15:52:40 - CommonRulesHandler - ERROR - 访问 handler.__iter__ 时出错: 'CommonRulesHandler' object has no attribute '__iter__'
2025-09-08 15:52:40 - AdditionalHandler - ERROR - 访问 handler.__iter__ 时出错: 'AdditionalHandler' object has no attribute '__iter__'
2025-09-08 15:52:40 - ImplementationHandler - ERROR - 访问 handler.__iter__ 时出错: 'ImplementationHandler' object has no attribute '__iter__'
2025-09-08 15:52:40 - ObligationCombiningHandler - ERROR - 访问 handler.__iter__ 时出错: 'ObligationCombiningHandler' object has no attribute '__iter__'
2025-09-08 15:52:41 - LicenseHandler - ERROR - 访问 handler.__iter__ 时出错: 'LicenseHandler' object has no attribute '__iter__'
2025-09-08 15:52:41 - SubObligationsHandler - ERROR - 访问 handler.__iter__ 时出错: 'SubObligationsHandler' object has no attribute '__iter__'
2025-09-08 15:52:41 - SubRisksHandler - ERROR - 访问 handler.__iter__ 时出错: 'SubRisksHandler' object has no attribute '__iter__'
2025-09-08 15:52:41 - CommonRulesHandler - ERROR - 访问 handler.__iter__ 时出错: 'CommonRulesHandler' object has no attribute '__iter__'
2025-09-08 15:52:41 - AdditionalHandler - ERROR - 访问 handler.__iter__ 时出错: 'AdditionalHandler' object has no attribute '__iter__'
2025-09-08 15:52:41 - ImplementationHandler - ERROR - 访问 handler.__iter__ 时出错: 'ImplementationHandler' object has no attribute '__iter__'
2025-09-08 15:52:41 - ObligationCombiningHandler - ERROR - 访问 handler.__iter__ 时出错: 'ObligationCombiningHandler' object has no attribute '__iter__'
2025-09-08 15:52:42 - SubRisksHandler - ERROR - 访问 handler.__iter__ 时出错: 'SubRisksHandler' object has no attribute '__iter__'
2025-09-08 15:52:42 - LicenseHandler - ERROR - 访问 handler.__iter__ 时出错: 'LicenseHandler' object has no attribute '__iter__'
2025-09-08 15:52:42 - SubObligationsHandler - ERROR - 访问 handler.__iter__ 时出错: 'SubObligationsHandler' object has no attribute '__iter__'
2025-09-08 15:52:42 - SubRisksHandler - ERROR - 访问 handler.__iter__ 时出错: 'SubRisksHandler' object has no attribute '__iter__'
2025-09-08 15:52:42 - CommonRulesHandler - ERROR - 访问 handler.__iter__ 时出错: 'CommonRulesHandler' object has no attribute '__iter__'
2025-09-08 15:52:42 - AdditionalHandler - ERROR - 访问 handler.__iter__ 时出错: 'AdditionalHandler' object has no attribute '__iter__'
2025-09-08 15:52:42 - ImplementationHandler - ERROR - 访问 handler.__iter__ 时出错: 'ImplementationHandler' object has no attribute '__iter__'
2025-09-08 15:52:42 - ObligationCombiningHandler - ERROR - 访问 handler.__iter__ 时出错: 'ObligationCombiningHandler' object has no attribute '__iter__'
2025-09-08 15:52:42 - LicenseHandler - ERROR - 访问 handler.__iter__ 时出错: 'LicenseHandler' object has no attribute '__iter__'
2025-09-08 15:52:42 - SubObligationsHandler - ERROR - 访问 handler.__iter__ 时出错: 'SubObligationsHandler' object has no attribute '__iter__'
2025-09-08 15:52:42 - SubRisksHandler - ERROR - 访问 handler.__iter__ 时出错: 'SubRisksHandler' object has no attribute '__iter__'
2025-09-08 15:52:42 - CommonRulesHandler - ERROR - 访问 handler.__iter__ 时出错: 'CommonRulesHandler' object has no attribute '__iter__'
2025-09-08 15:52:42 - AdditionalHandler - ERROR - 访问 handler.__iter__ 时出错: 'AdditionalHandler' object has no attribute '__iter__'
2025-09-08 15:52:42 - ImplementationHandler - ERROR - 访问 handler.__iter__ 时出错: 'ImplementationHandler' object has no attribute '__iter__'
2025-09-08 15:52:42 - ObligationCombiningHandler - ERROR - 访问 handler.__iter__ 时出错: 'ObligationCombiningHandler' object has no attribute '__iter__'
2025-09-08 15:52:43 - SubRisksHandler - ERROR - 访问 handler.__iter__ 时出错: 'SubRisksHandler' object has no attribute '__iter__'
2025-09-08 15:52:43 - LicenseHandler - ERROR - 访问 handler.__iter__ 时出错: 'LicenseHandler' object has no attribute '__iter__'
2025-09-08 15:52:43 - SubObligationsHandler - ERROR - 访问 handler.__iter__ 时出错: 'SubObligationsHandler' object has no attribute '__iter__'
2025-09-08 15:52:43 - SubRisksHandler - ERROR - 访问 handler.__iter__ 时出错: 'SubRisksHandler' object has no attribute '__iter__'
2025-09-08 15:52:43 - CommonRulesHandler - ERROR - 访问 handler.__iter__ 时出错: 'CommonRulesHandler' object has no attribute '__iter__'
2025-09-08 15:52:43 - AdditionalHandler - ERROR - 访问 handler.__iter__ 时出错: 'AdditionalHandler' object has no attribute '__iter__'
2025-09-08 15:52:43 - ImplementationHandler - ERROR - 访问 handler.__iter__ 时出错: 'ImplementationHandler' object has no attribute '__iter__'
2025-09-08 15:52:43 - ObligationCombiningHandler - ERROR - 访问 handler.__iter__ 时出错: 'ObligationCombiningHandler' object has no attribute '__iter__'
2025-09-08 15:52:43 - LicenseHandler - ERROR - 访问 handler.__iter__ 时出错: 'LicenseHandler' object has no attribute '__iter__'
2025-09-08 15:52:43 - SubObligationsHandler - ERROR - 访问 handler.__iter__ 时出错: 'SubObligationsHandler' object has no attribute '__iter__'
2025-09-08 15:52:43 - SubRisksHandler - ERROR - 访问 handler.__iter__ 时出错: 'SubRisksHandler' object has no attribute '__iter__'
2025-09-08 15:52:43 - CommonRulesHandler - ERROR - 访问 handler.__iter__ 时出错: 'CommonRulesHandler' object has no attribute '__iter__'
2025-09-08 15:52:43 - AdditionalHandler - ERROR - 访问 handler.__iter__ 时出错: 'AdditionalHandler' object has no attribute '__iter__'
2025-09-08 15:52:43 - ImplementationHandler - ERROR - 访问 handler.__iter__ 时出错: 'ImplementationHandler' object has no attribute '__iter__'
2025-09-08 15:52:43 - ObligationCombiningHandler - ERROR - 访问 handler.__iter__ 时出错: 'ObligationCombiningHandler' object has no attribute '__iter__'
2025-09-08 15:52:45 - SubRisksHandler - ERROR - 访问 handler.__iter__ 时出错: 'SubRisksHandler' object has no attribute '__iter__'
2025-09-08 15:52:46 - SubRisksHandler - ERROR - 访问 handler.__iter__ 时出错: 'SubRisksHandler' object has no attribute '__iter__'
2025-09-08 15:52:46 - SubRisksHandler - ERROR - 访问 handler.__iter__ 时出错: 'SubRisksHandler' object has no attribute '__iter__'
2025-09-08 15:52:47 - SubRisksHandler - ERROR - 访问 handler.__iter__ 时出错: 'SubRisksHandler' object has no attribute '__iter__'
2025-09-08 15:52:48 - SubRisksHandler - ERROR - 访问 handler.__iter__ 时出错: 'SubRisksHandler' object has no attribute '__iter__'
2025-09-08 15:52:48 - LicenseHandler - ERROR - 访问 handler.__iter__ 时出错: 'LicenseHandler' object has no attribute '__iter__'
2025-09-08 15:52:48 - SubObligationsHandler - ERROR - 访问 handler.__iter__ 时出错: 'SubObligationsHandler' object has no attribute '__iter__'
2025-09-08 15:52:48 - SubRisksHandler - ERROR - 访问 handler.__iter__ 时出错: 'SubRisksHandler' object has no attribute '__iter__'
2025-09-08 15:52:48 - CommonRulesHandler - ERROR - 访问 handler.__iter__ 时出错: 'CommonRulesHandler' object has no attribute '__iter__'
2025-09-08 15:52:48 - AdditionalHandler - ERROR - 访问 handler.__iter__ 时出错: 'AdditionalHandler' object has no attribute '__iter__'
2025-09-08 15:52:48 - ImplementationHandler - ERROR - 访问 handler.__iter__ 时出错: 'ImplementationHandler' object has no attribute '__iter__'
2025-09-08 15:52:48 - ObligationCombiningHandler - ERROR - 访问 handler.__iter__ 时出错: 'ObligationCombiningHandler' object has no attribute '__iter__'
2025-09-08 15:52:48 - LicenseHandler - ERROR - 访问 handler.__iter__ 时出错: 'LicenseHandler' object has no attribute '__iter__'
2025-09-08 15:52:48 - SubObligationsHandler - ERROR - 访问 handler.__iter__ 时出错: 'SubObligationsHandler' object has no attribute '__iter__'
2025-09-08 15:52:48 - SubRisksHandler - ERROR - 访问 handler.__iter__ 时出错: 'SubRisksHandler' object has no attribute '__iter__'
2025-09-08 15:52:48 - CommonRulesHandler - ERROR - 访问 handler.__iter__ 时出错: 'CommonRulesHandler' object has no attribute '__iter__'
2025-09-08 15:52:48 - AdditionalHandler - ERROR - 访问 handler.__iter__ 时出错: 'AdditionalHandler' object has no attribute '__iter__'
2025-09-08 15:52:48 - ImplementationHandler - ERROR - 访问 handler.__iter__ 时出错: 'ImplementationHandler' object has no attribute '__iter__'
2025-09-08 15:52:48 - ObligationCombiningHandler - ERROR - 访问 handler.__iter__ 时出错: 'ObligationCombiningHandler' object has no attribute '__iter__'
2025-09-08 15:58:37 - utils.database.hardDB - INFO - this is the found components
