2025-08-19 15:56:32 - root - INFO - 服务器日志系统初始化完成，日志文件: C:\Users\z0054unn\Documents\Siemens-GitLab\Third-party\third-party-clearance\logs\server_20250819_15h56m32s.log
2025-08-19 15:56:32 - uvicorn.error - INFO - Started server process [12072]
2025-08-19 15:56:32 - uvicorn.error - INFO - Waiting for application startup.
2025-08-19 15:56:32 - back_end.server - INFO - FastAPI应用启动
2025-08-19 15:56:32 - uvicorn.error - INFO - Application startup complete.
2025-08-19 15:57:46 - back_end.server - INFO - the html file is stored at: uploads\LicenseInfo-@automation-core_ac-engineering-ng-2.10.0-2025-07-30_05_57_51.html
2025-08-19 15:57:46 - nodes - INFO - Now we are parsing the original HTML File
2025-08-19 15:57:46 - nodes - INFO - Successfully parsed!
2025-08-19 15:57:46 - nodes - INFO - Now we are reviewing the components list
2025-08-19 15:57:46 - nodes - INFO - We have 3 to review
2025-08-19 15:58:00 - nodes - INFO - We have reviewed one component
2025-08-19 15:58:14 - nodes - INFO - We have reviewed one component
2025-08-19 15:58:25 - nodes - INFO - We have reviewed one component
2025-08-19 15:58:25 - nodes - INFO - Completely Reviewed.
2025-08-19 15:58:25 - nodes - INFO - Now we are collecing special licenses such as GPL
2025-08-19 15:58:25 - nodes - INFO - Now checking the reviewed risks
2025-08-19 15:58:25 - nodes - INFO - We have 3 components to check
2025-08-19 15:58:25 - nodes - INFO - Successfully combined 3 license and risk records
2025-08-19 15:58:34 - nodes - INFO - We have checked one component
2025-08-19 15:58:44 - nodes - INFO - We have checked one component
2025-08-19 15:58:54 - nodes - INFO - We have checked one component
2025-08-19 15:58:54 - nodes - INFO - finished checking, now we are checking the dependecies
2025-08-19 15:58:54 - nodes - INFO - now we start analyzing depencies between components
2025-08-19 15:59:02 - nodes - INFO - Now we have checked dependency of one component
2025-08-19 15:59:02 - utils.itemFilter - INFO - 开始筛选组件，共 1 个组件待处理
2025-08-19 15:59:02 - utils.itemFilter - INFO - 处理组件 1/1
2025-08-19 15:59:02 - utils.itemFilter - INFO - 正在检查组件: @ngrx/store 17.2.0
                            ⇧
2025-08-19 15:59:02 - utils.itemFilter - INFO - 组件许可证列表: ["Apache-2.0", "CC-BY-4.0", "MIT"]
2025-08-19 15:59:02 - utils.itemFilter - INFO - 风险分析中的许可证: ["Apache-2.0", "CC-BY-4.0", "MIT", "3: MIT⇧"]
2025-08-19 15:59:02 - utils.itemFilter - INFO - 筛选完成，保留了 1 个需要凭证的组件
2025-08-19 15:59:02 - nodes - INFO - finished checking, now we are starting the chat...
2025-08-19 15:59:05 - nodes - INFO - Initialized session successfully, waiting for the bot to start conversation
2025-08-19 15:59:05 - nodes - INFO - Starting Chatting...
2025-08-19 15:59:05 - back_end.services.chat_service - INFO - we have found risk bot when initializing the chat service!
2025-08-19 15:59:05 - back_end.services.chat_manager - WARNING - now we start with checking: component
2025-08-19 15:59:07 - back_end.server - INFO - now we initialized status as: OEMing
2025-08-19 15:59:35 - back_end.server - INFO - server: before processing input, we are in the status of: OEMing
2025-08-19 15:59:37 - back_end.services.chat_service - INFO - user_input: yes

2025-08-19 15:59:37 - back_end.services.state_handlers.object_handler - WARNING - OEM handler received invalid result type: <class 'str'>
2025-08-19 15:59:37 - back_end.services.chat_flow - INFO - chat_flow.process: 处理状态: ConfirmationStatus.OEM
2025-08-19 15:59:37 - back_end.services.chat_flow - INFO - chat_flow.process: 状态转移: ConfirmationStatus.OEM -> ConfirmationStatus.CONTRACT
2025-08-19 15:59:37 - back_end.services.chat_service - INFO - chat_service.process_user_input: Current status: OEMing, Updated status: toContract
2025-08-19 15:59:37 - back_end.services.chat_service - INFO - Status check - Processing type: component, Item type: ItemType.COMPONENT, Status: OEMing -> toContract
2025-08-19 15:59:37 - back_end.items_utils.item_types - WARNING - 最新状态为toContract，未找到处理类型(processing_type)，使用默认值: component
2025-08-19 15:59:43 - back_end.server - INFO - server: before processing input, we are in the status of: toContract
2025-08-19 15:59:44 - back_end.services.chat_service - INFO - user_input: no

2025-08-19 15:59:44 - back_end.services.chat_flow - INFO - chat_flow.process: 处理状态: ConfirmationStatus.CONTRACT
2025-08-19 15:59:44 - back_end.services.chat_flow - INFO - chat_flow.process: 状态转移: ConfirmationStatus.CONTRACT -> ConfirmationStatus.DEPENDENCY
2025-08-19 15:59:44 - back_end.services.chat_flow - INFO - chat_flow.DependencyCheck: 依赖处理: 初始化了 1 个组件子任务
2025-08-19 15:59:44 - back_end.services.chat_service - INFO - chat_service.process_user_input: Current status: toContract, Updated status: toDependency
2025-08-19 15:59:44 - back_end.services.chat_service - INFO - Status check - Processing type: component, Item type: ItemType.COMPONENT, Status: toContract -> toDependency
2025-08-19 16:18:19 - back_end.server - INFO - the html file is stored at: uploads\LicenseInfo-@automation-core_ac-engineering-ng-2.10.0-2025-07-30_05_57_51.html
2025-08-19 16:18:19 - nodes - INFO - Now we are parsing the original HTML File
2025-08-19 16:18:19 - nodes - INFO - Successfully parsed!
2025-08-19 16:18:19 - nodes - INFO - Now we are reviewing the components list
2025-08-19 16:18:19 - nodes - INFO - We have 3 to review
2025-08-19 16:18:32 - nodes - INFO - We have reviewed one component
2025-08-19 16:18:46 - nodes - INFO - We have reviewed one component
2025-08-19 16:18:59 - nodes - INFO - We have reviewed one component
2025-08-19 16:18:59 - nodes - INFO - Completely Reviewed.
2025-08-19 16:18:59 - nodes - INFO - Now we are collecing special licenses such as GPL
2025-08-19 16:18:59 - nodes - INFO - Now checking the reviewed risks
2025-08-19 16:18:59 - nodes - INFO - We have 3 components to check
2025-08-19 16:18:59 - nodes - INFO - Successfully combined 3 license and risk records
2025-08-19 16:19:10 - nodes - INFO - We have checked one component
2025-08-19 16:19:21 - nodes - INFO - We have checked one component
2025-08-19 16:19:31 - nodes - INFO - We have checked one component
2025-08-19 16:19:31 - nodes - INFO - finished checking, now we are checking the dependecies
2025-08-19 16:19:31 - nodes - INFO - now we start analyzing depencies between components
2025-08-19 16:19:39 - nodes - INFO - Now we have checked dependency of one component
2025-08-19 16:19:39 - utils.itemFilter - INFO - 开始筛选组件，共 1 个组件待处理
2025-08-19 16:19:39 - utils.itemFilter - INFO - 处理组件 1/1
2025-08-19 16:19:39 - utils.itemFilter - INFO - 正在检查组件: @ngrx/store 17.2.0
                            ⇧
2025-08-19 16:19:39 - utils.itemFilter - INFO - 组件许可证列表: ["Apache-2.0", "CC-BY-4.0", "MIT"]
2025-08-19 16:19:39 - utils.itemFilter - INFO - 风险分析中的许可证: ["Apache-2.0", "CC-BY-4.0", "MIT", "3: MIT⇧"]
2025-08-19 16:19:39 - utils.itemFilter - INFO - 筛选完成，保留了 1 个需要凭证的组件
2025-08-19 16:19:39 - nodes - INFO - finished checking, now we are starting the chat...
2025-08-19 16:19:42 - nodes - INFO - Initialized session successfully, waiting for the bot to start conversation
2025-08-19 16:19:42 - nodes - INFO - Starting Chatting...
2025-08-19 16:19:42 - back_end.services.chat_service - INFO - we have found risk bot when initializing the chat service!
2025-08-19 16:19:42 - back_end.services.chat_manager - WARNING - now we start with checking: component
2025-08-19 16:19:45 - back_end.server - INFO - now we initialized status as: OEMing
2025-08-19 16:21:36 - back_end.server - INFO - server: before processing input, we are in the status of: OEMing
2025-08-19 16:21:39 - back_end.services.chat_service - INFO - user_input: yes

2025-08-19 16:21:39 - back_end.services.state_handlers.object_handler - WARNING - OEM handler received invalid result type: <class 'str'>
2025-08-19 16:21:39 - back_end.services.chat_flow - INFO - chat_flow.process: 处理状态: ConfirmationStatus.OEM
2025-08-19 16:21:39 - back_end.services.chat_flow - INFO - chat_flow.process: 状态转移: ConfirmationStatus.OEM -> ConfirmationStatus.CONTRACT
2025-08-19 16:21:39 - back_end.services.chat_service - INFO - chat_service.process_user_input: Current status: OEMing, Updated status: toContract
2025-08-19 16:21:39 - back_end.services.chat_service - INFO - Status check - Processing type: component, Item type: ItemType.COMPONENT, Status: OEMing -> toContract
2025-08-19 16:21:39 - back_end.items_utils.item_types - WARNING - 最新状态为toContract，未找到处理类型(processing_type)，使用默认值: component
2025-08-19 16:21:59 - back_end.server - INFO - server: before processing input, we are in the status of: toContract
2025-08-19 16:22:02 - back_end.services.chat_service - INFO - user_input: yes

2025-08-19 16:22:02 - back_end.services.chat_flow - INFO - chat_flow.process: 处理状态: ConfirmationStatus.CONTRACT
2025-08-19 16:22:02 - back_end.services.chat_flow - INFO - chat_flow.process: 状态转移: ConfirmationStatus.CONTRACT -> ConfirmationStatus.DEPENDENCY
2025-08-19 16:22:02 - back_end.services.chat_flow - INFO - chat_flow.DependencyCheck: 依赖处理: 初始化了 1 个组件子任务
2025-08-19 16:22:02 - back_end.services.chat_service - INFO - chat_service.process_user_input: Current status: toContract, Updated status: toDependency
2025-08-19 16:22:02 - back_end.services.chat_service - INFO - Status check - Processing type: component, Item type: ItemType.COMPONENT, Status: toContract -> toDependency
2025-08-19 16:22:16 - back_end.server - INFO - server: before processing input, we are in the status of: toDependency
2025-08-19 16:22:19 - back_end.services.chat_service - INFO - user_input: yes

2025-08-19 16:22:19 - back_end.services.chat_flow - INFO - chat_flow.process: 处理状态: ConfirmationStatus.DEPENDENCY
2025-08-19 16:22:19 - back_end.services.chat_service - INFO - chat_service.process_user_input: Current status: toDependency, Updated status: toDependency
2025-08-19 16:22:19 - back_end.services.chat_service - INFO - Status check - Processing type: component, Item type: ItemType.COMPONENT, Status: toDependency -> toDependency
2025-08-19 16:22:19 - back_end.services.chat_service - INFO - chat_service.handle_nested: now the processing type in shared is: component
2025-08-19 16:22:19 - back_end.services.chat_service - INFO - chat_service.handle_nested: now we are handling license or component ItemType.COMPONENT
2025-08-19 16:22:19 - back_end.services.chat_manager - INFO - chat_manager.handle_next: now we return back to handling continue function
2025-08-19 16:22:20 - back_end.services.chat_service - WARNING - chat_service.handle_nested: we have found this messsage The component '@ngrx/store 17.2.0' you provided contains dependencies that may also need to be assessed for compliance. Would you like to add the dependent components of '@ngrx/store 17.2.0' into your compliance checklist? Please answer yes or no.
2025-08-19 16:22:42 - back_end.server - INFO - server: before processing input, we are in the status of: toDependency
2025-08-19 16:22:44 - back_end.services.chat_service - INFO - user_input: yes

2025-08-19 16:22:44 - back_end.services.chat_flow - INFO - chat_flow.process: 处理状态: ConfirmationStatus.DEPENDENCY
2025-08-19 16:22:44 - back_end.services.chat_service - INFO - chat_service.process_user_input: Current status: toDependency, Updated status: toDependency
2025-08-19 16:22:44 - back_end.services.chat_service - INFO - Status check - Processing type: component, Item type: ItemType.COMPONENT, Status: toDependency -> toDependency
2025-08-19 16:22:44 - back_end.services.chat_service - INFO - chat_service.handle_nested: now the processing type in shared is: component
2025-08-19 16:22:44 - back_end.services.chat_service - INFO - chat_service.handle_nested: now we are handling license or component ItemType.COMPONENT
2025-08-19 16:22:44 - back_end.services.chat_manager - INFO - chat_manager: updated item status to confirmed
2025-08-19 16:22:44 - back_end.services.chat_service - WARNING - chat_service.handle_nested: we have found this messsage @ngrx/store 17.2.0 has been confirmed!

We have finished current checking!
2025-08-19 16:22:44 - back_end.services.chat_service - INFO - chat_service.handle_nested: we have finished the checking for this state toDependency
2025-08-19 16:22:44 - back_end.services.chat_flow - INFO - chat_flow.process: 处理状态: ConfirmationStatus.DEPENDENCY
2025-08-19 16:22:44 - back_end.services.chat_flow - INFO - chat_flow.process: 状态转移: ConfirmationStatus.DEPENDENCY -> ConfirmationStatus.CREDENTIAL
2025-08-19 16:22:44 - back_end.services.chat_flow - INFO - chat_flow.CredentialCheck: 依赖处理: 初始化了 1 个组件子任务
2025-08-19 16:22:44 - back_end.services.chat_service - INFO - Status check - Processing type: component, Item type: ItemType.COMPONENT, Status: toDependency -> credential
2025-08-19 16:22:57 - back_end.server - INFO - server: before processing input, we are in the status of: credential
2025-08-19 16:22:59 - back_end.services.chat_service - INFO - user_input: yes

2025-08-19 16:22:59 - back_end.services.chat_flow - INFO - chat_flow.process: 处理状态: ConfirmationStatus.CREDENTIAL
2025-08-19 16:22:59 - back_end.services.chat_service - INFO - chat_service.process_user_input: Current status: credential, Updated status: credential
2025-08-19 16:22:59 - back_end.services.chat_service - INFO - Status check - Processing type: credential, Item type: ItemType.CREDENTIAL, Status: credential -> credential
2025-08-19 16:22:59 - back_end.services.chat_service - INFO - chat_service.handle_nested: now the processing type in shared is: credential
2025-08-19 16:22:59 - back_end.services.chat_service - INFO - chat_service.handle_nested: now we are handling license or component ItemType.CREDENTIAL
2025-08-19 16:23:01 - back_end.services.chat_service - WARNING - chat_service.handle_nested: we have found this messsage The component '@ngrx/store 17.2.0' typically requires credentials from other cooperations for proper licensing. Please confirm whether this component has been credentialized. Is it authorized for use in your project? Please respond with yes or no.
2025-08-19 16:23:04 - back_end.server - INFO - server: before processing input, we are in the status of: credential
2025-08-19 16:23:07 - back_end.services.chat_service - INFO - user_input: yes

2025-08-19 16:23:07 - back_end.services.chat_flow - INFO - chat_flow.process: 处理状态: ConfirmationStatus.CREDENTIAL
2025-08-19 16:23:07 - back_end.services.chat_service - INFO - chat_service.process_user_input: Current status: credential, Updated status: credential
2025-08-19 16:23:07 - back_end.services.chat_service - INFO - Status check - Processing type: credential, Item type: ItemType.CREDENTIAL, Status: credential -> credential
2025-08-19 16:23:07 - back_end.services.chat_service - INFO - chat_service.handle_nested: now the processing type in shared is: credential
2025-08-19 16:23:07 - back_end.services.chat_service - INFO - chat_service.handle_nested: now we are handling license or component ItemType.CREDENTIAL
2025-08-19 16:23:07 - back_end.services.chat_manager - INFO - chat_manager: updated item status to confirmed
2025-08-19 16:23:07 - back_end.services.chat_service - WARNING - chat_service.handle_nested: we have found this messsage 未命名凭证 has been confirmed!

We have finished current checking!
2025-08-19 16:23:07 - back_end.services.chat_service - INFO - chat_service.handle_nested: we have finished the checking for this state credential
2025-08-19 16:23:07 - back_end.services.chat_flow - INFO - chat_flow.process: 处理状态: ConfirmationStatus.CREDENTIAL
2025-08-19 16:23:07 - back_end.services.chat_flow - INFO - chat_flow.process: 状态转移: ConfirmationStatus.CREDENTIAL -> ConfirmationStatus.SPECIAL_CHECK
2025-08-19 16:23:07 - back_end.services.chat_flow - INFO - chat_flow.SpeicalCheck: 依赖处理: 初始化了 1 个组件子任务
2025-08-19 16:23:07 - back_end.services.chat_service - INFO - Status check - Processing type: credential, Item type: ItemType.CREDENTIAL, Status: credential -> special_check
2025-08-19 16:23:11 - back_end.services.chat_service - INFO - process_status_change: we need to get the instruction for the first item: special_check
2025-08-19 16:23:26 - back_end.server - INFO - server: before processing input, we are in the status of: special_check
2025-08-19 16:23:32 - back_end.services.chat_service - INFO - user_input: yes

2025-08-19 16:23:32 - back_end.services.chat_flow - INFO - chat_flow.process: 处理状态: ConfirmationStatus.SPECIAL_CHECK
2025-08-19 16:23:32 - back_end.services.chat_service - INFO - chat_service.process_user_input: Current status: special_check, Updated status: special_check
2025-08-19 16:23:32 - back_end.services.chat_service - INFO - Status check - Processing type: specialcheck, Item type: ItemType.SPECIALCHECK, Status: special_check -> special_check
2025-08-19 16:23:32 - back_end.services.chat_service - INFO - chat_service.handle_nested: now the processing type in shared is: specialcheck
2025-08-19 16:23:32 - back_end.services.chat_service - INFO - chat_service.handle_nested: now we are handling license or component ItemType.SPECIALCHECK
2025-08-19 16:23:32 - back_end.services.chat_manager - INFO - chat_manager: updated item status to confirmed
2025-08-19 16:23:32 - back_end.services.chat_service - WARNING - chat_service.handle_nested: we have found this messsage GPL has been confirmed!

We have finished current checking!
2025-08-19 16:23:32 - back_end.services.chat_service - INFO - chat_service.handle_nested: we have finished the checking for this state special_check
2025-08-19 16:23:32 - back_end.services.chat_flow - INFO - chat_flow.process: 处理状态: ConfirmationStatus.SPECIAL_CHECK
2025-08-19 16:23:32 - back_end.services.chat_flow - INFO - chat_flow.process: 状态转移: ConfirmationStatus.SPECIAL_CHECK -> ConfirmationStatus.COMPLIANCE
2025-08-19 16:23:32 - back_end.services.chat_flow - INFO - chat_flow.LicenseCheck: 依赖处理: 初始化了 3 个组件子任务
2025-08-19 16:23:32 - back_end.services.chat_service - INFO - Status check - Processing type: specialcheck, Item type: ItemType.SPECIALCHECK, Status: special_check -> toCompliance
2025-08-19 16:23:35 - back_end.services.chat_service - INFO - process_status_change: we need to get the instruction for the first item: toCompliance
2025-08-19 16:24:01 - back_end.server - INFO - server: before processing input, we are in the status of: toCompliance
2025-08-19 16:24:09 - back_end.services.chat_service - INFO - user_input: yes

2025-08-19 16:24:09 - back_end.services.chat_flow - INFO - chat_flow.process: 处理状态: ConfirmationStatus.COMPLIANCE
2025-08-19 16:24:09 - back_end.services.chat_service - INFO - chat_service.process_user_input: Current status: toCompliance, Updated status: toCompliance
2025-08-19 16:24:09 - back_end.services.chat_service - INFO - Status check - Processing type: license, Item type: ItemType.LICENSE, Status: toCompliance -> toCompliance
2025-08-19 16:24:09 - back_end.services.chat_service - INFO - chat_service.handle_nested: now the processing type in shared is: license
2025-08-19 16:24:09 - back_end.services.chat_service - INFO - chat_service.handle_nested: now we are handling license or component ItemType.LICENSE
2025-08-19 16:24:09 - back_end.services.chat_manager - INFO - chat_manager: updated item status to confirmed
2025-08-19 16:24:17 - back_end.services.chat_service - WARNING - chat_service.handle_nested: we have found this messsage Apache-2.0 has been confirmed!

Thank you for providing the details for the CC-BY-4.0 license. Since it is categorized as a medium-risk license, it's important to consider the risks associated with attribution and derivative works. Here are the compliance measures: ensure proper attribution is given in all use cases and be aware of the complexities related to derivative adaptations. Please confirm if you wish to retain this license with the mentioned compliance measures or if you decide to remove it.
2025-08-19 16:24:36 - back_end.server - INFO - server: before processing input, we are in the status of: toCompliance
2025-08-19 16:24:39 - back_end.services.chat_service - INFO - user_input: yes

2025-08-19 16:24:39 - back_end.services.chat_flow - INFO - chat_flow.process: 处理状态: ConfirmationStatus.COMPLIANCE
2025-08-19 16:24:39 - back_end.services.chat_service - INFO - chat_service.process_user_input: Current status: toCompliance, Updated status: toCompliance
2025-08-19 16:24:39 - back_end.services.chat_service - INFO - Status check - Processing type: license, Item type: ItemType.LICENSE, Status: toCompliance -> toCompliance
2025-08-19 16:24:39 - back_end.services.chat_service - INFO - chat_service.handle_nested: now the processing type in shared is: license
2025-08-19 16:24:39 - back_end.services.chat_service - INFO - chat_service.handle_nested: now we are handling license or component ItemType.LICENSE
2025-08-19 16:24:39 - back_end.services.chat_manager - INFO - chat_manager: updated item status to confirmed
2025-08-19 16:24:49 - back_end.services.chat_service - WARNING - chat_service.handle_nested: we have found this messsage CC-BY-4.0 has been confirmed!

Thank you for providing the details for the MIT license. Since it is classified as a low-risk license and you have validated its compliance measures, we can proceed. If you have any further questions or need assistance with other licenses, please let me know!
2025-08-19 16:25:20 - back_end.server - INFO - server: before processing input, we are in the status of: toCompliance
2025-08-19 16:25:29 - back_end.services.chat_service - INFO - user_input: yes

2025-08-19 16:25:29 - back_end.services.chat_flow - INFO - chat_flow.process: 处理状态: ConfirmationStatus.COMPLIANCE
2025-08-19 16:25:29 - back_end.services.chat_service - INFO - chat_service.process_user_input: Current status: toCompliance, Updated status: toCompliance
2025-08-19 16:25:29 - back_end.services.chat_service - INFO - Status check - Processing type: license, Item type: ItemType.LICENSE, Status: toCompliance -> toCompliance
2025-08-19 16:25:29 - back_end.services.chat_service - INFO - chat_service.handle_nested: now the processing type in shared is: license
2025-08-19 16:25:29 - back_end.services.chat_service - INFO - chat_service.handle_nested: now we are handling license or component ItemType.LICENSE
2025-08-19 16:25:29 - back_end.services.chat_manager - INFO - chat_manager: updated item status to confirmed
2025-08-19 16:25:29 - back_end.services.chat_service - WARNING - chat_service.handle_nested: we have found this messsage MIT has been confirmed!

We have finished current checking!
2025-08-19 16:25:29 - back_end.services.chat_service - INFO - chat_service.handle_nested: we have finished the checking for this state toCompliance
2025-08-19 16:25:29 - back_end.services.chat_flow - INFO - chat_flow.process: 处理状态: ConfirmationStatus.COMPLIANCE
2025-08-19 16:25:29 - back_end.services.chat_flow - INFO - chat_flow.process: 状态转移: ConfirmationStatus.COMPLIANCE -> ConfirmationStatus.FINALLIST
2025-08-19 16:25:29 - back_end.services.chat_service - INFO - Status check - Processing type: license, Item type: ItemType.LICENSE, Status: toCompliance -> finallist
2025-08-19 16:25:29 - back_end.items_utils.item_types - WARNING - 最新状态为finallist，未找到处理类型(processing_type)，使用默认值: component
2025-08-19 16:25:40 - back_end.server - INFO - server: before processing input, we are in the status of: finallist
2025-08-19 16:25:46 - back_end.services.chat_service - INFO - user_input: next

2025-08-19 16:25:46 - back_end.services.chat_flow - INFO - chat_flow.process: 处理状态: ConfirmationStatus.FINALLIST
2025-08-19 16:25:46 - back_end.services.chat_flow - INFO - chat_flow.process: 状态转移: ConfirmationStatus.FINALLIST -> ConfirmationStatus.COMPLETED
2025-08-19 16:25:46 - back_end.services.chat_service - INFO - chat_service.process_user_input: Current status: finallist, Updated status: completed
2025-08-19 16:25:46 - back_end.services.chat_service - INFO - Status check - Processing type: component, Item type: ItemType.COMPONENT, Status: finallist -> completed
2025-08-19 16:25:46 - back_end.items_utils.item_types - WARNING - 最新状态为completed，未找到处理类型(processing_type)，使用默认值: component
2025-08-19 16:25:46 - back_end.server - INFO - All checking finished. Now we are generating the report...
2025-08-19 16:25:46 - nodes - INFO - now we are filtering items...
2025-08-19 16:25:46 - nodes - INFO - Now we are generating filtered html...
2025-08-19 16:25:46 - utils.itemFilter - INFO - Filtered component names: {'@ngrx/store'}
2025-08-19 16:25:46 - utils.itemFilter - INFO - Filtered license names: {'MIT', 'CC-BY-4.0', 'Apache-2.0'}
2025-08-19 16:25:46 - utils.itemFilter - INFO - Keeping component in release_overview: @ngrx/store
2025-08-19 16:25:46 - utils.itemFilter - INFO - Keeping component in releases: @ngrx/store
2025-08-19 16:25:46 - utils.itemFilter - INFO - Keeping license Apache-2.0 for component @ngrx/store
2025-08-19 16:25:46 - utils.itemFilter - INFO - Keeping license CC-BY-4.0 for component @ngrx/store
2025-08-19 16:25:46 - utils.itemFilter - INFO - Keeping license MIT for component @ngrx/store
2025-08-19 16:25:46 - utils.itemFilter - INFO - Keeping license in license_texts: Apache-2.0
2025-08-19 16:25:46 - utils.itemFilter - INFO - Keeping license in license_texts: CC-BY-4.0
2025-08-19 16:25:46 - utils.itemFilter - INFO - Keeping license in license_texts: MIT
2025-08-19 16:25:46 - nodes - INFO - We got the reconstructed html successfully!
2025-08-19 16:25:49 - nodes - INFO - We have generated the oss readme file successfully!
2025-08-19 16:32:19 - uvicorn.error - INFO - Shutting down
2025-08-19 16:32:19 - uvicorn.error - INFO - Waiting for application shutdown.
2025-08-19 16:32:19 - back_end.server - INFO - FastAPI应用关闭
2025-08-19 16:32:19 - uvicorn.error - INFO - Application shutdown complete.
2025-08-19 16:32:19 - uvicorn.error - INFO - Finished server process [12072]
