2025-09-10 10:42:32 - root - INFO - 服务器日志系统初始化完成，日志文件: C:\Users\z0054unn\Documents\Siemens-GitLab\Third-party\third-party-clearance\logs\server_20250910_10h42m32s.log
2025-09-10 10:42:32 - root - INFO - 服务器日志系统初始化完成，日志文件: C:\Users\z0054unn\Documents\Siemens-GitLab\Third-party\third-party-clearance\logs\server_20250910_10h42m32s.log
2025-09-10 10:42:32 - nodes - INFO - Now we are parsing the original HTML File
2025-09-10 10:42:36 - nodes - INFO - Successfully parsed!
2025-09-10 10:42:36 - nodes - INFO - Now we are parsing the original PCR file.
2025-09-10 10:42:41 - SpecialConsiderationHandler - ERROR - item_list_key must be provided for ChapterGenerationHandler
2025-09-10 10:42:41 - SpecialConsiderationHandler - ERROR - content_handler_factory must be provided for ChapterGenerationHandler
2025-09-10 10:42:41 - SpecialConsiderationHandler - ERROR - subcontent_factory must be provided for ChapterGeneration
2025-09-10 10:42:41 - back_end.services.chat_service - INFO - we have found risk bot when initializing the chat service!
2025-09-10 10:42:41 - back_end.services.chat_manager - WARNING - now we start with checking: pure_component
2025-09-10 10:42:41 - testing - INFO - 检验测试环境初始化...
2025-09-10 10:42:41 - testing - INFO - 测试环境验证通过!
2025-09-10 10:42:41 - testing - INFO - 开始执行测试: test_custom_instruction_retrieval
2025-09-10 10:42:41 - testing - INFO - Now we are using the customized shared dictionary
2025-09-10 10:42:44 - testing - INFO - Retrieved instructions with custom context: I will remain in the current mode to confirm your satisfaction with the result. Please let me know if you have any specific concerns or if you would like to proceed.
2025-09-10 10:42:44 - testing - INFO - 开始执行测试: test_user_in_flow
2025-09-10 10:42:44 - testing - INFO - 当前对话轮次1, 用户输入OK, show me the first subtitle
2025-09-10 10:44:49 - back_end.services.chat_service - INFO - user_input: OK, show me the first subtitle
2025-09-10 10:45:07 - back_end.services.chat_service - INFO - chat_service.process_user_input: we have this response {'result': 'next', 'talking': "The first subtitle is: 'Core Responsibilities'. You can ask if you need further information or clarification about this section."}
2025-09-10 10:45:48 - SpecialConsiderationHandler - WARNING - No items found for key 'None'. Chapter will be empty.
