2025-08-22 14:50:11 - root - INFO - 服务器日志系统初始化完成，日志文件: C:\Users\z0054unn\Documents\Siemens-GitLab\Third-party\third-party-clearance\logs\server_20250822_14h50m11s.log
2025-08-22 14:50:11 - uvicorn.error - INFO - Started server process [30392]
2025-08-22 14:50:11 - uvicorn.error - INFO - Waiting for application startup.
2025-08-22 14:50:11 - back_end.server - INFO - FastAPI应用启动
2025-08-22 14:50:11 - uvicorn.error - INFO - Application startup complete.
2025-08-22 14:50:28 - back_end.server - INFO - the html file is stored at: uploads\LicenseInfo-@automation-core_ac-engineering-ng-2.10.0-2025-07-30_05_57_51.html
2025-08-22 14:50:28 - nodes - INFO - Now we are parsing the original HTML File
2025-08-22 14:50:28 - nodes - INFO - Successfully parsed!
2025-08-22 14:50:28 - nodes - INFO - Now we are reviewing the components list
2025-08-22 14:50:28 - nodes - INFO - We have 3 to review
2025-08-22 14:50:43 - utils.tools - ERROR - Model did not give valid JSON after retries.
2025-08-22 14:50:45 - nodes - INFO - We have reviewed one component
2025-08-22 14:51:01 - utils.tools - ERROR - Model did not give valid JSON after retries.
2025-08-22 14:51:03 - nodes - INFO - We have reviewed one component
2025-08-22 14:51:23 - utils.tools - ERROR - Model did not give valid JSON after retries.
2025-08-22 14:51:25 - nodes - INFO - We have reviewed one component
2025-08-22 14:51:25 - utils.tools - ERROR - Error Error during analysis: 'NoneType' object does not support item assignment
2025-08-22 14:52:11 - uvicorn.error - INFO - Shutting down
2025-08-22 14:52:11 - uvicorn.error - INFO - Waiting for application shutdown.
2025-08-22 14:52:11 - back_end.server - INFO - FastAPI应用关闭
2025-08-22 14:52:11 - uvicorn.error - INFO - Application shutdown complete.
2025-08-22 14:52:11 - uvicorn.error - INFO - Finished server process [30392]
