2025-09-11 11:14:01 - root - INFO - 服务器日志系统初始化完成，日志文件: C:\Users\z0054unn\Documents\Siemens-GitLab\Third-party\third-party-clearance\logs\server_20250911_11h14m01s.log
2025-09-11 11:14:01 - nodes - INFO - Now we are parsing the original HTML File
2025-09-11 11:14:05 - nodes - INFO - Successfully parsed!
2025-09-11 11:14:05 - nodes - INFO - Now we are parsing the original PCR file.
2025-09-11 11:14:11 - SpecialConsiderationHandler - INFO - No items will be found.
2025-09-11 11:14:11 - SpecialConsiderationHandler - ERROR - content_handler_factory must be provided for ChapterGenerationHandler
2025-09-11 11:14:11 - SpecialConsiderationHandler - ERROR - subcontent_factory must be provided for ChapterGeneration
2025-09-11 11:14:11 - back_end.services.chat_service - INFO - we have found risk bot when initializing the chat service!
2025-09-11 11:14:11 - back_end.services.chat_manager - WARNING - now we start with checking: pure_component
2025-09-11 11:14:11 - testing - INFO - 检验测试环境初始化...
2025-09-11 11:14:11 - testing - INFO - 测试环境验证通过!
2025-09-11 11:14:11 - testing - INFO - 开始执行测试: test_custom_instruction_retrieval
2025-09-11 11:14:11 - testing - INFO - Now we are using the customized shared dictionary
2025-09-11 11:14:13 - testing - INFO - Retrieved instructions with custom context: I will remain in the confirming mode. Please provide feedback on my responses or let me know if you need further clarification.
2025-09-11 11:14:13 - testing - INFO - 开始执行测试: test_user_in_flow
2025-09-11 11:14:13 - testing - INFO - 当前对话轮次1, 用户输入OK, show me the first subtitle
2025-09-11 11:15:35 - back_end.services.chat_service - INFO - user_input: OK, show me the first subtitle
2025-09-11 11:15:49 - back_end.services.chat_service - INFO - chat_service.process_user_input: we have this response {'result': 'next', 'talking': "The first subtitle is 'Core Responsibilities.' It outlines my main tasks such as analyzing documents for OSS and PSS compliance risks, identifying potential license violations, and providing remediation recommendations."}
2025-09-11 11:15:59 - SpecialConsiderationHandler - INFO - Initialized 8 subtitle handlers
2025-09-11 11:15:59 - back_end.services.chat_flow - INFO - chat_flow.process: 处理状态: ConfirmationStatus.SPECIAL_CONSIDERATION
2025-09-11 11:16:15 - InteractionObligationHandler - ERROR - 访问 handler.__iter__ 时出错: 'InteractionObligationHandler' object has no attribute '__iter__'
2025-09-11 11:16:15 - CopyLeftHandler - ERROR - 访问 handler.__iter__ 时出错: 'CopyLeftHandler' object has no attribute '__iter__'
2025-09-11 11:16:15 - AdditionalObligationHandler - ERROR - 访问 handler.__iter__ 时出错: 'AdditionalObligationHandler' object has no attribute '__iter__'
2025-09-11 11:16:15 - OtherObligations - ERROR - 访问 handler.__iter__ 时出错: 'OtherObligations' object has no attribute '__iter__'
2025-09-11 11:16:15 - ReadmeOSS - ERROR - 访问 handler.__iter__ 时出错: 'ReadmeOSS' object has no attribute '__iter__'
2025-09-11 11:16:15 - SourceCodeHandler - ERROR - 访问 handler.__iter__ 时出错: 'SourceCodeHandler' object has no attribute '__iter__'
2025-09-11 11:16:15 - RemainingHandler - ERROR - 访问 handler.__iter__ 时出错: 'RemainingHandler' object has no attribute '__iter__'
2025-09-11 11:16:15 - SpecialCombiningHandler - ERROR - 访问 handler.__iter__ 时出错: 'SpecialCombiningHandler' object has no attribute '__iter__'
2025-09-11 11:16:17 - InteractionObligationHandler - ERROR - 访问 handler.__iter__ 时出错: 'InteractionObligationHandler' object has no attribute '__iter__'
2025-09-11 11:16:17 - CopyLeftHandler - ERROR - 访问 handler.__iter__ 时出错: 'CopyLeftHandler' object has no attribute '__iter__'
2025-09-11 11:16:17 - AdditionalObligationHandler - ERROR - 访问 handler.__iter__ 时出错: 'AdditionalObligationHandler' object has no attribute '__iter__'
2025-09-11 11:16:17 - OtherObligations - ERROR - 访问 handler.__iter__ 时出错: 'OtherObligations' object has no attribute '__iter__'
2025-09-11 11:16:17 - ReadmeOSS - ERROR - 访问 handler.__iter__ 时出错: 'ReadmeOSS' object has no attribute '__iter__'
2025-09-11 11:16:17 - SourceCodeHandler - ERROR - 访问 handler.__iter__ 时出错: 'SourceCodeHandler' object has no attribute '__iter__'
2025-09-11 11:16:17 - RemainingHandler - ERROR - 访问 handler.__iter__ 时出错: 'RemainingHandler' object has no attribute '__iter__'
2025-09-11 11:16:17 - SpecialCombiningHandler - ERROR - 访问 handler.__iter__ 时出错: 'SpecialCombiningHandler' object has no attribute '__iter__'
2025-09-11 11:16:22 - InteractionObligationHandler - ERROR - 访问 handler.__iter__ 时出错: 'InteractionObligationHandler' object has no attribute '__iter__'
2025-09-11 11:16:22 - CopyLeftHandler - ERROR - 访问 handler.__iter__ 时出错: 'CopyLeftHandler' object has no attribute '__iter__'
2025-09-11 11:16:22 - AdditionalObligationHandler - ERROR - 访问 handler.__iter__ 时出错: 'AdditionalObligationHandler' object has no attribute '__iter__'
2025-09-11 11:16:22 - OtherObligations - ERROR - 访问 handler.__iter__ 时出错: 'OtherObligations' object has no attribute '__iter__'
2025-09-11 11:16:22 - ReadmeOSS - ERROR - 访问 handler.__iter__ 时出错: 'ReadmeOSS' object has no attribute '__iter__'
2025-09-11 11:16:22 - SourceCodeHandler - ERROR - 访问 handler.__iter__ 时出错: 'SourceCodeHandler' object has no attribute '__iter__'
2025-09-11 11:16:22 - RemainingHandler - ERROR - 访问 handler.__iter__ 时出错: 'RemainingHandler' object has no attribute '__iter__'
2025-09-11 11:16:22 - SpecialCombiningHandler - ERROR - 访问 handler.__iter__ 时出错: 'SpecialCombiningHandler' object has no attribute '__iter__'
2025-09-11 11:16:22 - InteractionObligationHandler - ERROR - 访问 handler.__iter__ 时出错: 'InteractionObligationHandler' object has no attribute '__iter__'
2025-09-11 11:16:22 - CopyLeftHandler - ERROR - 访问 handler.__iter__ 时出错: 'CopyLeftHandler' object has no attribute '__iter__'
2025-09-11 11:16:22 - AdditionalObligationHandler - ERROR - 访问 handler.__iter__ 时出错: 'AdditionalObligationHandler' object has no attribute '__iter__'
2025-09-11 11:16:22 - OtherObligations - ERROR - 访问 handler.__iter__ 时出错: 'OtherObligations' object has no attribute '__iter__'
2025-09-11 11:16:22 - ReadmeOSS - ERROR - 访问 handler.__iter__ 时出错: 'ReadmeOSS' object has no attribute '__iter__'
2025-09-11 11:16:22 - SourceCodeHandler - ERROR - 访问 handler.__iter__ 时出错: 'SourceCodeHandler' object has no attribute '__iter__'
2025-09-11 11:16:22 - RemainingHandler - ERROR - 访问 handler.__iter__ 时出错: 'RemainingHandler' object has no attribute '__iter__'
2025-09-11 11:16:22 - SpecialCombiningHandler - ERROR - 访问 handler.__iter__ 时出错: 'SpecialCombiningHandler' object has no attribute '__iter__'
2025-09-11 11:16:22 - back_end.services.chat_service - INFO - chat_service.process_user_input: Current status: special_consideration, Updated status: special_consideration
2025-09-11 11:16:23 - InteractionObligationHandler - ERROR - 访问 handler.__iter__ 时出错: 'InteractionObligationHandler' object has no attribute '__iter__'
2025-09-11 11:16:23 - CopyLeftHandler - ERROR - 访问 handler.__iter__ 时出错: 'CopyLeftHandler' object has no attribute '__iter__'
2025-09-11 11:16:23 - AdditionalObligationHandler - ERROR - 访问 handler.__iter__ 时出错: 'AdditionalObligationHandler' object has no attribute '__iter__'
2025-09-11 11:16:23 - OtherObligations - ERROR - 访问 handler.__iter__ 时出错: 'OtherObligations' object has no attribute '__iter__'
2025-09-11 11:16:23 - ReadmeOSS - ERROR - 访问 handler.__iter__ 时出错: 'ReadmeOSS' object has no attribute '__iter__'
2025-09-11 11:16:23 - SourceCodeHandler - ERROR - 访问 handler.__iter__ 时出错: 'SourceCodeHandler' object has no attribute '__iter__'
2025-09-11 11:16:23 - RemainingHandler - ERROR - 访问 handler.__iter__ 时出错: 'RemainingHandler' object has no attribute '__iter__'
2025-09-11 11:16:23 - SpecialCombiningHandler - ERROR - 访问 handler.__iter__ 时出错: 'SpecialCombiningHandler' object has no attribute '__iter__'
2025-09-11 11:16:23 - InteractionObligationHandler - ERROR - 访问 handler.__iter__ 时出错: 'InteractionObligationHandler' object has no attribute '__iter__'
2025-09-11 11:16:23 - CopyLeftHandler - ERROR - 访问 handler.__iter__ 时出错: 'CopyLeftHandler' object has no attribute '__iter__'
2025-09-11 11:16:23 - AdditionalObligationHandler - ERROR - 访问 handler.__iter__ 时出错: 'AdditionalObligationHandler' object has no attribute '__iter__'
2025-09-11 11:16:23 - OtherObligations - ERROR - 访问 handler.__iter__ 时出错: 'OtherObligations' object has no attribute '__iter__'
2025-09-11 11:16:23 - ReadmeOSS - ERROR - 访问 handler.__iter__ 时出错: 'ReadmeOSS' object has no attribute '__iter__'
2025-09-11 11:16:23 - SourceCodeHandler - ERROR - 访问 handler.__iter__ 时出错: 'SourceCodeHandler' object has no attribute '__iter__'
2025-09-11 11:16:23 - RemainingHandler - ERROR - 访问 handler.__iter__ 时出错: 'RemainingHandler' object has no attribute '__iter__'
2025-09-11 11:16:23 - SpecialCombiningHandler - ERROR - 访问 handler.__iter__ 时出错: 'SpecialCombiningHandler' object has no attribute '__iter__'
2025-09-11 11:16:23 - InteractionObligationHandler - ERROR - 访问 handler.__iter__ 时出错: 'InteractionObligationHandler' object has no attribute '__iter__'
2025-09-11 11:16:23 - CopyLeftHandler - ERROR - 访问 handler.__iter__ 时出错: 'CopyLeftHandler' object has no attribute '__iter__'
2025-09-11 11:16:23 - AdditionalObligationHandler - ERROR - 访问 handler.__iter__ 时出错: 'AdditionalObligationHandler' object has no attribute '__iter__'
2025-09-11 11:16:23 - OtherObligations - ERROR - 访问 handler.__iter__ 时出错: 'OtherObligations' object has no attribute '__iter__'
2025-09-11 11:16:23 - ReadmeOSS - ERROR - 访问 handler.__iter__ 时出错: 'ReadmeOSS' object has no attribute '__iter__'
2025-09-11 11:16:23 - SourceCodeHandler - ERROR - 访问 handler.__iter__ 时出错: 'SourceCodeHandler' object has no attribute '__iter__'
2025-09-11 11:16:23 - RemainingHandler - ERROR - 访问 handler.__iter__ 时出错: 'RemainingHandler' object has no attribute '__iter__'
2025-09-11 11:16:23 - SpecialCombiningHandler - ERROR - 访问 handler.__iter__ 时出错: 'SpecialCombiningHandler' object has no attribute '__iter__'
2025-09-11 11:16:23 - InteractionObligationHandler - ERROR - 访问 handler.__iter__ 时出错: 'InteractionObligationHandler' object has no attribute '__iter__'
2025-09-11 11:16:23 - CopyLeftHandler - ERROR - 访问 handler.__iter__ 时出错: 'CopyLeftHandler' object has no attribute '__iter__'
2025-09-11 11:16:23 - AdditionalObligationHandler - ERROR - 访问 handler.__iter__ 时出错: 'AdditionalObligationHandler' object has no attribute '__iter__'
2025-09-11 11:16:23 - OtherObligations - ERROR - 访问 handler.__iter__ 时出错: 'OtherObligations' object has no attribute '__iter__'
2025-09-11 11:16:23 - ReadmeOSS - ERROR - 访问 handler.__iter__ 时出错: 'ReadmeOSS' object has no attribute '__iter__'
2025-09-11 11:16:23 - SourceCodeHandler - ERROR - 访问 handler.__iter__ 时出错: 'SourceCodeHandler' object has no attribute '__iter__'
2025-09-11 11:16:23 - RemainingHandler - ERROR - 访问 handler.__iter__ 时出错: 'RemainingHandler' object has no attribute '__iter__'
2025-09-11 11:16:23 - SpecialCombiningHandler - ERROR - 访问 handler.__iter__ 时出错: 'SpecialCombiningHandler' object has no attribute '__iter__'
2025-09-11 11:16:25 - InteractionObligationHandler - ERROR - 访问 handler.__iter__ 时出错: 'InteractionObligationHandler' object has no attribute '__iter__'
2025-09-11 11:16:25 - CopyLeftHandler - ERROR - 访问 handler.__iter__ 时出错: 'CopyLeftHandler' object has no attribute '__iter__'
2025-09-11 11:16:25 - AdditionalObligationHandler - ERROR - 访问 handler.__iter__ 时出错: 'AdditionalObligationHandler' object has no attribute '__iter__'
2025-09-11 11:16:25 - OtherObligations - ERROR - 访问 handler.__iter__ 时出错: 'OtherObligations' object has no attribute '__iter__'
2025-09-11 11:16:25 - ReadmeOSS - ERROR - 访问 handler.__iter__ 时出错: 'ReadmeOSS' object has no attribute '__iter__'
2025-09-11 11:16:25 - SourceCodeHandler - ERROR - 访问 handler.__iter__ 时出错: 'SourceCodeHandler' object has no attribute '__iter__'
2025-09-11 11:16:25 - RemainingHandler - ERROR - 访问 handler.__iter__ 时出错: 'RemainingHandler' object has no attribute '__iter__'
2025-09-11 11:16:25 - SpecialCombiningHandler - ERROR - 访问 handler.__iter__ 时出错: 'SpecialCombiningHandler' object has no attribute '__iter__'
2025-09-11 11:16:25 - InteractionObligationHandler - ERROR - 访问 handler.__iter__ 时出错: 'InteractionObligationHandler' object has no attribute '__iter__'
2025-09-11 11:16:25 - CopyLeftHandler - ERROR - 访问 handler.__iter__ 时出错: 'CopyLeftHandler' object has no attribute '__iter__'
2025-09-11 11:16:25 - AdditionalObligationHandler - ERROR - 访问 handler.__iter__ 时出错: 'AdditionalObligationHandler' object has no attribute '__iter__'
2025-09-11 11:16:25 - OtherObligations - ERROR - 访问 handler.__iter__ 时出错: 'OtherObligations' object has no attribute '__iter__'
2025-09-11 11:16:25 - ReadmeOSS - ERROR - 访问 handler.__iter__ 时出错: 'ReadmeOSS' object has no attribute '__iter__'
2025-09-11 11:16:25 - SourceCodeHandler - ERROR - 访问 handler.__iter__ 时出错: 'SourceCodeHandler' object has no attribute '__iter__'
2025-09-11 11:16:25 - RemainingHandler - ERROR - 访问 handler.__iter__ 时出错: 'RemainingHandler' object has no attribute '__iter__'
2025-09-11 11:16:25 - SpecialCombiningHandler - ERROR - 访问 handler.__iter__ 时出错: 'SpecialCombiningHandler' object has no attribute '__iter__'
2025-09-11 11:16:26 - back_end.services.chat_service - INFO - Status check - Processing type: pure_component, Item type: ItemType.PC, Status: special_consideration -> special_consideration
2025-09-11 11:16:27 - InteractionObligationHandler - ERROR - 访问 handler.__iter__ 时出错: 'InteractionObligationHandler' object has no attribute '__iter__'
2025-09-11 11:16:27 - CopyLeftHandler - ERROR - 访问 handler.__iter__ 时出错: 'CopyLeftHandler' object has no attribute '__iter__'
2025-09-11 11:16:27 - AdditionalObligationHandler - ERROR - 访问 handler.__iter__ 时出错: 'AdditionalObligationHandler' object has no attribute '__iter__'
2025-09-11 11:16:27 - OtherObligations - ERROR - 访问 handler.__iter__ 时出错: 'OtherObligations' object has no attribute '__iter__'
2025-09-11 11:16:27 - ReadmeOSS - ERROR - 访问 handler.__iter__ 时出错: 'ReadmeOSS' object has no attribute '__iter__'
2025-09-11 11:16:27 - SourceCodeHandler - ERROR - 访问 handler.__iter__ 时出错: 'SourceCodeHandler' object has no attribute '__iter__'
2025-09-11 11:16:27 - RemainingHandler - ERROR - 访问 handler.__iter__ 时出错: 'RemainingHandler' object has no attribute '__iter__'
2025-09-11 11:16:27 - SpecialCombiningHandler - ERROR - 访问 handler.__iter__ 时出错: 'SpecialCombiningHandler' object has no attribute '__iter__'
2025-09-11 11:16:27 - InteractionObligationHandler - ERROR - 访问 handler.__iter__ 时出错: 'InteractionObligationHandler' object has no attribute '__iter__'
2025-09-11 11:16:27 - CopyLeftHandler - ERROR - 访问 handler.__iter__ 时出错: 'CopyLeftHandler' object has no attribute '__iter__'
2025-09-11 11:16:27 - AdditionalObligationHandler - ERROR - 访问 handler.__iter__ 时出错: 'AdditionalObligationHandler' object has no attribute '__iter__'
2025-09-11 11:16:27 - OtherObligations - ERROR - 访问 handler.__iter__ 时出错: 'OtherObligations' object has no attribute '__iter__'
2025-09-11 11:16:27 - ReadmeOSS - ERROR - 访问 handler.__iter__ 时出错: 'ReadmeOSS' object has no attribute '__iter__'
2025-09-11 11:16:27 - SourceCodeHandler - ERROR - 访问 handler.__iter__ 时出错: 'SourceCodeHandler' object has no attribute '__iter__'
2025-09-11 11:16:27 - RemainingHandler - ERROR - 访问 handler.__iter__ 时出错: 'RemainingHandler' object has no attribute '__iter__'
2025-09-11 11:16:27 - SpecialCombiningHandler - ERROR - 访问 handler.__iter__ 时出错: 'SpecialCombiningHandler' object has no attribute '__iter__'
2025-09-11 11:16:27 - InteractionObligationHandler - ERROR - 访问 handler.__iter__ 时出错: 'InteractionObligationHandler' object has no attribute '__iter__'
2025-09-11 11:16:27 - CopyLeftHandler - ERROR - 访问 handler.__iter__ 时出错: 'CopyLeftHandler' object has no attribute '__iter__'
2025-09-11 11:16:27 - AdditionalObligationHandler - ERROR - 访问 handler.__iter__ 时出错: 'AdditionalObligationHandler' object has no attribute '__iter__'
2025-09-11 11:16:27 - OtherObligations - ERROR - 访问 handler.__iter__ 时出错: 'OtherObligations' object has no attribute '__iter__'
2025-09-11 11:16:27 - ReadmeOSS - ERROR - 访问 handler.__iter__ 时出错: 'ReadmeOSS' object has no attribute '__iter__'
2025-09-11 11:16:27 - SourceCodeHandler - ERROR - 访问 handler.__iter__ 时出错: 'SourceCodeHandler' object has no attribute '__iter__'
2025-09-11 11:16:27 - RemainingHandler - ERROR - 访问 handler.__iter__ 时出错: 'RemainingHandler' object has no attribute '__iter__'
2025-09-11 11:16:27 - SpecialCombiningHandler - ERROR - 访问 handler.__iter__ 时出错: 'SpecialCombiningHandler' object has no attribute '__iter__'
2025-09-11 11:16:27 - InteractionObligationHandler - ERROR - 访问 handler.__iter__ 时出错: 'InteractionObligationHandler' object has no attribute '__iter__'
2025-09-11 11:16:27 - CopyLeftHandler - ERROR - 访问 handler.__iter__ 时出错: 'CopyLeftHandler' object has no attribute '__iter__'
2025-09-11 11:16:27 - AdditionalObligationHandler - ERROR - 访问 handler.__iter__ 时出错: 'AdditionalObligationHandler' object has no attribute '__iter__'
2025-09-11 11:16:27 - OtherObligations - ERROR - 访问 handler.__iter__ 时出错: 'OtherObligations' object has no attribute '__iter__'
2025-09-11 11:16:27 - ReadmeOSS - ERROR - 访问 handler.__iter__ 时出错: 'ReadmeOSS' object has no attribute '__iter__'
2025-09-11 11:16:27 - SourceCodeHandler - ERROR - 访问 handler.__iter__ 时出错: 'SourceCodeHandler' object has no attribute '__iter__'
2025-09-11 11:16:27 - RemainingHandler - ERROR - 访问 handler.__iter__ 时出错: 'RemainingHandler' object has no attribute '__iter__'
2025-09-11 11:16:27 - SpecialCombiningHandler - ERROR - 访问 handler.__iter__ 时出错: 'SpecialCombiningHandler' object has no attribute '__iter__'
2025-09-11 11:16:29 - InteractionObligationHandler - ERROR - 访问 handler.__iter__ 时出错: 'InteractionObligationHandler' object has no attribute '__iter__'
2025-09-11 11:16:29 - CopyLeftHandler - ERROR - 访问 handler.__iter__ 时出错: 'CopyLeftHandler' object has no attribute '__iter__'
2025-09-11 11:16:29 - AdditionalObligationHandler - ERROR - 访问 handler.__iter__ 时出错: 'AdditionalObligationHandler' object has no attribute '__iter__'
2025-09-11 11:16:29 - OtherObligations - ERROR - 访问 handler.__iter__ 时出错: 'OtherObligations' object has no attribute '__iter__'
2025-09-11 11:16:29 - ReadmeOSS - ERROR - 访问 handler.__iter__ 时出错: 'ReadmeOSS' object has no attribute '__iter__'
2025-09-11 11:16:29 - SourceCodeHandler - ERROR - 访问 handler.__iter__ 时出错: 'SourceCodeHandler' object has no attribute '__iter__'
2025-09-11 11:16:29 - RemainingHandler - ERROR - 访问 handler.__iter__ 时出错: 'RemainingHandler' object has no attribute '__iter__'
2025-09-11 11:16:29 - SpecialCombiningHandler - ERROR - 访问 handler.__iter__ 时出错: 'SpecialCombiningHandler' object has no attribute '__iter__'
2025-09-11 11:16:29 - InteractionObligationHandler - ERROR - 访问 handler.__iter__ 时出错: 'InteractionObligationHandler' object has no attribute '__iter__'
2025-09-11 11:16:29 - CopyLeftHandler - ERROR - 访问 handler.__iter__ 时出错: 'CopyLeftHandler' object has no attribute '__iter__'
2025-09-11 11:16:29 - AdditionalObligationHandler - ERROR - 访问 handler.__iter__ 时出错: 'AdditionalObligationHandler' object has no attribute '__iter__'
2025-09-11 11:16:29 - OtherObligations - ERROR - 访问 handler.__iter__ 时出错: 'OtherObligations' object has no attribute '__iter__'
2025-09-11 11:16:29 - ReadmeOSS - ERROR - 访问 handler.__iter__ 时出错: 'ReadmeOSS' object has no attribute '__iter__'
2025-09-11 11:16:29 - SourceCodeHandler - ERROR - 访问 handler.__iter__ 时出错: 'SourceCodeHandler' object has no attribute '__iter__'
2025-09-11 11:16:29 - RemainingHandler - ERROR - 访问 handler.__iter__ 时出错: 'RemainingHandler' object has no attribute '__iter__'
2025-09-11 11:16:29 - SpecialCombiningHandler - ERROR - 访问 handler.__iter__ 时出错: 'SpecialCombiningHandler' object has no attribute '__iter__'
2025-09-11 11:16:31 - InteractionObligationHandler - ERROR - 访问 handler.__iter__ 时出错: 'InteractionObligationHandler' object has no attribute '__iter__'
2025-09-11 11:16:31 - CopyLeftHandler - ERROR - 访问 handler.__iter__ 时出错: 'CopyLeftHandler' object has no attribute '__iter__'
2025-09-11 11:16:31 - AdditionalObligationHandler - ERROR - 访问 handler.__iter__ 时出错: 'AdditionalObligationHandler' object has no attribute '__iter__'
2025-09-11 11:16:31 - OtherObligations - ERROR - 访问 handler.__iter__ 时出错: 'OtherObligations' object has no attribute '__iter__'
2025-09-11 11:16:31 - ReadmeOSS - ERROR - 访问 handler.__iter__ 时出错: 'ReadmeOSS' object has no attribute '__iter__'
2025-09-11 11:16:31 - SourceCodeHandler - ERROR - 访问 handler.__iter__ 时出错: 'SourceCodeHandler' object has no attribute '__iter__'
2025-09-11 11:16:31 - RemainingHandler - ERROR - 访问 handler.__iter__ 时出错: 'RemainingHandler' object has no attribute '__iter__'
2025-09-11 11:16:31 - SpecialCombiningHandler - ERROR - 访问 handler.__iter__ 时出错: 'SpecialCombiningHandler' object has no attribute '__iter__'
2025-09-11 11:16:31 - InteractionObligationHandler - ERROR - 访问 handler.__iter__ 时出错: 'InteractionObligationHandler' object has no attribute '__iter__'
2025-09-11 11:16:31 - CopyLeftHandler - ERROR - 访问 handler.__iter__ 时出错: 'CopyLeftHandler' object has no attribute '__iter__'
2025-09-11 11:16:31 - AdditionalObligationHandler - ERROR - 访问 handler.__iter__ 时出错: 'AdditionalObligationHandler' object has no attribute '__iter__'
2025-09-11 11:16:31 - OtherObligations - ERROR - 访问 handler.__iter__ 时出错: 'OtherObligations' object has no attribute '__iter__'
2025-09-11 11:16:31 - ReadmeOSS - ERROR - 访问 handler.__iter__ 时出错: 'ReadmeOSS' object has no attribute '__iter__'
2025-09-11 11:16:31 - SourceCodeHandler - ERROR - 访问 handler.__iter__ 时出错: 'SourceCodeHandler' object has no attribute '__iter__'
2025-09-11 11:16:31 - RemainingHandler - ERROR - 访问 handler.__iter__ 时出错: 'RemainingHandler' object has no attribute '__iter__'
2025-09-11 11:16:31 - SpecialCombiningHandler - ERROR - 访问 handler.__iter__ 时出错: 'SpecialCombiningHandler' object has no attribute '__iter__'
2025-09-11 11:16:32 - back_end.services.chat_service - INFO - chat_service._handle_simple_chapter_generation: Processing SimpleChapterGeneration
2025-09-11 11:16:33 - InteractionObligationHandler - ERROR - 访问 handler.__iter__ 时出错: 'InteractionObligationHandler' object has no attribute '__iter__'
2025-09-11 11:16:33 - CopyLeftHandler - ERROR - 访问 handler.__iter__ 时出错: 'CopyLeftHandler' object has no attribute '__iter__'
2025-09-11 11:16:33 - AdditionalObligationHandler - ERROR - 访问 handler.__iter__ 时出错: 'AdditionalObligationHandler' object has no attribute '__iter__'
2025-09-11 11:16:33 - OtherObligations - ERROR - 访问 handler.__iter__ 时出错: 'OtherObligations' object has no attribute '__iter__'
2025-09-11 11:16:33 - ReadmeOSS - ERROR - 访问 handler.__iter__ 时出错: 'ReadmeOSS' object has no attribute '__iter__'
2025-09-11 11:16:33 - SourceCodeHandler - ERROR - 访问 handler.__iter__ 时出错: 'SourceCodeHandler' object has no attribute '__iter__'
2025-09-11 11:16:33 - RemainingHandler - ERROR - 访问 handler.__iter__ 时出错: 'RemainingHandler' object has no attribute '__iter__'
2025-09-11 11:16:33 - SpecialCombiningHandler - ERROR - 访问 handler.__iter__ 时出错: 'SpecialCombiningHandler' object has no attribute '__iter__'
2025-09-11 11:16:33 - InteractionObligationHandler - ERROR - 访问 handler.__iter__ 时出错: 'InteractionObligationHandler' object has no attribute '__iter__'
2025-09-11 11:16:33 - CopyLeftHandler - ERROR - 访问 handler.__iter__ 时出错: 'CopyLeftHandler' object has no attribute '__iter__'
2025-09-11 11:16:33 - AdditionalObligationHandler - ERROR - 访问 handler.__iter__ 时出错: 'AdditionalObligationHandler' object has no attribute '__iter__'
2025-09-11 11:16:33 - OtherObligations - ERROR - 访问 handler.__iter__ 时出错: 'OtherObligations' object has no attribute '__iter__'
2025-09-11 11:16:33 - ReadmeOSS - ERROR - 访问 handler.__iter__ 时出错: 'ReadmeOSS' object has no attribute '__iter__'
2025-09-11 11:16:33 - SourceCodeHandler - ERROR - 访问 handler.__iter__ 时出错: 'SourceCodeHandler' object has no attribute '__iter__'
2025-09-11 11:16:33 - RemainingHandler - ERROR - 访问 handler.__iter__ 时出错: 'RemainingHandler' object has no attribute '__iter__'
2025-09-11 11:16:33 - SpecialCombiningHandler - ERROR - 访问 handler.__iter__ 时出错: 'SpecialCombiningHandler' object has no attribute '__iter__'
2025-09-11 11:16:33 - InteractionObligationHandler - ERROR - 访问 handler.__iter__ 时出错: 'InteractionObligationHandler' object has no attribute '__iter__'
2025-09-11 11:16:33 - CopyLeftHandler - ERROR - 访问 handler.__iter__ 时出错: 'CopyLeftHandler' object has no attribute '__iter__'
2025-09-11 11:16:33 - AdditionalObligationHandler - ERROR - 访问 handler.__iter__ 时出错: 'AdditionalObligationHandler' object has no attribute '__iter__'
2025-09-11 11:16:33 - OtherObligations - ERROR - 访问 handler.__iter__ 时出错: 'OtherObligations' object has no attribute '__iter__'
2025-09-11 11:16:33 - ReadmeOSS - ERROR - 访问 handler.__iter__ 时出错: 'ReadmeOSS' object has no attribute '__iter__'
2025-09-11 11:16:33 - SourceCodeHandler - ERROR - 访问 handler.__iter__ 时出错: 'SourceCodeHandler' object has no attribute '__iter__'
2025-09-11 11:16:33 - RemainingHandler - ERROR - 访问 handler.__iter__ 时出错: 'RemainingHandler' object has no attribute '__iter__'
2025-09-11 11:16:33 - SpecialCombiningHandler - ERROR - 访问 handler.__iter__ 时出错: 'SpecialCombiningHandler' object has no attribute '__iter__'
2025-09-11 11:16:34 - InteractionObligationHandler - ERROR - 访问 handler.__iter__ 时出错: 'InteractionObligationHandler' object has no attribute '__iter__'
2025-09-11 11:16:34 - CopyLeftHandler - ERROR - 访问 handler.__iter__ 时出错: 'CopyLeftHandler' object has no attribute '__iter__'
2025-09-11 11:16:34 - AdditionalObligationHandler - ERROR - 访问 handler.__iter__ 时出错: 'AdditionalObligationHandler' object has no attribute '__iter__'
2025-09-11 11:16:34 - OtherObligations - ERROR - 访问 handler.__iter__ 时出错: 'OtherObligations' object has no attribute '__iter__'
2025-09-11 11:16:34 - ReadmeOSS - ERROR - 访问 handler.__iter__ 时出错: 'ReadmeOSS' object has no attribute '__iter__'
2025-09-11 11:16:34 - SourceCodeHandler - ERROR - 访问 handler.__iter__ 时出错: 'SourceCodeHandler' object has no attribute '__iter__'
2025-09-11 11:16:34 - RemainingHandler - ERROR - 访问 handler.__iter__ 时出错: 'RemainingHandler' object has no attribute '__iter__'
2025-09-11 11:16:34 - SpecialCombiningHandler - ERROR - 访问 handler.__iter__ 时出错: 'SpecialCombiningHandler' object has no attribute '__iter__'
2025-09-11 11:16:34 - InteractionObligationHandler - ERROR - 访问 handler.__iter__ 时出错: 'InteractionObligationHandler' object has no attribute '__iter__'
2025-09-11 11:16:34 - CopyLeftHandler - ERROR - 访问 handler.__iter__ 时出错: 'CopyLeftHandler' object has no attribute '__iter__'
2025-09-11 11:16:34 - AdditionalObligationHandler - ERROR - 访问 handler.__iter__ 时出错: 'AdditionalObligationHandler' object has no attribute '__iter__'
2025-09-11 11:16:34 - OtherObligations - ERROR - 访问 handler.__iter__ 时出错: 'OtherObligations' object has no attribute '__iter__'
2025-09-11 11:16:34 - ReadmeOSS - ERROR - 访问 handler.__iter__ 时出错: 'ReadmeOSS' object has no attribute '__iter__'
2025-09-11 11:16:34 - SourceCodeHandler - ERROR - 访问 handler.__iter__ 时出错: 'SourceCodeHandler' object has no attribute '__iter__'
2025-09-11 11:16:34 - RemainingHandler - ERROR - 访问 handler.__iter__ 时出错: 'RemainingHandler' object has no attribute '__iter__'
2025-09-11 11:16:34 - SpecialCombiningHandler - ERROR - 访问 handler.__iter__ 时出错: 'SpecialCombiningHandler' object has no attribute '__iter__'
2025-09-11 11:16:35 - InteractionObligationHandler - ERROR - 访问 handler.__iter__ 时出错: 'InteractionObligationHandler' object has no attribute '__iter__'
2025-09-11 11:16:35 - CopyLeftHandler - ERROR - 访问 handler.__iter__ 时出错: 'CopyLeftHandler' object has no attribute '__iter__'
2025-09-11 11:16:35 - AdditionalObligationHandler - ERROR - 访问 handler.__iter__ 时出错: 'AdditionalObligationHandler' object has no attribute '__iter__'
2025-09-11 11:16:35 - OtherObligations - ERROR - 访问 handler.__iter__ 时出错: 'OtherObligations' object has no attribute '__iter__'
2025-09-11 11:16:35 - ReadmeOSS - ERROR - 访问 handler.__iter__ 时出错: 'ReadmeOSS' object has no attribute '__iter__'
2025-09-11 11:16:35 - SourceCodeHandler - ERROR - 访问 handler.__iter__ 时出错: 'SourceCodeHandler' object has no attribute '__iter__'
2025-09-11 11:16:35 - RemainingHandler - ERROR - 访问 handler.__iter__ 时出错: 'RemainingHandler' object has no attribute '__iter__'
2025-09-11 11:16:35 - SpecialCombiningHandler - ERROR - 访问 handler.__iter__ 时出错: 'SpecialCombiningHandler' object has no attribute '__iter__'
2025-09-11 11:16:35 - InteractionObligationHandler - ERROR - 访问 handler.__iter__ 时出错: 'InteractionObligationHandler' object has no attribute '__iter__'
2025-09-11 11:16:35 - CopyLeftHandler - ERROR - 访问 handler.__iter__ 时出错: 'CopyLeftHandler' object has no attribute '__iter__'
2025-09-11 11:16:35 - AdditionalObligationHandler - ERROR - 访问 handler.__iter__ 时出错: 'AdditionalObligationHandler' object has no attribute '__iter__'
2025-09-11 11:16:35 - OtherObligations - ERROR - 访问 handler.__iter__ 时出错: 'OtherObligations' object has no attribute '__iter__'
2025-09-11 11:16:35 - ReadmeOSS - ERROR - 访问 handler.__iter__ 时出错: 'ReadmeOSS' object has no attribute '__iter__'
2025-09-11 11:16:35 - SourceCodeHandler - ERROR - 访问 handler.__iter__ 时出错: 'SourceCodeHandler' object has no attribute '__iter__'
2025-09-11 11:16:35 - RemainingHandler - ERROR - 访问 handler.__iter__ 时出错: 'RemainingHandler' object has no attribute '__iter__'
2025-09-11 11:16:35 - SpecialCombiningHandler - ERROR - 访问 handler.__iter__ 时出错: 'SpecialCombiningHandler' object has no attribute '__iter__'
2025-09-11 11:16:37 - InteractionObligationHandler - ERROR - 访问 handler.__iter__ 时出错: 'InteractionObligationHandler' object has no attribute '__iter__'
2025-09-11 11:16:37 - CopyLeftHandler - ERROR - 访问 handler.__iter__ 时出错: 'CopyLeftHandler' object has no attribute '__iter__'
2025-09-11 11:16:37 - AdditionalObligationHandler - ERROR - 访问 handler.__iter__ 时出错: 'AdditionalObligationHandler' object has no attribute '__iter__'
2025-09-11 11:16:37 - OtherObligations - ERROR - 访问 handler.__iter__ 时出错: 'OtherObligations' object has no attribute '__iter__'
2025-09-11 11:16:37 - ReadmeOSS - ERROR - 访问 handler.__iter__ 时出错: 'ReadmeOSS' object has no attribute '__iter__'
2025-09-11 11:16:37 - SourceCodeHandler - ERROR - 访问 handler.__iter__ 时出错: 'SourceCodeHandler' object has no attribute '__iter__'
2025-09-11 11:16:37 - RemainingHandler - ERROR - 访问 handler.__iter__ 时出错: 'RemainingHandler' object has no attribute '__iter__'
2025-09-11 11:16:37 - SpecialCombiningHandler - ERROR - 访问 handler.__iter__ 时出错: 'SpecialCombiningHandler' object has no attribute '__iter__'
2025-09-11 11:16:37 - InteractionObligationHandler - ERROR - 访问 handler.__iter__ 时出错: 'InteractionObligationHandler' object has no attribute '__iter__'
2025-09-11 11:16:37 - CopyLeftHandler - ERROR - 访问 handler.__iter__ 时出错: 'CopyLeftHandler' object has no attribute '__iter__'
2025-09-11 11:16:37 - AdditionalObligationHandler - ERROR - 访问 handler.__iter__ 时出错: 'AdditionalObligationHandler' object has no attribute '__iter__'
2025-09-11 11:16:37 - OtherObligations - ERROR - 访问 handler.__iter__ 时出错: 'OtherObligations' object has no attribute '__iter__'
2025-09-11 11:16:37 - ReadmeOSS - ERROR - 访问 handler.__iter__ 时出错: 'ReadmeOSS' object has no attribute '__iter__'
2025-09-11 11:16:37 - SourceCodeHandler - ERROR - 访问 handler.__iter__ 时出错: 'SourceCodeHandler' object has no attribute '__iter__'
2025-09-11 11:16:37 - RemainingHandler - ERROR - 访问 handler.__iter__ 时出错: 'RemainingHandler' object has no attribute '__iter__'
2025-09-11 11:16:37 - SpecialCombiningHandler - ERROR - 访问 handler.__iter__ 时出错: 'SpecialCombiningHandler' object has no attribute '__iter__'
2025-09-11 11:16:39 - InteractionObligationHandler - ERROR - 访问 handler.__iter__ 时出错: 'InteractionObligationHandler' object has no attribute '__iter__'
2025-09-11 11:16:39 - CopyLeftHandler - ERROR - 访问 handler.__iter__ 时出错: 'CopyLeftHandler' object has no attribute '__iter__'
2025-09-11 11:16:39 - AdditionalObligationHandler - ERROR - 访问 handler.__iter__ 时出错: 'AdditionalObligationHandler' object has no attribute '__iter__'
2025-09-11 11:16:39 - OtherObligations - ERROR - 访问 handler.__iter__ 时出错: 'OtherObligations' object has no attribute '__iter__'
2025-09-11 11:16:39 - ReadmeOSS - ERROR - 访问 handler.__iter__ 时出错: 'ReadmeOSS' object has no attribute '__iter__'
2025-09-11 11:16:39 - SourceCodeHandler - ERROR - 访问 handler.__iter__ 时出错: 'SourceCodeHandler' object has no attribute '__iter__'
2025-09-11 11:16:39 - RemainingHandler - ERROR - 访问 handler.__iter__ 时出错: 'RemainingHandler' object has no attribute '__iter__'
2025-09-11 11:16:39 - SpecialCombiningHandler - ERROR - 访问 handler.__iter__ 时出错: 'SpecialCombiningHandler' object has no attribute '__iter__'
2025-09-11 11:16:40 - back_end.services.chat_gen.generator - INFO - Generated content for HandlerStateWrapper
2025-09-11 11:16:40 - InteractionObligationHandler - ERROR - 访问 handler.__iter__ 时出错: 'InteractionObligationHandler' object has no attribute '__iter__'
2025-09-11 11:16:40 - CopyLeftHandler - ERROR - 访问 handler.__iter__ 时出错: 'CopyLeftHandler' object has no attribute '__iter__'
2025-09-11 11:16:40 - AdditionalObligationHandler - ERROR - 访问 handler.__iter__ 时出错: 'AdditionalObligationHandler' object has no attribute '__iter__'
2025-09-11 11:16:40 - OtherObligations - ERROR - 访问 handler.__iter__ 时出错: 'OtherObligations' object has no attribute '__iter__'
2025-09-11 11:16:40 - ReadmeOSS - ERROR - 访问 handler.__iter__ 时出错: 'ReadmeOSS' object has no attribute '__iter__'
2025-09-11 11:16:40 - SourceCodeHandler - ERROR - 访问 handler.__iter__ 时出错: 'SourceCodeHandler' object has no attribute '__iter__'
2025-09-11 11:16:40 - RemainingHandler - ERROR - 访问 handler.__iter__ 时出错: 'RemainingHandler' object has no attribute '__iter__'
2025-09-11 11:16:40 - SpecialCombiningHandler - ERROR - 访问 handler.__iter__ 时出错: 'SpecialCombiningHandler' object has no attribute '__iter__'
2025-09-11 11:16:44 - InteractionObligationHandler - ERROR - 访问 handler.__iter__ 时出错: 'InteractionObligationHandler' object has no attribute '__iter__'
2025-09-11 11:16:44 - CopyLeftHandler - ERROR - 访问 handler.__iter__ 时出错: 'CopyLeftHandler' object has no attribute '__iter__'
2025-09-11 11:16:44 - AdditionalObligationHandler - ERROR - 访问 handler.__iter__ 时出错: 'AdditionalObligationHandler' object has no attribute '__iter__'
2025-09-11 11:16:44 - OtherObligations - ERROR - 访问 handler.__iter__ 时出错: 'OtherObligations' object has no attribute '__iter__'
2025-09-11 11:16:44 - ReadmeOSS - ERROR - 访问 handler.__iter__ 时出错: 'ReadmeOSS' object has no attribute '__iter__'
2025-09-11 11:16:44 - SourceCodeHandler - ERROR - 访问 handler.__iter__ 时出错: 'SourceCodeHandler' object has no attribute '__iter__'
2025-09-11 11:16:44 - RemainingHandler - ERROR - 访问 handler.__iter__ 时出错: 'RemainingHandler' object has no attribute '__iter__'
2025-09-11 11:16:44 - SpecialCombiningHandler - ERROR - 访问 handler.__iter__ 时出错: 'SpecialCombiningHandler' object has no attribute '__iter__'
2025-09-11 11:16:44 - InteractionObligationHandler - ERROR - 访问 handler.__iter__ 时出错: 'InteractionObligationHandler' object has no attribute '__iter__'
2025-09-11 11:16:44 - CopyLeftHandler - ERROR - 访问 handler.__iter__ 时出错: 'CopyLeftHandler' object has no attribute '__iter__'
2025-09-11 11:16:44 - AdditionalObligationHandler - ERROR - 访问 handler.__iter__ 时出错: 'AdditionalObligationHandler' object has no attribute '__iter__'
2025-09-11 11:16:44 - OtherObligations - ERROR - 访问 handler.__iter__ 时出错: 'OtherObligations' object has no attribute '__iter__'
2025-09-11 11:16:44 - ReadmeOSS - ERROR - 访问 handler.__iter__ 时出错: 'ReadmeOSS' object has no attribute '__iter__'
2025-09-11 11:16:44 - SourceCodeHandler - ERROR - 访问 handler.__iter__ 时出错: 'SourceCodeHandler' object has no attribute '__iter__'
2025-09-11 11:16:44 - RemainingHandler - ERROR - 访问 handler.__iter__ 时出错: 'RemainingHandler' object has no attribute '__iter__'
2025-09-11 11:16:44 - SpecialCombiningHandler - ERROR - 访问 handler.__iter__ 时出错: 'SpecialCombiningHandler' object has no attribute '__iter__'
2025-09-11 11:16:45 - InteractionObligationHandler - ERROR - 访问 handler.__iter__ 时出错: 'InteractionObligationHandler' object has no attribute '__iter__'
2025-09-11 11:16:45 - CopyLeftHandler - ERROR - 访问 handler.__iter__ 时出错: 'CopyLeftHandler' object has no attribute '__iter__'
2025-09-11 11:16:45 - AdditionalObligationHandler - ERROR - 访问 handler.__iter__ 时出错: 'AdditionalObligationHandler' object has no attribute '__iter__'
2025-09-11 11:16:45 - OtherObligations - ERROR - 访问 handler.__iter__ 时出错: 'OtherObligations' object has no attribute '__iter__'
2025-09-11 11:16:45 - ReadmeOSS - ERROR - 访问 handler.__iter__ 时出错: 'ReadmeOSS' object has no attribute '__iter__'
2025-09-11 11:16:45 - SourceCodeHandler - ERROR - 访问 handler.__iter__ 时出错: 'SourceCodeHandler' object has no attribute '__iter__'
2025-09-11 11:16:45 - RemainingHandler - ERROR - 访问 handler.__iter__ 时出错: 'RemainingHandler' object has no attribute '__iter__'
2025-09-11 11:16:45 - SpecialCombiningHandler - ERROR - 访问 handler.__iter__ 时出错: 'SpecialCombiningHandler' object has no attribute '__iter__'
2025-09-11 11:16:46 - InteractionObligationHandler - ERROR - 访问 handler.__iter__ 时出错: 'InteractionObligationHandler' object has no attribute '__iter__'
2025-09-11 11:16:46 - CopyLeftHandler - ERROR - 访问 handler.__iter__ 时出错: 'CopyLeftHandler' object has no attribute '__iter__'
2025-09-11 11:16:46 - AdditionalObligationHandler - ERROR - 访问 handler.__iter__ 时出错: 'AdditionalObligationHandler' object has no attribute '__iter__'
2025-09-11 11:16:46 - OtherObligations - ERROR - 访问 handler.__iter__ 时出错: 'OtherObligations' object has no attribute '__iter__'
2025-09-11 11:16:46 - ReadmeOSS - ERROR - 访问 handler.__iter__ 时出错: 'ReadmeOSS' object has no attribute '__iter__'
2025-09-11 11:16:46 - SourceCodeHandler - ERROR - 访问 handler.__iter__ 时出错: 'SourceCodeHandler' object has no attribute '__iter__'
2025-09-11 11:16:46 - RemainingHandler - ERROR - 访问 handler.__iter__ 时出错: 'RemainingHandler' object has no attribute '__iter__'
2025-09-11 11:16:46 - SpecialCombiningHandler - ERROR - 访问 handler.__iter__ 时出错: 'SpecialCombiningHandler' object has no attribute '__iter__'
2025-09-11 11:16:49 - InteractionObligationHandler - ERROR - 访问 handler.__iter__ 时出错: 'InteractionObligationHandler' object has no attribute '__iter__'
2025-09-11 11:16:49 - CopyLeftHandler - ERROR - 访问 handler.__iter__ 时出错: 'CopyLeftHandler' object has no attribute '__iter__'
2025-09-11 11:16:49 - AdditionalObligationHandler - ERROR - 访问 handler.__iter__ 时出错: 'AdditionalObligationHandler' object has no attribute '__iter__'
2025-09-11 11:16:49 - OtherObligations - ERROR - 访问 handler.__iter__ 时出错: 'OtherObligations' object has no attribute '__iter__'
2025-09-11 11:16:49 - ReadmeOSS - ERROR - 访问 handler.__iter__ 时出错: 'ReadmeOSS' object has no attribute '__iter__'
2025-09-11 11:16:49 - SourceCodeHandler - ERROR - 访问 handler.__iter__ 时出错: 'SourceCodeHandler' object has no attribute '__iter__'
2025-09-11 11:16:49 - RemainingHandler - ERROR - 访问 handler.__iter__ 时出错: 'RemainingHandler' object has no attribute '__iter__'
2025-09-11 11:16:49 - SpecialCombiningHandler - ERROR - 访问 handler.__iter__ 时出错: 'SpecialCombiningHandler' object has no attribute '__iter__'
2025-09-11 11:16:49 - InteractionObligationHandler - ERROR - 访问 handler.__iter__ 时出错: 'InteractionObligationHandler' object has no attribute '__iter__'
2025-09-11 11:16:49 - CopyLeftHandler - ERROR - 访问 handler.__iter__ 时出错: 'CopyLeftHandler' object has no attribute '__iter__'
2025-09-11 11:16:49 - AdditionalObligationHandler - ERROR - 访问 handler.__iter__ 时出错: 'AdditionalObligationHandler' object has no attribute '__iter__'
2025-09-11 11:16:49 - OtherObligations - ERROR - 访问 handler.__iter__ 时出错: 'OtherObligations' object has no attribute '__iter__'
2025-09-11 11:16:49 - ReadmeOSS - ERROR - 访问 handler.__iter__ 时出错: 'ReadmeOSS' object has no attribute '__iter__'
2025-09-11 11:16:49 - SourceCodeHandler - ERROR - 访问 handler.__iter__ 时出错: 'SourceCodeHandler' object has no attribute '__iter__'
2025-09-11 11:16:49 - RemainingHandler - ERROR - 访问 handler.__iter__ 时出错: 'RemainingHandler' object has no attribute '__iter__'
2025-09-11 11:16:49 - SpecialCombiningHandler - ERROR - 访问 handler.__iter__ 时出错: 'SpecialCombiningHandler' object has no attribute '__iter__'
2025-09-11 11:16:51 - InteractionObligationHandler - ERROR - 访问 handler.__iter__ 时出错: 'InteractionObligationHandler' object has no attribute '__iter__'
2025-09-11 11:16:51 - CopyLeftHandler - ERROR - 访问 handler.__iter__ 时出错: 'CopyLeftHandler' object has no attribute '__iter__'
2025-09-11 11:16:51 - AdditionalObligationHandler - ERROR - 访问 handler.__iter__ 时出错: 'AdditionalObligationHandler' object has no attribute '__iter__'
2025-09-11 11:16:51 - OtherObligations - ERROR - 访问 handler.__iter__ 时出错: 'OtherObligations' object has no attribute '__iter__'
2025-09-11 11:16:51 - ReadmeOSS - ERROR - 访问 handler.__iter__ 时出错: 'ReadmeOSS' object has no attribute '__iter__'
2025-09-11 11:16:51 - SourceCodeHandler - ERROR - 访问 handler.__iter__ 时出错: 'SourceCodeHandler' object has no attribute '__iter__'
2025-09-11 11:16:51 - RemainingHandler - ERROR - 访问 handler.__iter__ 时出错: 'RemainingHandler' object has no attribute '__iter__'
2025-09-11 11:16:51 - SpecialCombiningHandler - ERROR - 访问 handler.__iter__ 时出错: 'SpecialCombiningHandler' object has no attribute '__iter__'
2025-09-11 11:16:51 - InteractionObligationHandler - ERROR - 访问 handler.__iter__ 时出错: 'InteractionObligationHandler' object has no attribute '__iter__'
2025-09-11 11:16:51 - CopyLeftHandler - ERROR - 访问 handler.__iter__ 时出错: 'CopyLeftHandler' object has no attribute '__iter__'
2025-09-11 11:16:51 - AdditionalObligationHandler - ERROR - 访问 handler.__iter__ 时出错: 'AdditionalObligationHandler' object has no attribute '__iter__'
2025-09-11 11:16:51 - OtherObligations - ERROR - 访问 handler.__iter__ 时出错: 'OtherObligations' object has no attribute '__iter__'
2025-09-11 11:16:51 - ReadmeOSS - ERROR - 访问 handler.__iter__ 时出错: 'ReadmeOSS' object has no attribute '__iter__'
2025-09-11 11:16:51 - SourceCodeHandler - ERROR - 访问 handler.__iter__ 时出错: 'SourceCodeHandler' object has no attribute '__iter__'
2025-09-11 11:16:51 - RemainingHandler - ERROR - 访问 handler.__iter__ 时出错: 'RemainingHandler' object has no attribute '__iter__'
2025-09-11 11:16:51 - SpecialCombiningHandler - ERROR - 访问 handler.__iter__ 时出错: 'SpecialCombiningHandler' object has no attribute '__iter__'
2025-09-11 11:18:43 - InteractionObligationHandler - ERROR - 访问 handler.__iter__ 时出错: 'InteractionObligationHandler' object has no attribute '__iter__'
2025-09-11 11:18:43 - CopyLeftHandler - ERROR - 访问 handler.__iter__ 时出错: 'CopyLeftHandler' object has no attribute '__iter__'
2025-09-11 11:18:43 - AdditionalObligationHandler - ERROR - 访问 handler.__iter__ 时出错: 'AdditionalObligationHandler' object has no attribute '__iter__'
2025-09-11 11:18:43 - OtherObligations - ERROR - 访问 handler.__iter__ 时出错: 'OtherObligations' object has no attribute '__iter__'
2025-09-11 11:18:43 - ReadmeOSS - ERROR - 访问 handler.__iter__ 时出错: 'ReadmeOSS' object has no attribute '__iter__'
2025-09-11 11:18:43 - SourceCodeHandler - ERROR - 访问 handler.__iter__ 时出错: 'SourceCodeHandler' object has no attribute '__iter__'
2025-09-11 11:18:43 - RemainingHandler - ERROR - 访问 handler.__iter__ 时出错: 'RemainingHandler' object has no attribute '__iter__'
2025-09-11 11:18:43 - SpecialCombiningHandler - ERROR - 访问 handler.__iter__ 时出错: 'SpecialCombiningHandler' object has no attribute '__iter__'
2025-09-11 11:18:46 - InteractionObligationHandler - ERROR - 访问 handler.__iter__ 时出错: 'InteractionObligationHandler' object has no attribute '__iter__'
2025-09-11 11:18:46 - CopyLeftHandler - ERROR - 访问 handler.__iter__ 时出错: 'CopyLeftHandler' object has no attribute '__iter__'
2025-09-11 11:18:46 - AdditionalObligationHandler - ERROR - 访问 handler.__iter__ 时出错: 'AdditionalObligationHandler' object has no attribute '__iter__'
2025-09-11 11:18:46 - OtherObligations - ERROR - 访问 handler.__iter__ 时出错: 'OtherObligations' object has no attribute '__iter__'
2025-09-11 11:18:46 - ReadmeOSS - ERROR - 访问 handler.__iter__ 时出错: 'ReadmeOSS' object has no attribute '__iter__'
2025-09-11 11:18:46 - SourceCodeHandler - ERROR - 访问 handler.__iter__ 时出错: 'SourceCodeHandler' object has no attribute '__iter__'
2025-09-11 11:18:46 - RemainingHandler - ERROR - 访问 handler.__iter__ 时出错: 'RemainingHandler' object has no attribute '__iter__'
2025-09-11 11:18:46 - SpecialCombiningHandler - ERROR - 访问 handler.__iter__ 时出错: 'SpecialCombiningHandler' object has no attribute '__iter__'
2025-09-11 11:18:51 - InteractionObligationHandler - ERROR - 访问 handler.__iter__ 时出错: 'InteractionObligationHandler' object has no attribute '__iter__'
2025-09-11 11:18:51 - CopyLeftHandler - ERROR - 访问 handler.__iter__ 时出错: 'CopyLeftHandler' object has no attribute '__iter__'
2025-09-11 11:18:51 - AdditionalObligationHandler - ERROR - 访问 handler.__iter__ 时出错: 'AdditionalObligationHandler' object has no attribute '__iter__'
2025-09-11 11:18:51 - OtherObligations - ERROR - 访问 handler.__iter__ 时出错: 'OtherObligations' object has no attribute '__iter__'
2025-09-11 11:18:51 - ReadmeOSS - ERROR - 访问 handler.__iter__ 时出错: 'ReadmeOSS' object has no attribute '__iter__'
2025-09-11 11:18:51 - SourceCodeHandler - ERROR - 访问 handler.__iter__ 时出错: 'SourceCodeHandler' object has no attribute '__iter__'
2025-09-11 11:18:51 - RemainingHandler - ERROR - 访问 handler.__iter__ 时出错: 'RemainingHandler' object has no attribute '__iter__'
2025-09-11 11:18:51 - SpecialCombiningHandler - ERROR - 访问 handler.__iter__ 时出错: 'SpecialCombiningHandler' object has no attribute '__iter__'
2025-09-11 11:18:54 - InteractionObligationHandler - ERROR - 访问 handler.__iter__ 时出错: 'InteractionObligationHandler' object has no attribute '__iter__'
2025-09-11 11:18:54 - InteractionObligationHandler - ERROR - 访问 handler.__iter__ 时出错: 'InteractionObligationHandler' object has no attribute '__iter__'
2025-09-11 11:18:54 - CopyLeftHandler - ERROR - 访问 handler.__iter__ 时出错: 'CopyLeftHandler' object has no attribute '__iter__'
2025-09-11 11:18:54 - AdditionalObligationHandler - ERROR - 访问 handler.__iter__ 时出错: 'AdditionalObligationHandler' object has no attribute '__iter__'
2025-09-11 11:18:54 - OtherObligations - ERROR - 访问 handler.__iter__ 时出错: 'OtherObligations' object has no attribute '__iter__'
2025-09-11 11:18:54 - ReadmeOSS - ERROR - 访问 handler.__iter__ 时出错: 'ReadmeOSS' object has no attribute '__iter__'
2025-09-11 11:18:54 - SourceCodeHandler - ERROR - 访问 handler.__iter__ 时出错: 'SourceCodeHandler' object has no attribute '__iter__'
2025-09-11 11:18:54 - RemainingHandler - ERROR - 访问 handler.__iter__ 时出错: 'RemainingHandler' object has no attribute '__iter__'
2025-09-11 11:18:54 - SpecialCombiningHandler - ERROR - 访问 handler.__iter__ 时出错: 'SpecialCombiningHandler' object has no attribute '__iter__'
2025-09-11 11:18:58 - InteractionObligationHandler - ERROR - 访问 handler.__iter__ 时出错: 'InteractionObligationHandler' object has no attribute '__iter__'
2025-09-11 11:18:58 - InteractionObligationHandler - ERROR - 访问 handler.__iter__ 时出错: 'InteractionObligationHandler' object has no attribute '__iter__'
2025-09-11 11:18:58 - CopyLeftHandler - ERROR - 访问 handler.__iter__ 时出错: 'CopyLeftHandler' object has no attribute '__iter__'
2025-09-11 11:18:58 - AdditionalObligationHandler - ERROR - 访问 handler.__iter__ 时出错: 'AdditionalObligationHandler' object has no attribute '__iter__'
2025-09-11 11:18:58 - OtherObligations - ERROR - 访问 handler.__iter__ 时出错: 'OtherObligations' object has no attribute '__iter__'
2025-09-11 11:18:58 - ReadmeOSS - ERROR - 访问 handler.__iter__ 时出错: 'ReadmeOSS' object has no attribute '__iter__'
2025-09-11 11:18:58 - SourceCodeHandler - ERROR - 访问 handler.__iter__ 时出错: 'SourceCodeHandler' object has no attribute '__iter__'
2025-09-11 11:18:58 - RemainingHandler - ERROR - 访问 handler.__iter__ 时出错: 'RemainingHandler' object has no attribute '__iter__'
2025-09-11 11:18:58 - SpecialCombiningHandler - ERROR - 访问 handler.__iter__ 时出错: 'SpecialCombiningHandler' object has no attribute '__iter__'
2025-09-11 11:18:59 - InteractionObligationHandler - ERROR - 访问 handler.__iter__ 时出错: 'InteractionObligationHandler' object has no attribute '__iter__'
2025-09-11 11:18:59 - InteractionObligationHandler - ERROR - 访问 handler.__iter__ 时出错: 'InteractionObligationHandler' object has no attribute '__iter__'
2025-09-11 11:18:59 - CopyLeftHandler - ERROR - 访问 handler.__iter__ 时出错: 'CopyLeftHandler' object has no attribute '__iter__'
2025-09-11 11:18:59 - AdditionalObligationHandler - ERROR - 访问 handler.__iter__ 时出错: 'AdditionalObligationHandler' object has no attribute '__iter__'
2025-09-11 11:18:59 - OtherObligations - ERROR - 访问 handler.__iter__ 时出错: 'OtherObligations' object has no attribute '__iter__'
2025-09-11 11:18:59 - ReadmeOSS - ERROR - 访问 handler.__iter__ 时出错: 'ReadmeOSS' object has no attribute '__iter__'
2025-09-11 11:18:59 - SourceCodeHandler - ERROR - 访问 handler.__iter__ 时出错: 'SourceCodeHandler' object has no attribute '__iter__'
2025-09-11 11:18:59 - RemainingHandler - ERROR - 访问 handler.__iter__ 时出错: 'RemainingHandler' object has no attribute '__iter__'
2025-09-11 11:18:59 - SpecialCombiningHandler - ERROR - 访问 handler.__iter__ 时出错: 'SpecialCombiningHandler' object has no attribute '__iter__'
2025-09-11 11:19:00 - InteractionObligationHandler - ERROR - 访问 handler.__iter__ 时出错: 'InteractionObligationHandler' object has no attribute '__iter__'
2025-09-11 11:19:00 - InteractionObligationHandler - ERROR - 访问 handler.__iter__ 时出错: 'InteractionObligationHandler' object has no attribute '__iter__'
2025-09-11 11:19:00 - CopyLeftHandler - ERROR - 访问 handler.__iter__ 时出错: 'CopyLeftHandler' object has no attribute '__iter__'
2025-09-11 11:19:00 - AdditionalObligationHandler - ERROR - 访问 handler.__iter__ 时出错: 'AdditionalObligationHandler' object has no attribute '__iter__'
2025-09-11 11:19:00 - OtherObligations - ERROR - 访问 handler.__iter__ 时出错: 'OtherObligations' object has no attribute '__iter__'
2025-09-11 11:19:00 - ReadmeOSS - ERROR - 访问 handler.__iter__ 时出错: 'ReadmeOSS' object has no attribute '__iter__'
2025-09-11 11:19:00 - SourceCodeHandler - ERROR - 访问 handler.__iter__ 时出错: 'SourceCodeHandler' object has no attribute '__iter__'
2025-09-11 11:19:00 - RemainingHandler - ERROR - 访问 handler.__iter__ 时出错: 'RemainingHandler' object has no attribute '__iter__'
2025-09-11 11:19:00 - SpecialCombiningHandler - ERROR - 访问 handler.__iter__ 时出错: 'SpecialCombiningHandler' object has no attribute '__iter__'
2025-09-11 11:19:02 - InteractionObligationHandler - ERROR - 访问 handler.__iter__ 时出错: 'InteractionObligationHandler' object has no attribute '__iter__'
2025-09-11 11:19:02 - InteractionObligationHandler - ERROR - 访问 handler.__iter__ 时出错: 'InteractionObligationHandler' object has no attribute '__iter__'
2025-09-11 11:19:02 - CopyLeftHandler - ERROR - 访问 handler.__iter__ 时出错: 'CopyLeftHandler' object has no attribute '__iter__'
2025-09-11 11:19:02 - AdditionalObligationHandler - ERROR - 访问 handler.__iter__ 时出错: 'AdditionalObligationHandler' object has no attribute '__iter__'
2025-09-11 11:19:02 - OtherObligations - ERROR - 访问 handler.__iter__ 时出错: 'OtherObligations' object has no attribute '__iter__'
2025-09-11 11:19:02 - ReadmeOSS - ERROR - 访问 handler.__iter__ 时出错: 'ReadmeOSS' object has no attribute '__iter__'
2025-09-11 11:19:02 - SourceCodeHandler - ERROR - 访问 handler.__iter__ 时出错: 'SourceCodeHandler' object has no attribute '__iter__'
2025-09-11 11:19:02 - RemainingHandler - ERROR - 访问 handler.__iter__ 时出错: 'RemainingHandler' object has no attribute '__iter__'
2025-09-11 11:19:02 - SpecialCombiningHandler - ERROR - 访问 handler.__iter__ 时出错: 'SpecialCombiningHandler' object has no attribute '__iter__'
2025-09-11 11:19:04 - InteractionObligationHandler - ERROR - 访问 handler.__iter__ 时出错: 'InteractionObligationHandler' object has no attribute '__iter__'
2025-09-11 11:19:04 - InteractionObligationHandler - ERROR - 访问 handler.__iter__ 时出错: 'InteractionObligationHandler' object has no attribute '__iter__'
2025-09-11 11:19:04 - CopyLeftHandler - ERROR - 访问 handler.__iter__ 时出错: 'CopyLeftHandler' object has no attribute '__iter__'
2025-09-11 11:19:04 - AdditionalObligationHandler - ERROR - 访问 handler.__iter__ 时出错: 'AdditionalObligationHandler' object has no attribute '__iter__'
2025-09-11 11:19:04 - OtherObligations - ERROR - 访问 handler.__iter__ 时出错: 'OtherObligations' object has no attribute '__iter__'
2025-09-11 11:19:04 - ReadmeOSS - ERROR - 访问 handler.__iter__ 时出错: 'ReadmeOSS' object has no attribute '__iter__'
2025-09-11 11:19:04 - SourceCodeHandler - ERROR - 访问 handler.__iter__ 时出错: 'SourceCodeHandler' object has no attribute '__iter__'
2025-09-11 11:19:04 - RemainingHandler - ERROR - 访问 handler.__iter__ 时出错: 'RemainingHandler' object has no attribute '__iter__'
2025-09-11 11:19:04 - SpecialCombiningHandler - ERROR - 访问 handler.__iter__ 时出错: 'SpecialCombiningHandler' object has no attribute '__iter__'
