2025-08-22 14:11:49 - root - INFO - 服务器日志系统初始化完成，日志文件: C:\Users\z0054unn\Documents\Siemens-GitLab\Third-party\third-party-clearance\logs\server_20250822_14h11m49s.log
2025-08-22 14:11:49 - nodes - INFO - Now we are parsing the original HTML File
2025-08-22 14:11:49 - nodes - INFO - Successfully parsed!
2025-08-22 14:11:49 - nodes - INFO - Now we are reviewing the components list
2025-08-22 14:11:49 - nodes - INFO - We have 3 to review
2025-08-22 14:12:04 - nodes - INFO - We have reviewed one component
2025-08-22 14:12:18 - nodes - INFO - We have reviewed one component
2025-08-22 14:12:30 - nodes - INFO - We have reviewed one component
2025-08-22 14:12:30 - nodes - INFO - Completely Reviewed.
2025-08-22 14:12:30 - nodes - INFO - Now we are collecing special licenses such as GPL
2025-08-22 14:12:30 - nodes - INFO - Now checking the reviewed risks
2025-08-22 14:12:30 - nodes - INFO - We have 3 licenses to check
2025-08-22 14:12:30 - nodes - INFO - Successfully combined 3 license and risk records
2025-08-22 14:12:39 - nodes - INFO - We have checked one component
2025-08-22 14:12:49 - nodes - INFO - We have checked one component
2025-08-22 14:12:58 - nodes - INFO - We have checked one component
2025-08-22 14:12:58 - nodes - INFO - finished checking, now we are checking the dependecies
2025-08-22 14:12:58 - nodes - INFO - now we start analyzing depencies between components
2025-08-22 14:13:06 - nodes - INFO - Now we have checked dependency of one component
2025-08-22 14:13:06 - utils.itemFilter - INFO - 开始筛选组件，共 1 个组件待处理
2025-08-22 14:13:06 - utils.itemFilter - INFO - 处理组件 1/1
2025-08-22 14:13:06 - utils.itemFilter - INFO - 正在检查组件: @ngrx/store 17.2.0
                            ⇧
2025-08-22 14:13:06 - utils.itemFilter - INFO - 组件许可证列表: ["Apache-2.0", "CC-BY-4.0", "MIT"]
2025-08-22 14:13:06 - utils.itemFilter - INFO - 风险分析中的许可证: ["Apache-2.0", "CC-BY-4.0", "MIT", "3: MIT⇧"]
2025-08-22 14:13:06 - utils.itemFilter - INFO - 筛选完成，保留了 1 个需要凭证的组件
2025-08-22 14:13:06 - nodes - INFO - finished checking, now we are starting the chat...
2025-08-22 14:13:09 - nodes - INFO - Initialized session successfully, waiting for the bot to start conversation
2025-08-22 14:13:09 - nodes - INFO - Starting Chatting...
