2025-09-03 16:41:45 - root - INFO - 服务器日志系统初始化完成，日志文件: C:\Users\z0054unn\Documents\Siemens-GitLab\Third-party\third-party-clearance\logs\server_20250903_16h41m45s.log
2025-09-03 16:41:45 - faiss.loader - INFO - Loading faiss with AVX2 support.
2025-09-03 16:41:45 - faiss.loader - INFO - Successfully loaded faiss with AVX2 support.
2025-09-03 16:41:45 - faiss - INFO - Failed to load GPU Faiss: name 'GpuIndexIVFFlat' is not defined. Will not load constructor refs for GPU indexes. This is only an error if you're trying to use GPU Faiss.
2025-09-03 16:41:45 - root - INFO - 服务器日志系统初始化完成，日志文件: C:\Users\z0054unn\Documents\Siemens-GitLab\Third-party\third-party-clearance\logs\server_20250903_16h41m45s.log
2025-09-03 16:41:45 - root - INFO - 服务器日志系统初始化完成，日志文件: C:\Users\z0054unn\Documents\Siemens-GitLab\Third-party\third-party-clearance\logs\server_20250903_16h41m45s.log
2025-09-03 16:41:45 - nodes - INFO - Now we are parsing the original HTML File
2025-09-03 16:41:45 - nodes - INFO - Successfully parsed!
2025-09-03 16:41:45 - nodes - INFO - Now we are parsing the original PCR file.
2025-09-03 16:41:54 - back_end.services.chat_service - INFO - we have found risk bot when initializing the chat service!
2025-09-03 16:41:54 - back_end.services.chat_manager - WARNING - now we start with checking: pure_component
2025-09-03 16:41:56 - testing - INFO - 检验测试环境初始化...
2025-09-03 16:41:56 - testing - INFO - 测试环境验证通过!
2025-09-03 16:41:56 - testing - INFO - 开始执行测试: test_custom_instruction_retrieval
2025-09-03 16:41:56 - testing - INFO - Now we are using the customized shared dictionary
2025-09-03 16:41:56 - testing - INFO - 开始执行测试: test_initial_content_generation
2025-09-03 16:41:56 - back_end.services.chat_service - INFO - user_input: 
            That's totally OK.

    
2025-09-03 16:41:58 - back_end.services.chat_service - INFO - chat_service.process_user_input: we have this response {'result': 'continue', 'talking': 'Please provide more information or specify the areas you would like assistance with regarding software compliance.'}
2025-09-03 16:42:13 - ObligationsHandler - INFO - Initialized 7 subtitle handlers for item: 0
2025-09-03 16:42:27 - ObligationsHandler - INFO - Initialized 7 subtitle handlers for item: 1
2025-09-03 16:42:42 - ObligationsHandler - INFO - Initialized 7 subtitle handlers for item: 2
2025-09-03 16:42:57 - ObligationsHandler - INFO - Initialized 7 subtitle handlers for item: 3
2025-09-03 16:43:12 - ObligationsHandler - INFO - Initialized 7 subtitle handlers for item: 4
2025-09-03 16:43:27 - ObligationsHandler - INFO - Initialized 7 subtitle handlers for item: 5
2025-09-03 16:43:42 - ObligationsHandler - INFO - Initialized 7 subtitle handlers for item: 6
2025-09-03 16:43:58 - ObligationsHandler - INFO - Initialized 7 subtitle handlers for item: 7
2025-09-03 16:43:58 - back_end.services.chat_flow - INFO - chat_flow.process: 处理状态: ConfirmationStatus.OBLIGATIONS
2025-09-03 16:43:58 - ObligationsHandler - INFO - All subtitles completed for item: item_0
2025-09-03 16:43:58 - back_end.services.chat_service - INFO - chat_service.process_user_input: Current status: obligations, Updated status: obligations
2025-09-03 16:43:58 - back_end.services.chat_service - INFO - Status check - Processing type: pure_component, Item type: ItemType.PC, Status: obligations -> obligations
2025-09-03 16:43:58 - back_end.services.chat_service - INFO - chat_service._handle_chapter_generation: Processing ChapterGeneration with result: continue
2025-09-03 16:43:59 - testing - INFO - 开始执行测试: test_user_in_flow
2025-09-03 16:43:59 - testing - INFO - 当前对话轮次1, 用户输入OK, show me the first subtitle
2025-09-03 16:43:59 - back_end.services.chat_service - INFO - user_input: OK, show me the first subtitle
2025-09-03 16:44:01 - back_end.services.chat_service - INFO - chat_service.process_user_input: we have this response {'result': 'next', 'talking': "I need clarification on what you mean by 'the first subtitle.' Are you referring to a specific document, software project, or list of compliance topics? Please provide more details."}
