2025-09-04 15:21:16 - root - INFO - 服务器日志系统初始化完成，日志文件: C:\Users\z0054unn\Documents\Siemens-GitLab\Third-party\third-party-clearance\logs\server_20250904_15h21m16s.log
2025-09-04 15:21:16 - faiss.loader - INFO - Loading faiss with AVX2 support.
2025-09-04 15:21:16 - faiss.loader - INFO - Successfully loaded faiss with AVX2 support.
2025-09-04 15:21:16 - faiss - INFO - Failed to load GPU Faiss: name 'GpuIndexIVFFlat' is not defined. Will not load constructor refs for GPU indexes. This is only an error if you're trying to use GPU Faiss.
2025-09-04 15:21:16 - root - INFO - 服务器日志系统初始化完成，日志文件: C:\Users\z0054unn\Documents\Siemens-GitLab\Third-party\third-party-clearance\logs\server_20250904_15h21m16s.log
2025-09-04 15:21:16 - root - INFO - 服务器日志系统初始化完成，日志文件: C:\Users\z0054unn\Documents\Siemens-GitLab\Third-party\third-party-clearance\logs\server_20250904_15h21m16s.log
2025-09-04 15:21:16 - nodes - INFO - Now we are parsing the original HTML File
2025-09-04 15:21:17 - nodes - INFO - Successfully parsed!
2025-09-04 15:21:17 - nodes - INFO - Now we are parsing the original PCR file.
2025-09-04 15:21:26 - back_end.services.chat_service - INFO - we have found risk bot when initializing the chat service!
2025-09-04 15:21:26 - back_end.services.chat_manager - WARNING - now we start with checking: pure_component
2025-09-04 15:21:28 - testing - INFO - 检验测试环境初始化...
2025-09-04 15:21:28 - testing - INFO - 测试环境验证通过!
2025-09-04 15:21:28 - testing - INFO - 开始执行测试: test_custom_instruction_retrieval
2025-09-04 15:21:28 - testing - INFO - Now we are using the customized shared dictionary
2025-09-04 15:21:31 - testing - INFO - Retrieved instructions with custom context: I will switch to confirming mode. Please share the results or feedback you would like me to confirm.
2025-09-04 15:21:31 - testing - INFO - 开始执行测试: test_user_in_flow
2025-09-04 15:21:31 - testing - INFO - 当前对话轮次1, 用户输入OK, show me the first subtitle
2025-09-04 15:21:31 - back_end.services.chat_service - INFO - user_input: OK, show me the first subtitle
2025-09-04 15:21:32 - back_end.services.chat_service - INFO - chat_service.process_user_input: we have this response {'result': 'continue', 'talking': 'Could you please clarify which document or section you are referring to for the first subtitle? This will help me assist you better.'}
