2025-08-15 11:43:11 - root - INFO - 服务器日志系统初始化完成，日志文件: C:\Users\z0054unn\Documents\Siemens-GitLab\Third-party\third-party-clearance\logs\server_20250815_11h43m11s.log
2025-08-15 11:43:11 - uvicorn.error - INFO - Started server process [4620]
2025-08-15 11:43:11 - uvicorn.error - INFO - Waiting for application startup.
2025-08-15 11:43:11 - back_end.server - INFO - FastAPI应用启动
2025-08-15 11:43:11 - uvicorn.error - INFO - Application startup complete.
2025-08-15 11:44:14 - back_end.server - INFO - the html file is stored at: uploads\LicenseInfo-@automation-core_ac-engineering-ng-2.10.0-2025-07-30_05_57_51.html
2025-08-15 11:44:14 - nodes - INFO - Now we are parsing the original HTML File
2025-08-15 11:44:14 - nodes - INFO - Successfully parsed!
2025-08-15 11:44:14 - nodes - INFO - Now we are reviewing the components list
2025-08-15 11:44:14 - nodes - INFO - We have 3 to review
2025-08-15 11:44:28 - nodes - INFO - We have reviewed one component
2025-08-15 11:44:42 - nodes - INFO - We have reviewed one component
2025-08-15 11:44:55 - nodes - INFO - We have reviewed one component
2025-08-15 11:44:55 - nodes - INFO - Completely Reviewed.
2025-08-15 11:44:55 - nodes - INFO - Now we are collecing special licenses such as GPL
2025-08-15 11:44:55 - nodes - INFO - Now checking the reviewed risks
2025-08-15 11:44:55 - nodes - INFO - We have 3 components to check
2025-08-15 11:44:55 - nodes - INFO - Successfully combined 3 license and risk records
2025-08-15 11:45:04 - nodes - INFO - We have checked one component
2025-08-15 11:45:14 - nodes - INFO - We have checked one component
2025-08-15 11:45:24 - nodes - INFO - We have checked one component
2025-08-15 11:45:24 - nodes - INFO - finished checking, now we are checking the dependecies
2025-08-15 11:45:24 - nodes - INFO - now we start analyzing depencies between components
2025-08-15 11:45:33 - nodes - INFO - Now we have checked dependency of one component
2025-08-15 11:45:33 - utils.itemFilter - INFO - 开始筛选组件，共 1 个组件待处理
2025-08-15 11:45:33 - utils.itemFilter - INFO - 处理组件 1/1
2025-08-15 11:45:33 - utils.itemFilter - INFO - 正在检查组件: @ngrx/store 17.2.0
                            ⇧
2025-08-15 11:45:33 - utils.itemFilter - INFO - 组件许可证列表: ["Apache-2.0", "CC-BY-4.0", "MIT"]
2025-08-15 11:45:33 - utils.itemFilter - INFO - 风险分析中的许可证: ["Apache-2.0", "CC-BY-4.0", "MIT", "3: MIT"]
2025-08-15 11:45:33 - utils.itemFilter - INFO - 筛选完成，保留了 1 个需要凭证的组件
2025-08-15 11:45:33 - nodes - INFO - finished checking, now we are starting the chat...
2025-08-15 11:45:36 - nodes - INFO - Initialized session successfully, waiting for the bot to start conversation
2025-08-15 11:45:36 - nodes - INFO - Starting Chatting...
2025-08-15 11:45:36 - back_end.services.chat_service - INFO - we have found risk bot when initializing the chat service!
2025-08-15 11:45:36 - back_end.services.chat_manager - WARNING - now we start with checking: component
2025-08-15 11:45:38 - back_end.server - INFO - now we initialized status as: OEMing
2025-08-15 11:46:46 - back_end.server - INFO - server: before processing input, we are in the status of: OEMing
2025-08-15 11:46:48 - back_end.services.chat_service - INFO - user_input: yes

2025-08-15 11:46:48 - back_end.services.chat_flow - INFO - chat_flow.process: 处理状态: ConfirmationStatus.OEM
2025-08-15 11:46:48 - back_end.services.chat_flow - INFO - chat_flow.process: 状态转移: ConfirmationStatus.OEM -> ConfirmationStatus.CONTRACT
2025-08-15 11:46:48 - back_end.services.chat_service - INFO - chat_service.process_user_input: Current status: OEMing, Updated status: toContract
2025-08-15 11:46:48 - back_end.services.chat_service - INFO - Status check - Processing type: component, Item type: ItemType.COMPONENT, Status: OEMing -> toContract
2025-08-15 11:46:48 - back_end.services.item_types - WARNING - 最新状态为toContract，未找到处理类型(processing_type)，使用默认值: component
2025-08-15 11:46:54 - back_end.server - INFO - server: before processing input, we are in the status of: toContract
2025-08-15 11:46:56 - back_end.services.chat_service - INFO - user_input: no

2025-08-15 11:46:56 - back_end.services.chat_flow - INFO - chat_flow.process: 处理状态: ConfirmationStatus.CONTRACT
2025-08-15 11:46:56 - back_end.services.chat_flow - INFO - chat_flow.process: 状态转移: ConfirmationStatus.CONTRACT -> ConfirmationStatus.DEPENDENCY
2025-08-15 11:46:56 - back_end.services.chat_flow - INFO - chat_flow.DependencyCheck: 依赖处理: 初始化了 1 个组件子任务
2025-08-15 11:46:56 - back_end.services.chat_service - INFO - chat_service.process_user_input: Current status: toContract, Updated status: toDependency
2025-08-15 11:46:56 - back_end.services.chat_service - INFO - Status check - Processing type: component, Item type: ItemType.COMPONENT, Status: toContract -> toDependency
2025-08-15 11:47:02 - back_end.server - INFO - server: before processing input, we are in the status of: toDependency
2025-08-15 11:47:03 - back_end.services.chat_service - INFO - user_input: yes

2025-08-15 11:47:03 - back_end.services.chat_flow - INFO - chat_flow.process: 处理状态: ConfirmationStatus.DEPENDENCY
2025-08-15 11:47:03 - back_end.services.chat_service - INFO - chat_service.process_user_input: Current status: toDependency, Updated status: toDependency
2025-08-15 11:47:03 - back_end.services.chat_service - INFO - Status check - Processing type: component, Item type: ItemType.COMPONENT, Status: toDependency -> toDependency
2025-08-15 11:47:03 - back_end.services.chat_service - INFO - chat_service.handle_nested: now the processing type in shared is: component
2025-08-15 11:47:03 - back_end.services.chat_service - INFO - chat_service.handle_nested: now we are handling license or component ItemType.COMPONENT
2025-08-15 11:47:03 - back_end.services.chat_manager - INFO - chat_manager.handle_next: now we return back to handling continue function
2025-08-15 11:47:05 - back_end.services.chat_service - WARNING - chat_service.handle_nested: we have found this messsage The component you mentioned, @ngrx/store 17.2.0, may have its own dependencies that need to be included in the compliance clearance checklist. It is crucial to analyze these dependencies to understand their licensing implications. Would you like to add the dependent components of @ngrx/store into your compliance clearance checklist? Please answer yes or no.
2025-08-15 11:47:08 - back_end.server - INFO - server: before processing input, we are in the status of: toDependency
2025-08-15 11:47:09 - back_end.services.chat_service - INFO - user_input: yes

2025-08-15 11:47:09 - back_end.services.chat_flow - INFO - chat_flow.process: 处理状态: ConfirmationStatus.DEPENDENCY
2025-08-15 11:47:09 - back_end.services.chat_service - INFO - chat_service.process_user_input: Current status: toDependency, Updated status: toDependency
2025-08-15 11:47:09 - back_end.services.chat_service - INFO - Status check - Processing type: component, Item type: ItemType.COMPONENT, Status: toDependency -> toDependency
2025-08-15 11:47:09 - back_end.services.chat_service - INFO - chat_service.handle_nested: now the processing type in shared is: component
2025-08-15 11:47:09 - back_end.services.chat_service - INFO - chat_service.handle_nested: now we are handling license or component ItemType.COMPONENT
2025-08-15 11:47:09 - back_end.services.chat_manager - INFO - chat_manager.handle_next: we have updated the status of this item in the shared file
2025-08-15 11:47:09 - back_end.services.chat_service - WARNING - chat_service.handle_nested: we have found this messsage We have finished current checking!
2025-08-15 11:47:09 - back_end.services.chat_service - INFO - chat_service.handle_nested: we have finished the checking for this state toDependency
2025-08-15 11:47:09 - back_end.services.chat_flow - INFO - chat_flow.process: 处理状态: ConfirmationStatus.DEPENDENCY
2025-08-15 11:47:09 - back_end.services.chat_flow - INFO - chat_flow.process: 状态转移: ConfirmationStatus.DEPENDENCY -> ConfirmationStatus.CREDENTIAL
2025-08-15 11:47:09 - back_end.services.chat_flow - INFO - chat_flow.CredentialCheck: 依赖处理: 初始化了 1 个组件子任务
2025-08-15 11:47:09 - back_end.services.chat_service - INFO - Status check - Processing type: component, Item type: ItemType.COMPONENT, Status: toDependency -> credential
2025-08-15 11:47:16 - back_end.server - INFO - server: before processing input, we are in the status of: credential
2025-08-15 11:47:18 - back_end.services.chat_service - INFO - user_input: yes

2025-08-15 11:47:18 - back_end.services.chat_flow - INFO - chat_flow.process: 处理状态: ConfirmationStatus.CREDENTIAL
2025-08-15 11:47:18 - back_end.services.chat_service - INFO - chat_service.process_user_input: Current status: credential, Updated status: credential
2025-08-15 11:47:18 - back_end.services.chat_service - INFO - Status check - Processing type: credential, Item type: ItemType.CREDENTIAL, Status: credential -> credential
2025-08-15 11:47:18 - back_end.services.chat_service - INFO - chat_service.handle_nested: now the processing type in shared is: credential
2025-08-15 11:47:18 - back_end.services.chat_service - INFO - chat_service.handle_nested: now we are handling license or component ItemType.CREDENTIAL
2025-08-15 11:47:18 - back_end.services.chat_manager - INFO - chat_manager.handle_next: now we return back to handling continue function
2025-08-15 11:47:21 - back_end.services.chat_service - WARNING - chat_service.handle_nested: we have found this messsage The component you mentioned, @ngrx/store 17.2.0, requires credentials from another organization for authorization. It is crucial to confirm whether this component is credentialized to ensure compliance. Please confirm: Is @ngrx/store 17.2.0 credentialized for use? Respond with yes or no.
2025-08-15 11:47:24 - back_end.server - INFO - server: before processing input, we are in the status of: credential
2025-08-15 11:47:28 - back_end.services.chat_service - INFO - user_input: yes

2025-08-15 11:47:28 - back_end.services.chat_flow - INFO - chat_flow.process: 处理状态: ConfirmationStatus.CREDENTIAL
2025-08-15 11:47:28 - back_end.services.chat_service - INFO - chat_service.process_user_input: Current status: credential, Updated status: credential
2025-08-15 11:47:28 - back_end.services.chat_service - INFO - Status check - Processing type: credential, Item type: ItemType.CREDENTIAL, Status: credential -> credential
2025-08-15 11:47:28 - back_end.services.chat_service - INFO - chat_service.handle_nested: now the processing type in shared is: credential
2025-08-15 11:47:28 - back_end.services.chat_service - INFO - chat_service.handle_nested: now we are handling license or component ItemType.CREDENTIAL
2025-08-15 11:47:28 - back_end.services.chat_manager - INFO - chat_manager.handle_next: we have updated the status of this item in the shared file
2025-08-15 11:47:28 - back_end.services.chat_service - WARNING - chat_service.handle_nested: we have found this messsage We have finished current checking!
2025-08-15 11:47:28 - back_end.services.chat_service - INFO - chat_service.handle_nested: we have finished the checking for this state credential
2025-08-15 11:47:28 - back_end.services.chat_flow - INFO - chat_flow.process: 处理状态: ConfirmationStatus.CREDENTIAL
2025-08-15 11:47:28 - back_end.services.chat_flow - INFO - chat_flow.process: 状态转移: ConfirmationStatus.CREDENTIAL -> ConfirmationStatus.SPECIAL_CHECK
2025-08-15 11:47:28 - back_end.services.chat_flow - INFO - chat_flow.SpeicalCheck: 依赖处理: 初始化了 1 个组件子任务
2025-08-15 11:47:28 - back_end.services.chat_service - INFO - Status check - Processing type: credential, Item type: ItemType.CREDENTIAL, Status: credential -> special_check
2025-08-15 11:47:31 - back_end.services.chat_service - INFO - process_status_change: we need to get the instruction for the first item: special_check
2025-08-15 11:48:12 - back_end.server - INFO - server: before processing input, we are in the status of: special_check
2025-08-15 11:48:17 - back_end.services.chat_service - INFO - user_input: yes

2025-08-15 11:48:17 - back_end.services.chat_flow - INFO - chat_flow.process: 处理状态: ConfirmationStatus.SPECIAL_CHECK
2025-08-15 11:48:17 - back_end.services.chat_service - INFO - chat_service.process_user_input: Current status: special_check, Updated status: special_check
2025-08-15 11:48:17 - back_end.services.chat_service - INFO - Status check - Processing type: specialcheck, Item type: ItemType.SPECIALCHECK, Status: special_check -> special_check
2025-08-15 11:48:17 - back_end.services.chat_service - INFO - chat_service.handle_nested: now the processing type in shared is: specialcheck
2025-08-15 11:48:17 - back_end.services.chat_service - INFO - chat_service.handle_nested: now we are handling license or component ItemType.SPECIALCHECK
2025-08-15 11:48:17 - back_end.services.chat_manager - INFO - chat_manager.handle_next: we have updated the status of this item in the shared file
2025-08-15 11:48:17 - back_end.services.chat_service - WARNING - chat_service.handle_nested: we have found this messsage We have finished current checking!
2025-08-15 11:48:17 - back_end.services.chat_service - INFO - chat_service.handle_nested: we have finished the checking for this state special_check
2025-08-15 11:48:17 - back_end.services.chat_flow - INFO - chat_flow.process: 处理状态: ConfirmationStatus.SPECIAL_CHECK
2025-08-15 11:48:17 - back_end.services.chat_flow - INFO - chat_flow.process: 状态转移: ConfirmationStatus.SPECIAL_CHECK -> ConfirmationStatus.COMPLIANCE
2025-08-15 11:48:17 - back_end.services.chat_flow - INFO - chat_flow.LicenseCheck: 依赖处理: 初始化了 3 个组件子任务
2025-08-15 11:48:17 - back_end.services.chat_service - INFO - Status check - Processing type: specialcheck, Item type: ItemType.SPECIALCHECK, Status: special_check -> toCompliance
2025-08-15 11:48:39 - back_end.services.chat_service - INFO - process_status_change: we need to get the instruction for the first item: toCompliance
2025-08-15 11:48:51 - back_end.server - INFO - server: before processing input, we are in the status of: toCompliance
2025-08-15 11:48:57 - back_end.services.chat_service - INFO - user_input: yes

2025-08-15 11:48:57 - back_end.services.chat_flow - INFO - chat_flow.process: 处理状态: ConfirmationStatus.COMPLIANCE
2025-08-15 11:48:57 - back_end.services.chat_service - INFO - chat_service.process_user_input: Current status: toCompliance, Updated status: toCompliance
2025-08-15 11:48:57 - back_end.services.chat_service - INFO - Status check - Processing type: license, Item type: ItemType.LICENSE, Status: toCompliance -> toCompliance
2025-08-15 11:48:57 - back_end.services.chat_service - INFO - chat_service.handle_nested: now the processing type in shared is: license
2025-08-15 11:48:57 - back_end.services.chat_service - INFO - chat_service.handle_nested: now we are handling license or component ItemType.LICENSE
2025-08-15 11:48:57 - back_end.services.chat_manager - INFO - chat_manager.handle_next: we have updated the status of this item in the shared file
2025-08-15 11:49:03 - back_end.services.chat_service - WARNING - chat_service.handle_nested: we have found this messsage Apache-2.0 has been confirmed completely!

For the CC-BY-4.0 license, assessed at medium risk, it's important to be aware of the following risks: careful attribution to the original creator is required, which can lead to misunderstandings if not properly handled. Compliance measures include: 1) Ensure that proper attribution is provided in all distributions. 2) Be cautious when mixing this license with other licenses to avoid conflicts. Please provide a justification if you intend to retain this license, or confirm if you wish to remove it.
2025-08-15 11:49:09 - back_end.server - INFO - server: before processing input, we are in the status of: toCompliance
2025-08-15 11:49:12 - back_end.services.chat_service - INFO - user_input: remove it

2025-08-15 11:49:12 - back_end.services.chat_flow - INFO - chat_flow.process: 处理状态: ConfirmationStatus.COMPLIANCE
2025-08-15 11:49:12 - back_end.services.chat_service - INFO - chat_service.process_user_input: Current status: toCompliance, Updated status: toCompliance
2025-08-15 11:49:12 - back_end.services.chat_service - INFO - Status check - Processing type: license, Item type: ItemType.LICENSE, Status: toCompliance -> toCompliance
2025-08-15 11:49:12 - back_end.services.chat_service - INFO - chat_service.handle_nested: now the processing type in shared is: license
2025-08-15 11:49:12 - back_end.services.chat_service - INFO - chat_service.handle_nested: now we are handling license or component ItemType.LICENSE
2025-08-15 11:49:12 - back_end.services.chat_manager - INFO - chat_manager.handle_next: we have updated the status of this item in the shared file
2025-08-15 11:49:17 - back_end.services.chat_service - WARNING - chat_service.handle_nested: we have found this messsage CC-BY-4.0 has been confirmed completely!

For the MIT license, which has been assessed as low risk, the compliance measures are as follows: 1) Ensure that the license text is included with the software distribution. 2) Confirm that any modifications made to the original work are properly documented. Please confirm if these compliance measures have been implemented.
2025-08-15 11:49:20 - back_end.server - INFO - server: before processing input, we are in the status of: toCompliance
2025-08-15 11:49:26 - back_end.services.chat_service - INFO - user_input: yes

2025-08-15 11:49:26 - back_end.services.chat_flow - INFO - chat_flow.process: 处理状态: ConfirmationStatus.COMPLIANCE
2025-08-15 11:49:26 - back_end.services.chat_service - INFO - chat_service.process_user_input: Current status: toCompliance, Updated status: toCompliance
2025-08-15 11:49:26 - back_end.services.chat_service - INFO - Status check - Processing type: license, Item type: ItemType.LICENSE, Status: toCompliance -> toCompliance
2025-08-15 11:49:26 - back_end.services.chat_service - INFO - chat_service.handle_nested: now the processing type in shared is: license
2025-08-15 11:49:26 - back_end.services.chat_service - INFO - chat_service.handle_nested: now we are handling license or component ItemType.LICENSE
2025-08-15 11:49:26 - back_end.services.chat_manager - INFO - chat_manager.handle_next: we have updated the status of this item in the shared file
2025-08-15 11:49:26 - back_end.services.chat_service - WARNING - chat_service.handle_nested: we have found this messsage We have finished current checking!
2025-08-15 11:49:26 - back_end.services.chat_service - INFO - chat_service.handle_nested: we have finished the checking for this state toCompliance
2025-08-15 11:49:26 - back_end.services.chat_flow - INFO - chat_flow.process: 处理状态: ConfirmationStatus.COMPLIANCE
2025-08-15 11:49:26 - back_end.services.chat_flow - INFO - chat_flow.process: 状态转移: ConfirmationStatus.COMPLIANCE -> ConfirmationStatus.COMPLETED
2025-08-15 11:49:26 - back_end.services.chat_service - INFO - Status check - Processing type: license, Item type: ItemType.LICENSE, Status: toCompliance -> completed
2025-08-15 11:49:26 - back_end.services.item_types - WARNING - 最新状态为completed，未找到处理类型(processing_type)，使用默认值: component
2025-08-15 11:49:34 - uvicorn.error - INFO - Shutting down
2025-08-15 11:49:35 - uvicorn.error - INFO - Waiting for application shutdown.
2025-08-15 11:49:35 - back_end.server - INFO - FastAPI应用关闭
2025-08-15 11:49:35 - uvicorn.error - INFO - Application shutdown complete.
2025-08-15 11:49:35 - uvicorn.error - INFO - Finished server process [4620]
