2025-09-04 15:30:54 - root - INFO - 服务器日志系统初始化完成，日志文件: C:\Users\z0054unn\Documents\Siemens-GitLab\Third-party\third-party-clearance\logs\server_20250904_15h30m54s.log
2025-09-04 15:30:54 - root - INFO - 服务器日志系统初始化完成，日志文件: C:\Users\z0054unn\Documents\Siemens-GitLab\Third-party\third-party-clearance\logs\server_20250904_15h30m54s.log
2025-09-04 15:30:54 - nodes - INFO - Now we are parsing the original HTML File
2025-09-04 15:30:54 - nodes - INFO - Successfully parsed!
2025-09-04 15:30:54 - nodes - INFO - Now we are parsing the original PCR file.
2025-09-04 15:31:04 - back_end.services.chat_service - INFO - we have found risk bot when initializing the chat service!
2025-09-04 15:31:04 - back_end.services.chat_manager - WARNING - now we start with checking: pure_component
2025-09-04 15:31:07 - testing - INFO - 检验测试环境初始化...
2025-09-04 15:31:07 - testing - INFO - 测试环境验证通过!
2025-09-04 15:31:07 - testing - INFO - 开始执行测试: test_custom_instruction_retrieval
2025-09-04 15:31:07 - testing - INFO - Now we are using the customized shared dictionary
2025-09-04 15:31:09 - testing - INFO - Retrieved instructions with custom context: To proceed with the confirming mode, please let me know if you are satisfied with any previous outcomes or if you need further clarification or additional assistance.
2025-09-04 15:31:09 - testing - INFO - 开始执行测试: test_user_in_flow
2025-09-04 15:31:09 - testing - INFO - 当前对话轮次1, 用户输入OK, show me the first subtitle
2025-09-04 15:31:09 - back_end.services.chat_service - INFO - user_input: OK, show me the first subtitle
2025-09-04 15:31:10 - back_end.services.chat_service - INFO - chat_service.process_user_input: we have this response {'result': 'continue', 'talking': "Could you please provide more context or specify what you mean by 'the first subtitle'? Are you referring to a specific document, section, or piece of software?"}
2025-09-04 15:31:28 - ObligationsHandler - INFO - Initialized 7 subtitle handlers for item: 0
2025-09-04 15:31:28 - ObligationsHandler - INFO - Initialized 7 subtitle handlers for item: 1
2025-09-04 15:31:28 - ObligationsHandler - INFO - Initialized 7 subtitle handlers for item: 2
2025-09-04 15:31:28 - ObligationsHandler - INFO - Initialized 7 subtitle handlers for item: 3
2025-09-04 15:31:28 - ObligationsHandler - INFO - Initialized 7 subtitle handlers for item: 4
2025-09-04 15:31:28 - ObligationsHandler - INFO - Initialized 7 subtitle handlers for item: 5
2025-09-04 15:31:28 - ObligationsHandler - INFO - Initialized 7 subtitle handlers for item: 6
2025-09-04 15:31:28 - ObligationsHandler - INFO - Initialized 7 subtitle handlers for item: 7
2025-09-04 15:31:28 - back_end.services.chat_flow - INFO - chat_flow.process: 处理状态: ConfirmationStatus.OBLIGATIONS
2025-09-04 15:31:28 - LicenseHandler - INFO - Now we are checking...
2025-09-04 15:31:28 - SubObligationsHandler - INFO - Now we are checking...
2025-09-04 15:31:28 - SubRisksHandler - INFO - Now we are checking...
2025-09-04 15:31:28 - CommonRulesHandler - INFO - Now we are checking...
2025-09-04 15:31:28 - AdditionalHandler - INFO - Now we are checking...
2025-09-04 15:31:28 - ImplementationHandler - INFO - Now we are checking...
2025-09-04 15:31:28 - ObligationCombiningHandler - INFO - Now we are checking...
2025-09-04 15:31:28 - back_end.services.chat_service - INFO - chat_service.process_user_input: Current status: obligations, Updated status: obligations
2025-09-04 15:31:28 - back_end.services.chat_service - INFO - Status check - Processing type: pure_component, Item type: ItemType.PC, Status: obligations -> obligations
2025-09-04 15:31:28 - back_end.services.chat_service - INFO - chat_service._handle_chapter_generation: Processing ChapterGeneration with result: continue
2025-09-04 15:31:28 - back_end.services.chat_service - INFO - chat_service._handle_chapter_generation: Chapter generation completed
2025-09-04 15:31:28 - back_end.services.chat_flow - INFO - chat_flow.process: 处理状态: ConfirmationStatus.OBLIGATIONS
2025-09-04 15:31:28 - LicenseHandler - INFO - Now we are checking...
2025-09-04 15:31:28 - ObligationsHandler - INFO - Marked content_confirmed for item_0 - HandlerStateWrapper
2025-09-04 15:31:28 - testing - INFO - 状态: obligations
2025-09-04 15:31:28 - testing - INFO - 系统回复: ['Content for current chapter has been generated']
2025-09-04 15:31:28 - testing - INFO - 当前对话轮次2, 用户输入ok, next, please
2025-09-04 15:31:28 - back_end.services.chat_service - INFO - user_input: ok, next, please
2025-09-04 15:31:30 - back_end.services.chat_service - INFO - chat_service.process_user_input: we have this response {'result': 'next', 'talking': 'Transitioning to the next mode. Please provide information about the specific software components or documents you would like to analyze for compliance risks.'}
2025-09-04 15:31:30 - back_end.services.chat_flow - INFO - chat_flow.process: 处理状态: ConfirmationStatus.OBLIGATIONS
2025-09-04 15:31:30 - SubObligationsHandler - INFO - Now we are checking...
2025-09-04 15:31:30 - ObligationsHandler - INFO - Marked content_confirmed for item_0 - HandlerStateWrapper
2025-09-04 15:31:30 - back_end.services.chat_service - INFO - chat_service.process_user_input: Current status: obligations, Updated status: obligations
2025-09-04 15:31:30 - back_end.services.chat_service - INFO - Status check - Processing type: pure_component, Item type: ItemType.PC, Status: obligations -> obligations
2025-09-04 15:31:30 - back_end.services.chat_service - INFO - chat_service._handle_chapter_generation: Processing ChapterGeneration with result: next
2025-09-04 15:31:30 - back_end.services.chat_service - INFO - chat_service._handle_chapter_generation: Chapter generation completed
2025-09-04 15:31:30 - back_end.services.chat_flow - INFO - chat_flow.process: 处理状态: ConfirmationStatus.OBLIGATIONS
2025-09-04 15:31:30 - SubRisksHandler - INFO - Now we are checking...
2025-09-04 15:31:30 - ObligationsHandler - INFO - Marked content_confirmed for item_0 - HandlerStateWrapper
2025-09-04 15:31:30 - testing - INFO - 状态: obligations
2025-09-04 15:31:30 - testing - INFO - 系统回复: ['Content for current chapter has been generated']
2025-09-04 15:31:30 - testing - INFO - 当前对话轮次3, 用户输入show me the obligation
2025-09-04 15:31:30 - back_end.services.chat_service - INFO - user_input: show me the obligation
2025-09-04 15:31:32 - back_end.services.chat_service - INFO - chat_service.process_user_input: we have this response {'result': 'continue', 'talking': 'Could you clarify which obligations you are referring to? Are you looking for obligations related to a specific open source license, proprietary software agreement, or another context? More details will help me provide the information you need.'}
2025-09-04 15:31:32 - back_end.services.chat_flow - INFO - chat_flow.process: 处理状态: ConfirmationStatus.OBLIGATIONS
2025-09-04 15:31:32 - CommonRulesHandler - INFO - Now we are checking...
2025-09-04 15:31:32 - AdditionalHandler - INFO - Now we are checking...
2025-09-04 15:31:32 - ImplementationHandler - INFO - Now we are checking...
2025-09-04 15:31:32 - ObligationCombiningHandler - INFO - Now we are checking...
2025-09-04 15:31:32 - back_end.services.chat_service - INFO - chat_service.process_user_input: Current status: obligations, Updated status: obligations
2025-09-04 15:31:32 - back_end.services.chat_service - INFO - Status check - Processing type: pure_component, Item type: ItemType.PC, Status: obligations -> obligations
2025-09-04 15:31:32 - back_end.services.chat_service - INFO - chat_service._handle_chapter_generation: Processing ChapterGeneration with result: continue
2025-09-04 15:31:32 - back_end.services.chat_service - INFO - chat_service._handle_chapter_generation: Chapter generation completed
2025-09-04 15:31:32 - back_end.services.chat_flow - INFO - chat_flow.process: 处理状态: ConfirmationStatus.OBLIGATIONS
2025-09-04 15:31:32 - CommonRulesHandler - INFO - Now we are checking...
2025-09-04 15:31:32 - ObligationsHandler - INFO - Marked content_confirmed for item_0 - HandlerStateWrapper
2025-09-04 15:31:32 - testing - INFO - 状态: obligations
2025-09-04 15:31:32 - testing - INFO - 系统回复: ['Content for current chapter has been generated']
2025-09-04 15:31:32 - testing - INFO - 当前对话轮次4, 用户输入I am not satisfied with it, generate again
2025-09-04 15:31:32 - back_end.services.chat_service - INFO - user_input: I am not satisfied with it, generate again
2025-09-04 15:31:33 - back_end.services.chat_service - INFO - chat_service.process_user_input: we have this response {'result': 'continue', 'talking': "Thank you for your feedback. I'll need more specific information to assist you properly. Please clarify which obligations you would like to understand, such as specific licenses, terms of service, or compliance requirements regarding open source or proprietary software."}
2025-09-04 15:31:33 - back_end.services.chat_flow - INFO - chat_flow.process: 处理状态: ConfirmationStatus.OBLIGATIONS
2025-09-04 15:31:33 - AdditionalHandler - INFO - Now we are checking...
2025-09-04 15:31:33 - ImplementationHandler - INFO - Now we are checking...
2025-09-04 15:31:33 - ObligationCombiningHandler - INFO - Now we are checking...
2025-09-04 15:31:33 - back_end.services.chat_service - INFO - chat_service.process_user_input: Current status: obligations, Updated status: obligations
2025-09-04 15:31:33 - back_end.services.chat_service - INFO - Status check - Processing type: pure_component, Item type: ItemType.PC, Status: obligations -> obligations
2025-09-04 15:31:33 - back_end.services.chat_service - INFO - chat_service._handle_chapter_generation: Processing ChapterGeneration with result: continue
2025-09-04 15:31:33 - back_end.services.chat_service - INFO - chat_service._handle_chapter_generation: Chapter generation completed
2025-09-04 15:31:33 - back_end.services.chat_flow - INFO - chat_flow.process: 处理状态: ConfirmationStatus.OBLIGATIONS
2025-09-04 15:31:33 - AdditionalHandler - INFO - Now we are checking...
2025-09-04 15:31:33 - ObligationsHandler - INFO - Marked content_confirmed for item_0 - HandlerStateWrapper
2025-09-04 15:31:33 - testing - INFO - 状态: obligations
2025-09-04 15:31:33 - testing - INFO - 系统回复: ['Content for current chapter has been generated']
2025-09-04 15:31:33 - testing - INFO - 当前对话轮次5, 用户输入Show me the licenses
2025-09-04 15:31:33 - back_end.services.chat_service - INFO - user_input: Show me the licenses
2025-09-04 15:31:35 - back_end.services.chat_service - INFO - chat_service.process_user_input: we have this response {'result': 'continue', 'talking': 'Could you specify which licenses you are interested in? There are many types of open source licenses (e.g., GPL, MIT, Apache, BSD) and proprietary licenses. Let me know your focus area for a more tailored response.'}
2025-09-04 15:31:35 - back_end.services.chat_flow - INFO - chat_flow.process: 处理状态: ConfirmationStatus.OBLIGATIONS
2025-09-04 15:31:35 - ImplementationHandler - INFO - Now we are checking...
2025-09-04 15:31:35 - ObligationCombiningHandler - INFO - Now we are checking...
2025-09-04 15:31:35 - back_end.services.chat_service - INFO - chat_service.process_user_input: Current status: obligations, Updated status: obligations
2025-09-04 15:31:35 - back_end.services.chat_service - INFO - Status check - Processing type: pure_component, Item type: ItemType.PC, Status: obligations -> obligations
2025-09-04 15:31:35 - back_end.services.chat_service - INFO - chat_service._handle_chapter_generation: Processing ChapterGeneration with result: continue
2025-09-04 15:31:35 - back_end.services.chat_service - INFO - chat_service._handle_chapter_generation: Chapter generation completed
2025-09-04 15:31:35 - back_end.services.chat_flow - INFO - chat_flow.process: 处理状态: ConfirmationStatus.OBLIGATIONS
2025-09-04 15:31:35 - ImplementationHandler - INFO - Now we are checking...
2025-09-04 15:31:35 - ObligationsHandler - INFO - Marked content_confirmed for item_0 - HandlerStateWrapper
2025-09-04 15:31:35 - testing - INFO - 状态: obligations
2025-09-04 15:31:35 - testing - INFO - 系统回复: ['Content for current chapter has been generated']
