2025-09-08 16:25:55 - root - INFO - 服务器日志系统初始化完成，日志文件: C:\Users\z0054unn\Documents\Siemens-GitLab\Third-party\third-party-clearance\logs\server_20250908_16h25m55s.log
2025-09-08 16:25:55 - root - INFO - 服务器日志系统初始化完成，日志文件: C:\Users\z0054unn\Documents\Siemens-GitLab\Third-party\third-party-clearance\logs\server_20250908_16h25m55s.log
2025-09-08 16:25:55 - nodes - INFO - Now we are parsing the original HTML File
2025-09-08 16:26:02 - nodes - INFO - Successfully parsed!
2025-09-08 16:26:02 - nodes - INFO - Now we are parsing the original PCR file.
2025-09-08 16:26:13 - back_end.services.chat_service - INFO - we have found risk bot when initializing the chat service!
2025-09-08 16:26:13 - back_end.services.chat_manager - WARNING - now we start with checking: pure_component
2025-09-08 16:26:13 - testing - INFO - 检验测试环境初始化...
2025-09-08 16:26:13 - testing - INFO - 测试环境验证通过!
2025-09-08 16:26:13 - testing - INFO - 开始执行测试: test_custom_instruction_retrieval
2025-09-08 16:26:13 - testing - INFO - Now we are using the customized shared dictionary
2025-09-08 16:26:15 - testing - INFO - Retrieved instructions with custom context: I will now switch to confirming mode. Please provide your feedback on my previous response, and let me know if you are satisfied or if you have any further questions.
2025-09-08 16:26:15 - testing - INFO - 开始执行测试: test_user_in_flow
2025-09-08 16:26:15 - testing - INFO - 当前对话轮次1, 用户输入OK, show me the first subtitle
2025-09-08 16:26:19 - back_end.services.chat_service - INFO - user_input: OK, show me the first subtitle
2025-09-08 16:26:21 - back_end.services.chat_service - INFO - chat_service.process_user_input: we have this response {'result': 'continue', 'talking': "Could you clarify what the 'first subtitle' refers to? Are you looking for a specific section or topic related to software compliance? Please provide more context."}
2025-09-08 16:26:42 - ObligationsHandler - INFO - Initialized 7 subtitle handlers for item: 0
2025-09-08 16:26:42 - ObligationsHandler - INFO - Initialized 7 subtitle handlers for item: 1
2025-09-08 16:26:42 - ObligationsHandler - INFO - Initialized 7 subtitle handlers for item: 2
2025-09-08 16:26:42 - ObligationsHandler - INFO - Initialized 7 subtitle handlers for item: 3
2025-09-08 16:26:42 - ObligationsHandler - INFO - Initialized 7 subtitle handlers for item: 4
2025-09-08 16:26:42 - ObligationsHandler - INFO - Initialized 7 subtitle handlers for item: 5
2025-09-08 16:26:42 - ObligationsHandler - INFO - Initialized 7 subtitle handlers for item: 6
2025-09-08 16:26:42 - ObligationsHandler - INFO - Initialized 7 subtitle handlers for item: 7
2025-09-08 16:26:42 - back_end.services.chat_flow - INFO - chat_flow.process: 处理状态: ConfirmationStatus.OBLIGATIONS
2025-09-08 16:26:42 - LicenseHandler - INFO - Now we are checking...
2025-09-08 16:26:42 - back_end.services.chat_service - INFO - chat_service.process_user_input: Current status: obligations, Updated status: obligations
2025-09-08 16:26:42 - back_end.services.chat_service - INFO - Status check - Processing type: pure_component, Item type: ItemType.PC, Status: obligations -> obligations
2025-09-08 16:26:42 - back_end.services.chat_service - INFO - chat_service._handle_chapter_generation: Processing ChapterGeneration with result: continue
2025-09-08 16:26:57 - utils.database.hardDB - INFO - this is the found components
2025-09-08 16:27:15 - utils.database.hardDB - INFO - this is the found components
2025-09-08 16:27:15 - back_end.services.chat_gen.generator - INFO - Generated content for item_0 - HandlerStateWrapper
2025-09-08 16:27:15 - testing - INFO - 状态: obligations
2025-09-08 16:27:15 - testing - INFO - 系统回复: ['Now we have imported the licenses identified from the cli xml.', '*Global Licenses:*MIT\n\n*Other Licenses:*GPL-2.0-with-FreeRTOS exception, Dual license MIT and BSD-3-Clause, BSD-3-Clause, Apache-2.0']
2025-09-08 16:27:15 - testing - INFO - 当前对话轮次2, 用户输入ok, next, please
2025-09-08 16:27:27 - back_end.services.chat_service - INFO - user_input: ok, next, please
2025-09-08 16:27:31 - back_end.services.chat_service - INFO - chat_service.process_user_input: we have this response {'result': 'next', 'talking': "I will proceed to the next mode. Please let me know how I can assist you further or if there is a specific compliance issue you'd like to discuss."}
2025-09-08 16:29:57 - back_end.services.chat_flow - INFO - chat_flow.process: 处理状态: ConfirmationStatus.OBLIGATIONS
2025-09-08 16:29:57 - LicenseHandler - INFO - Now we are checking...
2025-09-08 16:29:57 - ObligationsHandler - INFO - Marked content_confirmed for item_0 - LicenseHandler
2025-09-08 16:30:22 - back_end.services.chat_service - INFO - chat_service.process_user_input: Current status: obligations, Updated status: obligations
2025-09-08 16:30:32 - back_end.services.chat_service - INFO - Status check - Processing type: pure_component, Item type: ItemType.PC, Status: obligations -> obligations
2025-09-08 16:30:40 - back_end.services.chat_service - INFO - chat_service._handle_chapter_generation: Processing ChapterGeneration with result: next
2025-09-08 16:31:14 - LicenseHandler - ERROR - 访问 handler.__iter__ 时出错: 'LicenseHandler' object has no attribute '__iter__'
2025-09-08 16:31:14 - SubObligationsHandler - ERROR - 访问 handler.__iter__ 时出错: 'SubObligationsHandler' object has no attribute '__iter__'
2025-09-08 16:31:14 - SubRisksHandler - ERROR - 访问 handler.__iter__ 时出错: 'SubRisksHandler' object has no attribute '__iter__'
2025-09-08 16:31:14 - CommonRulesHandler - ERROR - 访问 handler.__iter__ 时出错: 'CommonRulesHandler' object has no attribute '__iter__'
2025-09-08 16:31:14 - AdditionalHandler - ERROR - 访问 handler.__iter__ 时出错: 'AdditionalHandler' object has no attribute '__iter__'
2025-09-08 16:31:14 - ImplementationHandler - ERROR - 访问 handler.__iter__ 时出错: 'ImplementationHandler' object has no attribute '__iter__'
2025-09-08 16:31:14 - ObligationCombiningHandler - ERROR - 访问 handler.__iter__ 时出错: 'ObligationCombiningHandler' object has no attribute '__iter__'
2025-09-08 16:31:16 - LicenseHandler - ERROR - 访问 handler.__iter__ 时出错: 'LicenseHandler' object has no attribute '__iter__'
2025-09-08 16:31:16 - SubObligationsHandler - ERROR - 访问 handler.__iter__ 时出错: 'SubObligationsHandler' object has no attribute '__iter__'
2025-09-08 16:31:16 - SubRisksHandler - ERROR - 访问 handler.__iter__ 时出错: 'SubRisksHandler' object has no attribute '__iter__'
2025-09-08 16:31:16 - CommonRulesHandler - ERROR - 访问 handler.__iter__ 时出错: 'CommonRulesHandler' object has no attribute '__iter__'
2025-09-08 16:31:16 - AdditionalHandler - ERROR - 访问 handler.__iter__ 时出错: 'AdditionalHandler' object has no attribute '__iter__'
2025-09-08 16:31:16 - ImplementationHandler - ERROR - 访问 handler.__iter__ 时出错: 'ImplementationHandler' object has no attribute '__iter__'
2025-09-08 16:31:16 - ObligationCombiningHandler - ERROR - 访问 handler.__iter__ 时出错: 'ObligationCombiningHandler' object has no attribute '__iter__'
2025-09-08 16:31:26 - LicenseHandler - ERROR - 访问 handler.__iter__ 时出错: 'LicenseHandler' object has no attribute '__iter__'
2025-09-08 16:31:26 - LicenseHandler - ERROR - 访问 handler.__iter__ 时出错: 'LicenseHandler' object has no attribute '__iter__'
2025-09-08 16:31:26 - SubObligationsHandler - ERROR - 访问 handler.__iter__ 时出错: 'SubObligationsHandler' object has no attribute '__iter__'
2025-09-08 16:31:26 - SubRisksHandler - ERROR - 访问 handler.__iter__ 时出错: 'SubRisksHandler' object has no attribute '__iter__'
2025-09-08 16:31:26 - CommonRulesHandler - ERROR - 访问 handler.__iter__ 时出错: 'CommonRulesHandler' object has no attribute '__iter__'
2025-09-08 16:31:26 - AdditionalHandler - ERROR - 访问 handler.__iter__ 时出错: 'AdditionalHandler' object has no attribute '__iter__'
2025-09-08 16:31:26 - ImplementationHandler - ERROR - 访问 handler.__iter__ 时出错: 'ImplementationHandler' object has no attribute '__iter__'
2025-09-08 16:31:26 - ObligationCombiningHandler - ERROR - 访问 handler.__iter__ 时出错: 'ObligationCombiningHandler' object has no attribute '__iter__'
2025-09-08 16:31:27 - LicenseHandler - ERROR - 访问 handler.__iter__ 时出错: 'LicenseHandler' object has no attribute '__iter__'
2025-09-08 16:31:27 - SubObligationsHandler - ERROR - 访问 handler.__iter__ 时出错: 'SubObligationsHandler' object has no attribute '__iter__'
2025-09-08 16:31:27 - SubRisksHandler - ERROR - 访问 handler.__iter__ 时出错: 'SubRisksHandler' object has no attribute '__iter__'
2025-09-08 16:31:27 - CommonRulesHandler - ERROR - 访问 handler.__iter__ 时出错: 'CommonRulesHandler' object has no attribute '__iter__'
2025-09-08 16:31:27 - AdditionalHandler - ERROR - 访问 handler.__iter__ 时出错: 'AdditionalHandler' object has no attribute '__iter__'
2025-09-08 16:31:27 - ImplementationHandler - ERROR - 访问 handler.__iter__ 时出错: 'ImplementationHandler' object has no attribute '__iter__'
2025-09-08 16:31:27 - ObligationCombiningHandler - ERROR - 访问 handler.__iter__ 时出错: 'ObligationCombiningHandler' object has no attribute '__iter__'
2025-09-08 16:31:27 - LicenseHandler - ERROR - 访问 handler.__iter__ 时出错: 'LicenseHandler' object has no attribute '__iter__'
2025-09-08 16:31:27 - LicenseHandler - ERROR - 访问 handler.__iter__ 时出错: 'LicenseHandler' object has no attribute '__iter__'
2025-09-08 16:31:27 - SubObligationsHandler - ERROR - 访问 handler.__iter__ 时出错: 'SubObligationsHandler' object has no attribute '__iter__'
2025-09-08 16:31:27 - SubRisksHandler - ERROR - 访问 handler.__iter__ 时出错: 'SubRisksHandler' object has no attribute '__iter__'
2025-09-08 16:31:27 - CommonRulesHandler - ERROR - 访问 handler.__iter__ 时出错: 'CommonRulesHandler' object has no attribute '__iter__'
2025-09-08 16:31:27 - AdditionalHandler - ERROR - 访问 handler.__iter__ 时出错: 'AdditionalHandler' object has no attribute '__iter__'
2025-09-08 16:31:27 - ImplementationHandler - ERROR - 访问 handler.__iter__ 时出错: 'ImplementationHandler' object has no attribute '__iter__'
2025-09-08 16:31:27 - ObligationCombiningHandler - ERROR - 访问 handler.__iter__ 时出错: 'ObligationCombiningHandler' object has no attribute '__iter__'
2025-09-08 16:31:27 - LicenseHandler - ERROR - 访问 handler.__iter__ 时出错: 'LicenseHandler' object has no attribute '__iter__'
2025-09-08 16:31:27 - SubObligationsHandler - ERROR - 访问 handler.__iter__ 时出错: 'SubObligationsHandler' object has no attribute '__iter__'
2025-09-08 16:31:27 - SubRisksHandler - ERROR - 访问 handler.__iter__ 时出错: 'SubRisksHandler' object has no attribute '__iter__'
2025-09-08 16:31:27 - CommonRulesHandler - ERROR - 访问 handler.__iter__ 时出错: 'CommonRulesHandler' object has no attribute '__iter__'
2025-09-08 16:31:27 - AdditionalHandler - ERROR - 访问 handler.__iter__ 时出错: 'AdditionalHandler' object has no attribute '__iter__'
2025-09-08 16:31:27 - ImplementationHandler - ERROR - 访问 handler.__iter__ 时出错: 'ImplementationHandler' object has no attribute '__iter__'
2025-09-08 16:31:27 - ObligationCombiningHandler - ERROR - 访问 handler.__iter__ 时出错: 'ObligationCombiningHandler' object has no attribute '__iter__'
2025-09-08 16:31:28 - SubObligationsHandler - ERROR - 访问 handler.__iter__ 时出错: 'SubObligationsHandler' object has no attribute '__iter__'
2025-09-08 16:31:28 - LicenseHandler - ERROR - 访问 handler.__iter__ 时出错: 'LicenseHandler' object has no attribute '__iter__'
2025-09-08 16:31:28 - SubObligationsHandler - ERROR - 访问 handler.__iter__ 时出错: 'SubObligationsHandler' object has no attribute '__iter__'
2025-09-08 16:31:28 - SubRisksHandler - ERROR - 访问 handler.__iter__ 时出错: 'SubRisksHandler' object has no attribute '__iter__'
2025-09-08 16:31:28 - CommonRulesHandler - ERROR - 访问 handler.__iter__ 时出错: 'CommonRulesHandler' object has no attribute '__iter__'
2025-09-08 16:31:28 - AdditionalHandler - ERROR - 访问 handler.__iter__ 时出错: 'AdditionalHandler' object has no attribute '__iter__'
2025-09-08 16:31:28 - ImplementationHandler - ERROR - 访问 handler.__iter__ 时出错: 'ImplementationHandler' object has no attribute '__iter__'
2025-09-08 16:31:28 - ObligationCombiningHandler - ERROR - 访问 handler.__iter__ 时出错: 'ObligationCombiningHandler' object has no attribute '__iter__'
2025-09-08 16:31:29 - LicenseHandler - ERROR - 访问 handler.__iter__ 时出错: 'LicenseHandler' object has no attribute '__iter__'
2025-09-08 16:31:29 - SubObligationsHandler - ERROR - 访问 handler.__iter__ 时出错: 'SubObligationsHandler' object has no attribute '__iter__'
2025-09-08 16:31:29 - SubRisksHandler - ERROR - 访问 handler.__iter__ 时出错: 'SubRisksHandler' object has no attribute '__iter__'
2025-09-08 16:31:29 - CommonRulesHandler - ERROR - 访问 handler.__iter__ 时出错: 'CommonRulesHandler' object has no attribute '__iter__'
2025-09-08 16:31:29 - AdditionalHandler - ERROR - 访问 handler.__iter__ 时出错: 'AdditionalHandler' object has no attribute '__iter__'
2025-09-08 16:31:29 - ImplementationHandler - ERROR - 访问 handler.__iter__ 时出错: 'ImplementationHandler' object has no attribute '__iter__'
2025-09-08 16:31:29 - ObligationCombiningHandler - ERROR - 访问 handler.__iter__ 时出错: 'ObligationCombiningHandler' object has no attribute '__iter__'
2025-09-08 16:31:30 - SubObligationsHandler - ERROR - 访问 handler.__iter__ 时出错: 'SubObligationsHandler' object has no attribute '__iter__'
2025-09-08 16:31:30 - LicenseHandler - ERROR - 访问 handler.__iter__ 时出错: 'LicenseHandler' object has no attribute '__iter__'
2025-09-08 16:31:30 - SubObligationsHandler - ERROR - 访问 handler.__iter__ 时出错: 'SubObligationsHandler' object has no attribute '__iter__'
2025-09-08 16:31:30 - SubRisksHandler - ERROR - 访问 handler.__iter__ 时出错: 'SubRisksHandler' object has no attribute '__iter__'
2025-09-08 16:31:30 - CommonRulesHandler - ERROR - 访问 handler.__iter__ 时出错: 'CommonRulesHandler' object has no attribute '__iter__'
2025-09-08 16:31:30 - AdditionalHandler - ERROR - 访问 handler.__iter__ 时出错: 'AdditionalHandler' object has no attribute '__iter__'
2025-09-08 16:31:30 - ImplementationHandler - ERROR - 访问 handler.__iter__ 时出错: 'ImplementationHandler' object has no attribute '__iter__'
2025-09-08 16:31:30 - ObligationCombiningHandler - ERROR - 访问 handler.__iter__ 时出错: 'ObligationCombiningHandler' object has no attribute '__iter__'
2025-09-08 16:31:31 - LicenseHandler - ERROR - 访问 handler.__iter__ 时出错: 'LicenseHandler' object has no attribute '__iter__'
2025-09-08 16:31:31 - SubObligationsHandler - ERROR - 访问 handler.__iter__ 时出错: 'SubObligationsHandler' object has no attribute '__iter__'
2025-09-08 16:31:31 - SubRisksHandler - ERROR - 访问 handler.__iter__ 时出错: 'SubRisksHandler' object has no attribute '__iter__'
2025-09-08 16:31:31 - CommonRulesHandler - ERROR - 访问 handler.__iter__ 时出错: 'CommonRulesHandler' object has no attribute '__iter__'
2025-09-08 16:31:31 - AdditionalHandler - ERROR - 访问 handler.__iter__ 时出错: 'AdditionalHandler' object has no attribute '__iter__'
2025-09-08 16:31:31 - ImplementationHandler - ERROR - 访问 handler.__iter__ 时出错: 'ImplementationHandler' object has no attribute '__iter__'
2025-09-08 16:31:31 - ObligationCombiningHandler - ERROR - 访问 handler.__iter__ 时出错: 'ObligationCombiningHandler' object has no attribute '__iter__'
2025-09-08 16:31:33 - SubObligationsHandler - ERROR - 访问 handler.__iter__ 时出错: 'SubObligationsHandler' object has no attribute '__iter__'
2025-09-08 16:31:33 - LicenseHandler - ERROR - 访问 handler.__iter__ 时出错: 'LicenseHandler' object has no attribute '__iter__'
2025-09-08 16:31:33 - SubObligationsHandler - ERROR - 访问 handler.__iter__ 时出错: 'SubObligationsHandler' object has no attribute '__iter__'
2025-09-08 16:31:33 - SubRisksHandler - ERROR - 访问 handler.__iter__ 时出错: 'SubRisksHandler' object has no attribute '__iter__'
2025-09-08 16:31:33 - CommonRulesHandler - ERROR - 访问 handler.__iter__ 时出错: 'CommonRulesHandler' object has no attribute '__iter__'
2025-09-08 16:31:33 - AdditionalHandler - ERROR - 访问 handler.__iter__ 时出错: 'AdditionalHandler' object has no attribute '__iter__'
2025-09-08 16:31:33 - ImplementationHandler - ERROR - 访问 handler.__iter__ 时出错: 'ImplementationHandler' object has no attribute '__iter__'
2025-09-08 16:31:33 - ObligationCombiningHandler - ERROR - 访问 handler.__iter__ 时出错: 'ObligationCombiningHandler' object has no attribute '__iter__'
2025-09-08 16:31:34 - LicenseHandler - ERROR - 访问 handler.__iter__ 时出错: 'LicenseHandler' object has no attribute '__iter__'
2025-09-08 16:31:34 - SubObligationsHandler - ERROR - 访问 handler.__iter__ 时出错: 'SubObligationsHandler' object has no attribute '__iter__'
2025-09-08 16:31:34 - SubRisksHandler - ERROR - 访问 handler.__iter__ 时出错: 'SubRisksHandler' object has no attribute '__iter__'
2025-09-08 16:31:34 - CommonRulesHandler - ERROR - 访问 handler.__iter__ 时出错: 'CommonRulesHandler' object has no attribute '__iter__'
2025-09-08 16:31:34 - AdditionalHandler - ERROR - 访问 handler.__iter__ 时出错: 'AdditionalHandler' object has no attribute '__iter__'
2025-09-08 16:31:34 - ImplementationHandler - ERROR - 访问 handler.__iter__ 时出错: 'ImplementationHandler' object has no attribute '__iter__'
2025-09-08 16:31:34 - ObligationCombiningHandler - ERROR - 访问 handler.__iter__ 时出错: 'ObligationCombiningHandler' object has no attribute '__iter__'
2025-09-08 16:31:43 - utils.database.hardDB - INFO - this is the found components
2025-09-08 16:33:03 - SubObligationsHandler - ERROR - 访问 handler.__iter__ 时出错: 'SubObligationsHandler' object has no attribute '__iter__'
2025-09-08 16:33:03 - LicenseHandler - ERROR - 访问 handler.__iter__ 时出错: 'LicenseHandler' object has no attribute '__iter__'
2025-09-08 16:33:03 - SubObligationsHandler - ERROR - 访问 handler.__iter__ 时出错: 'SubObligationsHandler' object has no attribute '__iter__'
2025-09-08 16:33:03 - SubRisksHandler - ERROR - 访问 handler.__iter__ 时出错: 'SubRisksHandler' object has no attribute '__iter__'
2025-09-08 16:33:03 - CommonRulesHandler - ERROR - 访问 handler.__iter__ 时出错: 'CommonRulesHandler' object has no attribute '__iter__'
2025-09-08 16:33:03 - AdditionalHandler - ERROR - 访问 handler.__iter__ 时出错: 'AdditionalHandler' object has no attribute '__iter__'
2025-09-08 16:33:03 - ImplementationHandler - ERROR - 访问 handler.__iter__ 时出错: 'ImplementationHandler' object has no attribute '__iter__'
2025-09-08 16:33:03 - ObligationCombiningHandler - ERROR - 访问 handler.__iter__ 时出错: 'ObligationCombiningHandler' object has no attribute '__iter__'
2025-09-08 16:33:03 - LicenseHandler - ERROR - 访问 handler.__iter__ 时出错: 'LicenseHandler' object has no attribute '__iter__'
2025-09-08 16:33:03 - SubObligationsHandler - ERROR - 访问 handler.__iter__ 时出错: 'SubObligationsHandler' object has no attribute '__iter__'
2025-09-08 16:33:03 - SubRisksHandler - ERROR - 访问 handler.__iter__ 时出错: 'SubRisksHandler' object has no attribute '__iter__'
2025-09-08 16:33:03 - CommonRulesHandler - ERROR - 访问 handler.__iter__ 时出错: 'CommonRulesHandler' object has no attribute '__iter__'
2025-09-08 16:33:03 - AdditionalHandler - ERROR - 访问 handler.__iter__ 时出错: 'AdditionalHandler' object has no attribute '__iter__'
2025-09-08 16:33:03 - ImplementationHandler - ERROR - 访问 handler.__iter__ 时出错: 'ImplementationHandler' object has no attribute '__iter__'
2025-09-08 16:33:03 - ObligationCombiningHandler - ERROR - 访问 handler.__iter__ 时出错: 'ObligationCombiningHandler' object has no attribute '__iter__'
2025-09-08 16:33:04 - SubObligationsHandler - ERROR - 访问 handler.__iter__ 时出错: 'SubObligationsHandler' object has no attribute '__iter__'
2025-09-08 16:33:04 - LicenseHandler - ERROR - 访问 handler.__iter__ 时出错: 'LicenseHandler' object has no attribute '__iter__'
2025-09-08 16:33:04 - SubObligationsHandler - ERROR - 访问 handler.__iter__ 时出错: 'SubObligationsHandler' object has no attribute '__iter__'
2025-09-08 16:33:04 - SubRisksHandler - ERROR - 访问 handler.__iter__ 时出错: 'SubRisksHandler' object has no attribute '__iter__'
2025-09-08 16:33:04 - CommonRulesHandler - ERROR - 访问 handler.__iter__ 时出错: 'CommonRulesHandler' object has no attribute '__iter__'
2025-09-08 16:33:04 - AdditionalHandler - ERROR - 访问 handler.__iter__ 时出错: 'AdditionalHandler' object has no attribute '__iter__'
2025-09-08 16:33:04 - ImplementationHandler - ERROR - 访问 handler.__iter__ 时出错: 'ImplementationHandler' object has no attribute '__iter__'
2025-09-08 16:33:04 - ObligationCombiningHandler - ERROR - 访问 handler.__iter__ 时出错: 'ObligationCombiningHandler' object has no attribute '__iter__'
2025-09-08 16:33:05 - LicenseHandler - ERROR - 访问 handler.__iter__ 时出错: 'LicenseHandler' object has no attribute '__iter__'
2025-09-08 16:33:05 - SubObligationsHandler - ERROR - 访问 handler.__iter__ 时出错: 'SubObligationsHandler' object has no attribute '__iter__'
2025-09-08 16:33:05 - SubRisksHandler - ERROR - 访问 handler.__iter__ 时出错: 'SubRisksHandler' object has no attribute '__iter__'
2025-09-08 16:33:05 - CommonRulesHandler - ERROR - 访问 handler.__iter__ 时出错: 'CommonRulesHandler' object has no attribute '__iter__'
2025-09-08 16:33:05 - AdditionalHandler - ERROR - 访问 handler.__iter__ 时出错: 'AdditionalHandler' object has no attribute '__iter__'
2025-09-08 16:33:05 - ImplementationHandler - ERROR - 访问 handler.__iter__ 时出错: 'ImplementationHandler' object has no attribute '__iter__'
2025-09-08 16:33:05 - ObligationCombiningHandler - ERROR - 访问 handler.__iter__ 时出错: 'ObligationCombiningHandler' object has no attribute '__iter__'
2025-09-08 16:33:07 - SubObligationsHandler - ERROR - 访问 handler.__iter__ 时出错: 'SubObligationsHandler' object has no attribute '__iter__'
2025-09-08 16:33:07 - LicenseHandler - ERROR - 访问 handler.__iter__ 时出错: 'LicenseHandler' object has no attribute '__iter__'
2025-09-08 16:33:07 - SubObligationsHandler - ERROR - 访问 handler.__iter__ 时出错: 'SubObligationsHandler' object has no attribute '__iter__'
2025-09-08 16:33:07 - SubRisksHandler - ERROR - 访问 handler.__iter__ 时出错: 'SubRisksHandler' object has no attribute '__iter__'
2025-09-08 16:33:07 - CommonRulesHandler - ERROR - 访问 handler.__iter__ 时出错: 'CommonRulesHandler' object has no attribute '__iter__'
2025-09-08 16:33:07 - AdditionalHandler - ERROR - 访问 handler.__iter__ 时出错: 'AdditionalHandler' object has no attribute '__iter__'
2025-09-08 16:33:07 - ImplementationHandler - ERROR - 访问 handler.__iter__ 时出错: 'ImplementationHandler' object has no attribute '__iter__'
2025-09-08 16:33:07 - ObligationCombiningHandler - ERROR - 访问 handler.__iter__ 时出错: 'ObligationCombiningHandler' object has no attribute '__iter__'
2025-09-08 16:33:07 - LicenseHandler - ERROR - 访问 handler.__iter__ 时出错: 'LicenseHandler' object has no attribute '__iter__'
2025-09-08 16:33:07 - SubObligationsHandler - ERROR - 访问 handler.__iter__ 时出错: 'SubObligationsHandler' object has no attribute '__iter__'
2025-09-08 16:33:07 - SubRisksHandler - ERROR - 访问 handler.__iter__ 时出错: 'SubRisksHandler' object has no attribute '__iter__'
2025-09-08 16:33:07 - CommonRulesHandler - ERROR - 访问 handler.__iter__ 时出错: 'CommonRulesHandler' object has no attribute '__iter__'
2025-09-08 16:33:07 - AdditionalHandler - ERROR - 访问 handler.__iter__ 时出错: 'AdditionalHandler' object has no attribute '__iter__'
2025-09-08 16:33:07 - ImplementationHandler - ERROR - 访问 handler.__iter__ 时出错: 'ImplementationHandler' object has no attribute '__iter__'
2025-09-08 16:33:07 - ObligationCombiningHandler - ERROR - 访问 handler.__iter__ 时出错: 'ObligationCombiningHandler' object has no attribute '__iter__'
2025-09-08 16:33:09 - SubObligationsHandler - ERROR - 访问 handler.__iter__ 时出错: 'SubObligationsHandler' object has no attribute '__iter__'
2025-09-08 16:33:09 - LicenseHandler - ERROR - 访问 handler.__iter__ 时出错: 'LicenseHandler' object has no attribute '__iter__'
2025-09-08 16:33:09 - SubObligationsHandler - ERROR - 访问 handler.__iter__ 时出错: 'SubObligationsHandler' object has no attribute '__iter__'
2025-09-08 16:33:09 - SubRisksHandler - ERROR - 访问 handler.__iter__ 时出错: 'SubRisksHandler' object has no attribute '__iter__'
2025-09-08 16:33:09 - CommonRulesHandler - ERROR - 访问 handler.__iter__ 时出错: 'CommonRulesHandler' object has no attribute '__iter__'
2025-09-08 16:33:09 - AdditionalHandler - ERROR - 访问 handler.__iter__ 时出错: 'AdditionalHandler' object has no attribute '__iter__'
2025-09-08 16:33:09 - ImplementationHandler - ERROR - 访问 handler.__iter__ 时出错: 'ImplementationHandler' object has no attribute '__iter__'
2025-09-08 16:33:09 - ObligationCombiningHandler - ERROR - 访问 handler.__iter__ 时出错: 'ObligationCombiningHandler' object has no attribute '__iter__'
2025-09-08 16:33:09 - LicenseHandler - ERROR - 访问 handler.__iter__ 时出错: 'LicenseHandler' object has no attribute '__iter__'
2025-09-08 16:33:09 - SubObligationsHandler - ERROR - 访问 handler.__iter__ 时出错: 'SubObligationsHandler' object has no attribute '__iter__'
2025-09-08 16:33:09 - SubRisksHandler - ERROR - 访问 handler.__iter__ 时出错: 'SubRisksHandler' object has no attribute '__iter__'
2025-09-08 16:33:09 - CommonRulesHandler - ERROR - 访问 handler.__iter__ 时出错: 'CommonRulesHandler' object has no attribute '__iter__'
2025-09-08 16:33:09 - AdditionalHandler - ERROR - 访问 handler.__iter__ 时出错: 'AdditionalHandler' object has no attribute '__iter__'
2025-09-08 16:33:09 - ImplementationHandler - ERROR - 访问 handler.__iter__ 时出错: 'ImplementationHandler' object has no attribute '__iter__'
2025-09-08 16:33:09 - ObligationCombiningHandler - ERROR - 访问 handler.__iter__ 时出错: 'ObligationCombiningHandler' object has no attribute '__iter__'
2025-09-08 16:33:11 - back_end.services.chat_gen.generator - INFO - Generated content for item_0 - HandlerStateWrapper
2025-09-08 16:33:11 - SubObligationsHandler - ERROR - 访问 handler.__iter__ 时出错: 'SubObligationsHandler' object has no attribute '__iter__'
2025-09-08 16:33:11 - LicenseHandler - ERROR - 访问 handler.__iter__ 时出错: 'LicenseHandler' object has no attribute '__iter__'
2025-09-08 16:33:11 - SubObligationsHandler - ERROR - 访问 handler.__iter__ 时出错: 'SubObligationsHandler' object has no attribute '__iter__'
2025-09-08 16:33:11 - SubRisksHandler - ERROR - 访问 handler.__iter__ 时出错: 'SubRisksHandler' object has no attribute '__iter__'
2025-09-08 16:33:11 - CommonRulesHandler - ERROR - 访问 handler.__iter__ 时出错: 'CommonRulesHandler' object has no attribute '__iter__'
2025-09-08 16:33:11 - AdditionalHandler - ERROR - 访问 handler.__iter__ 时出错: 'AdditionalHandler' object has no attribute '__iter__'
2025-09-08 16:33:11 - ImplementationHandler - ERROR - 访问 handler.__iter__ 时出错: 'ImplementationHandler' object has no attribute '__iter__'
2025-09-08 16:33:11 - ObligationCombiningHandler - ERROR - 访问 handler.__iter__ 时出错: 'ObligationCombiningHandler' object has no attribute '__iter__'
2025-09-08 16:33:11 - LicenseHandler - ERROR - 访问 handler.__iter__ 时出错: 'LicenseHandler' object has no attribute '__iter__'
2025-09-08 16:33:11 - SubObligationsHandler - ERROR - 访问 handler.__iter__ 时出错: 'SubObligationsHandler' object has no attribute '__iter__'
2025-09-08 16:33:11 - SubRisksHandler - ERROR - 访问 handler.__iter__ 时出错: 'SubRisksHandler' object has no attribute '__iter__'
2025-09-08 16:33:11 - CommonRulesHandler - ERROR - 访问 handler.__iter__ 时出错: 'CommonRulesHandler' object has no attribute '__iter__'
2025-09-08 16:33:11 - AdditionalHandler - ERROR - 访问 handler.__iter__ 时出错: 'AdditionalHandler' object has no attribute '__iter__'
2025-09-08 16:33:11 - ImplementationHandler - ERROR - 访问 handler.__iter__ 时出错: 'ImplementationHandler' object has no attribute '__iter__'
2025-09-08 16:33:11 - ObligationCombiningHandler - ERROR - 访问 handler.__iter__ 时出错: 'ObligationCombiningHandler' object has no attribute '__iter__'
2025-09-08 16:33:25 - LicenseHandler - ERROR - 访问 handler.__iter__ 时出错: 'LicenseHandler' object has no attribute '__iter__'
2025-09-08 16:33:25 - SubObligationsHandler - ERROR - 访问 handler.__iter__ 时出错: 'SubObligationsHandler' object has no attribute '__iter__'
2025-09-08 16:33:25 - SubRisksHandler - ERROR - 访问 handler.__iter__ 时出错: 'SubRisksHandler' object has no attribute '__iter__'
2025-09-08 16:33:25 - CommonRulesHandler - ERROR - 访问 handler.__iter__ 时出错: 'CommonRulesHandler' object has no attribute '__iter__'
2025-09-08 16:33:25 - AdditionalHandler - ERROR - 访问 handler.__iter__ 时出错: 'AdditionalHandler' object has no attribute '__iter__'
2025-09-08 16:33:25 - ImplementationHandler - ERROR - 访问 handler.__iter__ 时出错: 'ImplementationHandler' object has no attribute '__iter__'
2025-09-08 16:33:25 - ObligationCombiningHandler - ERROR - 访问 handler.__iter__ 时出错: 'ObligationCombiningHandler' object has no attribute '__iter__'
2025-09-08 16:33:26 - LicenseHandler - ERROR - 访问 handler.__iter__ 时出错: 'LicenseHandler' object has no attribute '__iter__'
2025-09-08 16:33:26 - SubObligationsHandler - ERROR - 访问 handler.__iter__ 时出错: 'SubObligationsHandler' object has no attribute '__iter__'
2025-09-08 16:33:26 - SubRisksHandler - ERROR - 访问 handler.__iter__ 时出错: 'SubRisksHandler' object has no attribute '__iter__'
2025-09-08 16:33:26 - CommonRulesHandler - ERROR - 访问 handler.__iter__ 时出错: 'CommonRulesHandler' object has no attribute '__iter__'
2025-09-08 16:33:26 - AdditionalHandler - ERROR - 访问 handler.__iter__ 时出错: 'AdditionalHandler' object has no attribute '__iter__'
2025-09-08 16:33:26 - ImplementationHandler - ERROR - 访问 handler.__iter__ 时出错: 'ImplementationHandler' object has no attribute '__iter__'
2025-09-08 16:33:26 - ObligationCombiningHandler - ERROR - 访问 handler.__iter__ 时出错: 'ObligationCombiningHandler' object has no attribute '__iter__'
2025-09-08 16:33:27 - LicenseHandler - ERROR - 访问 handler.__iter__ 时出错: 'LicenseHandler' object has no attribute '__iter__'
2025-09-08 16:33:27 - SubObligationsHandler - ERROR - 访问 handler.__iter__ 时出错: 'SubObligationsHandler' object has no attribute '__iter__'
2025-09-08 16:33:27 - SubRisksHandler - ERROR - 访问 handler.__iter__ 时出错: 'SubRisksHandler' object has no attribute '__iter__'
2025-09-08 16:33:27 - CommonRulesHandler - ERROR - 访问 handler.__iter__ 时出错: 'CommonRulesHandler' object has no attribute '__iter__'
2025-09-08 16:33:27 - AdditionalHandler - ERROR - 访问 handler.__iter__ 时出错: 'AdditionalHandler' object has no attribute '__iter__'
2025-09-08 16:33:27 - ImplementationHandler - ERROR - 访问 handler.__iter__ 时出错: 'ImplementationHandler' object has no attribute '__iter__'
2025-09-08 16:33:27 - ObligationCombiningHandler - ERROR - 访问 handler.__iter__ 时出错: 'ObligationCombiningHandler' object has no attribute '__iter__'
2025-09-08 16:33:30 - LicenseHandler - ERROR - 访问 handler.__iter__ 时出错: 'LicenseHandler' object has no attribute '__iter__'
2025-09-08 16:33:30 - SubObligationsHandler - ERROR - 访问 handler.__iter__ 时出错: 'SubObligationsHandler' object has no attribute '__iter__'
2025-09-08 16:33:30 - SubRisksHandler - ERROR - 访问 handler.__iter__ 时出错: 'SubRisksHandler' object has no attribute '__iter__'
2025-09-08 16:33:30 - CommonRulesHandler - ERROR - 访问 handler.__iter__ 时出错: 'CommonRulesHandler' object has no attribute '__iter__'
2025-09-08 16:33:30 - AdditionalHandler - ERROR - 访问 handler.__iter__ 时出错: 'AdditionalHandler' object has no attribute '__iter__'
2025-09-08 16:33:30 - ImplementationHandler - ERROR - 访问 handler.__iter__ 时出错: 'ImplementationHandler' object has no attribute '__iter__'
2025-09-08 16:33:30 - ObligationCombiningHandler - ERROR - 访问 handler.__iter__ 时出错: 'ObligationCombiningHandler' object has no attribute '__iter__'
2025-09-08 16:33:32 - LicenseHandler - ERROR - 访问 handler.__iter__ 时出错: 'LicenseHandler' object has no attribute '__iter__'
2025-09-08 16:33:32 - SubObligationsHandler - ERROR - 访问 handler.__iter__ 时出错: 'SubObligationsHandler' object has no attribute '__iter__'
2025-09-08 16:33:32 - SubRisksHandler - ERROR - 访问 handler.__iter__ 时出错: 'SubRisksHandler' object has no attribute '__iter__'
2025-09-08 16:33:32 - CommonRulesHandler - ERROR - 访问 handler.__iter__ 时出错: 'CommonRulesHandler' object has no attribute '__iter__'
2025-09-08 16:33:32 - AdditionalHandler - ERROR - 访问 handler.__iter__ 时出错: 'AdditionalHandler' object has no attribute '__iter__'
2025-09-08 16:33:32 - ImplementationHandler - ERROR - 访问 handler.__iter__ 时出错: 'ImplementationHandler' object has no attribute '__iter__'
2025-09-08 16:33:32 - ObligationCombiningHandler - ERROR - 访问 handler.__iter__ 时出错: 'ObligationCombiningHandler' object has no attribute '__iter__'
2025-09-08 16:33:33 - LicenseHandler - ERROR - 访问 handler.__iter__ 时出错: 'LicenseHandler' object has no attribute '__iter__'
2025-09-08 16:33:33 - SubObligationsHandler - ERROR - 访问 handler.__iter__ 时出错: 'SubObligationsHandler' object has no attribute '__iter__'
2025-09-08 16:33:33 - SubRisksHandler - ERROR - 访问 handler.__iter__ 时出错: 'SubRisksHandler' object has no attribute '__iter__'
2025-09-08 16:33:33 - CommonRulesHandler - ERROR - 访问 handler.__iter__ 时出错: 'CommonRulesHandler' object has no attribute '__iter__'
2025-09-08 16:33:33 - AdditionalHandler - ERROR - 访问 handler.__iter__ 时出错: 'AdditionalHandler' object has no attribute '__iter__'
2025-09-08 16:33:33 - ImplementationHandler - ERROR - 访问 handler.__iter__ 时出错: 'ImplementationHandler' object has no attribute '__iter__'
2025-09-08 16:33:33 - ObligationCombiningHandler - ERROR - 访问 handler.__iter__ 时出错: 'ObligationCombiningHandler' object has no attribute '__iter__'
2025-09-08 16:33:36 - LicenseHandler - ERROR - 访问 handler.__iter__ 时出错: 'LicenseHandler' object has no attribute '__iter__'
2025-09-08 16:33:36 - SubObligationsHandler - ERROR - 访问 handler.__iter__ 时出错: 'SubObligationsHandler' object has no attribute '__iter__'
2025-09-08 16:33:36 - SubRisksHandler - ERROR - 访问 handler.__iter__ 时出错: 'SubRisksHandler' object has no attribute '__iter__'
2025-09-08 16:33:36 - CommonRulesHandler - ERROR - 访问 handler.__iter__ 时出错: 'CommonRulesHandler' object has no attribute '__iter__'
2025-09-08 16:33:36 - AdditionalHandler - ERROR - 访问 handler.__iter__ 时出错: 'AdditionalHandler' object has no attribute '__iter__'
2025-09-08 16:33:36 - ImplementationHandler - ERROR - 访问 handler.__iter__ 时出错: 'ImplementationHandler' object has no attribute '__iter__'
2025-09-08 16:33:36 - ObligationCombiningHandler - ERROR - 访问 handler.__iter__ 时出错: 'ObligationCombiningHandler' object has no attribute '__iter__'
2025-09-08 16:33:49 - LicenseHandler - ERROR - 访问 handler.__iter__ 时出错: 'LicenseHandler' object has no attribute '__iter__'
2025-09-08 16:33:49 - SubObligationsHandler - ERROR - 访问 handler.__iter__ 时出错: 'SubObligationsHandler' object has no attribute '__iter__'
2025-09-08 16:33:49 - SubRisksHandler - ERROR - 访问 handler.__iter__ 时出错: 'SubRisksHandler' object has no attribute '__iter__'
2025-09-08 16:33:49 - CommonRulesHandler - ERROR - 访问 handler.__iter__ 时出错: 'CommonRulesHandler' object has no attribute '__iter__'
2025-09-08 16:33:49 - AdditionalHandler - ERROR - 访问 handler.__iter__ 时出错: 'AdditionalHandler' object has no attribute '__iter__'
2025-09-08 16:33:49 - ImplementationHandler - ERROR - 访问 handler.__iter__ 时出错: 'ImplementationHandler' object has no attribute '__iter__'
2025-09-08 16:33:49 - ObligationCombiningHandler - ERROR - 访问 handler.__iter__ 时出错: 'ObligationCombiningHandler' object has no attribute '__iter__'
2025-09-08 16:34:05 - LicenseHandler - ERROR - 访问 handler.__iter__ 时出错: 'LicenseHandler' object has no attribute '__iter__'
2025-09-08 16:34:05 - SubObligationsHandler - ERROR - 访问 handler.__iter__ 时出错: 'SubObligationsHandler' object has no attribute '__iter__'
2025-09-08 16:34:05 - SubRisksHandler - ERROR - 访问 handler.__iter__ 时出错: 'SubRisksHandler' object has no attribute '__iter__'
2025-09-08 16:34:05 - CommonRulesHandler - ERROR - 访问 handler.__iter__ 时出错: 'CommonRulesHandler' object has no attribute '__iter__'
2025-09-08 16:34:05 - AdditionalHandler - ERROR - 访问 handler.__iter__ 时出错: 'AdditionalHandler' object has no attribute '__iter__'
2025-09-08 16:34:05 - ImplementationHandler - ERROR - 访问 handler.__iter__ 时出错: 'ImplementationHandler' object has no attribute '__iter__'
2025-09-08 16:34:05 - ObligationCombiningHandler - ERROR - 访问 handler.__iter__ 时出错: 'ObligationCombiningHandler' object has no attribute '__iter__'
2025-09-08 16:34:24 - testing - INFO - 状态: obligations
2025-09-08 16:34:25 - testing - INFO - 系统回复: ['Now we start importing the obligations for this component', '']
2025-09-08 16:34:35 - testing - INFO - 当前对话轮次3, 用户输入show me the obligation
2025-09-08 16:34:45 - back_end.services.chat_service - INFO - user_input: show me the obligation
2025-09-08 16:40:13 - back_end.services.chat_service - INFO - chat_service.process_user_input: we have this response {'result': 'continue', 'talking': 'To provide you with the relevant obligations, could you specify which type of obligations you are referring to? Are you looking for obligations related to OSS licenses, PSS licensing terms, or some other area of compliance? Please clarify.'}
2025-09-08 16:40:13 - back_end.services.chat_flow - INFO - chat_flow.process: 处理状态: ConfirmationStatus.OBLIGATIONS
2025-09-08 16:40:13 - SubObligationsHandler - INFO - Now we are checking...
2025-09-08 16:40:13 - back_end.services.chat_service - INFO - chat_service.process_user_input: Current status: obligations, Updated status: obligations
2025-09-08 16:40:13 - back_end.services.chat_service - INFO - Status check - Processing type: pure_component, Item type: ItemType.PC, Status: obligations -> obligations
2025-09-08 16:40:13 - back_end.services.chat_service - INFO - chat_service._handle_chapter_generation: Processing ChapterGeneration with result: continue
2025-09-08 16:40:20 - utils.database.hardDB - INFO - this is the found components
2025-09-08 16:43:20 - back_end.services.chat_gen.generator - INFO - Generated content for item_0 - HandlerStateWrapper
2025-09-08 16:43:20 - testing - INFO - 状态: obligations
2025-09-08 16:43:20 - testing - INFO - 系统回复: ['Now we start importing the obligations for this component', '']
2025-09-08 16:43:20 - testing - INFO - 当前对话轮次4, 用户输入I am not satisfied with it, generate again
2025-09-08 16:43:40 - back_end.services.chat_service - INFO - user_input: I am not satisfied with it, generate again
2025-09-08 16:44:21 - back_end.services.chat_service - INFO - chat_service.process_user_input: we have this response {'result': 'next', 'talking': 'Thank you for your feedback. I will now proceed to the next mode. Please let me know what specific obligations you would like to know about regarding OSS or PSS compliance.'}
2025-09-08 16:44:21 - back_end.services.chat_flow - INFO - chat_flow.process: 处理状态: ConfirmationStatus.OBLIGATIONS
2025-09-08 16:44:21 - SubObligationsHandler - INFO - Now we are checking...
2025-09-08 16:44:21 - ObligationsHandler - INFO - Marked content_confirmed for item_0 - SubObligationsHandler
2025-09-08 16:44:21 - back_end.services.chat_service - INFO - chat_service.process_user_input: Current status: obligations, Updated status: obligations
2025-09-08 16:44:21 - back_end.services.chat_service - INFO - Status check - Processing type: pure_component, Item type: ItemType.PC, Status: obligations -> obligations
2025-09-08 16:44:21 - back_end.services.chat_service - INFO - chat_service._handle_chapter_generation: Processing ChapterGeneration with result: next
2025-09-08 16:44:28 - utils.database.hardDB - INFO - this is the found components
2025-09-08 16:44:31 - back_end.services.chat_gen.generator - INFO - Generated content for item_0 - HandlerStateWrapper
2025-09-08 16:44:31 - testing - INFO - 状态: obligations
2025-09-08 16:44:31 - testing - INFO - 系统回复: ['Now we start importing the risks for this component', '']
2025-09-08 16:44:31 - testing - INFO - 当前对话轮次5, 用户输入Show me the licenses
2025-09-08 16:44:54 - back_end.services.chat_service - INFO - user_input: Show me the licenses
2025-09-08 16:45:00 - back_end.services.chat_service - INFO - chat_service.process_user_input: we have this response {'result': 'continue', 'talking': 'Could you please specify which licenses you are interested in? There are various open source licenses (like GPL, MIT, Apache, BSD, etc.) and proprietary software licenses. Providing this information will help me give you a more accurate response.'}
2025-09-08 16:45:26 - back_end.services.chat_flow - INFO - chat_flow.process: 处理状态: ConfirmationStatus.OBLIGATIONS
2025-09-08 16:45:40 - LicenseHandler - ERROR - 访问 handler.__iter__ 时出错: 'LicenseHandler' object has no attribute '__iter__'
2025-09-08 16:45:40 - SubObligationsHandler - ERROR - 访问 handler.__iter__ 时出错: 'SubObligationsHandler' object has no attribute '__iter__'
2025-09-08 16:45:40 - SubRisksHandler - ERROR - 访问 handler.__iter__ 时出错: 'SubRisksHandler' object has no attribute '__iter__'
2025-09-08 16:45:40 - CommonRulesHandler - ERROR - 访问 handler.__iter__ 时出错: 'CommonRulesHandler' object has no attribute '__iter__'
2025-09-08 16:45:40 - AdditionalHandler - ERROR - 访问 handler.__iter__ 时出错: 'AdditionalHandler' object has no attribute '__iter__'
2025-09-08 16:45:40 - ImplementationHandler - ERROR - 访问 handler.__iter__ 时出错: 'ImplementationHandler' object has no attribute '__iter__'
2025-09-08 16:45:40 - ObligationCombiningHandler - ERROR - 访问 handler.__iter__ 时出错: 'ObligationCombiningHandler' object has no attribute '__iter__'
2025-09-08 16:45:43 - LicenseHandler - ERROR - 访问 handler.__iter__ 时出错: 'LicenseHandler' object has no attribute '__iter__'
2025-09-08 16:45:43 - SubObligationsHandler - ERROR - 访问 handler.__iter__ 时出错: 'SubObligationsHandler' object has no attribute '__iter__'
2025-09-08 16:45:43 - SubRisksHandler - ERROR - 访问 handler.__iter__ 时出错: 'SubRisksHandler' object has no attribute '__iter__'
2025-09-08 16:45:43 - CommonRulesHandler - ERROR - 访问 handler.__iter__ 时出错: 'CommonRulesHandler' object has no attribute '__iter__'
2025-09-08 16:45:43 - AdditionalHandler - ERROR - 访问 handler.__iter__ 时出错: 'AdditionalHandler' object has no attribute '__iter__'
2025-09-08 16:45:43 - ImplementationHandler - ERROR - 访问 handler.__iter__ 时出错: 'ImplementationHandler' object has no attribute '__iter__'
2025-09-08 16:45:43 - ObligationCombiningHandler - ERROR - 访问 handler.__iter__ 时出错: 'ObligationCombiningHandler' object has no attribute '__iter__'
2025-09-08 16:46:01 - LicenseHandler - ERROR - 访问 handler.__iter__ 时出错: 'LicenseHandler' object has no attribute '__iter__'
2025-09-08 16:46:01 - LicenseHandler - ERROR - 访问 handler.__iter__ 时出错: 'LicenseHandler' object has no attribute '__iter__'
2025-09-08 16:46:01 - SubObligationsHandler - ERROR - 访问 handler.__iter__ 时出错: 'SubObligationsHandler' object has no attribute '__iter__'
2025-09-08 16:46:01 - SubRisksHandler - ERROR - 访问 handler.__iter__ 时出错: 'SubRisksHandler' object has no attribute '__iter__'
2025-09-08 16:46:01 - CommonRulesHandler - ERROR - 访问 handler.__iter__ 时出错: 'CommonRulesHandler' object has no attribute '__iter__'
2025-09-08 16:46:01 - AdditionalHandler - ERROR - 访问 handler.__iter__ 时出错: 'AdditionalHandler' object has no attribute '__iter__'
2025-09-08 16:46:01 - ImplementationHandler - ERROR - 访问 handler.__iter__ 时出错: 'ImplementationHandler' object has no attribute '__iter__'
2025-09-08 16:46:01 - ObligationCombiningHandler - ERROR - 访问 handler.__iter__ 时出错: 'ObligationCombiningHandler' object has no attribute '__iter__'
2025-09-08 16:46:01 - LicenseHandler - ERROR - 访问 handler.__iter__ 时出错: 'LicenseHandler' object has no attribute '__iter__'
2025-09-08 16:46:01 - SubObligationsHandler - ERROR - 访问 handler.__iter__ 时出错: 'SubObligationsHandler' object has no attribute '__iter__'
2025-09-08 16:46:01 - SubRisksHandler - ERROR - 访问 handler.__iter__ 时出错: 'SubRisksHandler' object has no attribute '__iter__'
2025-09-08 16:46:01 - CommonRulesHandler - ERROR - 访问 handler.__iter__ 时出错: 'CommonRulesHandler' object has no attribute '__iter__'
2025-09-08 16:46:01 - AdditionalHandler - ERROR - 访问 handler.__iter__ 时出错: 'AdditionalHandler' object has no attribute '__iter__'
2025-09-08 16:46:01 - ImplementationHandler - ERROR - 访问 handler.__iter__ 时出错: 'ImplementationHandler' object has no attribute '__iter__'
2025-09-08 16:46:01 - ObligationCombiningHandler - ERROR - 访问 handler.__iter__ 时出错: 'ObligationCombiningHandler' object has no attribute '__iter__'
2025-09-08 16:46:02 - LicenseHandler - ERROR - 访问 handler.__iter__ 时出错: 'LicenseHandler' object has no attribute '__iter__'
2025-09-08 16:46:02 - LicenseHandler - ERROR - 访问 handler.__iter__ 时出错: 'LicenseHandler' object has no attribute '__iter__'
2025-09-08 16:46:02 - SubObligationsHandler - ERROR - 访问 handler.__iter__ 时出错: 'SubObligationsHandler' object has no attribute '__iter__'
2025-09-08 16:46:02 - SubRisksHandler - ERROR - 访问 handler.__iter__ 时出错: 'SubRisksHandler' object has no attribute '__iter__'
2025-09-08 16:46:02 - CommonRulesHandler - ERROR - 访问 handler.__iter__ 时出错: 'CommonRulesHandler' object has no attribute '__iter__'
2025-09-08 16:46:02 - AdditionalHandler - ERROR - 访问 handler.__iter__ 时出错: 'AdditionalHandler' object has no attribute '__iter__'
2025-09-08 16:46:02 - ImplementationHandler - ERROR - 访问 handler.__iter__ 时出错: 'ImplementationHandler' object has no attribute '__iter__'
2025-09-08 16:46:02 - ObligationCombiningHandler - ERROR - 访问 handler.__iter__ 时出错: 'ObligationCombiningHandler' object has no attribute '__iter__'
2025-09-08 16:46:02 - LicenseHandler - ERROR - 访问 handler.__iter__ 时出错: 'LicenseHandler' object has no attribute '__iter__'
2025-09-08 16:46:02 - SubObligationsHandler - ERROR - 访问 handler.__iter__ 时出错: 'SubObligationsHandler' object has no attribute '__iter__'
2025-09-08 16:46:02 - SubRisksHandler - ERROR - 访问 handler.__iter__ 时出错: 'SubRisksHandler' object has no attribute '__iter__'
2025-09-08 16:46:02 - CommonRulesHandler - ERROR - 访问 handler.__iter__ 时出错: 'CommonRulesHandler' object has no attribute '__iter__'
2025-09-08 16:46:02 - AdditionalHandler - ERROR - 访问 handler.__iter__ 时出错: 'AdditionalHandler' object has no attribute '__iter__'
2025-09-08 16:46:02 - ImplementationHandler - ERROR - 访问 handler.__iter__ 时出错: 'ImplementationHandler' object has no attribute '__iter__'
2025-09-08 16:46:02 - ObligationCombiningHandler - ERROR - 访问 handler.__iter__ 时出错: 'ObligationCombiningHandler' object has no attribute '__iter__'
2025-09-08 16:46:03 - SubObligationsHandler - ERROR - 访问 handler.__iter__ 时出错: 'SubObligationsHandler' object has no attribute '__iter__'
2025-09-08 16:46:03 - LicenseHandler - ERROR - 访问 handler.__iter__ 时出错: 'LicenseHandler' object has no attribute '__iter__'
2025-09-08 16:46:03 - SubObligationsHandler - ERROR - 访问 handler.__iter__ 时出错: 'SubObligationsHandler' object has no attribute '__iter__'
2025-09-08 16:46:03 - SubRisksHandler - ERROR - 访问 handler.__iter__ 时出错: 'SubRisksHandler' object has no attribute '__iter__'
2025-09-08 16:46:03 - CommonRulesHandler - ERROR - 访问 handler.__iter__ 时出错: 'CommonRulesHandler' object has no attribute '__iter__'
2025-09-08 16:46:03 - AdditionalHandler - ERROR - 访问 handler.__iter__ 时出错: 'AdditionalHandler' object has no attribute '__iter__'
2025-09-08 16:46:03 - ImplementationHandler - ERROR - 访问 handler.__iter__ 时出错: 'ImplementationHandler' object has no attribute '__iter__'
2025-09-08 16:46:03 - ObligationCombiningHandler - ERROR - 访问 handler.__iter__ 时出错: 'ObligationCombiningHandler' object has no attribute '__iter__'
2025-09-08 16:46:03 - LicenseHandler - ERROR - 访问 handler.__iter__ 时出错: 'LicenseHandler' object has no attribute '__iter__'
2025-09-08 16:46:03 - SubObligationsHandler - ERROR - 访问 handler.__iter__ 时出错: 'SubObligationsHandler' object has no attribute '__iter__'
2025-09-08 16:46:03 - SubRisksHandler - ERROR - 访问 handler.__iter__ 时出错: 'SubRisksHandler' object has no attribute '__iter__'
2025-09-08 16:46:03 - CommonRulesHandler - ERROR - 访问 handler.__iter__ 时出错: 'CommonRulesHandler' object has no attribute '__iter__'
2025-09-08 16:46:03 - AdditionalHandler - ERROR - 访问 handler.__iter__ 时出错: 'AdditionalHandler' object has no attribute '__iter__'
2025-09-08 16:46:03 - ImplementationHandler - ERROR - 访问 handler.__iter__ 时出错: 'ImplementationHandler' object has no attribute '__iter__'
2025-09-08 16:46:03 - ObligationCombiningHandler - ERROR - 访问 handler.__iter__ 时出错: 'ObligationCombiningHandler' object has no attribute '__iter__'
2025-09-08 16:46:04 - SubObligationsHandler - ERROR - 访问 handler.__iter__ 时出错: 'SubObligationsHandler' object has no attribute '__iter__'
2025-09-08 16:46:04 - LicenseHandler - ERROR - 访问 handler.__iter__ 时出错: 'LicenseHandler' object has no attribute '__iter__'
2025-09-08 16:46:04 - SubObligationsHandler - ERROR - 访问 handler.__iter__ 时出错: 'SubObligationsHandler' object has no attribute '__iter__'
2025-09-08 16:46:04 - SubRisksHandler - ERROR - 访问 handler.__iter__ 时出错: 'SubRisksHandler' object has no attribute '__iter__'
2025-09-08 16:46:04 - CommonRulesHandler - ERROR - 访问 handler.__iter__ 时出错: 'CommonRulesHandler' object has no attribute '__iter__'
2025-09-08 16:46:04 - AdditionalHandler - ERROR - 访问 handler.__iter__ 时出错: 'AdditionalHandler' object has no attribute '__iter__'
2025-09-08 16:46:04 - ImplementationHandler - ERROR - 访问 handler.__iter__ 时出错: 'ImplementationHandler' object has no attribute '__iter__'
2025-09-08 16:46:04 - ObligationCombiningHandler - ERROR - 访问 handler.__iter__ 时出错: 'ObligationCombiningHandler' object has no attribute '__iter__'
2025-09-08 16:46:04 - SubRisksHandler - ERROR - 访问 handler.__iter__ 时出错: 'SubRisksHandler' object has no attribute '__iter__'
2025-09-08 16:46:04 - LicenseHandler - ERROR - 访问 handler.__iter__ 时出错: 'LicenseHandler' object has no attribute '__iter__'
2025-09-08 16:46:04 - SubObligationsHandler - ERROR - 访问 handler.__iter__ 时出错: 'SubObligationsHandler' object has no attribute '__iter__'
2025-09-08 16:46:04 - SubRisksHandler - ERROR - 访问 handler.__iter__ 时出错: 'SubRisksHandler' object has no attribute '__iter__'
2025-09-08 16:46:04 - CommonRulesHandler - ERROR - 访问 handler.__iter__ 时出错: 'CommonRulesHandler' object has no attribute '__iter__'
2025-09-08 16:46:04 - AdditionalHandler - ERROR - 访问 handler.__iter__ 时出错: 'AdditionalHandler' object has no attribute '__iter__'
2025-09-08 16:46:04 - ImplementationHandler - ERROR - 访问 handler.__iter__ 时出错: 'ImplementationHandler' object has no attribute '__iter__'
2025-09-08 16:46:04 - ObligationCombiningHandler - ERROR - 访问 handler.__iter__ 时出错: 'ObligationCombiningHandler' object has no attribute '__iter__'
2025-09-08 16:46:04 - LicenseHandler - ERROR - 访问 handler.__iter__ 时出错: 'LicenseHandler' object has no attribute '__iter__'
2025-09-08 16:46:04 - SubObligationsHandler - ERROR - 访问 handler.__iter__ 时出错: 'SubObligationsHandler' object has no attribute '__iter__'
2025-09-08 16:46:04 - SubRisksHandler - ERROR - 访问 handler.__iter__ 时出错: 'SubRisksHandler' object has no attribute '__iter__'
2025-09-08 16:46:04 - CommonRulesHandler - ERROR - 访问 handler.__iter__ 时出错: 'CommonRulesHandler' object has no attribute '__iter__'
2025-09-08 16:46:04 - AdditionalHandler - ERROR - 访问 handler.__iter__ 时出错: 'AdditionalHandler' object has no attribute '__iter__'
2025-09-08 16:46:04 - ImplementationHandler - ERROR - 访问 handler.__iter__ 时出错: 'ImplementationHandler' object has no attribute '__iter__'
2025-09-08 16:46:04 - ObligationCombiningHandler - ERROR - 访问 handler.__iter__ 时出错: 'ObligationCombiningHandler' object has no attribute '__iter__'
2025-09-08 16:46:05 - SubRisksHandler - ERROR - 访问 handler.__iter__ 时出错: 'SubRisksHandler' object has no attribute '__iter__'
2025-09-08 16:46:05 - LicenseHandler - ERROR - 访问 handler.__iter__ 时出错: 'LicenseHandler' object has no attribute '__iter__'
2025-09-08 16:46:05 - SubObligationsHandler - ERROR - 访问 handler.__iter__ 时出错: 'SubObligationsHandler' object has no attribute '__iter__'
2025-09-08 16:46:05 - SubRisksHandler - ERROR - 访问 handler.__iter__ 时出错: 'SubRisksHandler' object has no attribute '__iter__'
2025-09-08 16:46:05 - CommonRulesHandler - ERROR - 访问 handler.__iter__ 时出错: 'CommonRulesHandler' object has no attribute '__iter__'
2025-09-08 16:46:05 - AdditionalHandler - ERROR - 访问 handler.__iter__ 时出错: 'AdditionalHandler' object has no attribute '__iter__'
2025-09-08 16:46:05 - ImplementationHandler - ERROR - 访问 handler.__iter__ 时出错: 'ImplementationHandler' object has no attribute '__iter__'
2025-09-08 16:46:05 - ObligationCombiningHandler - ERROR - 访问 handler.__iter__ 时出错: 'ObligationCombiningHandler' object has no attribute '__iter__'
2025-09-08 16:46:05 - LicenseHandler - ERROR - 访问 handler.__iter__ 时出错: 'LicenseHandler' object has no attribute '__iter__'
2025-09-08 16:46:05 - SubObligationsHandler - ERROR - 访问 handler.__iter__ 时出错: 'SubObligationsHandler' object has no attribute '__iter__'
2025-09-08 16:46:05 - SubRisksHandler - ERROR - 访问 handler.__iter__ 时出错: 'SubRisksHandler' object has no attribute '__iter__'
2025-09-08 16:46:05 - CommonRulesHandler - ERROR - 访问 handler.__iter__ 时出错: 'CommonRulesHandler' object has no attribute '__iter__'
2025-09-08 16:46:05 - AdditionalHandler - ERROR - 访问 handler.__iter__ 时出错: 'AdditionalHandler' object has no attribute '__iter__'
2025-09-08 16:46:05 - ImplementationHandler - ERROR - 访问 handler.__iter__ 时出错: 'ImplementationHandler' object has no attribute '__iter__'
2025-09-08 16:46:05 - ObligationCombiningHandler - ERROR - 访问 handler.__iter__ 时出错: 'ObligationCombiningHandler' object has no attribute '__iter__'
2025-09-08 16:46:09 - SubRisksHandler - ERROR - 访问 handler.__iter__ 时出错: 'SubRisksHandler' object has no attribute '__iter__'
2025-09-08 16:46:17 - SubRisksHandler - INFO - Now we are checking...
2025-09-08 16:46:22 - SubRisksHandler - ERROR - 访问 handler.__iter__ 时出错: 'SubRisksHandler' object has no attribute '__iter__'
2025-09-08 16:46:23 - SubRisksHandler - ERROR - 访问 handler.__iter__ 时出错: 'SubRisksHandler' object has no attribute '__iter__'
2025-09-08 16:46:25 - SubRisksHandler - ERROR - 访问 handler.__iter__ 时出错: 'SubRisksHandler' object has no attribute '__iter__'
2025-09-08 16:46:25 - SubRisksHandler - ERROR - 访问 handler.__iter__ 时出错: 'SubRisksHandler' object has no attribute '__iter__'
2025-09-08 16:46:25 - LicenseHandler - ERROR - 访问 handler.__iter__ 时出错: 'LicenseHandler' object has no attribute '__iter__'
2025-09-08 16:46:25 - SubObligationsHandler - ERROR - 访问 handler.__iter__ 时出错: 'SubObligationsHandler' object has no attribute '__iter__'
2025-09-08 16:46:25 - SubRisksHandler - ERROR - 访问 handler.__iter__ 时出错: 'SubRisksHandler' object has no attribute '__iter__'
2025-09-08 16:46:25 - CommonRulesHandler - ERROR - 访问 handler.__iter__ 时出错: 'CommonRulesHandler' object has no attribute '__iter__'
2025-09-08 16:46:25 - AdditionalHandler - ERROR - 访问 handler.__iter__ 时出错: 'AdditionalHandler' object has no attribute '__iter__'
2025-09-08 16:46:25 - ImplementationHandler - ERROR - 访问 handler.__iter__ 时出错: 'ImplementationHandler' object has no attribute '__iter__'
2025-09-08 16:46:25 - ObligationCombiningHandler - ERROR - 访问 handler.__iter__ 时出错: 'ObligationCombiningHandler' object has no attribute '__iter__'
2025-09-08 16:46:28 - SubRisksHandler - ERROR - 访问 handler.__iter__ 时出错: 'SubRisksHandler' object has no attribute '__iter__'
2025-09-08 16:46:28 - SubRisksHandler - ERROR - 访问 handler.__iter__ 时出错: 'SubRisksHandler' object has no attribute '__iter__'
2025-09-08 16:46:28 - LicenseHandler - ERROR - 访问 handler.__iter__ 时出错: 'LicenseHandler' object has no attribute '__iter__'
2025-09-08 16:46:28 - SubObligationsHandler - ERROR - 访问 handler.__iter__ 时出错: 'SubObligationsHandler' object has no attribute '__iter__'
2025-09-08 16:46:28 - SubRisksHandler - ERROR - 访问 handler.__iter__ 时出错: 'SubRisksHandler' object has no attribute '__iter__'
2025-09-08 16:46:28 - CommonRulesHandler - ERROR - 访问 handler.__iter__ 时出错: 'CommonRulesHandler' object has no attribute '__iter__'
2025-09-08 16:46:28 - AdditionalHandler - ERROR - 访问 handler.__iter__ 时出错: 'AdditionalHandler' object has no attribute '__iter__'
2025-09-08 16:46:28 - ImplementationHandler - ERROR - 访问 handler.__iter__ 时出错: 'ImplementationHandler' object has no attribute '__iter__'
2025-09-08 16:46:28 - ObligationCombiningHandler - ERROR - 访问 handler.__iter__ 时出错: 'ObligationCombiningHandler' object has no attribute '__iter__'
2025-09-08 16:46:29 - SubRisksHandler - ERROR - 访问 handler.__iter__ 时出错: 'SubRisksHandler' object has no attribute '__iter__'
2025-09-08 16:46:29 - SubRisksHandler - ERROR - 访问 handler.__iter__ 时出错: 'SubRisksHandler' object has no attribute '__iter__'
2025-09-08 16:46:29 - LicenseHandler - ERROR - 访问 handler.__iter__ 时出错: 'LicenseHandler' object has no attribute '__iter__'
2025-09-08 16:46:29 - SubObligationsHandler - ERROR - 访问 handler.__iter__ 时出错: 'SubObligationsHandler' object has no attribute '__iter__'
2025-09-08 16:46:29 - SubRisksHandler - ERROR - 访问 handler.__iter__ 时出错: 'SubRisksHandler' object has no attribute '__iter__'
2025-09-08 16:46:29 - CommonRulesHandler - ERROR - 访问 handler.__iter__ 时出错: 'CommonRulesHandler' object has no attribute '__iter__'
2025-09-08 16:46:29 - AdditionalHandler - ERROR - 访问 handler.__iter__ 时出错: 'AdditionalHandler' object has no attribute '__iter__'
2025-09-08 16:46:29 - ImplementationHandler - ERROR - 访问 handler.__iter__ 时出错: 'ImplementationHandler' object has no attribute '__iter__'
2025-09-08 16:46:29 - ObligationCombiningHandler - ERROR - 访问 handler.__iter__ 时出错: 'ObligationCombiningHandler' object has no attribute '__iter__'
2025-09-08 16:46:31 - SubRisksHandler - ERROR - 访问 handler.__iter__ 时出错: 'SubRisksHandler' object has no attribute '__iter__'
2025-09-08 16:46:31 - SubRisksHandler - ERROR - 访问 handler.__iter__ 时出错: 'SubRisksHandler' object has no attribute '__iter__'
2025-09-08 16:46:31 - LicenseHandler - ERROR - 访问 handler.__iter__ 时出错: 'LicenseHandler' object has no attribute '__iter__'
2025-09-08 16:46:31 - SubObligationsHandler - ERROR - 访问 handler.__iter__ 时出错: 'SubObligationsHandler' object has no attribute '__iter__'
2025-09-08 16:46:31 - SubRisksHandler - ERROR - 访问 handler.__iter__ 时出错: 'SubRisksHandler' object has no attribute '__iter__'
2025-09-08 16:46:31 - CommonRulesHandler - ERROR - 访问 handler.__iter__ 时出错: 'CommonRulesHandler' object has no attribute '__iter__'
2025-09-08 16:46:31 - AdditionalHandler - ERROR - 访问 handler.__iter__ 时出错: 'AdditionalHandler' object has no attribute '__iter__'
2025-09-08 16:46:31 - ImplementationHandler - ERROR - 访问 handler.__iter__ 时出错: 'ImplementationHandler' object has no attribute '__iter__'
2025-09-08 16:46:31 - ObligationCombiningHandler - ERROR - 访问 handler.__iter__ 时出错: 'ObligationCombiningHandler' object has no attribute '__iter__'
2025-09-08 16:46:35 - SubRisksHandler - ERROR - 访问 handler.__iter__ 时出错: 'SubRisksHandler' object has no attribute '__iter__'
2025-09-08 16:46:35 - SubRisksHandler - ERROR - 访问 handler.__iter__ 时出错: 'SubRisksHandler' object has no attribute '__iter__'
2025-09-08 16:46:35 - LicenseHandler - ERROR - 访问 handler.__iter__ 时出错: 'LicenseHandler' object has no attribute '__iter__'
2025-09-08 16:46:35 - SubObligationsHandler - ERROR - 访问 handler.__iter__ 时出错: 'SubObligationsHandler' object has no attribute '__iter__'
2025-09-08 16:46:35 - SubRisksHandler - ERROR - 访问 handler.__iter__ 时出错: 'SubRisksHandler' object has no attribute '__iter__'
2025-09-08 16:46:35 - CommonRulesHandler - ERROR - 访问 handler.__iter__ 时出错: 'CommonRulesHandler' object has no attribute '__iter__'
2025-09-08 16:46:35 - AdditionalHandler - ERROR - 访问 handler.__iter__ 时出错: 'AdditionalHandler' object has no attribute '__iter__'
2025-09-08 16:46:35 - ImplementationHandler - ERROR - 访问 handler.__iter__ 时出错: 'ImplementationHandler' object has no attribute '__iter__'
2025-09-08 16:46:35 - ObligationCombiningHandler - ERROR - 访问 handler.__iter__ 时出错: 'ObligationCombiningHandler' object has no attribute '__iter__'
2025-09-08 16:46:37 - SubRisksHandler - ERROR - 访问 handler.__iter__ 时出错: 'SubRisksHandler' object has no attribute '__iter__'
2025-09-08 16:46:37 - SubRisksHandler - ERROR - 访问 handler.__iter__ 时出错: 'SubRisksHandler' object has no attribute '__iter__'
2025-09-08 16:46:37 - LicenseHandler - ERROR - 访问 handler.__iter__ 时出错: 'LicenseHandler' object has no attribute '__iter__'
2025-09-08 16:46:37 - SubObligationsHandler - ERROR - 访问 handler.__iter__ 时出错: 'SubObligationsHandler' object has no attribute '__iter__'
2025-09-08 16:46:37 - SubRisksHandler - ERROR - 访问 handler.__iter__ 时出错: 'SubRisksHandler' object has no attribute '__iter__'
2025-09-08 16:46:37 - CommonRulesHandler - ERROR - 访问 handler.__iter__ 时出错: 'CommonRulesHandler' object has no attribute '__iter__'
2025-09-08 16:46:37 - AdditionalHandler - ERROR - 访问 handler.__iter__ 时出错: 'AdditionalHandler' object has no attribute '__iter__'
2025-09-08 16:46:37 - ImplementationHandler - ERROR - 访问 handler.__iter__ 时出错: 'ImplementationHandler' object has no attribute '__iter__'
2025-09-08 16:46:37 - ObligationCombiningHandler - ERROR - 访问 handler.__iter__ 时出错: 'ObligationCombiningHandler' object has no attribute '__iter__'
2025-09-08 16:47:03 - back_end.services.chat_service - INFO - chat_service.process_user_input: Current status: obligations, Updated status: obligations
2025-09-08 16:47:03 - back_end.services.chat_service - INFO - Status check - Processing type: pure_component, Item type: ItemType.PC, Status: obligations -> obligations
2025-09-08 16:47:03 - back_end.services.chat_service - INFO - chat_service._handle_chapter_generation: Processing ChapterGeneration with result: continue
2025-09-08 16:47:11 - utils.database.hardDB - INFO - this is the found components
