2025-08-22 15:56:08 - root - INFO - 服务器日志系统初始化完成，日志文件: C:\Users\z0054unn\Documents\Siemens-GitLab\Third-party\third-party-clearance\logs\server_20250822_15h56m08s.log
2025-08-22 15:56:08 - uvicorn.error - INFO - Started server process [4976]
2025-08-22 15:56:08 - uvicorn.error - INFO - Waiting for application startup.
2025-08-22 15:56:08 - back_end.server - INFO - FastAPI应用启动
2025-08-22 15:56:08 - uvicorn.error - INFO - Application startup complete.
2025-08-22 15:56:31 - back_end.server - INFO - the html file is stored at: uploads\LicenseInfo-@automation-core_ac-engineering-ng-2.10.0-2025-07-30_05_57_51.html
2025-08-22 15:56:31 - nodes - INFO - Now we are parsing the original HTML File
2025-08-22 15:56:31 - nodes - INFO - Successfully parsed!
2025-08-22 15:56:31 - nodes - INFO - Now we are reviewing the components list
2025-08-22 15:56:31 - nodes - INFO - We have 3 to review
2025-08-22 15:56:44 - utils.tools - INFO - we should have result like {'LicenseName': '1: Apache-2.0⇧', 'CredentialOrNot': False}
2025-08-22 15:56:46 - nodes - INFO - We have reviewed one component
2025-08-22 15:56:58 - utils.tools - INFO - we should have result like {'LicenseName': 'CC-BY-4.0', 'CredentialOrNot': False}
2025-08-22 15:57:00 - nodes - INFO - We have reviewed one component
2025-08-22 15:57:11 - utils.tools - INFO - we should have result like {'LicenseName': '3: MIT', 'CredentialOrNot': False}
2025-08-22 15:57:12 - nodes - INFO - We have reviewed one component
2025-08-22 15:57:12 - nodes - INFO - Completely Reviewed.
2025-08-22 15:57:12 - nodes - INFO - Now we are collecing special licenses such as GPL
2025-08-22 15:57:12 - nodes - INFO - Now checking the reviewed risks
2025-08-22 15:57:12 - nodes - INFO - We have 3 licenses to check
2025-08-22 15:57:12 - nodes - INFO - Successfully combined 3 license and risk records
2025-08-22 15:57:22 - nodes - INFO - We have checked one component
2025-08-22 15:57:32 - nodes - INFO - We have checked one component
2025-08-22 15:57:41 - nodes - INFO - We have checked one component
2025-08-22 15:57:41 - nodes - INFO - finished checking, now we are checking the dependecies
2025-08-22 15:57:41 - nodes - INFO - now we start analyzing depencies between components
2025-08-22 15:57:50 - utils.tools - INFO - we should have result like {'compName': '@ngrx/store 17.2.0', 'dependency': True}
2025-08-22 15:57:50 - nodes - INFO - Now we have checked dependency of one component
2025-08-22 15:57:50 - utils.itemFilter - INFO - 开始筛选组件，共 1 个组件待处理
2025-08-22 15:57:50 - utils.itemFilter - INFO - 处理组件 1/1
2025-08-22 15:57:50 - utils.itemFilter - INFO - 正在检查组件: @ngrx/store 17.2.0
                            ⇧
2025-08-22 15:57:50 - utils.itemFilter - INFO - 组件许可证列表: ["Apache-2.0", "CC-BY-4.0", "MIT"]
2025-08-22 15:57:50 - utils.itemFilter - INFO - 风险分析中的许可证: ["Apache-2.0", "1: Apache-2.0⇧", "CC-BY-4.0", "MIT", "3: MIT"]
2025-08-22 15:57:50 - utils.itemFilter - INFO - 筛选完成，保留了 1 个需要凭证的组件
2025-08-22 15:57:50 - nodes - INFO - finished checking, now we are starting the chat...
2025-08-22 15:57:54 - nodes - INFO - Initialized session successfully, waiting for the bot to start conversation
2025-08-22 15:57:54 - nodes - INFO - Starting Chatting...
2025-08-22 15:57:54 - back_end.services.chat_service - INFO - we have found risk bot when initializing the chat service!
2025-08-22 15:57:54 - back_end.services.chat_manager - WARNING - now we start with checking: component
2025-08-22 15:57:56 - utils.tools - INFO - we should have result like {'result': 'continue', 'is_oem_approved': False, 'talking': 'OEM (Original Equipment Manufacturer) refers to companies that produce components or equipment that are used in products sold by another company under their own brand name. Is your project intended for OEM integration? Please answer yes or no.'}
2025-08-22 15:57:56 - back_end.server - INFO - now we initialized status as: OEMing
2025-08-22 15:59:28 - back_end.server - INFO - server: before processing input, we are in the status of: OEMing
2025-08-22 15:59:30 - utils.tools - INFO - we should have result like {'result': 'next', 'is_oem_approved': True, 'talking': 'Thank you for confirming that your project involves OEM integration. We can proceed to the next steps regarding compliance and project planning.'}
2025-08-22 15:59:30 - back_end.services.chat_service - INFO - user_input: yes

2025-08-22 15:59:30 - back_end.services.state_handlers.object_handler - WARNING - OEM handler received invalid result type: <class 'str'>
2025-08-22 15:59:30 - back_end.services.chat_flow - INFO - chat_flow.process: 处理状态: ConfirmationStatus.OEM
2025-08-22 15:59:30 - OEMStateHandler - INFO - Now we are checking...
2025-08-22 15:59:30 - back_end.services.chat_flow - INFO - chat_flow.process: 状态转移: ConfirmationStatus.OEM -> ConfirmationStatus.CONTRACT
2025-08-22 15:59:30 - back_end.services.chat_service - INFO - chat_service.process_user_input: Current status: OEMing, Updated status: toContract
2025-08-22 15:59:30 - back_end.services.chat_service - INFO - Status check - Processing type: component, Item type: ItemType.COMPONENT, Status: OEMing -> toContract
2025-08-22 15:59:30 - back_end.items_utils.item_types - WARNING - 最新状态为toContract，未找到处理类型(processing_type)，使用默认值: component
2025-08-22 15:59:31 - utils.tools - INFO - we should have result like {'result': 'continue', 'talking': 'Contracts are important legal documents that govern relationships with third-party vendors, clarifying the rights, obligations, and responsibilities of both parties. Do you have a formal contract with the vendor of this third-party component? Please answer yes or no, or explain if there are other circumstances.'}
2025-08-22 15:59:45 - back_end.server - INFO - The file is stored at: uploads\contract_template.docx
2025-08-22 15:59:45 - utils.tools - ERROR - Attempt 1 to get valid JSON response
2025-08-22 15:59:50 - utils.tools - INFO - we should have result like {'result': 'next', 'talking': {'OSS_Risks': {'identified_components': 'The contract specifies that all OSS components must be maintained in an OSS Bill of Materials (BOM) and tracked for license compliance.', 'license_compliance': 'The Developer is required to ensure OSS integration complies with applicable licenses such as GPL, MIT, etc.', 'discrepancies': 'Potential violation could arise if OSS with restrictive licenses (e.g., AGPL) are integrated without prior Client approval.', 'risk_mitigation': 'Implement a thorough FTO analysis and ensure that OSS components are isolated from PSS to prevent license contamination.'}, 'PSS_Risks': {'identified_components': 'All proprietary code and algorithms developed under this Agreement are owned by the Client.', 'terms_of_use': 'The Developer must provide source code and documentation, and all third-party IP must be documented in the OSS/PSS Inventory.', 'contractual_obligations': 'Any failure to ensure that OSS does not infringe third-party IP rights could lead to liabilities.', 'compliance_recommendations': "Establish a compliance officer's role to regularly review OSS BOM updates and contractually ensure indemnification against OSS license breaches."}}}
2025-08-22 15:59:50 - back_end.server - INFO - Contract analysis completed successfully for session 1bcf8ab0-4133-4b72-ab9c-fdc39dfab523
2025-08-22 15:59:50 - back_end.services.chat_flow - INFO - chat_flow.process: 处理状态: ConfirmationStatus.CONTRACT
2025-08-22 15:59:50 - ContractHandler - INFO - Now we are checking...
2025-08-22 15:59:50 - back_end.services.chat_flow - INFO - chat_flow.process: 状态转移: ConfirmationStatus.CONTRACT -> ConfirmationStatus.DEPENDENCY
2025-08-22 15:59:50 - back_end.services.state_handlers.object_handler - INFO - chat_flow.DependencyCheck: 依赖处理: 初始化了 1 个组件子任务
2025-08-22 15:59:50 - back_end.services.chat_service - INFO - Status check - Processing type: component, Item type: ItemType.COMPONENT, Status: toContract -> toDependency
2025-08-22 15:59:53 - utils.tools - INFO - we should have result like {'result': 'continue', 'talking': 'Third-party components often have their own dependencies (libraries, frameworks, or modules they rely on), which can introduce additional compliance risks and licensing obligations. Including dependencies in the clearance ensures comprehensive risk assessment. Would you like to include the dependent components of this third-party component in your compliance clearance list? Please answer yes or no.'}
2025-08-22 15:59:58 - back_end.server - INFO - server: before processing input, we are in the status of: toDependency
2025-08-22 16:00:01 - utils.tools - INFO - we should have result like {'result': 'next', 'talking': 'Thank you for confirming that you want to include the dependent components in your compliance clearance list. This will ensure a thorough risk assessment of all components involved.'}
2025-08-22 16:00:01 - back_end.services.chat_service - INFO - user_input: yes

2025-08-22 16:00:01 - back_end.services.chat_flow - INFO - chat_flow.process: 处理状态: ConfirmationStatus.DEPENDENCY
2025-08-22 16:00:01 - back_end.services.chat_service - INFO - chat_service.process_user_input: Current status: toDependency, Updated status: toDependency
2025-08-22 16:00:01 - back_end.services.chat_service - INFO - Status check - Processing type: component, Item type: ItemType.COMPONENT, Status: toDependency -> toDependency
2025-08-22 16:00:01 - back_end.services.chat_service - INFO - chat_service.handle_nested: now the processing type in shared is: component
2025-08-22 16:00:01 - back_end.services.chat_service - INFO - chat_service.handle_nested: now we are handling license or component ItemType.COMPONENT
2025-08-22 16:00:01 - back_end.services.chat_manager - INFO - chat_manager.handle_next: now we return back to handling continue function
2025-08-22 16:00:05 - utils.tools - INFO - we should have result like {'result': 'continue', 'talking': "The component '@ngrx/store 17.2.0' may have its own set of dependent components that can affect compliance. It is important to analyze these dependencies as they may introduce additional licensing obligations. Would you like to specifically add the dependent components of '@ngrx/store 17.2.0' into your compliance clearance checklist? Please answer yes or no."}
2025-08-22 16:00:05 - back_end.services.chat_service - WARNING - chat_service.handle_nested: we have found this messsage The component '@ngrx/store 17.2.0' may have its own set of dependent components that can affect compliance. It is important to analyze these dependencies as they may introduce additional licensing obligations. Would you like to specifically add the dependent components of '@ngrx/store 17.2.0' into your compliance clearance checklist? Please answer yes or no.
2025-08-22 16:00:26 - back_end.server - INFO - server: before processing input, we are in the status of: toDependency
2025-08-22 16:00:28 - utils.tools - INFO - we should have result like {'result': 'next', 'talking': "Thank you for confirming that you want to add the dependent components of '@ngrx/store 17.2.0' into your compliance clearance checklist. This will help ensure a complete assessment of compliance risks associated with all relevant components."}
2025-08-22 16:00:28 - back_end.services.chat_service - INFO - user_input: yes

2025-08-22 16:00:28 - back_end.services.chat_flow - INFO - chat_flow.process: 处理状态: ConfirmationStatus.DEPENDENCY
2025-08-22 16:00:28 - back_end.services.chat_service - INFO - chat_service.process_user_input: Current status: toDependency, Updated status: toDependency
2025-08-22 16:00:28 - back_end.services.chat_service - INFO - Status check - Processing type: component, Item type: ItemType.COMPONENT, Status: toDependency -> toDependency
2025-08-22 16:00:28 - back_end.services.chat_service - INFO - chat_service.handle_nested: now the processing type in shared is: component
2025-08-22 16:00:28 - back_end.services.chat_service - INFO - chat_service.handle_nested: now we are handling license or component ItemType.COMPONENT
2025-08-22 16:00:28 - back_end.services.chat_manager - INFO - chat_manager: updated item status to confirmed
2025-08-22 16:00:28 - back_end.services.chat_service - WARNING - chat_service.handle_nested: we have found this messsage @ngrx/store 17.2.0 has been confirmed!

We have finished current checking!
2025-08-22 16:00:28 - back_end.services.chat_service - INFO - chat_service.handle_nested: we have finished the checking for this state toDependency
2025-08-22 16:00:28 - back_end.services.chat_flow - INFO - chat_flow.process: 处理状态: ConfirmationStatus.DEPENDENCY
2025-08-22 16:00:28 - back_end.services.chat_flow - INFO - chat_flow.process: 状态转移: ConfirmationStatus.DEPENDENCY -> ConfirmationStatus.MAINLICENSE
2025-08-22 16:00:28 - back_end.services.state_handlers.object_handler - INFO - chat_flow.CredentialCheck: 依赖处理: 初始化了 1 个组件子任务
2025-08-22 16:00:28 - back_end.services.chat_service - INFO - Status check - Processing type: component, Item type: ItemType.COMPONENT, Status: toDependency -> main_license
2025-08-22 16:00:29 - utils.tools - INFO - we should have result like {'result': 'continue', 'talking': 'You are now at the stage to select the main license for your component. Please review the list of available licenses and select which should be the main license by number or name.'}
2025-08-22 16:00:29 - back_end.services.chat_service - INFO - process_status_change: we need to get the instruction for the first item: main_license
2025-08-22 16:00:31 - utils.tools - INFO - we should have result like {'result': 'continue', 'talking': "I've recorded your component '@ngrx/store 17.2.0' with the following licenses: ['Apache-2.0', 'CC-BY-4.0', 'MIT']. Please select which should be the main license by number or name."}
2025-08-22 16:16:10 - back_end.server - INFO - server: before processing input, we are in the status of: main_license
2025-08-22 16:16:12 - utils.tools - INFO - we should have result like {'result': 'continue', 'talking': "You've selected 'Apache-2.0' as the main license. Is this correct?"}
2025-08-22 16:16:12 - back_end.services.chat_service - INFO - user_input: Apache

2025-08-22 16:16:12 - back_end.server - ERROR - Error during chat: list indices must be integers or slices, not str
Traceback (most recent call last):
  File "C:\Users\z0054unn\Documents\Siemens-GitLab\Third-party\third-party-clearance\back_end\server.py", line 212, in chat
    status, updated_shared, reply = chat_service.process_user_input(
                                    ~~~~~~~~~~~~~~~~~~~~~~~~~~~~~~~^
        session["shared"],
        ^^^^^^^^^^^^^^^^^^
        chat_message.message,
        ^^^^^^^^^^^^^^^^^^^^^
        status
        ^^^^^^
    )
    ^
  File "C:\Users\z0054unn\Documents\Siemens-GitLab\Third-party\third-party-clearance\back_end\services\chat_service.py", line 43, in process_user_input
    shared = handler.process_special_logic(shared, result)
  File "C:\Users\z0054unn\Documents\Siemens-GitLab\Third-party\third-party-clearance\back_end\services\state_handlers\object_handler.py", line 91, in process_special_logic
    shared[config['items_key']][config['current_key']][current_type.value] = content
    ~~~~~~~~~~~~~~~~~~~~~~~~~~~^^^^^^^^^^^^^^^^^^^^^^^
TypeError: list indices must be integers or slices, not str
2025-08-22 16:16:12 - utils.tools - ERROR - Error CHAT_ERROR: Error during contract analysis: list indices must be integers or slices, not str
2025-08-22 16:19:33 - uvicorn.error - INFO - Shutting down
2025-08-22 16:19:33 - uvicorn.error - INFO - Waiting for application shutdown.
2025-08-22 16:19:33 - back_end.server - INFO - FastAPI应用关闭
2025-08-22 16:19:33 - uvicorn.error - INFO - Application shutdown complete.
2025-08-22 16:19:33 - uvicorn.error - INFO - Finished server process [4976]
