2025-09-11 10:47:24 - root - INFO - 服务器日志系统初始化完成，日志文件: C:\Users\z0054unn\Documents\Siemens-GitLab\Third-party\third-party-clearance\logs\server_20250911_10h47m24s.log
2025-09-11 10:47:24 - nodes - INFO - Now we are parsing the original HTML File
2025-09-11 10:47:28 - nodes - INFO - Successfully parsed!
2025-09-11 10:47:28 - nodes - INFO - Now we are parsing the original PCR file.
2025-09-11 10:47:33 - SpecialConsiderationHandler - INFO - No items will be found.
2025-09-11 10:47:33 - SpecialConsiderationHandler - ERROR - content_handler_factory must be provided for ChapterGenerationHandler
2025-09-11 10:47:33 - SpecialConsiderationHandler - ERROR - subcontent_factory must be provided for ChapterGeneration
2025-09-11 10:47:33 - back_end.services.chat_service - INFO - we have found risk bot when initializing the chat service!
2025-09-11 10:47:33 - back_end.services.chat_manager - WARNING - now we start with checking: pure_component
2025-09-11 10:47:33 - testing - INFO - 检验测试环境初始化...
2025-09-11 10:47:33 - testing - INFO - 测试环境验证通过!
2025-09-11 10:47:33 - testing - INFO - 开始执行测试: test_custom_instruction_retrieval
2025-09-11 10:47:33 - testing - INFO - Now we are using the customized shared dictionary
2025-09-11 10:47:35 - testing - INFO - Retrieved instructions with custom context: Understood. I will now confirm the user’s satisfaction with the results provided before deciding whether to continue or move on. How can I assist you further?
2025-09-11 10:47:35 - testing - INFO - 开始执行测试: test_user_in_flow
2025-09-11 10:47:35 - testing - INFO - 当前对话轮次1, 用户输入OK, show me the first subtitle
2025-09-11 10:48:20 - back_end.services.chat_service - INFO - user_input: OK, show me the first subtitle
2025-09-11 10:48:22 - back_end.services.chat_service - INFO - chat_service.process_user_input: we have this response {'result': 'continue', 'talking': "Could you please clarify what you mean by 'first subtitle'? Are you referring to a specific document, section, or topic within compliance that you want to explore? More details will help me assist you better."}
2025-09-11 10:48:27 - SpecialConsiderationHandler - INFO - Initialized 8 subtitle handlers
2025-09-11 10:48:27 - back_end.services.chat_flow - INFO - chat_flow.process: 处理状态: ConfirmationStatus.SPECIAL_CONSIDERATION
2025-09-11 10:48:27 - back_end.services.chat_service - INFO - chat_service.process_user_input: Current status: special_consideration, Updated status: special_consideration
2025-09-11 10:48:27 - back_end.services.chat_service - INFO - Status check - Processing type: pure_component, Item type: ItemType.PC, Status: special_consideration -> special_consideration
2025-09-11 10:48:27 - back_end.services.chat_service - INFO - chat_service._handle_chapter_generation: Processing ChapterGeneration with result: continue
2025-09-11 10:48:27 - back_end.services.chat_gen.generator - INFO - Generated content for HandlerStateWrapper
