2025-09-11 14:59:24 - root - INFO - 服务器日志系统初始化完成，日志文件: C:\Users\z0054unn\Documents\Siemens-GitLab\Third-party\third-party-clearance\logs\server_20250911_14h59m24s.log
2025-09-11 14:59:24 - nodes - INFO - Now we are parsing the original HTML File
2025-09-11 14:59:24 - nodes - INFO - Successfully parsed!
2025-09-11 14:59:24 - nodes - INFO - Now we are parsing the original PCR file.
2025-09-11 14:59:28 - SpecialConsiderationHandler - INFO - No items will be found.
2025-09-11 14:59:28 - SpecialConsiderationHandler - ERROR - content_handler_factory must be provided for ChapterGenerationHandler
2025-09-11 14:59:28 - SpecialConsiderationHandler - ERROR - subcontent_factory must be provided for ChapterGeneration
2025-09-11 14:59:28 - back_end.services.chat_service - INFO - we have found risk bot when initializing the chat service!
2025-09-11 14:59:28 - back_end.services.chat_manager - WARNING - now we start with checking: pure_component
2025-09-11 14:59:28 - testing - INFO - 检验测试环境初始化...
2025-09-11 14:59:28 - testing - INFO - 测试环境验证通过!
2025-09-11 14:59:28 - testing - INFO - 开始执行测试: test_custom_instruction_retrieval
2025-09-11 14:59:28 - testing - INFO - Now we are using the customized shared dictionary
2025-09-11 14:59:28 - testing - INFO - Retrieved instructions with custom context: Now we are importing the conclusion.
2025-09-11 14:59:28 - testing - INFO - 开始执行测试: test_user_in_flow
2025-09-11 14:59:28 - testing - INFO - 当前对话轮次1, 用户输入OK, show me the first subtitle
2025-09-11 14:59:28 - back_end.services.chat_service - INFO - user_input: OK, show me the first subtitle
2025-09-11 14:59:31 - back_end.services.chat_service - INFO - chat_service.process_user_input: we have this response {'result': 'next', 'talking': "The first subtitle is: 'Core Responsibilities'. This section highlights the primary functions I perform in assisting with software compliance auditing and risk assessment. If you need more information on a specific responsibility, please let me know."}
2025-09-11 14:59:31 - back_end.services.chat_flow - INFO - chat_flow.process: 处理状态: ConfirmationStatus.CONCLUSION
2025-09-11 14:59:31 - back_end.services.chat_service - INFO - chat_service.process_user_input: Current status: conclusion, Updated status: conclusion
2025-09-11 14:59:31 - back_end.services.chat_service - INFO - Status check - Processing type: pure_component, Item type: ItemType.PC, Status: conclusion -> conclusion
2025-09-11 14:59:31 - back_end.services.chat_service - INFO - now we started generating content with this handler ConclusionHandler
2025-09-11 14:59:31 - testing - INFO - 状态: conclusion
2025-09-11 14:59:31 - testing - INFO - 系统回复: ['Based on the information you proived, I have generated the following content: \n\n# Conclusion\n## Clearing summary\nThe handling of 3rd party software components for this product is at a good state. The Readme_OSS document contains all required licenses.\n## Obligations to be fulfilled from superordinated product\nAll superordinated products must include the Readme_OSS of this product into their respective Readme_OSS document.\n## Obligations and restrictions which could not be fulfilled\nNone.\n## Remaining risks\n### General risks\nGeneral risks relating to OSS:\n- Termination/Revocation: OSS licenses may terminate or can be revoked immediately.\n- Local and International Jurisdiction: Due to place of venue clauses and arbitration clauses, disputes may be settled, relating to the seat of the licensor, before foreign courts.\n- Warranty/Liability Disclaimer: There is general absence of warranty / liability, e.g. – error corrections must be made by or ordered by SIEMENS, and SIEMENS must cover all damages.\n- Proprietorship of a copyright: It cannot be verified whether contributors to open source software are legally permitted to contribute(the code could e.g.belong to his employer, and not the developer).\n### Special risks\nNone.\n\n Would you mind telling me if it meets your requirements?']
2025-09-11 14:59:31 - testing - INFO - 当前对话轮次2, 用户输入ok, next, please
2025-09-11 14:59:31 - back_end.services.chat_service - INFO - user_input: ok, next, please
2025-09-11 14:59:32 - back_end.services.chat_service - INFO - chat_service.process_user_input: we have this response {'result': 'next', 'talking': "The next subtitle is: 'Operational Mode System'. This outlines how I operate based on user instructions and the mode-switching commands. If you require further exploration on this topic, please indicate."}
2025-09-11 14:59:32 - back_end.services.chat_flow - INFO - chat_flow.process: 处理状态: ConfirmationStatus.CONCLUSION
2025-09-11 14:59:32 - ConclusionHandler - INFO - we have generated content...
2025-09-11 14:59:32 - ConclusionHandler - INFO - Now we are checking...
2025-09-11 14:59:32 - ConclusionHandler - INFO - we have reset the status of completion
2025-09-11 14:59:32 - back_end.services.chat_flow - INFO - chat_flow.process: 状态转移: ConfirmationStatus.CONCLUSION -> ConfirmationStatus.PRODUCTOVERVIEW
2025-09-11 14:59:32 - back_end.services.chat_service - INFO - chat_service.process_user_input: Current status: conclusion, Updated status: product_overview
2025-09-11 14:59:32 - back_end.services.chat_service - INFO - Status check - Processing type: pure_component, Item type: ItemType.PC, Status: conclusion -> product_overview
2025-09-11 14:59:32 - back_end.items_utils.item_types - WARNING - 最新状态为product_overview，未找到处理类型(processing_type)，使用默认值: component
2025-09-11 14:59:33 - testing - INFO - 状态: product_overview
2025-09-11 14:59:33 - testing - INFO - 系统回复: ["Welcome! Please tell me about your product: 1) What it does and its features, 2) How it will be sold, and 3) Who's developing it and what technology it uses."]
2025-09-11 14:59:33 - testing - INFO - 当前对话轮次3, 用户输入show me the obligation
2025-09-11 14:59:33 - back_end.services.chat_service - INFO - user_input: show me the obligation
2025-09-11 14:59:34 - back_end.services.chat_service - INFO - chat_service.process_user_input: we have this response {'result': 'next', 'talking': 'The obligation refers to the responsibilities and commitments associated with compliance, including meeting license requirements, adhering to contractual terms, and ensuring proper usage of OSS and PSS. If you need further details or specifics regarding compliance obligations, please specify.'}
2025-09-11 14:59:34 - back_end.services.chat_flow - INFO - chat_flow.process: 处理状态: ConfirmationStatus.PRODUCTOVERVIEW
2025-09-11 14:59:34 - back_end.services.chat_service - INFO - chat_service.process_user_input: Current status: product_overview, Updated status: product_overview
2025-09-11 14:59:34 - back_end.services.chat_service - INFO - Status check - Processing type: component, Item type: ItemType.COMPONENT, Status: product_overview -> product_overview
2025-09-11 14:59:34 - back_end.services.chat_service - INFO - now we started generating content with this handler ProductOverviewHandler
2025-09-11 14:59:36 - testing - INFO - 状态: product_overview
2025-09-11 14:59:36 - testing - INFO - 系统回复: ['Based on the information you proived, I have generated the following content: \n\n# Product Overview\n\n## Product Description\nPlease provide a general description of your product, including its specifications and purpose.\n\n### Key Features\n- Feature 1: [Please specify]\n- Feature 2: [Please specify]\n- Feature 3: [Please specify]\n  - Sub-feature 1: [Please specify]\n  - Sub-feature 2: [Please specify]\n\nAny additional product information would also be helpful.\n\n## Sales and Delivery Channels\nWhat are the distribution methods, target markets, and sales approaches for your product?\n\n## Development Details\nPlease provide information about the development team, the technology stack, and the development approach used. If it is an OEM product, just the manufacturer name and platform will suffice.\n\n Would you mind telling me if it meets your requirements?']
2025-09-11 14:59:36 - testing - INFO - 当前对话轮次4, 用户输入I am not satisfied with it, generate again
2025-09-11 14:59:36 - back_end.services.chat_service - INFO - user_input: I am not satisfied with it, generate again
2025-09-11 14:59:38 - back_end.services.chat_service - INFO - chat_service.process_user_input: we have this response {'result': 'continue', 'talking': "# Product Overview\n\n## Product Description\nPlease provide a detailed description of your product, including its features and intended functionality.\n\n### Key Features\n- Feature 1 (please elaborate)\n- Feature 2 (please elaborate)\n- Feature 3 (please elaborate)\n  - Sub-feature 1 (please elaborate)\n  - Sub-feature 2 (please elaborate)\n\nAny additional relevant product information would also be useful.\n\n## Sales and Delivery Channels\nCan you describe how the product will be marketed and distributed? What sales channels do you plan to use?\n\n## Development Details\nCould you provide details about the development team, technology used, and the timeline for the product? If it's an OEM product, the manufacturer name and platform are enough."}
2025-09-11 14:59:38 - back_end.services.chat_flow - INFO - chat_flow.process: 处理状态: ConfirmationStatus.PRODUCTOVERVIEW
2025-09-11 14:59:38 - ProductOverviewHandler - INFO - we have generated content...
2025-09-11 14:59:38 - ProductOverviewHandler - INFO - Now we are checking...
2025-09-11 14:59:38 - back_end.services.chat_service - INFO - chat_service.process_user_input: Current status: product_overview, Updated status: product_overview
2025-09-11 14:59:38 - back_end.services.chat_service - INFO - Status check - Processing type: component, Item type: ItemType.COMPONENT, Status: product_overview -> product_overview
