2025-09-11 08:55:45 - root - INFO - 服务器日志系统初始化完成，日志文件: C:\Users\z0054unn\Documents\Siemens-GitLab\Third-party\third-party-clearance\logs\server_20250911_08h55m45s.log
2025-09-11 08:55:45 - nodes - INFO - Now we are parsing the original HTML File
2025-09-11 08:55:49 - nodes - INFO - Successfully parsed!
2025-09-11 08:55:49 - nodes - INFO - Now we are parsing the original PCR file.
2025-09-11 08:55:56 - SpecialConsiderationHandler - INFO - No items will be found.
2025-09-11 08:55:56 - SpecialConsiderationHandler - ERROR - content_handler_factory must be provided for ChapterGenerationHandler
2025-09-11 08:55:56 - SpecialConsiderationHandler - ERROR - subcontent_factory must be provided for ChapterGeneration
2025-09-11 08:55:56 - back_end.services.chat_service - INFO - we have found risk bot when initializing the chat service!
2025-09-11 08:55:56 - back_end.services.chat_manager - WARNING - now we start with checking: pure_component
2025-09-11 08:55:56 - testing - INFO - 检验测试环境初始化...
2025-09-11 08:55:56 - testing - INFO - 测试环境验证通过!
2025-09-11 08:55:56 - testing - INFO - 开始执行测试: test_custom_instruction_retrieval
2025-09-11 08:55:56 - testing - INFO - Now we are using the customized shared dictionary
2025-09-11 08:55:58 - testing - INFO - Retrieved instructions with custom context: I am currently in the confirming mode. Please let me know if you are satisfied with the result or if you require further assistance.
2025-09-11 08:55:58 - testing - INFO - 开始执行测试: test_user_in_flow
2025-09-11 08:55:58 - testing - INFO - 当前对话轮次1, 用户输入OK, show me the first subtitle
2025-09-11 08:56:27 - back_end.services.chat_service - INFO - user_input: OK, show me the first subtitle
2025-09-11 08:56:33 - back_end.services.chat_service - INFO - chat_service.process_user_input: we have this response {'result': 'continue', 'talking': "Could you please clarify what you mean by 'first subtitle'? Are you referring to a specific document, report, or section related to compliance?"}
2025-09-11 08:56:39 - SpecialConsiderationHandler - INFO - Initialized 8 subtitle handlers
2025-09-11 08:56:39 - back_end.services.chat_flow - INFO - chat_flow.process: 处理状态: ConfirmationStatus.SPECIAL_CONSIDERATION
2025-09-11 08:56:39 - InteractionObligationHandler - INFO - Now we are checking...
2025-09-11 08:56:39 - back_end.services.chat_service - INFO - chat_service.process_user_input: Current status: special_consideration, Updated status: special_consideration
2025-09-11 08:56:39 - back_end.services.chat_service - INFO - Status check - Processing type: pure_component, Item type: ItemType.PC, Status: special_consideration -> special_consideration
2025-09-11 08:56:39 - back_end.services.chat_service - INFO - chat_service._handle_chapter_generation: Processing ChapterGeneration with result: continue
2025-09-11 08:56:39 - back_end.services.chat_service - INFO - chat_service._handle_chapter_generation: Chapter generation completed
2025-09-11 08:56:39 - back_end.services.chat_flow - INFO - chat_flow.process: 处理状态: ConfirmationStatus.SPECIAL_CONSIDERATION
2025-09-11 08:56:39 - InteractionObligationHandler - INFO - Now we are checking...
2025-09-11 08:56:39 - SpecialConsiderationHandler - INFO - Marked content_confirmed for handler 0 - InteractionObligationHandler
2025-09-11 08:56:39 - testing - INFO - 状态: special_consideration
2025-09-11 08:56:39 - testing - INFO - 系统回复: ['Content for current chapter has been generated']
2025-09-11 08:56:39 - testing - INFO - 当前对话轮次2, 用户输入ok, next, please
2025-09-11 08:57:05 - back_end.services.chat_service - INFO - user_input: ok, next, please
2025-09-11 08:57:10 - back_end.services.chat_service - INFO - chat_service.process_user_input: we have this response {'result': 'next', 'talking': 'I am now moving to the next mode. Please provide me with the details or information you would like to analyze for compliance.'}
2025-09-11 08:57:48 - InteractionObligationHandler - ERROR - 访问 handler.__iter__ 时出错: 'InteractionObligationHandler' object has no attribute '__iter__'
2025-09-11 08:57:48 - CopyLeftHandler - ERROR - 访问 handler.__iter__ 时出错: 'CopyLeftHandler' object has no attribute '__iter__'
2025-09-11 08:57:48 - AdditionalObligationHandler - ERROR - 访问 handler.__iter__ 时出错: 'AdditionalObligationHandler' object has no attribute '__iter__'
2025-09-11 08:57:48 - OtherObligations - ERROR - 访问 handler.__iter__ 时出错: 'OtherObligations' object has no attribute '__iter__'
2025-09-11 08:57:48 - ReadmeOSS - ERROR - 访问 handler.__iter__ 时出错: 'ReadmeOSS' object has no attribute '__iter__'
2025-09-11 08:57:48 - SourceCodeHandler - ERROR - 访问 handler.__iter__ 时出错: 'SourceCodeHandler' object has no attribute '__iter__'
2025-09-11 08:57:48 - RemainingHandler - ERROR - 访问 handler.__iter__ 时出错: 'RemainingHandler' object has no attribute '__iter__'
2025-09-11 08:57:48 - SpecialCombiningHandler - ERROR - 访问 handler.__iter__ 时出错: 'SpecialCombiningHandler' object has no attribute '__iter__'
2025-09-11 08:58:25 - back_end.services.chat_flow - INFO - chat_flow.process: 处理状态: ConfirmationStatus.SPECIAL_CONSIDERATION
2025-09-11 08:58:26 - InteractionObligationHandler - ERROR - 访问 handler.__iter__ 时出错: 'InteractionObligationHandler' object has no attribute '__iter__'
2025-09-11 08:58:26 - CopyLeftHandler - ERROR - 访问 handler.__iter__ 时出错: 'CopyLeftHandler' object has no attribute '__iter__'
2025-09-11 08:58:26 - AdditionalObligationHandler - ERROR - 访问 handler.__iter__ 时出错: 'AdditionalObligationHandler' object has no attribute '__iter__'
2025-09-11 08:58:26 - OtherObligations - ERROR - 访问 handler.__iter__ 时出错: 'OtherObligations' object has no attribute '__iter__'
2025-09-11 08:58:26 - ReadmeOSS - ERROR - 访问 handler.__iter__ 时出错: 'ReadmeOSS' object has no attribute '__iter__'
2025-09-11 08:58:26 - SourceCodeHandler - ERROR - 访问 handler.__iter__ 时出错: 'SourceCodeHandler' object has no attribute '__iter__'
2025-09-11 08:58:26 - RemainingHandler - ERROR - 访问 handler.__iter__ 时出错: 'RemainingHandler' object has no attribute '__iter__'
2025-09-11 08:58:26 - SpecialCombiningHandler - ERROR - 访问 handler.__iter__ 时出错: 'SpecialCombiningHandler' object has no attribute '__iter__'
2025-09-11 08:58:49 - CopyLeftHandler - ERROR - 访问 handler.__iter__ 时出错: 'CopyLeftHandler' object has no attribute '__iter__'
2025-09-11 09:00:43 - CopyLeftHandler - ERROR - 访问 handler.__iter__ 时出错: 'CopyLeftHandler' object has no attribute '__iter__'
2025-09-11 09:00:45 - CopyLeftHandler - ERROR - 访问 handler.__iter__ 时出错: 'CopyLeftHandler' object has no attribute '__iter__'
2025-09-11 09:00:56 - CopyLeftHandler - INFO - Now we are checking...
2025-09-11 09:01:00 - CopyLeftHandler - ERROR - 访问 handler.__iter__ 时出错: 'CopyLeftHandler' object has no attribute '__iter__'
2025-09-11 09:01:06 - CopyLeftHandler - ERROR - 访问 handler.__iter__ 时出错: 'CopyLeftHandler' object has no attribute '__iter__'
2025-09-11 09:01:06 - CopyLeftHandler - ERROR - 访问 handler.__iter__ 时出错: 'CopyLeftHandler' object has no attribute '__iter__'
2025-09-11 09:01:07 - CopyLeftHandler - ERROR - 访问 handler.__iter__ 时出错: 'CopyLeftHandler' object has no attribute '__iter__'
2025-09-11 09:01:07 - CopyLeftHandler - ERROR - 访问 handler.__iter__ 时出错: 'CopyLeftHandler' object has no attribute '__iter__'
2025-09-11 09:01:09 - CopyLeftHandler - ERROR - 访问 handler.__iter__ 时出错: 'CopyLeftHandler' object has no attribute '__iter__'
2025-09-11 09:01:09 - CopyLeftHandler - ERROR - 访问 handler.__iter__ 时出错: 'CopyLeftHandler' object has no attribute '__iter__'
2025-09-11 09:01:09 - CopyLeftHandler - ERROR - 访问 handler.__iter__ 时出错: 'CopyLeftHandler' object has no attribute '__iter__'
2025-09-11 09:01:10 - CopyLeftHandler - ERROR - 访问 handler.__iter__ 时出错: 'CopyLeftHandler' object has no attribute '__iter__'
2025-09-11 09:01:10 - CopyLeftHandler - ERROR - 访问 handler.__iter__ 时出错: 'CopyLeftHandler' object has no attribute '__iter__'
2025-09-11 09:01:10 - CopyLeftHandler - ERROR - 访问 handler.__iter__ 时出错: 'CopyLeftHandler' object has no attribute '__iter__'
2025-09-11 09:01:12 - CopyLeftHandler - ERROR - 访问 handler.__iter__ 时出错: 'CopyLeftHandler' object has no attribute '__iter__'
2025-09-11 09:01:12 - CopyLeftHandler - ERROR - 访问 handler.__iter__ 时出错: 'CopyLeftHandler' object has no attribute '__iter__'
2025-09-11 09:01:12 - CopyLeftHandler - ERROR - 访问 handler.__iter__ 时出错: 'CopyLeftHandler' object has no attribute '__iter__'
2025-09-11 09:01:16 - CopyLeftHandler - ERROR - 访问 handler.__iter__ 时出错: 'CopyLeftHandler' object has no attribute '__iter__'
2025-09-11 09:01:16 - CopyLeftHandler - ERROR - 访问 handler.__iter__ 时出错: 'CopyLeftHandler' object has no attribute '__iter__'
2025-09-11 09:01:16 - CopyLeftHandler - ERROR - 访问 handler.__iter__ 时出错: 'CopyLeftHandler' object has no attribute '__iter__'
2025-09-11 09:01:18 - SpecialConsiderationHandler - INFO - Marked content_confirmed for handler 1 - CopyLeftHandler
2025-09-11 09:01:18 - CopyLeftHandler - ERROR - 访问 handler.__iter__ 时出错: 'CopyLeftHandler' object has no attribute '__iter__'
2025-09-11 09:01:18 - CopyLeftHandler - ERROR - 访问 handler.__iter__ 时出错: 'CopyLeftHandler' object has no attribute '__iter__'
2025-09-11 09:01:18 - CopyLeftHandler - ERROR - 访问 handler.__iter__ 时出错: 'CopyLeftHandler' object has no attribute '__iter__'
2025-09-11 09:01:19 - CopyLeftHandler - ERROR - 访问 handler.__iter__ 时出错: 'CopyLeftHandler' object has no attribute '__iter__'
2025-09-11 09:01:19 - CopyLeftHandler - ERROR - 访问 handler.__iter__ 时出错: 'CopyLeftHandler' object has no attribute '__iter__'
2025-09-11 09:01:19 - CopyLeftHandler - ERROR - 访问 handler.__iter__ 时出错: 'CopyLeftHandler' object has no attribute '__iter__'
2025-09-11 09:01:20 - CopyLeftHandler - ERROR - 访问 handler.__iter__ 时出错: 'CopyLeftHandler' object has no attribute '__iter__'
2025-09-11 09:01:20 - CopyLeftHandler - ERROR - 访问 handler.__iter__ 时出错: 'CopyLeftHandler' object has no attribute '__iter__'
2025-09-11 09:01:20 - CopyLeftHandler - ERROR - 访问 handler.__iter__ 时出错: 'CopyLeftHandler' object has no attribute '__iter__'
2025-09-11 09:01:25 - InteractionObligationHandler - ERROR - 访问 handler.__iter__ 时出错: 'InteractionObligationHandler' object has no attribute '__iter__'
2025-09-11 09:01:25 - CopyLeftHandler - ERROR - 访问 handler.__iter__ 时出错: 'CopyLeftHandler' object has no attribute '__iter__'
2025-09-11 09:01:25 - AdditionalObligationHandler - ERROR - 访问 handler.__iter__ 时出错: 'AdditionalObligationHandler' object has no attribute '__iter__'
2025-09-11 09:01:25 - OtherObligations - ERROR - 访问 handler.__iter__ 时出错: 'OtherObligations' object has no attribute '__iter__'
2025-09-11 09:01:25 - ReadmeOSS - ERROR - 访问 handler.__iter__ 时出错: 'ReadmeOSS' object has no attribute '__iter__'
2025-09-11 09:01:25 - SourceCodeHandler - ERROR - 访问 handler.__iter__ 时出错: 'SourceCodeHandler' object has no attribute '__iter__'
2025-09-11 09:01:25 - RemainingHandler - ERROR - 访问 handler.__iter__ 时出错: 'RemainingHandler' object has no attribute '__iter__'
2025-09-11 09:01:25 - SpecialCombiningHandler - ERROR - 访问 handler.__iter__ 时出错: 'SpecialCombiningHandler' object has no attribute '__iter__'
2025-09-11 09:01:26 - InteractionObligationHandler - ERROR - 访问 handler.__iter__ 时出错: 'InteractionObligationHandler' object has no attribute '__iter__'
2025-09-11 09:01:26 - CopyLeftHandler - ERROR - 访问 handler.__iter__ 时出错: 'CopyLeftHandler' object has no attribute '__iter__'
2025-09-11 09:01:26 - AdditionalObligationHandler - ERROR - 访问 handler.__iter__ 时出错: 'AdditionalObligationHandler' object has no attribute '__iter__'
2025-09-11 09:01:26 - OtherObligations - ERROR - 访问 handler.__iter__ 时出错: 'OtherObligations' object has no attribute '__iter__'
2025-09-11 09:01:26 - ReadmeOSS - ERROR - 访问 handler.__iter__ 时出错: 'ReadmeOSS' object has no attribute '__iter__'
2025-09-11 09:01:26 - SourceCodeHandler - ERROR - 访问 handler.__iter__ 时出错: 'SourceCodeHandler' object has no attribute '__iter__'
2025-09-11 09:01:26 - RemainingHandler - ERROR - 访问 handler.__iter__ 时出错: 'RemainingHandler' object has no attribute '__iter__'
2025-09-11 09:01:26 - SpecialCombiningHandler - ERROR - 访问 handler.__iter__ 时出错: 'SpecialCombiningHandler' object has no attribute '__iter__'
2025-09-11 09:01:27 - InteractionObligationHandler - ERROR - 访问 handler.__iter__ 时出错: 'InteractionObligationHandler' object has no attribute '__iter__'
2025-09-11 09:01:27 - CopyLeftHandler - ERROR - 访问 handler.__iter__ 时出错: 'CopyLeftHandler' object has no attribute '__iter__'
2025-09-11 09:01:27 - AdditionalObligationHandler - ERROR - 访问 handler.__iter__ 时出错: 'AdditionalObligationHandler' object has no attribute '__iter__'
2025-09-11 09:01:27 - OtherObligations - ERROR - 访问 handler.__iter__ 时出错: 'OtherObligations' object has no attribute '__iter__'
2025-09-11 09:01:27 - ReadmeOSS - ERROR - 访问 handler.__iter__ 时出错: 'ReadmeOSS' object has no attribute '__iter__'
2025-09-11 09:01:27 - SourceCodeHandler - ERROR - 访问 handler.__iter__ 时出错: 'SourceCodeHandler' object has no attribute '__iter__'
2025-09-11 09:01:27 - RemainingHandler - ERROR - 访问 handler.__iter__ 时出错: 'RemainingHandler' object has no attribute '__iter__'
2025-09-11 09:01:27 - SpecialCombiningHandler - ERROR - 访问 handler.__iter__ 时出错: 'SpecialCombiningHandler' object has no attribute '__iter__'
2025-09-11 09:01:29 - InteractionObligationHandler - ERROR - 访问 handler.__iter__ 时出错: 'InteractionObligationHandler' object has no attribute '__iter__'
2025-09-11 09:01:29 - CopyLeftHandler - ERROR - 访问 handler.__iter__ 时出错: 'CopyLeftHandler' object has no attribute '__iter__'
2025-09-11 09:01:29 - AdditionalObligationHandler - ERROR - 访问 handler.__iter__ 时出错: 'AdditionalObligationHandler' object has no attribute '__iter__'
2025-09-11 09:01:29 - OtherObligations - ERROR - 访问 handler.__iter__ 时出错: 'OtherObligations' object has no attribute '__iter__'
2025-09-11 09:01:29 - ReadmeOSS - ERROR - 访问 handler.__iter__ 时出错: 'ReadmeOSS' object has no attribute '__iter__'
2025-09-11 09:01:29 - SourceCodeHandler - ERROR - 访问 handler.__iter__ 时出错: 'SourceCodeHandler' object has no attribute '__iter__'
2025-09-11 09:01:29 - RemainingHandler - ERROR - 访问 handler.__iter__ 时出错: 'RemainingHandler' object has no attribute '__iter__'
2025-09-11 09:01:29 - SpecialCombiningHandler - ERROR - 访问 handler.__iter__ 时出错: 'SpecialCombiningHandler' object has no attribute '__iter__'
2025-09-11 09:01:29 - InteractionObligationHandler - ERROR - 访问 handler.__iter__ 时出错: 'InteractionObligationHandler' object has no attribute '__iter__'
2025-09-11 09:01:29 - CopyLeftHandler - ERROR - 访问 handler.__iter__ 时出错: 'CopyLeftHandler' object has no attribute '__iter__'
2025-09-11 09:01:29 - AdditionalObligationHandler - ERROR - 访问 handler.__iter__ 时出错: 'AdditionalObligationHandler' object has no attribute '__iter__'
2025-09-11 09:01:29 - OtherObligations - ERROR - 访问 handler.__iter__ 时出错: 'OtherObligations' object has no attribute '__iter__'
2025-09-11 09:01:29 - ReadmeOSS - ERROR - 访问 handler.__iter__ 时出错: 'ReadmeOSS' object has no attribute '__iter__'
2025-09-11 09:01:29 - SourceCodeHandler - ERROR - 访问 handler.__iter__ 时出错: 'SourceCodeHandler' object has no attribute '__iter__'
2025-09-11 09:01:29 - RemainingHandler - ERROR - 访问 handler.__iter__ 时出错: 'RemainingHandler' object has no attribute '__iter__'
2025-09-11 09:01:29 - SpecialCombiningHandler - ERROR - 访问 handler.__iter__ 时出错: 'SpecialCombiningHandler' object has no attribute '__iter__'
2025-09-11 09:02:28 - back_end.services.chat_service - INFO - chat_service.process_user_input: Current status: special_consideration, Updated status: special_consideration
2025-09-11 09:02:32 - InteractionObligationHandler - ERROR - 访问 handler.__iter__ 时出错: 'InteractionObligationHandler' object has no attribute '__iter__'
2025-09-11 09:02:32 - CopyLeftHandler - ERROR - 访问 handler.__iter__ 时出错: 'CopyLeftHandler' object has no attribute '__iter__'
2025-09-11 09:02:32 - AdditionalObligationHandler - ERROR - 访问 handler.__iter__ 时出错: 'AdditionalObligationHandler' object has no attribute '__iter__'
2025-09-11 09:02:32 - OtherObligations - ERROR - 访问 handler.__iter__ 时出错: 'OtherObligations' object has no attribute '__iter__'
2025-09-11 09:02:32 - ReadmeOSS - ERROR - 访问 handler.__iter__ 时出错: 'ReadmeOSS' object has no attribute '__iter__'
2025-09-11 09:02:32 - SourceCodeHandler - ERROR - 访问 handler.__iter__ 时出错: 'SourceCodeHandler' object has no attribute '__iter__'
2025-09-11 09:02:32 - RemainingHandler - ERROR - 访问 handler.__iter__ 时出错: 'RemainingHandler' object has no attribute '__iter__'
2025-09-11 09:02:32 - SpecialCombiningHandler - ERROR - 访问 handler.__iter__ 时出错: 'SpecialCombiningHandler' object has no attribute '__iter__'
2025-09-11 09:02:52 - InteractionObligationHandler - ERROR - 访问 handler.__iter__ 时出错: 'InteractionObligationHandler' object has no attribute '__iter__'
2025-09-11 09:02:52 - CopyLeftHandler - ERROR - 访问 handler.__iter__ 时出错: 'CopyLeftHandler' object has no attribute '__iter__'
2025-09-11 09:02:52 - AdditionalObligationHandler - ERROR - 访问 handler.__iter__ 时出错: 'AdditionalObligationHandler' object has no attribute '__iter__'
2025-09-11 09:02:52 - OtherObligations - ERROR - 访问 handler.__iter__ 时出错: 'OtherObligations' object has no attribute '__iter__'
2025-09-11 09:02:52 - ReadmeOSS - ERROR - 访问 handler.__iter__ 时出错: 'ReadmeOSS' object has no attribute '__iter__'
2025-09-11 09:02:52 - SourceCodeHandler - ERROR - 访问 handler.__iter__ 时出错: 'SourceCodeHandler' object has no attribute '__iter__'
2025-09-11 09:02:52 - RemainingHandler - ERROR - 访问 handler.__iter__ 时出错: 'RemainingHandler' object has no attribute '__iter__'
2025-09-11 09:02:52 - SpecialCombiningHandler - ERROR - 访问 handler.__iter__ 时出错: 'SpecialCombiningHandler' object has no attribute '__iter__'
2025-09-11 09:03:05 - InteractionObligationHandler - ERROR - 访问 handler.__iter__ 时出错: 'InteractionObligationHandler' object has no attribute '__iter__'
2025-09-11 09:03:05 - CopyLeftHandler - ERROR - 访问 handler.__iter__ 时出错: 'CopyLeftHandler' object has no attribute '__iter__'
2025-09-11 09:03:05 - AdditionalObligationHandler - ERROR - 访问 handler.__iter__ 时出错: 'AdditionalObligationHandler' object has no attribute '__iter__'
2025-09-11 09:03:05 - OtherObligations - ERROR - 访问 handler.__iter__ 时出错: 'OtherObligations' object has no attribute '__iter__'
2025-09-11 09:03:05 - ReadmeOSS - ERROR - 访问 handler.__iter__ 时出错: 'ReadmeOSS' object has no attribute '__iter__'
2025-09-11 09:03:05 - SourceCodeHandler - ERROR - 访问 handler.__iter__ 时出错: 'SourceCodeHandler' object has no attribute '__iter__'
2025-09-11 09:03:05 - RemainingHandler - ERROR - 访问 handler.__iter__ 时出错: 'RemainingHandler' object has no attribute '__iter__'
2025-09-11 09:03:05 - SpecialCombiningHandler - ERROR - 访问 handler.__iter__ 时出错: 'SpecialCombiningHandler' object has no attribute '__iter__'
2025-09-11 09:03:05 - InteractionObligationHandler - ERROR - 访问 handler.__iter__ 时出错: 'InteractionObligationHandler' object has no attribute '__iter__'
2025-09-11 09:03:05 - CopyLeftHandler - ERROR - 访问 handler.__iter__ 时出错: 'CopyLeftHandler' object has no attribute '__iter__'
2025-09-11 09:03:05 - AdditionalObligationHandler - ERROR - 访问 handler.__iter__ 时出错: 'AdditionalObligationHandler' object has no attribute '__iter__'
2025-09-11 09:03:05 - OtherObligations - ERROR - 访问 handler.__iter__ 时出错: 'OtherObligations' object has no attribute '__iter__'
2025-09-11 09:03:05 - ReadmeOSS - ERROR - 访问 handler.__iter__ 时出错: 'ReadmeOSS' object has no attribute '__iter__'
2025-09-11 09:03:05 - SourceCodeHandler - ERROR - 访问 handler.__iter__ 时出错: 'SourceCodeHandler' object has no attribute '__iter__'
2025-09-11 09:03:05 - RemainingHandler - ERROR - 访问 handler.__iter__ 时出错: 'RemainingHandler' object has no attribute '__iter__'
2025-09-11 09:03:05 - SpecialCombiningHandler - ERROR - 访问 handler.__iter__ 时出错: 'SpecialCombiningHandler' object has no attribute '__iter__'
2025-09-11 09:03:17 - back_end.services.chat_service - INFO - Status check - Processing type: pure_component, Item type: ItemType.PC, Status: special_consideration -> special_consideration
2025-09-11 09:03:26 - back_end.services.chat_service - INFO - chat_service._handle_chapter_generation: Processing ChapterGeneration with result: next
