2025-08-26 16:55:14 - root - INFO - 服务器日志系统初始化完成，日志文件: C:\Users\z0054unn\Documents\Siemens-GitLab\Third-party\third-party-clearance\logs\server_20250826_16h55m14s.log
2025-08-26 16:55:14 - root - INFO - 服务器日志系统初始化完成，日志文件: C:\Users\z0054unn\Documents\Siemens-GitLab\Third-party\third-party-clearance\logs\server_20250826_16h55m14s.log
2025-08-26 16:55:14 - nodes - INFO - Now we are parsing the original HTML File
2025-08-26 16:55:14 - nodes - INFO - Successfully parsed!
2025-08-26 16:55:19 - back_end.services.chat_service - INFO - we have found risk bot when initializing the chat service!
2025-08-26 16:55:19 - testing - INFO - 开始执行测试: test_custom_instruction_retrieval
2025-08-26 16:55:19 - testing - INFO - 开始执行测试: test_initial_content_generation
2025-08-26 16:55:22 - utils.tools - INFO - we should have result like {'result': 'next', 'talking': 'Please specify the mode in which you would like to continue, or detail the information you need regarding OSS and PSS compliance.'}
2025-08-26 16:55:22 - back_end.services.chat_service - INFO - user_input: 
            Just generate the markdown

    
2025-08-26 16:55:22 - back_end.services.chat_flow - INFO - chat_flow.process: 处理状态: ConfirmationStatus.COMPONENTOVERVIEW
2025-08-26 16:55:22 - back_end.services.chat_service - INFO - chat_service.process_user_input: Current status: component_overview, Updated status: component_overview
2025-08-26 16:55:22 - utils.tools - WARNING - 未找到处理类型(processing_type)，使用默认值: component
2025-08-26 16:55:22 - back_end.services.chat_service - INFO - Status check - Processing type: component, Item type: ItemType.COMPONENT, Status: component_overview -> component_overview
2025-08-26 16:55:22 - back_end.services.chat_service - INFO - now we started generating content with this handler ComponenetOverviewHandler
2025-08-26 16:55:39 - utils.PRC_Generation.component_overview - INFO - we have found the global_licenses for Amazon FreeRTOS-Kernel, which are ['MIT']
2025-08-26 16:55:39 - utils.PRC_Generation.component_overview - INFO - Normalized global licenses: ['mit']
2025-08-26 16:55:39 - utils.PRC_Generation.component_overview - INFO - Now We are reviewing this component_license Apache-2.0
2025-08-26 16:55:39 - utils.PRC_Generation.component_overview - INFO - Normalized "Apache-2.0" to "apache-2.0"
2025-08-26 16:55:39 - utils.PRC_Generation.component_overview - INFO - Is in global licenses: False
2025-08-26 16:55:39 - utils.PRC_Generation.component_overview - INFO - Now We are reviewing this component_license BSD-3-Clause
2025-08-26 16:55:39 - utils.PRC_Generation.component_overview - INFO - Normalized "BSD-3-Clause" to "bsd-3-clause"
2025-08-26 16:55:39 - utils.PRC_Generation.component_overview - INFO - Is in global licenses: False
2025-08-26 16:55:39 - utils.PRC_Generation.component_overview - INFO - Now We are reviewing this component_license BSD-3-Clause
2025-08-26 16:55:39 - utils.PRC_Generation.component_overview - INFO - Normalized "BSD-3-Clause" to "bsd-3-clause"
2025-08-26 16:55:39 - utils.PRC_Generation.component_overview - INFO - Is in global licenses: False
2025-08-26 16:55:39 - utils.PRC_Generation.component_overview - INFO - Now We are reviewing this component_license Dual license MIT and BSD-3-Clause
2025-08-26 16:55:39 - utils.PRC_Generation.component_overview - INFO - Normalized "Dual license MIT and BSD-3-Clause" to "duallicensemitandbsd-3-clause"
2025-08-26 16:55:39 - utils.PRC_Generation.component_overview - INFO - Is in global licenses: False
2025-08-26 16:55:39 - utils.PRC_Generation.component_overview - INFO - Now We are reviewing this component_license GPL-2.0-with-FreeRTOS exception
2025-08-26 16:55:39 - utils.PRC_Generation.component_overview - INFO - Normalized "GPL-2.0-with-FreeRTOS exception" to "gpl-2.0-with-freertosexception"
2025-08-26 16:55:39 - utils.PRC_Generation.component_overview - INFO - Is in global licenses: False
2025-08-26 16:55:39 - utils.PRC_Generation.component_overview - INFO - Now We are reviewing this component_license MIT
2025-08-26 16:55:39 - utils.PRC_Generation.component_overview - INFO - Normalized "MIT" to "mit"
2025-08-26 16:55:39 - utils.PRC_Generation.component_overview - INFO - Is in global licenses: True
2025-08-26 16:55:39 - utils.PRC_Generation.component_overview - INFO - MATCH FOUND - Adding as bold: **MIT**
2025-08-26 16:55:54 - utils.PRC_Generation.component_overview - INFO - we have found the global_licenses for CMSIS 5, which are ['Apache-2.0']
2025-08-26 16:55:54 - utils.PRC_Generation.component_overview - INFO - Normalized global licenses: ['apache-2.0']
2025-08-26 16:55:54 - utils.PRC_Generation.component_overview - INFO - Now We are reviewing this component_license Apache-2.0
2025-08-26 16:55:54 - utils.PRC_Generation.component_overview - INFO - Normalized "Apache-2.0" to "apache-2.0"
2025-08-26 16:55:54 - utils.PRC_Generation.component_overview - INFO - Is in global licenses: True
2025-08-26 16:55:54 - utils.PRC_Generation.component_overview - INFO - MATCH FOUND - Adding as bold: **Apache-2.0**
2025-08-26 16:55:54 - utils.PRC_Generation.component_overview - INFO - Now We are reviewing this component_license BSD-3-Clause
2025-08-26 16:55:54 - utils.PRC_Generation.component_overview - INFO - Normalized "BSD-3-Clause" to "bsd-3-clause"
2025-08-26 16:55:54 - utils.PRC_Generation.component_overview - INFO - Is in global licenses: False
2025-08-26 16:55:54 - utils.PRC_Generation.component_overview - INFO - Now We are reviewing this component_license Permission Notice
2025-08-26 16:55:54 - utils.PRC_Generation.component_overview - INFO - Normalized "Permission Notice" to "permissionnotice"
2025-08-26 16:55:54 - utils.PRC_Generation.component_overview - INFO - Is in global licenses: False
2025-08-26 16:55:54 - utils.PRC_Generation.component_overview - INFO - Now We are reviewing this component_license Permission Notice
2025-08-26 16:55:54 - utils.PRC_Generation.component_overview - INFO - Normalized "Permission Notice" to "permissionnotice"
2025-08-26 16:55:54 - utils.PRC_Generation.component_overview - INFO - Is in global licenses: False
2025-08-26 16:55:54 - utils.PRC_Generation.component_overview - INFO - Now We are reviewing this component_license Preserve Copyright Notice_Author
2025-08-26 16:55:54 - utils.PRC_Generation.component_overview - INFO - Normalized "Preserve Copyright Notice_Author" to "preservecopyrightnotice_author"
2025-08-26 16:55:54 - utils.PRC_Generation.component_overview - INFO - Is in global licenses: False
2025-08-26 16:56:07 - utils.PRC_Generation.component_overview - INFO - we have found the global_licenses for FlashDB, which are ['Apache-2.0']
2025-08-26 16:56:07 - utils.PRC_Generation.component_overview - INFO - Normalized global licenses: ['apache-2.0']
2025-08-26 16:56:07 - utils.PRC_Generation.component_overview - INFO - Now We are reviewing this component_license Apache-2.0
2025-08-26 16:56:07 - utils.PRC_Generation.component_overview - INFO - Normalized "Apache-2.0" to "apache-2.0"
2025-08-26 16:56:07 - utils.PRC_Generation.component_overview - INFO - Is in global licenses: True
2025-08-26 16:56:07 - utils.PRC_Generation.component_overview - INFO - MATCH FOUND - Adding as bold: **Apache-2.0**
2025-08-26 16:56:25 - utils.PRC_Generation.component_overview - INFO - we have found the global_licenses for GNU GNU Arm Embedded Toolchain Runtime Library   Partial for EmbeddedV, which are ['Apache-2.0', 'GPL-3.0+ with GCC-exception-3.1']
2025-08-26 16:56:25 - utils.PRC_Generation.component_overview - INFO - Normalized global licenses: ['apache-2.0', 'gpl-3.0+withgcc-exception-3.1']
2025-08-26 16:56:25 - utils.PRC_Generation.component_overview - INFO - Now We are reviewing this component_license Apache-2.0 WITH LLVM-exception
2025-08-26 16:56:25 - utils.PRC_Generation.component_overview - INFO - Normalized "Apache-2.0 WITH LLVM-exception" to "apache-2.0withllvm-exception"
2025-08-26 16:56:25 - utils.PRC_Generation.component_overview - INFO - Is in global licenses: False
2025-08-26 16:56:25 - utils.PRC_Generation.component_overview - INFO - Now We are reviewing this component_license BSD-2-Clause
2025-08-26 16:56:25 - utils.PRC_Generation.component_overview - INFO - Normalized "BSD-2-Clause" to "bsd-2-clause"
2025-08-26 16:56:25 - utils.PRC_Generation.component_overview - INFO - Is in global licenses: False
2025-08-26 16:56:25 - utils.PRC_Generation.component_overview - INFO - Now We are reviewing this component_license BSD-2-Clause
2025-08-26 16:56:25 - utils.PRC_Generation.component_overview - INFO - Normalized "BSD-2-Clause" to "bsd-2-clause"
2025-08-26 16:56:25 - utils.PRC_Generation.component_overview - INFO - Is in global licenses: False
2025-08-26 16:56:25 - utils.PRC_Generation.component_overview - INFO - Now We are reviewing this component_license BSD-2-Clause
2025-08-26 16:56:25 - utils.PRC_Generation.component_overview - INFO - Normalized "BSD-2-Clause" to "bsd-2-clause"
2025-08-26 16:56:25 - utils.PRC_Generation.component_overview - INFO - Is in global licenses: False
2025-08-26 16:56:25 - utils.PRC_Generation.component_overview - INFO - Now We are reviewing this component_license BSD-2-Clause
2025-08-26 16:56:25 - utils.PRC_Generation.component_overview - INFO - Normalized "BSD-2-Clause" to "bsd-2-clause"
2025-08-26 16:56:25 - utils.PRC_Generation.component_overview - INFO - Is in global licenses: False
2025-08-26 16:56:25 - utils.PRC_Generation.component_overview - INFO - Now We are reviewing this component_license BSD-2-Clause
2025-08-26 16:56:25 - utils.PRC_Generation.component_overview - INFO - Normalized "BSD-2-Clause" to "bsd-2-clause"
2025-08-26 16:56:25 - utils.PRC_Generation.component_overview - INFO - Is in global licenses: False
2025-08-26 16:56:25 - utils.PRC_Generation.component_overview - INFO - Now We are reviewing this component_license BSD-2-Clause
2025-08-26 16:56:25 - utils.PRC_Generation.component_overview - INFO - Normalized "BSD-2-Clause" to "bsd-2-clause"
2025-08-26 16:56:25 - utils.PRC_Generation.component_overview - INFO - Is in global licenses: False
2025-08-26 16:56:25 - utils.PRC_Generation.component_overview - INFO - Now We are reviewing this component_license BSD-2-Clause
2025-08-26 16:56:25 - utils.PRC_Generation.component_overview - INFO - Normalized "BSD-2-Clause" to "bsd-2-clause"
2025-08-26 16:56:25 - utils.PRC_Generation.component_overview - INFO - Is in global licenses: False
2025-08-26 16:56:25 - utils.PRC_Generation.component_overview - INFO - Now We are reviewing this component_license BSD-2-Clause
2025-08-26 16:56:25 - utils.PRC_Generation.component_overview - INFO - Normalized "BSD-2-Clause" to "bsd-2-clause"
2025-08-26 16:56:25 - utils.PRC_Generation.component_overview - INFO - Is in global licenses: False
2025-08-26 16:56:25 - utils.PRC_Generation.component_overview - INFO - Now We are reviewing this component_license BSD-2-Clause
2025-08-26 16:56:25 - utils.PRC_Generation.component_overview - INFO - Normalized "BSD-2-Clause" to "bsd-2-clause"
2025-08-26 16:56:25 - utils.PRC_Generation.component_overview - INFO - Is in global licenses: False
2025-08-26 16:56:25 - utils.PRC_Generation.component_overview - INFO - Now We are reviewing this component_license BSD-3-Clause
2025-08-26 16:56:25 - utils.PRC_Generation.component_overview - INFO - Normalized "BSD-3-Clause" to "bsd-3-clause"
2025-08-26 16:56:25 - utils.PRC_Generation.component_overview - INFO - Is in global licenses: False
2025-08-26 16:56:26 - utils.PRC_Generation.component_overview - INFO - Now We are reviewing this component_license BSD-3-Clause
2025-08-26 16:56:26 - utils.PRC_Generation.component_overview - INFO - Normalized "BSD-3-Clause" to "bsd-3-clause"
2025-08-26 16:56:26 - utils.PRC_Generation.component_overview - INFO - Is in global licenses: False
2025-08-26 16:56:26 - utils.PRC_Generation.component_overview - INFO - Now We are reviewing this component_license BSD-3-Clause
2025-08-26 16:56:26 - utils.PRC_Generation.component_overview - INFO - Normalized "BSD-3-Clause" to "bsd-3-clause"
2025-08-26 16:56:26 - utils.PRC_Generation.component_overview - INFO - Is in global licenses: False
2025-08-26 16:56:26 - utils.PRC_Generation.component_overview - INFO - Now We are reviewing this component_license BSD-3-Clause
2025-08-26 16:56:26 - utils.PRC_Generation.component_overview - INFO - Normalized "BSD-3-Clause" to "bsd-3-clause"
2025-08-26 16:56:26 - utils.PRC_Generation.component_overview - INFO - Is in global licenses: False
2025-08-26 16:56:26 - utils.PRC_Generation.component_overview - INFO - Now We are reviewing this component_license BSD-3-Clause
2025-08-26 16:56:26 - utils.PRC_Generation.component_overview - INFO - Normalized "BSD-3-Clause" to "bsd-3-clause"
2025-08-26 16:56:26 - utils.PRC_Generation.component_overview - INFO - Is in global licenses: False
2025-08-26 16:56:26 - utils.PRC_Generation.component_overview - INFO - Now We are reviewing this component_license BSD-3-Clause
2025-08-26 16:56:26 - utils.PRC_Generation.component_overview - INFO - Normalized "BSD-3-Clause" to "bsd-3-clause"
2025-08-26 16:56:26 - utils.PRC_Generation.component_overview - INFO - Is in global licenses: False
2025-08-26 16:56:26 - utils.PRC_Generation.component_overview - INFO - Now We are reviewing this component_license BSD-3-Clause
2025-08-26 16:56:26 - utils.PRC_Generation.component_overview - INFO - Normalized "BSD-3-Clause" to "bsd-3-clause"
2025-08-26 16:56:26 - utils.PRC_Generation.component_overview - INFO - Is in global licenses: False
2025-08-26 16:56:26 - utils.PRC_Generation.component_overview - INFO - Now We are reviewing this component_license BSD-3-Clause
2025-08-26 16:56:26 - utils.PRC_Generation.component_overview - INFO - Normalized "BSD-3-Clause" to "bsd-3-clause"
2025-08-26 16:56:26 - utils.PRC_Generation.component_overview - INFO - Is in global licenses: False
2025-08-26 16:56:26 - utils.PRC_Generation.component_overview - INFO - Now We are reviewing this component_license BSD-3-Clause
2025-08-26 16:56:26 - utils.PRC_Generation.component_overview - INFO - Normalized "BSD-3-Clause" to "bsd-3-clause"
2025-08-26 16:56:26 - utils.PRC_Generation.component_overview - INFO - Is in global licenses: False
2025-08-26 16:56:26 - utils.PRC_Generation.component_overview - INFO - Now We are reviewing this component_license BSD-3-Clause
2025-08-26 16:56:26 - utils.PRC_Generation.component_overview - INFO - Normalized "BSD-3-Clause" to "bsd-3-clause"
2025-08-26 16:56:26 - utils.PRC_Generation.component_overview - INFO - Is in global licenses: False
2025-08-26 16:56:26 - utils.PRC_Generation.component_overview - INFO - Now We are reviewing this component_license BSD-3-Clause
2025-08-26 16:56:26 - utils.PRC_Generation.component_overview - INFO - Normalized "BSD-3-Clause" to "bsd-3-clause"
2025-08-26 16:56:26 - utils.PRC_Generation.component_overview - INFO - Is in global licenses: False
2025-08-26 16:56:26 - utils.PRC_Generation.component_overview - INFO - Now We are reviewing this component_license BSD-3-Clause
2025-08-26 16:56:26 - utils.PRC_Generation.component_overview - INFO - Normalized "BSD-3-Clause" to "bsd-3-clause"
2025-08-26 16:56:26 - utils.PRC_Generation.component_overview - INFO - Is in global licenses: False
2025-08-26 16:56:26 - utils.PRC_Generation.component_overview - INFO - Now We are reviewing this component_license BSD-3-Clause
2025-08-26 16:56:26 - utils.PRC_Generation.component_overview - INFO - Normalized "BSD-3-Clause" to "bsd-3-clause"
2025-08-26 16:56:26 - utils.PRC_Generation.component_overview - INFO - Is in global licenses: False
2025-08-26 16:56:26 - utils.PRC_Generation.component_overview - INFO - Now We are reviewing this component_license BSL-1.0
2025-08-26 16:56:26 - utils.PRC_Generation.component_overview - INFO - Normalized "BSL-1.0" to "bsl-1.0"
2025-08-26 16:56:26 - utils.PRC_Generation.component_overview - INFO - Is in global licenses: False
2025-08-26 16:56:26 - utils.PRC_Generation.component_overview - INFO - Now We are reviewing this component_license Dual-license
2025-08-26 16:56:26 - utils.PRC_Generation.component_overview - INFO - Normalized "Dual-license" to "dual-license"
2025-08-26 16:56:26 - utils.PRC_Generation.component_overview - INFO - Is in global licenses: False
2025-08-26 16:56:26 - utils.PRC_Generation.component_overview - INFO - Now We are reviewing this component_license Dual-license
2025-08-26 16:56:26 - utils.PRC_Generation.component_overview - INFO - Normalized "Dual-license" to "dual-license"
2025-08-26 16:56:26 - utils.PRC_Generation.component_overview - INFO - Is in global licenses: False
2025-08-26 16:56:26 - utils.PRC_Generation.component_overview - INFO - Now We are reviewing this component_license GPL-3.0+ with GCC-exception-3.1
2025-08-26 16:56:26 - utils.PRC_Generation.component_overview - INFO - Normalized "GPL-3.0+ with GCC-exception-3.1" to "gpl-3.0+withgcc-exception-3.1"
2025-08-26 16:56:26 - utils.PRC_Generation.component_overview - INFO - Is in global licenses: True
2025-08-26 16:56:26 - utils.PRC_Generation.component_overview - INFO - MATCH FOUND - Adding as bold: **GPL-3.0+ with GCC-exception-3.1**
2025-08-26 16:56:26 - utils.PRC_Generation.component_overview - INFO - Now We are reviewing this component_license ISC
2025-08-26 16:56:26 - utils.PRC_Generation.component_overview - INFO - Normalized "ISC" to "isc"
2025-08-26 16:56:26 - utils.PRC_Generation.component_overview - INFO - Is in global licenses: False
2025-08-26 16:56:26 - utils.PRC_Generation.component_overview - INFO - Now We are reviewing this component_license LGPL-2.0-or-later
2025-08-26 16:56:26 - utils.PRC_Generation.component_overview - INFO - Normalized "LGPL-2.0-or-later" to "lgpl-2.0-or-later"
2025-08-26 16:56:26 - utils.PRC_Generation.component_overview - INFO - Is in global licenses: False
2025-08-26 16:56:26 - utils.PRC_Generation.component_overview - INFO - Now We are reviewing this component_license LGPL-2.1+ with GCC-exception
2025-08-26 16:56:26 - utils.PRC_Generation.component_overview - INFO - Normalized "LGPL-2.1+ with GCC-exception" to "lgpl-2.1+withgcc-exception"
2025-08-26 16:56:26 - utils.PRC_Generation.component_overview - INFO - Is in global licenses: False
2025-08-26 16:56:26 - utils.PRC_Generation.component_overview - INFO - Now We are reviewing this component_license LGPL-2.1-or-later
2025-08-26 16:56:26 - utils.PRC_Generation.component_overview - INFO - Normalized "LGPL-2.1-or-later" to "lgpl-2.1-or-later"
2025-08-26 16:56:26 - utils.PRC_Generation.component_overview - INFO - Is in global licenses: False
2025-08-26 16:56:26 - utils.PRC_Generation.component_overview - INFO - Now We are reviewing this component_license MIT
2025-08-26 16:56:26 - utils.PRC_Generation.component_overview - INFO - Normalized "MIT" to "mit"
2025-08-26 16:56:26 - utils.PRC_Generation.component_overview - INFO - Is in global licenses: False
2025-08-26 16:56:26 - utils.PRC_Generation.component_overview - INFO - Now We are reviewing this component_license NCSA
2025-08-26 16:56:26 - utils.PRC_Generation.component_overview - INFO - Normalized "NCSA" to "ncsa"
2025-08-26 16:56:26 - utils.PRC_Generation.component_overview - INFO - Is in global licenses: False
2025-08-26 16:56:26 - utils.PRC_Generation.component_overview - INFO - Now We are reviewing this component_license Permission Notice
2025-08-26 16:56:26 - utils.PRC_Generation.component_overview - INFO - Normalized "Permission Notice" to "permissionnotice"
2025-08-26 16:56:26 - utils.PRC_Generation.component_overview - INFO - Is in global licenses: False
2025-08-26 16:56:26 - utils.PRC_Generation.component_overview - INFO - Now We are reviewing this component_license Permission Notice
2025-08-26 16:56:26 - utils.PRC_Generation.component_overview - INFO - Normalized "Permission Notice" to "permissionnotice"
2025-08-26 16:56:26 - utils.PRC_Generation.component_overview - INFO - Is in global licenses: False
2025-08-26 16:56:26 - utils.PRC_Generation.component_overview - INFO - Now We are reviewing this component_license Permission Notice
2025-08-26 16:56:26 - utils.PRC_Generation.component_overview - INFO - Normalized "Permission Notice" to "permissionnotice"
2025-08-26 16:56:26 - utils.PRC_Generation.component_overview - INFO - Is in global licenses: False
2025-08-26 16:56:26 - utils.PRC_Generation.component_overview - INFO - Now We are reviewing this component_license Permission Notice
2025-08-26 16:56:26 - utils.PRC_Generation.component_overview - INFO - Normalized "Permission Notice" to "permissionnotice"
2025-08-26 16:56:26 - utils.PRC_Generation.component_overview - INFO - Is in global licenses: False
2025-08-26 16:56:26 - utils.PRC_Generation.component_overview - INFO - Now We are reviewing this component_license Permission Notice
2025-08-26 16:56:26 - utils.PRC_Generation.component_overview - INFO - Normalized "Permission Notice" to "permissionnotice"
2025-08-26 16:56:26 - utils.PRC_Generation.component_overview - INFO - Is in global licenses: False
2025-08-26 16:56:26 - utils.PRC_Generation.component_overview - INFO - Now We are reviewing this component_license Permission Notice
2025-08-26 16:56:26 - utils.PRC_Generation.component_overview - INFO - Normalized "Permission Notice" to "permissionnotice"
2025-08-26 16:56:26 - utils.PRC_Generation.component_overview - INFO - Is in global licenses: False
2025-08-26 16:56:26 - utils.PRC_Generation.component_overview - INFO - Now We are reviewing this component_license Permission Notice
2025-08-26 16:56:26 - utils.PRC_Generation.component_overview - INFO - Normalized "Permission Notice" to "permissionnotice"
2025-08-26 16:56:26 - utils.PRC_Generation.component_overview - INFO - Is in global licenses: False
2025-08-26 16:56:26 - utils.PRC_Generation.component_overview - INFO - Now We are reviewing this component_license Permission Notice
2025-08-26 16:56:26 - utils.PRC_Generation.component_overview - INFO - Normalized "Permission Notice" to "permissionnotice"
2025-08-26 16:56:26 - utils.PRC_Generation.component_overview - INFO - Is in global licenses: False
2025-08-26 16:56:26 - utils.PRC_Generation.component_overview - INFO - Now We are reviewing this component_license Permission Notice
2025-08-26 16:56:26 - utils.PRC_Generation.component_overview - INFO - Normalized "Permission Notice" to "permissionnotice"
2025-08-26 16:56:26 - utils.PRC_Generation.component_overview - INFO - Is in global licenses: False
2025-08-26 16:56:26 - utils.PRC_Generation.component_overview - INFO - Now We are reviewing this component_license Permission Notice
2025-08-26 16:56:26 - utils.PRC_Generation.component_overview - INFO - Normalized "Permission Notice" to "permissionnotice"
2025-08-26 16:56:26 - utils.PRC_Generation.component_overview - INFO - Is in global licenses: False
2025-08-26 16:56:26 - utils.PRC_Generation.component_overview - INFO - Now We are reviewing this component_license Permission Notice
2025-08-26 16:56:26 - utils.PRC_Generation.component_overview - INFO - Normalized "Permission Notice" to "permissionnotice"
2025-08-26 16:56:26 - utils.PRC_Generation.component_overview - INFO - Is in global licenses: False
2025-08-26 16:56:26 - utils.PRC_Generation.component_overview - INFO - Now We are reviewing this component_license Permission Notice
2025-08-26 16:56:26 - utils.PRC_Generation.component_overview - INFO - Normalized "Permission Notice" to "permissionnotice"
2025-08-26 16:56:26 - utils.PRC_Generation.component_overview - INFO - Is in global licenses: False
2025-08-26 16:56:26 - utils.PRC_Generation.component_overview - INFO - Now We are reviewing this component_license Permission Notice
2025-08-26 16:56:26 - utils.PRC_Generation.component_overview - INFO - Normalized "Permission Notice" to "permissionnotice"
2025-08-26 16:56:26 - utils.PRC_Generation.component_overview - INFO - Is in global licenses: False
2025-08-26 16:56:26 - utils.PRC_Generation.component_overview - INFO - Now We are reviewing this component_license Permission Notice
2025-08-26 16:56:26 - utils.PRC_Generation.component_overview - INFO - Normalized "Permission Notice" to "permissionnotice"
2025-08-26 16:56:26 - utils.PRC_Generation.component_overview - INFO - Is in global licenses: False
2025-08-26 16:56:26 - utils.PRC_Generation.component_overview - INFO - Now We are reviewing this component_license Permission Notice
2025-08-26 16:56:26 - utils.PRC_Generation.component_overview - INFO - Normalized "Permission Notice" to "permissionnotice"
2025-08-26 16:56:26 - utils.PRC_Generation.component_overview - INFO - Is in global licenses: False
2025-08-26 16:56:26 - utils.PRC_Generation.component_overview - INFO - Now We are reviewing this component_license Permission Notice
2025-08-26 16:56:26 - utils.PRC_Generation.component_overview - INFO - Normalized "Permission Notice" to "permissionnotice"
2025-08-26 16:56:26 - utils.PRC_Generation.component_overview - INFO - Is in global licenses: False
2025-08-26 16:56:26 - utils.PRC_Generation.component_overview - INFO - Now We are reviewing this component_license Permission Notice
2025-08-26 16:56:26 - utils.PRC_Generation.component_overview - INFO - Normalized "Permission Notice" to "permissionnotice"
2025-08-26 16:56:26 - utils.PRC_Generation.component_overview - INFO - Is in global licenses: False
2025-08-26 16:56:26 - utils.PRC_Generation.component_overview - INFO - Now We are reviewing this component_license Permission Notice 
2025-08-26 16:56:26 - utils.PRC_Generation.component_overview - INFO - Normalized "Permission Notice " to "permissionnotice"
2025-08-26 16:56:26 - utils.PRC_Generation.component_overview - INFO - Is in global licenses: False
2025-08-26 16:56:26 - utils.PRC_Generation.component_overview - INFO - Now We are reviewing this component_license Permission Notice 
2025-08-26 16:56:26 - utils.PRC_Generation.component_overview - INFO - Normalized "Permission Notice " to "permissionnotice"
2025-08-26 16:56:26 - utils.PRC_Generation.component_overview - INFO - Is in global licenses: False
2025-08-26 16:56:26 - utils.PRC_Generation.component_overview - INFO - Now We are reviewing this component_license Public-Domain
2025-08-26 16:56:26 - utils.PRC_Generation.component_overview - INFO - Normalized "Public-Domain" to "public-domain"
2025-08-26 16:56:26 - utils.PRC_Generation.component_overview - INFO - Is in global licenses: False
2025-08-26 16:56:26 - utils.PRC_Generation.component_overview - INFO - Now We are reviewing this component_license Public-Domain
2025-08-26 16:56:26 - utils.PRC_Generation.component_overview - INFO - Normalized "Public-Domain" to "public-domain"
2025-08-26 16:56:26 - utils.PRC_Generation.component_overview - INFO - Is in global licenses: False
2025-08-26 16:56:26 - utils.PRC_Generation.component_overview - INFO - Now We are reviewing this component_license Spencer-94
2025-08-26 16:56:26 - utils.PRC_Generation.component_overview - INFO - Normalized "Spencer-94" to "spencer-94"
2025-08-26 16:56:26 - utils.PRC_Generation.component_overview - INFO - Is in global licenses: False
2025-08-26 16:56:26 - utils.PRC_Generation.component_overview - INFO - Now We are reviewing this component_license SunPro
2025-08-26 16:56:26 - utils.PRC_Generation.component_overview - INFO - Normalized "SunPro" to "sunpro"
2025-08-26 16:56:26 - utils.PRC_Generation.component_overview - INFO - Is in global licenses: False
2025-08-26 16:56:41 - utils.PRC_Generation.component_overview - INFO - we have found the global_licenses for Mbed TLS, which are ['Apache-2.0']
2025-08-26 16:56:41 - utils.PRC_Generation.component_overview - INFO - Normalized global licenses: ['apache-2.0']
2025-08-26 16:56:41 - utils.PRC_Generation.component_overview - INFO - Now We are reviewing this component_license Apache-2.0
2025-08-26 16:56:41 - utils.PRC_Generation.component_overview - INFO - Normalized "Apache-2.0" to "apache-2.0"
2025-08-26 16:56:41 - utils.PRC_Generation.component_overview - INFO - Is in global licenses: True
2025-08-26 16:56:41 - utils.PRC_Generation.component_overview - INFO - MATCH FOUND - Adding as bold: **Apache-2.0**
2025-08-26 16:56:56 - utils.PRC_Generation.component_overview - INFO - we have found the global_licenses for OpenThread, which are ['BSD-3-Clause', 'BSD-3-Clause', 'BSD-3-Clause', 'BSD-3-Clause']
2025-08-26 16:56:56 - utils.PRC_Generation.component_overview - INFO - Normalized global licenses: ['bsd-3-clause', 'bsd-3-clause', 'bsd-3-clause', 'bsd-3-clause']
2025-08-26 16:56:56 - utils.PRC_Generation.component_overview - INFO - Now We are reviewing this component_license Apache-2.0
2025-08-26 16:56:56 - utils.PRC_Generation.component_overview - INFO - Normalized "Apache-2.0" to "apache-2.0"
2025-08-26 16:56:56 - utils.PRC_Generation.component_overview - INFO - Is in global licenses: False
2025-08-26 16:56:56 - utils.PRC_Generation.component_overview - INFO - Now We are reviewing this component_license Apache-2.0 OR GPL-2.0-or-later
2025-08-26 16:56:56 - utils.PRC_Generation.component_overview - INFO - Normalized "Apache-2.0 OR GPL-2.0-or-later" to "apache-2.0orgpl-2.0-or-later"
2025-08-26 16:56:56 - utils.PRC_Generation.component_overview - INFO - Is in global licenses: False
2025-08-26 16:56:56 - utils.PRC_Generation.component_overview - INFO - Now We are reviewing this component_license BSD-2-Clause
2025-08-26 16:56:56 - utils.PRC_Generation.component_overview - INFO - Normalized "BSD-2-Clause" to "bsd-2-clause"
2025-08-26 16:56:56 - utils.PRC_Generation.component_overview - INFO - Is in global licenses: False
2025-08-26 16:56:56 - utils.PRC_Generation.component_overview - INFO - Now We are reviewing this component_license BSD-3-Clause
2025-08-26 16:56:56 - utils.PRC_Generation.component_overview - INFO - Normalized "BSD-3-Clause" to "bsd-3-clause"
2025-08-26 16:56:56 - utils.PRC_Generation.component_overview - INFO - Is in global licenses: True
2025-08-26 16:56:56 - utils.PRC_Generation.component_overview - INFO - MATCH FOUND - Adding as bold: **BSD-3-Clause**
2025-08-26 16:56:56 - utils.PRC_Generation.component_overview - INFO - Now We are reviewing this component_license BSD-3-Clause
2025-08-26 16:56:56 - utils.PRC_Generation.component_overview - INFO - Normalized "BSD-3-Clause" to "bsd-3-clause"
2025-08-26 16:56:56 - utils.PRC_Generation.component_overview - INFO - Is in global licenses: True
2025-08-26 16:56:56 - utils.PRC_Generation.component_overview - INFO - MATCH FOUND - Adding as bold: **BSD-3-Clause**
2025-08-26 16:56:56 - utils.PRC_Generation.component_overview - INFO - Now We are reviewing this component_license BSD-3-Clause
2025-08-26 16:56:56 - utils.PRC_Generation.component_overview - INFO - Normalized "BSD-3-Clause" to "bsd-3-clause"
2025-08-26 16:56:56 - utils.PRC_Generation.component_overview - INFO - Is in global licenses: True
2025-08-26 16:56:56 - utils.PRC_Generation.component_overview - INFO - MATCH FOUND - Adding as bold: **BSD-3-Clause**
2025-08-26 16:56:56 - utils.PRC_Generation.component_overview - INFO - Now We are reviewing this component_license BSD-3-Clause
2025-08-26 16:56:56 - utils.PRC_Generation.component_overview - INFO - Normalized "BSD-3-Clause" to "bsd-3-clause"
2025-08-26 16:56:56 - utils.PRC_Generation.component_overview - INFO - Is in global licenses: True
2025-08-26 16:56:56 - utils.PRC_Generation.component_overview - INFO - MATCH FOUND - Adding as bold: **BSD-3-Clause**
2025-08-26 16:56:56 - utils.PRC_Generation.component_overview - INFO - Now We are reviewing this component_license Permission Notice
2025-08-26 16:56:56 - utils.PRC_Generation.component_overview - INFO - Normalized "Permission Notice" to "permissionnotice"
2025-08-26 16:56:56 - utils.PRC_Generation.component_overview - INFO - Is in global licenses: False
2025-08-26 16:57:09 - utils.PRC_Generation.component_overview - INFO - we have found the global_licenses for ST STM32CubeWB, which are []
2025-08-26 16:57:09 - utils.PRC_Generation.component_overview - INFO - Normalized global licenses: []
2025-08-26 16:57:09 - utils.PRC_Generation.component_overview - INFO - Now We are reviewing this component_license Apache-2.0
2025-08-26 16:57:09 - utils.PRC_Generation.component_overview - INFO - Normalized "Apache-2.0" to "apache-2.0"
2025-08-26 16:57:09 - utils.PRC_Generation.component_overview - INFO - Is in global licenses: False
2025-08-26 16:57:09 - utils.PRC_Generation.component_overview - INFO - Now We are reviewing this component_license BSD-1-Clause
2025-08-26 16:57:09 - utils.PRC_Generation.component_overview - INFO - Normalized "BSD-1-Clause" to "bsd-1-clause"
2025-08-26 16:57:09 - utils.PRC_Generation.component_overview - INFO - Is in global licenses: False
2025-08-26 16:57:09 - utils.PRC_Generation.component_overview - INFO - Now We are reviewing this component_license BSD-3-Clause
2025-08-26 16:57:09 - utils.PRC_Generation.component_overview - INFO - Normalized "BSD-3-Clause" to "bsd-3-clause"
2025-08-26 16:57:09 - utils.PRC_Generation.component_overview - INFO - Is in global licenses: False
2025-08-26 16:57:09 - utils.PRC_Generation.component_overview - INFO - Now We are reviewing this component_license BSD-3-Clause
2025-08-26 16:57:09 - utils.PRC_Generation.component_overview - INFO - Normalized "BSD-3-Clause" to "bsd-3-clause"
2025-08-26 16:57:09 - utils.PRC_Generation.component_overview - INFO - Is in global licenses: False
2025-08-26 16:57:09 - utils.PRC_Generation.component_overview - INFO - Now We are reviewing this component_license BSD-3-Clause
2025-08-26 16:57:09 - utils.PRC_Generation.component_overview - INFO - Normalized "BSD-3-Clause" to "bsd-3-clause"
2025-08-26 16:57:09 - utils.PRC_Generation.component_overview - INFO - Is in global licenses: False
2025-08-26 16:57:09 - utils.PRC_Generation.component_overview - INFO - Now We are reviewing this component_license BSD-3-Clause
2025-08-26 16:57:09 - utils.PRC_Generation.component_overview - INFO - Normalized "BSD-3-Clause" to "bsd-3-clause"
2025-08-26 16:57:09 - utils.PRC_Generation.component_overview - INFO - Is in global licenses: False
2025-08-26 16:57:09 - utils.PRC_Generation.component_overview - INFO - Now We are reviewing this component_license BSD-4-Clause-UC
2025-08-26 16:57:09 - utils.PRC_Generation.component_overview - INFO - Normalized "BSD-4-Clause-UC" to "bsd-4-clause-uc"
2025-08-26 16:57:09 - utils.PRC_Generation.component_overview - INFO - Is in global licenses: False
2025-08-26 16:57:09 - utils.PRC_Generation.component_overview - INFO - Now We are reviewing this component_license MIT
2025-08-26 16:57:09 - utils.PRC_Generation.component_overview - INFO - Normalized "MIT" to "mit"
2025-08-26 16:57:09 - utils.PRC_Generation.component_overview - INFO - Is in global licenses: False
2025-08-26 16:57:23 - utils.PRC_Generation.component_overview - INFO - we have found the global_licenses for tinycbor, which are []
2025-08-26 16:57:23 - utils.PRC_Generation.component_overview - INFO - Normalized global licenses: []
2025-08-26 16:57:23 - utils.PRC_Generation.component_overview - INFO - Now We are reviewing this component_license MIT
2025-08-26 16:57:23 - utils.PRC_Generation.component_overview - INFO - Normalized "MIT" to "mit"
2025-08-26 16:57:23 - utils.PRC_Generation.component_overview - INFO - Is in global licenses: False
