2025-09-08 14:51:01 - root - INFO - 服务器日志系统初始化完成，日志文件: C:\Users\z0054unn\Documents\Siemens-GitLab\Third-party\third-party-clearance\logs\server_20250908_14h51m01s.log
2025-09-08 14:51:01 - root - INFO - 服务器日志系统初始化完成，日志文件: C:\Users\z0054unn\Documents\Siemens-GitLab\Third-party\third-party-clearance\logs\server_20250908_14h51m01s.log
2025-09-08 14:51:01 - root - INFO - 服务器日志系统初始化完成，日志文件: C:\Users\z0054unn\Documents\Siemens-GitLab\Third-party\third-party-clearance\logs\server_20250908_14h51m01s.log
2025-09-08 14:51:01 - nodes - INFO - Now we are parsing the original HTML File
2025-09-08 14:51:01 - root - INFO - 服务器日志系统初始化完成，日志文件: C:\Users\z0054unn\Documents\Siemens-GitLab\Third-party\third-party-clearance\logs\server_20250908_14h51m01s.log
2025-09-08 14:51:01 - nodes - INFO - Now we are parsing the original HTML File
2025-09-08 14:51:06 - nodes - INFO - Successfully parsed!
2025-09-08 14:51:06 - nodes - INFO - Now we are parsing the original PCR file.
2025-09-08 14:51:06 - nodes - INFO - Successfully parsed!
2025-09-08 14:51:06 - nodes - INFO - Now we are parsing the original PCR file.
2025-09-08 14:51:15 - back_end.services.chat_service - INFO - we have found risk bot when initializing the chat service!
2025-09-08 14:51:15 - back_end.services.chat_manager - WARNING - now we start with checking: pure_component
2025-09-08 14:51:15 - testing - INFO - 检验测试环境初始化...
2025-09-08 14:51:15 - testing - INFO - 测试环境验证通过!
2025-09-08 14:51:15 - testing - INFO - 开始执行测试: test_custom_instruction_retrieval
2025-09-08 14:51:15 - testing - INFO - Now we are using the customized shared dictionary
2025-09-08 14:51:15 - back_end.services.chat_service - INFO - we have found risk bot when initializing the chat service!
2025-09-08 14:51:15 - back_end.services.chat_manager - WARNING - now we start with checking: pure_component
2025-09-08 14:51:15 - testing - INFO - 检验测试环境初始化...
2025-09-08 14:51:15 - testing - INFO - 测试环境验证通过!
2025-09-08 14:51:15 - testing - INFO - 开始执行测试: test_custom_instruction_retrieval
2025-09-08 14:51:15 - testing - INFO - Now we are using the customized shared dictionary
2025-09-08 14:51:18 - testing - INFO - Retrieved instructions with custom context: I understand that you want to switch to confirming mode. Please provide more details or clarify your needs so I can assist you better.
2025-09-08 14:51:18 - testing - INFO - 开始执行测试: test_user_in_flow
2025-09-08 14:51:18 - testing - INFO - 当前对话轮次1, 用户输入OK, show me the first subtitle
2025-09-08 14:51:18 - testing - INFO - Retrieved instructions with custom context: I'm currently in the operational mode as a Compliance Clearance Assistant. Please provide details about your software project or the compliance issue you're facing, and I'll assist you in confirming compliance status or identifying any risks.
2025-09-08 14:51:18 - testing - INFO - 开始执行测试: test_user_in_flow
2025-09-08 14:51:18 - testing - INFO - 当前对话轮次1, 用户输入OK, show me the first subtitle
2025-09-08 14:53:04 - back_end.services.chat_service - INFO - user_input: OK, show me the first subtitle
2025-09-08 14:53:06 - back_end.services.chat_service - INFO - chat_service.process_user_input: we have this response {'result': 'next', 'talking': 'The first subtitle is not specified in this context. If you could provide more context or specify what subtitle you are referring to, I can assist you better.'}
2025-09-08 14:53:18 - back_end.services.chat_service - INFO - user_input: OK, show me the first subtitle
2025-09-08 14:53:20 - back_end.services.chat_service - INFO - chat_service.process_user_input: we have this response {'result': 'continue', 'talking': "I need more context about what you mean by 'first subtitle.' Are you referring to a specific document or software project? Please provide more details so I can assist you effectively."}
2025-09-08 14:53:21 - ObligationsHandler - INFO - Initialized 7 subtitle handlers for item: 0
2025-09-08 14:53:21 - ObligationsHandler - INFO - Initialized 7 subtitle handlers for item: 1
2025-09-08 14:53:21 - ObligationsHandler - INFO - Initialized 7 subtitle handlers for item: 2
2025-09-08 14:53:21 - ObligationsHandler - INFO - Initialized 7 subtitle handlers for item: 3
2025-09-08 14:53:21 - ObligationsHandler - INFO - Initialized 7 subtitle handlers for item: 4
2025-09-08 14:53:21 - ObligationsHandler - INFO - Initialized 7 subtitle handlers for item: 5
2025-09-08 14:53:21 - ObligationsHandler - INFO - Initialized 7 subtitle handlers for item: 6
2025-09-08 14:53:21 - ObligationsHandler - INFO - Initialized 7 subtitle handlers for item: 7
2025-09-08 14:53:21 - back_end.services.chat_flow - INFO - chat_flow.process: 处理状态: ConfirmationStatus.OBLIGATIONS
2025-09-08 14:53:21 - LicenseHandler - INFO - Now we are checking...
2025-09-08 14:53:21 - ObligationsHandler - INFO - Marked content_confirmed for item_0 - LicenseHandler
2025-09-08 14:53:21 - back_end.services.chat_service - INFO - chat_service.process_user_input: Current status: obligations, Updated status: obligations
2025-09-08 14:53:21 - back_end.services.chat_service - INFO - Status check - Processing type: pure_component, Item type: ItemType.PC, Status: obligations -> obligations
2025-09-08 14:53:21 - back_end.services.chat_service - INFO - chat_service._handle_chapter_generation: Processing ChapterGeneration with result: next
2025-09-08 14:53:32 - utils.database.hardDB - INFO - this is the found components
2025-09-08 14:53:35 - ObligationsHandler - INFO - Initialized 7 subtitle handlers for item: 0
2025-09-08 14:53:35 - ObligationsHandler - INFO - Initialized 7 subtitle handlers for item: 1
2025-09-08 14:53:35 - ObligationsHandler - INFO - Initialized 7 subtitle handlers for item: 2
2025-09-08 14:53:35 - ObligationsHandler - INFO - Initialized 7 subtitle handlers for item: 3
2025-09-08 14:53:35 - ObligationsHandler - INFO - Initialized 7 subtitle handlers for item: 4
2025-09-08 14:53:35 - ObligationsHandler - INFO - Initialized 7 subtitle handlers for item: 5
2025-09-08 14:53:35 - ObligationsHandler - INFO - Initialized 7 subtitle handlers for item: 6
2025-09-08 14:53:35 - ObligationsHandler - INFO - Initialized 7 subtitle handlers for item: 7
2025-09-08 14:53:35 - back_end.services.chat_flow - INFO - chat_flow.process: 处理状态: ConfirmationStatus.OBLIGATIONS
2025-09-08 14:53:35 - LicenseHandler - INFO - Now we are checking...
2025-09-08 14:53:35 - back_end.services.chat_service - INFO - chat_service.process_user_input: Current status: obligations, Updated status: obligations
2025-09-08 14:53:35 - back_end.services.chat_service - INFO - Status check - Processing type: pure_component, Item type: ItemType.PC, Status: obligations -> obligations
2025-09-08 14:53:35 - back_end.services.chat_service - INFO - chat_service._handle_chapter_generation: Processing ChapterGeneration with result: continue
2025-09-08 14:53:49 - utils.database.hardDB - INFO - this is the found components
2025-09-08 14:54:02 - utils.database.hardDB - INFO - this is the found components
2025-09-08 14:54:02 - back_end.services.chat_gen.generator - INFO - Generated content for item_0 - HandlerStateWrapper
2025-09-08 14:54:02 - testing - INFO - 状态: obligations
2025-09-08 14:54:02 - testing - INFO - 系统回复: ['Now we have imported the licenses identified from the cli xml.', '*Global Licenses:*MIT\n\n*Other Licenses:*GPL-2.0-with-FreeRTOS exception, Dual license MIT and BSD-3-Clause, BSD-3-Clause, Apache-2.0']
2025-09-08 14:54:02 - testing - INFO - 当前对话轮次2, 用户输入ok, next, please
