2025-08-27 16:25:21 - root - INFO - 服务器日志系统初始化完成，日志文件: C:\Users\z0054unn\Documents\Siemens-GitLab\Third-party\third-party-clearance\logs\server_20250827_16h25m21s.log
2025-08-27 16:25:21 - nodes - INFO - Now we are parsing the original HTML File
2025-08-27 16:25:26 - nodes - INFO - Successfully parsed!
2025-08-27 16:25:31 - back_end.services.chat_service - INFO - we have found risk bot when initializing the chat service!
2025-08-27 16:25:31 - testing - INFO - 开始执行测试: test_custom_instruction_retrieval
2025-08-27 16:25:32 - testing - INFO - 开始执行测试: test_initial_content_generation
2025-08-27 16:25:32 - back_end.services.chat_service - INFO - we have found risk bot when initializing the chat service!
2025-08-27 16:25:34 - utils.tools - INFO - we should have result like {'result': 'next', 'talking': "Please specify the context or content you'd like to discuss regarding compliance or software components."}
2025-08-27 16:25:34 - back_end.services.chat_service - INFO - user_input: 
            Just generate the markdown

    
2025-08-27 16:25:34 - back_end.services.chat_flow - INFO - chat_flow.process: 处理状态: ConfirmationStatus.COMMONRULES
2025-08-27 16:25:34 - back_end.services.chat_service - INFO - chat_service.process_user_input: Current status: common_rules, Updated status: common_rules
2025-08-27 16:25:34 - utils.tools - WARNING - 未找到处理类型(processing_type)，使用默认值: component
2025-08-27 16:25:34 - back_end.services.chat_service - INFO - Status check - Processing type: component, Item type: ItemType.COMPONENT, Status: common_rules -> common_rules
2025-08-27 16:25:34 - back_end.services.chat_service - INFO - now we started generating content with this handler CommonRulesHandler
2025-08-27 16:25:34 - testing - INFO - 开始执行测试: test_user_satisfied_flow
2025-08-27 16:25:53 - utils.tools - INFO - we should have result like {'result': 'next', 'talking': 'Please provide any specific compliance concerns or details about the software project for further analysis.'}
2025-08-27 16:26:02 - back_end.services.chat_service - INFO - user_input: Yes, I am satisfied with the current content.
2025-08-27 16:26:24 - back_end.services.chat_flow - INFO - chat_flow.process: 处理状态: ConfirmationStatus.COMMONRULES
2025-08-27 16:26:29 - CommonRulesHandler - INFO - we have generated content...
2025-08-27 16:26:31 - CommonRulesHandler - INFO - Now we are checking...
2025-08-27 16:26:37 - CommonRulesHandler - INFO - we have reset the status of completion
2025-08-27 16:26:42 - back_end.services.chat_flow - INFO - chat_flow.process: 状态转移: ConfirmationStatus.COMMONRULES -> ConfirmationStatus.COMPLETED
2025-08-27 16:26:55 - back_end.services.chat_service - INFO - chat_service.process_user_input: Current status: common_rules, Updated status: completed
2025-08-27 16:27:07 - back_end.services.chat_service - INFO - Status check - Processing type: component, Item type: ItemType.COMPONENT, Status: common_rules -> completed
2025-08-27 16:27:12 - back_end.items_utils.item_types - WARNING - 最新状态为completed，未找到处理类型(processing_type)，使用默认值: component
2025-08-27 16:27:52 - testing - INFO - 开始执行测试: test_user_unsatisfied_flow
2025-08-27 16:28:02 - testing - INFO - 开始执行测试: test_initial_content_generation
2025-08-27 16:28:09 - back_end.services.chat_service - INFO - we have found risk bot when initializing the chat service!
2025-08-27 16:28:22 - utils.tools - INFO - we should have result like {'result': 'next', 'talking': 'I need more information about the relevant compliance topics or components you want assistance with. Please provide those details.'}
2025-08-27 16:28:22 - back_end.services.chat_service - INFO - user_input: 
            Just generate the markdown

    
2025-08-27 16:28:22 - back_end.services.chat_flow - INFO - chat_flow.process: 处理状态: ConfirmationStatus.COMMONRULES
2025-08-27 16:28:22 - back_end.services.chat_service - INFO - chat_service.process_user_input: Current status: common_rules, Updated status: common_rules
2025-08-27 16:28:22 - back_end.services.chat_service - INFO - Status check - Processing type: component, Item type: ItemType.COMPONENT, Status: common_rules -> common_rules
2025-08-27 16:28:22 - CommonRulesHandler - INFO - we have generated content...
2025-08-27 16:28:22 - CommonRulesHandler - INFO - Now we are checking...
2025-08-27 16:28:22 - CommonRulesHandler - INFO - we have reset the status of completion
