2025-09-04 16:03:21 - root - INFO - 服务器日志系统初始化完成，日志文件: C:\Users\z0054unn\Documents\Siemens-GitLab\Third-party\third-party-clearance\logs\server_20250904_16h03m21s.log
2025-09-04 16:03:21 - root - INFO - 服务器日志系统初始化完成，日志文件: C:\Users\z0054unn\Documents\Siemens-GitLab\Third-party\third-party-clearance\logs\server_20250904_16h03m21s.log
2025-09-04 16:03:21 - nodes - INFO - Now we are parsing the original HTML File
2025-09-04 16:03:21 - nodes - INFO - Successfully parsed!
2025-09-04 16:03:21 - nodes - INFO - Now we are parsing the original PCR file.
2025-09-04 16:03:30 - back_end.services.chat_service - INFO - we have found risk bot when initializing the chat service!
2025-09-04 16:03:30 - back_end.services.chat_manager - WARNING - now we start with checking: pure_component
2025-09-04 16:03:33 - testing - INFO - 检验测试环境初始化...
2025-09-04 16:03:33 - testing - INFO - 测试环境验证通过!
2025-09-04 16:03:33 - testing - INFO - 开始执行测试: test_custom_instruction_retrieval
2025-09-04 16:03:33 - testing - INFO - Now we are using the customized shared dictionary
2025-09-04 16:03:35 - testing - INFO - Retrieved instructions with custom context: I'm ready to assist you with confirming any compliance-related questions or concerns you have. Please provide details or specify what you need confirmation on.
2025-09-04 16:03:35 - testing - INFO - 开始执行测试: test_user_in_flow
2025-09-04 16:03:35 - testing - INFO - 当前对话轮次1, 用户输入OK, show me the first subtitle
2025-09-04 16:03:35 - back_end.services.chat_service - INFO - user_input: OK, show me the first subtitle
2025-09-04 16:03:37 - back_end.services.chat_service - INFO - chat_service.process_user_input: we have this response {'result': 'next', 'talking': "The first subtitle typically relates to core aspects of compliance, such as 'OSS License Compliance'. This covers the various licenses including GPL, MIT, Apache, and BSD. If you need more specific details or further information, please let me know!"}
2025-09-04 16:03:55 - ObligationsHandler - INFO - Initialized 7 subtitle handlers for item: 0
2025-09-04 16:03:55 - ObligationsHandler - INFO - Initialized 7 subtitle handlers for item: 1
2025-09-04 16:03:55 - ObligationsHandler - INFO - Initialized 7 subtitle handlers for item: 2
2025-09-04 16:03:55 - ObligationsHandler - INFO - Initialized 7 subtitle handlers for item: 3
2025-09-04 16:03:55 - ObligationsHandler - INFO - Initialized 7 subtitle handlers for item: 4
2025-09-04 16:03:55 - ObligationsHandler - INFO - Initialized 7 subtitle handlers for item: 5
2025-09-04 16:03:55 - ObligationsHandler - INFO - Initialized 7 subtitle handlers for item: 6
2025-09-04 16:03:55 - ObligationsHandler - INFO - Initialized 7 subtitle handlers for item: 7
2025-09-04 16:03:55 - back_end.services.chat_flow - INFO - chat_flow.process: 处理状态: ConfirmationStatus.OBLIGATIONS
2025-09-04 16:03:55 - LicenseHandler - INFO - Now we are checking...
2025-09-04 16:03:55 - ObligationsHandler - INFO - Marked content_confirmed for item_0 - LicenseHandler
2025-09-04 16:03:55 - back_end.services.chat_service - INFO - chat_service.process_user_input: Current status: obligations, Updated status: obligations
2025-09-04 16:03:55 - back_end.services.chat_service - INFO - Status check - Processing type: pure_component, Item type: ItemType.PC, Status: obligations -> obligations
2025-09-04 16:03:55 - back_end.services.chat_service - INFO - chat_service._handle_chapter_generation: Processing ChapterGeneration with result: next
2025-09-04 16:03:55 - back_end.services.chat_service - INFO - chat_service._handle_chapter_generation: Chapter generation completed
2025-09-04 16:03:55 - back_end.services.chat_flow - INFO - chat_flow.process: 处理状态: ConfirmationStatus.OBLIGATIONS
2025-09-04 16:03:55 - SubObligationsHandler - INFO - Now we are checking...
2025-09-04 16:03:55 - ObligationsHandler - INFO - Marked content_confirmed for item_0 - SubObligationsHandler
2025-09-04 16:03:55 - testing - INFO - 状态: obligations
2025-09-04 16:03:55 - testing - INFO - 系统回复: ['Content for current chapter has been generated']
2025-09-04 16:03:55 - testing - INFO - 当前对话轮次2, 用户输入ok, next, please
2025-09-04 16:03:55 - back_end.services.chat_service - INFO - user_input: ok, next, please
2025-09-04 16:03:57 - back_end.services.chat_service - INFO - chat_service.process_user_input: we have this response {'result': 'next', 'talking': 'Great! Moving on to the next topic, which is about Proprietary Software Licensing Terms. This includes understanding the implications of proprietary licenses, compliance requirements, and potential risks associated with using proprietary software in your projects. If you need to go deeper into any specific area, just let me know!'}
2025-09-04 16:03:57 - back_end.services.chat_flow - INFO - chat_flow.process: 处理状态: ConfirmationStatus.OBLIGATIONS
2025-09-04 16:03:57 - SubRisksHandler - INFO - Now we are checking...
2025-09-04 16:03:57 - ObligationsHandler - INFO - Marked content_confirmed for item_0 - SubRisksHandler
2025-09-04 16:03:57 - back_end.services.chat_service - INFO - chat_service.process_user_input: Current status: obligations, Updated status: obligations
2025-09-04 16:03:57 - back_end.services.chat_service - INFO - Status check - Processing type: pure_component, Item type: ItemType.PC, Status: obligations -> obligations
2025-09-04 16:03:57 - back_end.services.chat_service - INFO - chat_service._handle_chapter_generation: Processing ChapterGeneration with result: next
2025-09-04 16:03:57 - back_end.services.chat_service - INFO - chat_service._handle_chapter_generation: Chapter generation completed
2025-09-04 16:03:57 - back_end.services.chat_flow - INFO - chat_flow.process: 处理状态: ConfirmationStatus.OBLIGATIONS
2025-09-04 16:03:57 - CommonRulesHandler - INFO - Now we are checking...
2025-09-04 16:03:57 - ObligationsHandler - INFO - Marked content_confirmed for item_0 - CommonRulesHandler
2025-09-04 16:03:57 - testing - INFO - 状态: obligations
2025-09-04 16:03:57 - testing - INFO - 系统回复: ['Content for current chapter has been generated']
2025-09-04 16:03:57 - testing - INFO - 当前对话轮次3, 用户输入show me the obligation
2025-09-04 16:03:57 - back_end.services.chat_service - INFO - user_input: show me the obligation
2025-09-04 16:03:59 - back_end.services.chat_service - INFO - chat_service.process_user_input: we have this response {'result': 'continue', 'talking': "To provide you with the obligations related to proprietary software licensing, I'll need to know which specific proprietary software or license you are referring to. Please specify the software or contract details so I can assist you effectively."}
2025-09-04 16:03:59 - back_end.services.chat_flow - INFO - chat_flow.process: 处理状态: ConfirmationStatus.OBLIGATIONS
2025-09-04 16:03:59 - AdditionalHandler - INFO - Now we are checking...
2025-09-04 16:03:59 - back_end.services.chat_service - INFO - chat_service.process_user_input: Current status: obligations, Updated status: obligations
2025-09-04 16:03:59 - back_end.services.chat_service - INFO - Status check - Processing type: pure_component, Item type: ItemType.PC, Status: obligations -> obligations
2025-09-04 16:03:59 - back_end.services.chat_service - INFO - chat_service._handle_chapter_generation: Processing ChapterGeneration with result: continue
2025-09-04 16:03:59 - back_end.services.chat_service - INFO - chat_service._handle_chapter_generation: Chapter generation completed
2025-09-04 16:03:59 - back_end.services.chat_flow - INFO - chat_flow.process: 处理状态: ConfirmationStatus.OBLIGATIONS
2025-09-04 16:03:59 - AdditionalHandler - INFO - Now we are checking...
2025-09-04 16:03:59 - ObligationsHandler - INFO - Marked content_confirmed for item_0 - AdditionalHandler
2025-09-04 16:03:59 - testing - INFO - 状态: obligations
2025-09-04 16:03:59 - testing - INFO - 系统回复: ['Content for current chapter has been generated']
2025-09-04 16:03:59 - testing - INFO - 当前对话轮次4, 用户输入I am not satisfied with it, generate again
2025-09-04 16:03:59 - back_end.services.chat_service - INFO - user_input: I am not satisfied with it, generate again
2025-09-04 16:04:00 - back_end.services.chat_service - INFO - chat_service.process_user_input: we have this response {'result': 'continue', 'talking': 'I understand your request for more clarity on the obligations associated with proprietary software licensing. These obligations generally include compliance with the licensing terms, payment of any required fees, restrictions on redistribution, and adherence to user agreements. If you have a specific proprietary software example or license in mind, please share that so I can give you more tailored information.'}
2025-09-04 16:04:00 - back_end.services.chat_flow - INFO - chat_flow.process: 处理状态: ConfirmationStatus.OBLIGATIONS
2025-09-04 16:04:00 - ImplementationHandler - INFO - Now we are checking...
2025-09-04 16:04:00 - back_end.services.chat_service - INFO - chat_service.process_user_input: Current status: obligations, Updated status: obligations
2025-09-04 16:04:00 - back_end.services.chat_service - INFO - Status check - Processing type: pure_component, Item type: ItemType.PC, Status: obligations -> obligations
2025-09-04 16:04:00 - back_end.services.chat_service - INFO - chat_service._handle_chapter_generation: Processing ChapterGeneration with result: continue
2025-09-04 16:04:00 - back_end.services.chat_service - INFO - chat_service._handle_chapter_generation: Chapter generation completed
2025-09-04 16:04:00 - back_end.services.chat_flow - INFO - chat_flow.process: 处理状态: ConfirmationStatus.OBLIGATIONS
2025-09-04 16:04:00 - ImplementationHandler - INFO - Now we are checking...
2025-09-04 16:04:00 - ObligationsHandler - INFO - Marked content_confirmed for item_0 - ImplementationHandler
2025-09-04 16:04:00 - testing - INFO - 状态: obligations
2025-09-04 16:04:00 - testing - INFO - 系统回复: ['Content for current chapter has been generated']
2025-09-04 16:04:00 - testing - INFO - 当前对话轮次5, 用户输入Show me the licenses
2025-09-04 16:04:00 - back_end.services.chat_service - INFO - user_input: Show me the licenses
2025-09-04 16:04:02 - back_end.services.chat_service - INFO - chat_service.process_user_input: we have this response {'result': 'next', 'talking': 'Here are some common licenses for both Open Source Software (OSS) and Proprietary Software (PSS):\n\n**OSS Licenses:**\n1. GNU General Public License (GPL)\n2. MIT License\n3. Apache License 2.0\n4. BSD License\n5. Creative Commons Licenses\n\n**PSS Licenses:**\n1. End User License Agreement (EULA)\n2. Microsoft Software License Terms\n3. Adobe Software License Agreement\n4. Oracle License Agreements\n5. Proprietary Commercial Licenses\n\nIf you need details on a specific license or its obligations, please let me know!'}
2025-09-04 16:04:02 - back_end.services.chat_flow - INFO - chat_flow.process: 处理状态: ConfirmationStatus.OBLIGATIONS
2025-09-04 16:04:02 - ObligationCombiningHandler - INFO - Now we are checking...
2025-09-04 16:04:02 - ObligationsHandler - INFO - Marked content_confirmed for item_0 - ObligationCombiningHandler
2025-09-04 16:04:02 - ObligationsHandler - INFO - All subtitles completed for item: item_0
2025-09-04 16:04:02 - back_end.services.chat_service - INFO - chat_service.process_user_input: Current status: obligations, Updated status: obligations
2025-09-04 16:04:02 - back_end.services.chat_service - INFO - Status check - Processing type: pure_component, Item type: ItemType.PC, Status: obligations -> obligations
2025-09-04 16:04:02 - back_end.services.chat_service - INFO - chat_service._handle_chapter_generation: Processing ChapterGeneration with result: next
2025-09-04 16:04:02 - back_end.services.chat_service - INFO - chat_service._handle_chapter_generation: Chapter generation completed
2025-09-04 16:04:02 - back_end.services.chat_flow - INFO - chat_flow.process: 处理状态: ConfirmationStatus.OBLIGATIONS
2025-09-04 16:04:02 - LicenseHandler - INFO - Now we are checking...
2025-09-04 16:04:02 - ObligationsHandler - INFO - Marked content_confirmed for item_1 - LicenseHandler
2025-09-04 16:04:02 - testing - INFO - 状态: obligations
2025-09-04 16:04:02 - testing - INFO - 系统回复: ['Content for current chapter has been generated']
