2025-08-18 16:11:42 - root - INFO - 服务器日志系统初始化完成，日志文件: C:\Users\z0054unn\Documents\Siemens-GitLab\Third-party\third-party-clearance\logs\server_20250818_16h11m42s.log
2025-08-18 16:11:42 - uvicorn.error - INFO - Started server process [5272]
2025-08-18 16:11:42 - uvicorn.error - INFO - Waiting for application startup.
2025-08-18 16:11:42 - back_end.server - INFO - FastAPI应用启动
2025-08-18 16:11:42 - uvicorn.error - INFO - Application startup complete.
2025-08-18 16:11:55 - back_end.server - INFO - the html file is stored at: uploads\LicenseInfo-@automation-core_ac-engineering-ng-2.10.0-2025-07-30_05_57_51.html
2025-08-18 16:11:55 - nodes - INFO - Now we are parsing the original HTML File
2025-08-18 16:11:55 - nodes - INFO - Successfully parsed!
2025-08-18 16:11:55 - nodes - INFO - Now we are reviewing the components list
2025-08-18 16:11:55 - nodes - INFO - We have 3 to review
2025-08-18 16:12:09 - nodes - INFO - We have reviewed one component
2025-08-18 16:12:22 - nodes - INFO - We have reviewed one component
2025-08-18 16:12:34 - nodes - INFO - We have reviewed one component
2025-08-18 16:12:34 - nodes - INFO - Completely Reviewed.
2025-08-18 16:12:34 - nodes - INFO - Now we are collecing special licenses such as GPL
2025-08-18 16:12:34 - nodes - INFO - Now checking the reviewed risks
2025-08-18 16:12:34 - nodes - INFO - We have 3 components to check
2025-08-18 16:12:34 - nodes - INFO - Successfully combined 3 license and risk records
2025-08-18 16:12:44 - nodes - INFO - We have checked one component
2025-08-18 16:12:58 - nodes - INFO - We have checked one component
2025-08-18 16:13:07 - nodes - INFO - We have checked one component
2025-08-18 16:13:07 - nodes - INFO - finished checking, now we are checking the dependecies
2025-08-18 16:13:07 - nodes - INFO - now we start analyzing depencies between components
2025-08-18 16:13:15 - nodes - INFO - Now we have checked dependency of one component
2025-08-18 16:13:15 - utils.itemFilter - INFO - 开始筛选组件，共 1 个组件待处理
2025-08-18 16:13:15 - utils.itemFilter - INFO - 处理组件 1/1
2025-08-18 16:13:15 - utils.itemFilter - INFO - 正在检查组件: @ngrx/store 17.2.0
                            ⇧
2025-08-18 16:13:15 - utils.itemFilter - INFO - 组件许可证列表: ["Apache-2.0", "CC-BY-4.0", "MIT"]
2025-08-18 16:13:15 - utils.itemFilter - INFO - 风险分析中的许可证: ["Apache-2.0", "CC-BY-4.0", "2: CC-BY-4.0⇧", "MIT", "3: MIT⇧"]
2025-08-18 16:13:15 - utils.itemFilter - INFO - 筛选完成，保留了 1 个需要凭证的组件
2025-08-18 16:13:15 - nodes - INFO - finished checking, now we are starting the chat...
2025-08-18 16:13:18 - nodes - INFO - Initialized session successfully, waiting for the bot to start conversation
2025-08-18 16:13:18 - nodes - INFO - Starting Chatting...
2025-08-18 16:13:18 - back_end.services.chat_service - INFO - we have found risk bot when initializing the chat service!
2025-08-18 16:13:18 - back_end.services.chat_manager - WARNING - now we start with checking: component
2025-08-18 16:13:21 - back_end.server - INFO - now we initialized status as: OEMing
2025-08-18 16:14:07 - back_end.server - INFO - server: before processing input, we are in the status of: OEMing
2025-08-18 16:14:10 - back_end.services.chat_service - INFO - user_input: yes

2025-08-18 16:14:10 - back_end.services.state_handlers.object_handler - WARNING - OEM handler received invalid result type: <class 'str'>
2025-08-18 16:14:10 - back_end.services.chat_flow - INFO - chat_flow.process: 处理状态: ConfirmationStatus.OEM
2025-08-18 16:14:10 - back_end.services.chat_flow - INFO - chat_flow.process: 状态转移: ConfirmationStatus.OEM -> ConfirmationStatus.CONTRACT
2025-08-18 16:14:10 - back_end.services.chat_service - INFO - chat_service.process_user_input: Current status: OEMing, Updated status: toContract
2025-08-18 16:14:10 - back_end.services.chat_service - INFO - Status check - Processing type: component, Item type: ItemType.COMPONENT, Status: OEMing -> toContract
2025-08-18 16:14:10 - back_end.items_utils.item_types - WARNING - 最新状态为toContract，未找到处理类型(processing_type)，使用默认值: component
2025-08-18 16:14:15 - back_end.server - INFO - server: before processing input, we are in the status of: toContract
2025-08-18 16:14:16 - back_end.services.chat_service - INFO - user_input: no

2025-08-18 16:14:16 - back_end.services.chat_flow - INFO - chat_flow.process: 处理状态: ConfirmationStatus.CONTRACT
2025-08-18 16:14:16 - back_end.services.chat_flow - INFO - chat_flow.process: 状态转移: ConfirmationStatus.CONTRACT -> ConfirmationStatus.DEPENDENCY
2025-08-18 16:14:16 - back_end.services.chat_flow - INFO - chat_flow.DependencyCheck: 依赖处理: 初始化了 1 个组件子任务
2025-08-18 16:14:16 - back_end.services.chat_service - INFO - chat_service.process_user_input: Current status: toContract, Updated status: toDependency
2025-08-18 16:14:16 - back_end.services.chat_service - INFO - Status check - Processing type: component, Item type: ItemType.COMPONENT, Status: toContract -> toDependency
2025-08-18 16:14:23 - back_end.server - INFO - server: before processing input, we are in the status of: toDependency
2025-08-18 16:14:25 - back_end.services.chat_service - INFO - user_input: yes

2025-08-18 16:14:25 - back_end.services.chat_flow - INFO - chat_flow.process: 处理状态: ConfirmationStatus.DEPENDENCY
2025-08-18 16:14:25 - back_end.services.chat_service - INFO - chat_service.process_user_input: Current status: toDependency, Updated status: toDependency
2025-08-18 16:14:25 - back_end.services.chat_service - INFO - Status check - Processing type: component, Item type: ItemType.COMPONENT, Status: toDependency -> toDependency
2025-08-18 16:14:25 - back_end.services.chat_service - INFO - chat_service.handle_nested: now the processing type in shared is: component
2025-08-18 16:14:25 - back_end.services.chat_service - INFO - chat_service.handle_nested: now we are handling license or component ItemType.COMPONENT
2025-08-18 16:14:25 - back_end.services.chat_manager - INFO - chat_manager.handle_next: now we return back to handling continue function
2025-08-18 16:14:27 - back_end.services.chat_service - WARNING - chat_service.handle_nested: we have found this messsage The component `@ngrx/store` version 17.2.0 includes dependencies that may also have compliance implications. Would you like to add these dependent components to your compliance checklist? Please answer yes or no.
2025-08-18 16:14:30 - back_end.server - INFO - server: before processing input, we are in the status of: toDependency
2025-08-18 16:14:32 - back_end.services.chat_service - INFO - user_input: yes

2025-08-18 16:14:32 - back_end.services.chat_flow - INFO - chat_flow.process: 处理状态: ConfirmationStatus.DEPENDENCY
2025-08-18 16:14:32 - back_end.services.chat_service - INFO - chat_service.process_user_input: Current status: toDependency, Updated status: toDependency
2025-08-18 16:14:32 - back_end.services.chat_service - INFO - Status check - Processing type: component, Item type: ItemType.COMPONENT, Status: toDependency -> toDependency
2025-08-18 16:14:32 - back_end.services.chat_service - INFO - chat_service.handle_nested: now the processing type in shared is: component
2025-08-18 16:14:32 - back_end.services.chat_service - INFO - chat_service.handle_nested: now we are handling license or component ItemType.COMPONENT
2025-08-18 16:14:32 - back_end.services.chat_manager - INFO - chat_manager: updated item status to confirmed
2025-08-18 16:14:32 - back_end.services.chat_service - WARNING - chat_service.handle_nested: we have found this messsage @ngrx/store 17.2.0 has been confirmed!

We have finished current checking!
2025-08-18 16:14:32 - back_end.services.chat_service - INFO - chat_service.handle_nested: we have finished the checking for this state toDependency
2025-08-18 16:14:32 - back_end.services.chat_flow - INFO - chat_flow.process: 处理状态: ConfirmationStatus.DEPENDENCY
2025-08-18 16:14:32 - back_end.services.chat_flow - INFO - chat_flow.process: 状态转移: ConfirmationStatus.DEPENDENCY -> ConfirmationStatus.CREDENTIAL
2025-08-18 16:14:32 - back_end.services.chat_flow - INFO - chat_flow.CredentialCheck: 依赖处理: 初始化了 1 个组件子任务
2025-08-18 16:14:32 - back_end.services.chat_service - INFO - Status check - Processing type: component, Item type: ItemType.COMPONENT, Status: toDependency -> credential
2025-08-18 16:14:43 - back_end.server - INFO - server: before processing input, we are in the status of: credential
2025-08-18 16:14:45 - back_end.services.chat_service - INFO - user_input: yes

2025-08-18 16:14:45 - back_end.services.chat_flow - INFO - chat_flow.process: 处理状态: ConfirmationStatus.CREDENTIAL
2025-08-18 16:14:45 - back_end.services.chat_service - INFO - chat_service.process_user_input: Current status: credential, Updated status: credential
2025-08-18 16:14:45 - back_end.services.chat_service - INFO - Status check - Processing type: credential, Item type: ItemType.CREDENTIAL, Status: credential -> credential
2025-08-18 16:14:45 - back_end.services.chat_service - INFO - chat_service.handle_nested: now the processing type in shared is: credential
2025-08-18 16:14:45 - back_end.services.chat_service - INFO - chat_service.handle_nested: now we are handling license or component ItemType.CREDENTIAL
2025-08-18 16:14:47 - back_end.services.chat_service - WARNING - chat_service.handle_nested: we have found this messsage The component `@ngrx/store` version 17.2.0 requires credentials from another cooperation. Please confirm if you have obtained the necessary credentials for this component.
2025-08-18 16:15:09 - back_end.server - INFO - server: before processing input, we are in the status of: credential
2025-08-18 16:15:11 - back_end.services.chat_service - INFO - user_input: yes

2025-08-18 16:15:11 - back_end.services.chat_flow - INFO - chat_flow.process: 处理状态: ConfirmationStatus.CREDENTIAL
2025-08-18 16:15:11 - back_end.services.chat_service - INFO - chat_service.process_user_input: Current status: credential, Updated status: credential
2025-08-18 16:15:11 - back_end.services.chat_service - INFO - Status check - Processing type: credential, Item type: ItemType.CREDENTIAL, Status: credential -> credential
2025-08-18 16:15:11 - back_end.services.chat_service - INFO - chat_service.handle_nested: now the processing type in shared is: credential
2025-08-18 16:15:11 - back_end.services.chat_service - INFO - chat_service.handle_nested: now we are handling license or component ItemType.CREDENTIAL
2025-08-18 16:15:11 - back_end.services.chat_manager - INFO - chat_manager: updated item status to confirmed
2025-08-18 16:15:11 - back_end.services.chat_service - WARNING - chat_service.handle_nested: we have found this messsage 未命名凭证 has been confirmed!

We have finished current checking!
2025-08-18 16:15:11 - back_end.services.chat_service - INFO - chat_service.handle_nested: we have finished the checking for this state credential
2025-08-18 16:15:11 - back_end.services.chat_flow - INFO - chat_flow.process: 处理状态: ConfirmationStatus.CREDENTIAL
2025-08-18 16:15:11 - back_end.services.chat_flow - INFO - chat_flow.process: 状态转移: ConfirmationStatus.CREDENTIAL -> ConfirmationStatus.SPECIAL_CHECK
2025-08-18 16:15:11 - back_end.services.chat_flow - INFO - chat_flow.SpeicalCheck: 依赖处理: 初始化了 1 个组件子任务
2025-08-18 16:15:11 - back_end.services.chat_service - INFO - Status check - Processing type: credential, Item type: ItemType.CREDENTIAL, Status: credential -> special_check
2025-08-18 16:15:14 - back_end.services.chat_service - INFO - process_status_change: we need to get the instruction for the first item: special_check
2025-08-18 16:15:19 - back_end.server - INFO - server: before processing input, we are in the status of: special_check
2025-08-18 16:15:20 - back_end.services.chat_service - INFO - user_input: yes,

2025-08-18 16:15:20 - back_end.services.chat_flow - INFO - chat_flow.process: 处理状态: ConfirmationStatus.SPECIAL_CHECK
2025-08-18 16:15:20 - back_end.services.chat_service - INFO - chat_service.process_user_input: Current status: special_check, Updated status: special_check
2025-08-18 16:15:20 - back_end.services.chat_service - INFO - Status check - Processing type: specialcheck, Item type: ItemType.SPECIALCHECK, Status: special_check -> special_check
2025-08-18 16:15:20 - back_end.services.chat_service - INFO - chat_service.handle_nested: now the processing type in shared is: specialcheck
2025-08-18 16:15:20 - back_end.services.chat_service - INFO - chat_service.handle_nested: now we are handling license or component ItemType.SPECIALCHECK
2025-08-18 16:15:20 - back_end.services.chat_manager - INFO - chat_manager: updated item status to confirmed
2025-08-18 16:15:20 - back_end.services.chat_service - WARNING - chat_service.handle_nested: we have found this messsage GPL has been confirmed!

We have finished current checking!
2025-08-18 16:15:20 - back_end.services.chat_service - INFO - chat_service.handle_nested: we have finished the checking for this state special_check
2025-08-18 16:15:20 - back_end.services.chat_flow - INFO - chat_flow.process: 处理状态: ConfirmationStatus.SPECIAL_CHECK
2025-08-18 16:15:20 - back_end.services.chat_flow - INFO - chat_flow.process: 状态转移: ConfirmationStatus.SPECIAL_CHECK -> ConfirmationStatus.COMPLIANCE
2025-08-18 16:15:20 - back_end.services.chat_flow - INFO - chat_flow.LicenseCheck: 依赖处理: 初始化了 3 个组件子任务
2025-08-18 16:15:20 - back_end.services.chat_service - INFO - Status check - Processing type: specialcheck, Item type: ItemType.SPECIALCHECK, Status: special_check -> toCompliance
2025-08-18 16:15:26 - back_end.services.chat_service - INFO - process_status_change: we need to get the instruction for the first item: toCompliance
2025-08-18 16:15:35 - back_end.server - INFO - server: before processing input, we are in the status of: toCompliance
2025-08-18 16:15:37 - back_end.services.chat_service - INFO - user_input: yes

2025-08-18 16:15:37 - back_end.services.chat_flow - INFO - chat_flow.process: 处理状态: ConfirmationStatus.COMPLIANCE
2025-08-18 16:15:37 - back_end.services.chat_service - INFO - chat_service.process_user_input: Current status: toCompliance, Updated status: toCompliance
2025-08-18 16:15:37 - back_end.services.chat_service - INFO - Status check - Processing type: license, Item type: ItemType.LICENSE, Status: toCompliance -> toCompliance
2025-08-18 16:15:37 - back_end.services.chat_service - INFO - chat_service.handle_nested: now the processing type in shared is: license
2025-08-18 16:15:37 - back_end.services.chat_service - INFO - chat_service.handle_nested: now we are handling license or component ItemType.LICENSE
2025-08-18 16:15:37 - back_end.services.chat_manager - INFO - chat_manager: updated item status to confirmed
2025-08-18 16:15:42 - back_end.services.chat_service - WARNING - chat_service.handle_nested: we have found this messsage Apache-2.0 has been confirmed!

For the CC-BY-4.0 license, which is classified as medium risk, the compliance measures require ensuring that proper attribution is given to the original creator. While you've justified the retention of this license based on its lower risk compared to others, please outline how you plan to manage the attribution requirements to mitigate potential copyright infringement risks.
2025-08-18 16:15:45 - back_end.server - INFO - server: before processing input, we are in the status of: toCompliance
2025-08-18 16:15:54 - back_end.services.chat_service - INFO - user_input: yes

2025-08-18 16:15:54 - back_end.services.chat_flow - INFO - chat_flow.process: 处理状态: ConfirmationStatus.COMPLIANCE
2025-08-18 16:15:54 - back_end.services.chat_service - INFO - chat_service.process_user_input: Current status: toCompliance, Updated status: toCompliance
2025-08-18 16:15:54 - back_end.services.chat_service - INFO - Status check - Processing type: license, Item type: ItemType.LICENSE, Status: toCompliance -> toCompliance
2025-08-18 16:15:54 - back_end.services.chat_service - INFO - chat_service.handle_nested: now the processing type in shared is: license
2025-08-18 16:15:54 - back_end.services.chat_service - INFO - chat_service.handle_nested: now we are handling license or component ItemType.LICENSE
2025-08-18 16:15:54 - back_end.services.chat_manager - INFO - chat_manager: updated item status to confirmed
2025-08-18 16:15:55 - back_end.services.chat_service - WARNING - chat_service.handle_nested: we have found this messsage CC-BY-4.0 has been confirmed!

For the MIT license, confirmed as low risk, the compliance measures require including the license and copyright notice in your project. Your justification clearly outlines the minimal obligations associated with this license and supports the low risk assessment. Please confirm if you are implementing these compliance measures.
2025-08-18 16:15:57 - back_end.server - INFO - server: before processing input, we are in the status of: toCompliance
2025-08-18 16:15:59 - back_end.services.chat_service - INFO - user_input: yes

2025-08-18 16:15:59 - back_end.services.chat_flow - INFO - chat_flow.process: 处理状态: ConfirmationStatus.COMPLIANCE
2025-08-18 16:15:59 - back_end.services.chat_service - INFO - chat_service.process_user_input: Current status: toCompliance, Updated status: toCompliance
2025-08-18 16:15:59 - back_end.services.chat_service - INFO - Status check - Processing type: license, Item type: ItemType.LICENSE, Status: toCompliance -> toCompliance
2025-08-18 16:15:59 - back_end.services.chat_service - INFO - chat_service.handle_nested: now the processing type in shared is: license
2025-08-18 16:15:59 - back_end.services.chat_service - INFO - chat_service.handle_nested: now we are handling license or component ItemType.LICENSE
2025-08-18 16:15:59 - back_end.services.chat_manager - INFO - chat_manager: updated item status to confirmed
2025-08-18 16:15:59 - back_end.services.chat_service - WARNING - chat_service.handle_nested: we have found this messsage 3: MIT⇧ has been confirmed!

We have finished current checking!
2025-08-18 16:15:59 - back_end.services.chat_service - INFO - chat_service.handle_nested: we have finished the checking for this state toCompliance
2025-08-18 16:15:59 - back_end.services.chat_flow - INFO - chat_flow.process: 处理状态: ConfirmationStatus.COMPLIANCE
2025-08-18 16:15:59 - back_end.services.chat_flow - INFO - chat_flow.process: 状态转移: ConfirmationStatus.COMPLIANCE -> ConfirmationStatus.FINALLIST
2025-08-18 16:15:59 - back_end.services.chat_service - INFO - Status check - Processing type: license, Item type: ItemType.LICENSE, Status: toCompliance -> finallist
2025-08-18 16:15:59 - back_end.items_utils.item_types - WARNING - 最新状态为finallist，未找到处理类型(processing_type)，使用默认值: component
2025-08-18 16:16:59 - back_end.server - INFO - server: before processing input, we are in the status of: finallist
2025-08-18 16:17:02 - back_end.services.chat_service - INFO - user_input: ok

2025-08-18 16:17:02 - back_end.services.chat_flow - INFO - chat_flow.process: 处理状态: ConfirmationStatus.FINALLIST
2025-08-18 16:17:02 - back_end.services.chat_flow - INFO - chat_flow.process: 状态转移: ConfirmationStatus.FINALLIST -> ConfirmationStatus.COMPLETED
2025-08-18 16:17:02 - back_end.services.chat_service - INFO - chat_service.process_user_input: Current status: finallist, Updated status: completed
2025-08-18 16:17:02 - back_end.services.chat_service - INFO - Status check - Processing type: component, Item type: ItemType.COMPONENT, Status: finallist -> completed
2025-08-18 16:17:02 - back_end.items_utils.item_types - WARNING - 最新状态为completed，未找到处理类型(processing_type)，使用默认值: component
2025-08-18 16:17:54 - back_end.server - INFO - server: before processing input, we are in the status of: completed
2025-08-18 16:17:54 - back_end.server - INFO - We have finished all checking in current session, please reupload a new license info file to start a new session. 
2025-08-18 16:18:15 - uvicorn.error - INFO - Shutting down
2025-08-18 16:18:15 - uvicorn.error - INFO - Waiting for application shutdown.
2025-08-18 16:18:15 - back_end.server - INFO - FastAPI应用关闭
2025-08-18 16:18:15 - uvicorn.error - INFO - Application shutdown complete.
2025-08-18 16:18:15 - uvicorn.error - INFO - Finished server process [5272]
