2025-08-22 17:04:03 - back_end.server - ERROR - Error during chat: IO_FileNotFound_FileName, C:\Users\z0054unn\Documents\Siemens-GitLab\Third-party\third-party-clearance\reconstructedHtml.html:   at System.IO.FileInfo.get_Length() + 0x63
   at Spire.Doc.Document.spra(String, FileFormat, Boolean&) + 0x6f
   at Spire.Doc.Document.LoadFromFile(String, FileFormat, XHTMLValidationType) + 0x53
   at Spire.Doc.AOT.NLDocument.Document_LoadFromFileFFV(IntPtr, IntPtr, Int32, Int32, IntPtr) + 0x71
Traceback (most recent call last):
  File "C:\Users\z0054unn\Documents\Siemens-GitLab\Third-party\third-party-clearance\back_end\server.py", line 223, in chat
    run_report(updated_shared)
    ~~~~~~~~~~^^^^^^^^^^^^^^^^
  File "C:\Users\z0054unn\Documents\Siemens-GitLab\Third-party\third-party-clearance\main.py", line 15, in run_report
    flow.run(shared)
    ~~~~~~~~^^^^^^^^
  File "C:\Users\z0054unn\AppData\Local\Programs\Python\Python313\Lib\site-packages\pocketflow\__init__.py", line 16, in run
    return self._run(shared)
           ~~~~~~~~~^^^^^^^^
  File "C:\Users\z0054unn\AppData\Local\Programs\Python\Python313\Lib\site-packages\pocketflow\__init__.py", line 50, in _run
    def _run(self,shared): p=self.prep(shared); o=self._orch(shared); return self.post(shared,p,o)
                                                  ~~~~~~~~~~^^^^^^^^
  File "C:\Users\z0054unn\AppData\Local\Programs\Python\Python313\Lib\site-packages\pocketflow\__init__.py", line 48, in _orch
    while curr: curr.set_params(p); last_action=curr._run(shared); curr=copy.copy(self.get_next_node(curr,last_action))
                                                ~~~~~~~~~^^^^^^^^
  File "C:\Users\z0054unn\AppData\Local\Programs\Python\Python313\Lib\site-packages\pocketflow\__init__.py", line 13, in _run
    def _run(self,shared): p=self.prep(shared); e=self._exec(p); return self.post(shared,p,e)
                                                                        ~~~~~~~~~^^^^^^^^^^^^
  File "C:\Users\z0054unn\Documents\Siemens-GitLab\Third-party\third-party-clearance\nodes.py", line 425, in post
    document.LoadFromFile('reconstructedHtml.html',FileFormat.Html, XHTMLValidationType.none)
    ~~~~~~~~~~~~~~~~~~~~~^^^^^^^^^^^^^^^^^^^^^^^^^^^^^^^^^^^^^^^^^^^^^^^^^^^^^^^^^^^^^^^^^^^^
  File "C:\Users\z0054unn\AppData\Local\Programs\Python\Python313\Lib\site-packages\plum\function.py", line 642, in __call__
    return self.f(self.instance, *args, **kw_args)
           ~~~~~~^^^^^^^^^^^^^^^^^^^^^^^^^^^^^^^^^
  File "C:\Users\z0054unn\AppData\Local\Programs\Python\Python313\Lib\site-packages\plum\function.py", line 592, in __call__
    return _convert(method(*args, **kw_args), return_type)
                    ~~~~~~^^^^^^^^^^^^^^^^^^
  File "C:\Users\z0054unn\AppData\Local\Programs\Python\Python313\Lib\site-packages\spire\doc\Document.py", line 2401, in LoadFromFile
    CallCFunction(GetDllLibDoc().Document_LoadFromFileFFV,self.Ptr, fileNamePtr,enumfileFormat,enumvalidationType)
    ~~~~~~~~~~~~~^^^^^^^^^^^^^^^^^^^^^^^^^^^^^^^^^^^^^^^^^^^^^^^^^^^^^^^^^^^^^^^^^^^^^^^^^^^^^^^^^^^^^^^^^^^^^^^^^
  File "C:\Users\z0054unn\AppData\Local\Programs\Python\Python313\Lib\site-packages\spire\doc\common\__init__.py", line 129, in CallCFunction
    raise SpireException(info)
spire.doc.common.SpireException: IO_FileNotFound_FileName, C:\Users\z0054unn\Documents\Siemens-GitLab\Third-party\third-party-clearance\reconstructedHtml.html:   at System.IO.FileInfo.get_Length() + 0x63
   at Spire.Doc.Document.spra(String, FileFormat, Boolean&) + 0x6f
   at Spire.Doc.Document.LoadFromFile(String, FileFormat, XHTMLValidationType) + 0x53
   at Spire.Doc.AOT.NLDocument.Document_LoadFromFileFFV(IntPtr, IntPtr, Int32, Int32, IntPtr) + 0x71
2025-08-22 17:04:03 - utils.tools - ERROR - Error CHAT_ERROR: Error during contract analysis: IO_FileNotFound_FileName, C:\Users\z0054unn\Documents\Siemens-GitLab\Third-party\third-party-clearance\reconstructedHtml.html:   at System.IO.FileInfo.get_Length() + 0x63
   at Spire.Doc.Document.spra(String, FileFormat, Boolean&) + 0x6f
   at Spire.Doc.Document.LoadFromFile(String, FileFormat, XHTMLValidationType) + 0x53
   at Spire.Doc.AOT.NLDocument.Document_LoadFromFileFFV(IntPtr, IntPtr, Int32, Int32, IntPtr) + 0x71
