2025-09-18 15:08:33 - root - INFO - 服务器日志系统初始化完成，日志文件: C:\Users\z0054unn\Documents\Siemens-GitLab\Third-party\third-party-clearance\logs\server_20250918_15h08m33s.log
2025-09-18 15:08:33 - back_end.services.state_handlers.object_handler.simple_handler - INFO - Directory 'src' ensured to exist.
2025-09-18 15:08:33 - back_end.services.chat_service - INFO - Directory 'resultsInProgress' ensured to exist.
2025-09-18 15:08:33 - faiss.loader - INFO - Loading faiss with AVX2 support.
2025-09-18 15:08:33 - faiss.loader - INFO - Successfully loaded faiss with AVX2 support.
2025-09-18 15:08:33 - faiss - INFO - Failed to load GPU Faiss: name 'GpuIndexIVFFlat' is not defined. Will not load constructor refs for GPU indexes. This is only an error if you're trying to use GPU Faiss.
2025-09-18 15:08:33 - nodes - INFO - Directory 'resultsInProgress' ensured to exist.
2025-09-18 15:08:33 - root - INFO - 服务器日志系统初始化完成，日志文件: C:\Users\z0054unn\Documents\Siemens-GitLab\Third-party\third-party-clearance\logs\server_20250918_15h08m33s.log
2025-09-18 15:08:33 - __main__ - INFO - Directory 'back_end' ensured to exist.
2025-09-18 15:08:33 - root - INFO - 服务器日志系统初始化完成，日志文件: C:\Users\z0054unn\Documents\Siemens-GitLab\Third-party\third-party-clearance\logs\server_20250918_15h08m33s.log
2025-09-18 15:08:33 - testing - INFO - Directory 'back_end' ensured to exist.
2025-09-18 15:08:33 - nodes - INFO - Now we are parsing the original HTML File
2025-09-18 15:08:33 - nodes - INFO - Successfully parsed!
2025-09-18 15:08:33 - nodes - INFO - Now we are parsing the original PCR file.
2025-09-18 15:08:38 - SpecialConsiderationHandler - INFO - No items will be found.
2025-09-18 15:08:38 - SpecialConsiderationHandler - ERROR - content_handler_factory must be provided for ChapterGenerationHandler
2025-09-18 15:08:38 - SpecialConsiderationHandler - ERROR - subcontent_factory must be provided for ChapterGeneration
2025-09-18 15:08:38 - back_end.services.chat_service - INFO - we have found risk bot when initializing the chat service!
2025-09-18 15:08:38 - back_end.services.chat_manager - WARNING - now we start with checking: pure_component
2025-09-18 15:08:38 - testing - INFO - 检验测试环境初始化...
2025-09-18 15:08:38 - testing - INFO - 测试环境验证通过!
2025-09-18 15:08:38 - testing - INFO - 开始执行测试: test_custom_instruction_retrieval
2025-09-18 15:08:38 - testing - INFO - Now we are using the customized shared dictionary
2025-09-18 15:08:38 - testing - INFO - Retrieved instructions with custom context: Now we are importing common rules.
2025-09-18 15:08:38 - testing - INFO - 开始执行测试: test_user_in_flow
2025-09-18 15:08:38 - testing - INFO - 当前对话轮次1, 用户输入ok, let's move forward.
2025-09-18 15:08:38 - back_end.services.chat_service - INFO - user_input: ok, let's move forward.
2025-09-18 15:08:41 - back_end.services.chat_service - INFO - chat_service.process_user_input: we have this response {'result': 'next', 'talking': 'Proceeding to the next mode as requested. Please specify the context or provide relevant documentation, software SBOM, or contracts so I can begin the compliance clearance assessment.'}
2025-09-18 15:08:41 - back_end.services.chat_flow - INFO - chat_flow.process: 处理状态: ConfirmationStatus.COMMONRULES
2025-09-18 15:08:41 - back_end.services.chat_service - INFO - chat_service.process_user_input: Current status: common_rules, Updated status: common_rules
2025-09-18 15:08:41 - back_end.services.chat_service - INFO - Status check - Processing type: pure_component, Item type: ItemType.PC, Status: common_rules -> common_rules
2025-09-18 15:08:41 - back_end.services.chat_service - INFO - now we started generating content with this handler CommonRulesHandler
