2025-08-22 15:31:31 - root - INFO - 服务器日志系统初始化完成，日志文件: C:\Users\z0054unn\Documents\Siemens-GitLab\Third-party\third-party-clearance\logs\server_20250822_15h31m31s.log
2025-08-22 15:31:31 - uvicorn.error - INFO - Started server process [28680]
2025-08-22 15:31:31 - uvicorn.error - INFO - Waiting for application startup.
2025-08-22 15:31:31 - back_end.server - INFO - FastAPI应用启动
2025-08-22 15:31:31 - uvicorn.error - INFO - Application startup complete.
2025-08-22 15:32:25 - back_end.server - INFO - the html file is stored at: uploads\LicenseInfo-@automation-core_ac-engineering-ng-2.10.0-2025-07-30_05_57_51.html
2025-08-22 15:32:25 - nodes - INFO - Now we are parsing the original HTML File
2025-08-22 15:32:25 - nodes - INFO - Successfully parsed!
2025-08-22 15:32:25 - nodes - INFO - Now we are reviewing the components list
2025-08-22 15:32:25 - nodes - INFO - We have 3 to review
2025-08-22 15:32:41 - nodes - INFO - We have reviewed one component
2025-08-22 15:32:54 - nodes - INFO - We have reviewed one component
2025-08-22 15:33:06 - nodes - INFO - We have reviewed one component
2025-08-22 15:33:06 - nodes - INFO - Completely Reviewed.
2025-08-22 15:33:06 - nodes - INFO - Now we are collecing special licenses such as GPL
2025-08-22 15:33:06 - nodes - INFO - Now checking the reviewed risks
2025-08-22 15:33:06 - nodes - INFO - We have 3 licenses to check
2025-08-22 15:33:06 - nodes - INFO - Successfully combined 3 license and risk records
2025-08-22 15:33:15 - nodes - INFO - We have checked one component
2025-08-22 15:33:25 - nodes - INFO - We have checked one component
2025-08-22 15:33:34 - nodes - INFO - We have checked one component
2025-08-22 15:33:34 - nodes - INFO - finished checking, now we are checking the dependecies
2025-08-22 15:33:34 - nodes - INFO - now we start analyzing depencies between components
2025-08-22 15:33:43 - nodes - INFO - Now we have checked dependency of one component
2025-08-22 15:33:43 - utils.itemFilter - INFO - 开始筛选组件，共 1 个组件待处理
2025-08-22 15:33:43 - utils.itemFilter - INFO - 处理组件 1/1
2025-08-22 15:33:43 - utils.itemFilter - INFO - 正在检查组件: @ngrx/store 17.2.0
                            ⇧
2025-08-22 15:33:43 - utils.itemFilter - INFO - 组件许可证列表: ["Apache-2.0", "CC-BY-4.0", "MIT"]
2025-08-22 15:33:43 - utils.itemFilter - INFO - 风险分析中的许可证: ["Apache-2.0", "CC-BY-4.0", "MIT", "3: MIT"]
2025-08-22 15:33:43 - utils.itemFilter - INFO - 筛选完成，保留了 1 个需要凭证的组件
2025-08-22 15:33:43 - nodes - INFO - finished checking, now we are starting the chat...
2025-08-22 15:33:46 - nodes - INFO - Initialized session successfully, waiting for the bot to start conversation
2025-08-22 15:33:46 - nodes - INFO - Starting Chatting...
2025-08-22 15:33:46 - back_end.services.chat_service - INFO - we have found risk bot when initializing the chat service!
2025-08-22 15:33:46 - back_end.services.chat_manager - WARNING - now we start with checking: component
2025-08-22 15:34:00 - utils.tools - ERROR - Model did not give valid JSON after retries.
2025-08-22 15:34:00 - utils.tools - ERROR - Error Error during analysis: 'NoneType' object has no attribute 'get'
2025-08-22 15:37:42 - uvicorn.error - INFO - Shutting down
2025-08-22 15:37:42 - uvicorn.error - INFO - Waiting for application shutdown.
2025-08-22 15:37:42 - back_end.server - INFO - FastAPI应用关闭
2025-08-22 15:37:42 - uvicorn.error - INFO - Application shutdown complete.
2025-08-22 15:37:42 - uvicorn.error - INFO - Finished server process [28680]
