2025-08-21 16:25:05 - root - INFO - 服务器日志系统初始化完成，日志文件: C:\Users\z0054unn\Documents\Siemens-GitLab\Third-party\third-party-clearance\logs\server_20250821_16h25m05s.log
2025-08-21 16:25:05 - root - INFO - 服务器日志系统初始化完成，日志文件: C:\Users\z0054unn\Documents\Siemens-GitLab\Third-party\third-party-clearance\logs\server_20250821_16h25m05s.log
2025-08-21 16:25:09 - back_end.services.chat_service - INFO - we have found risk bot when initializing the chat service!
2025-08-21 16:25:09 - testing - INFO - 开始执行测试: test_custom_instruction_retrieval
2025-08-21 16:25:12 - testing - INFO - 开始执行测试: test_initial_content_generation
2025-08-21 16:25:13 - back_end.services.chat_service - INFO - user_input: 
2	Product overview 
2.1	Product description
TC5 is a a KNX S-Mode multi-functional touch panel for display, operation and control. The device offers a 5-inch color capacitive touch screen at a resolution of 480 × 854.
The device is powered over KNX on DC 24...30 V auxiliary supply voltage.
Key features:
•	KNX controller with extensive range of functions – integrated temperature sensor 
•	Password protection 
•	Proximity sensor 
•	Customization of wall papers, screen savers and icons
•	LED colored light strip Control functions 
-	Lighting control
-	Solar protection
-	HVAC 
-	Scene control 
-	Schedule and timer function
-	Alarmhandling
The original manufacturer is GVS. All software and hardware is provided by GVS, no development is done by Siemens.
2.2	Sales and delivery channels
Standard SI B sales channels.
2.3	Development details
This is an OEM product developed by GVS (https://www.gvssmart.com/).
It is based on a customized Linux. 


2025-08-21 16:25:13 - back_end.services.chat_flow - INFO - chat_flow.process: 处理状态: ConfirmationStatus.PRODUCTOVERVIEW
2025-08-21 16:25:13 - ProductOverviewHandler - INFO - Now we are checking...
2025-08-21 16:25:13 - back_end.services.chat_service - INFO - chat_service.process_user_input: Current status: product_overview, Updated status: product_overview
2025-08-21 16:25:13 - utils.tools - WARNING - 未找到处理类型(processing_type)，使用默认值: component
2025-08-21 16:25:13 - back_end.services.chat_service - INFO - Status check - Processing type: component, Item type: ItemType.COMPONENT, Status: product_overview -> product_overview
2025-08-21 16:25:13 - ProductOverviewHandler - INFO - Now we are checking...
2025-08-21 16:25:17 - testing - INFO - 开始执行测试: test_user_satisfied_flow
2025-08-21 16:25:23 - back_end.services.chat_service - INFO - user_input: Yes, I am satisfied with the current content.
2025-08-21 16:25:23 - testing - INFO - 开始执行测试: test_user_unsatisfied_flow
2025-08-21 16:25:23 - testing - INFO - 开始执行测试: test_initial_content_generation
2025-08-21 16:25:34 - back_end.services.chat_service - INFO - user_input: 
2	Product overview 
2.1	Product description
TC5 is a a KNX S-Mode multi-functional touch panel for display, operation and control. The device offers a 5-inch color capacitive touch screen at a resolution of 480 × 854.
The device is powered over KNX on DC 24...30 V auxiliary supply voltage.
Key features:
•	KNX controller with extensive range of functions – integrated temperature sensor 
•	Password protection 
•	Proximity sensor 
•	Customization of wall papers, screen savers and icons
•	LED colored light strip Control functions 
-	Lighting control
-	Solar protection
-	HVAC 
-	Scene control 
-	Schedule and timer function
-	Alarmhandling
The original manufacturer is GVS. All software and hardware is provided by GVS, no development is done by Siemens.
2.2	Sales and delivery channels
Standard SI B sales channels.
2.3	Development details
This is an OEM product developed by GVS (https://www.gvssmart.com/).
It is based on a customized Linux. 


2025-08-21 16:25:34 - back_end.services.chat_flow - INFO - chat_flow.process: 处理状态: ConfirmationStatus.PRODUCTOVERVIEW
2025-08-21 16:25:34 - ProductOverviewHandler - INFO - Now we are checking...
2025-08-21 16:25:34 - ProductOverviewHandler - INFO - we have generated content...
2025-08-21 16:25:34 - ProductOverviewHandler - INFO - Now we are checking...
2025-08-21 16:25:34 - back_end.services.chat_service - INFO - chat_service.process_user_input: Current status: product_overview, Updated status: product_overview
2025-08-21 16:25:34 - back_end.services.chat_service - INFO - Status check - Processing type: component, Item type: ItemType.COMPONENT, Status: product_overview -> product_overview
2025-08-21 16:25:34 - ProductOverviewHandler - INFO - Now we are checking...
2025-08-21 16:25:34 - ProductOverviewHandler - INFO - we have generated content...
2025-08-21 16:25:34 - ProductOverviewHandler - INFO - Now we are checking...
