2025-09-08 14:54:57 - root - INFO - 服务器日志系统初始化完成，日志文件: C:\Users\z0054unn\Documents\Siemens-GitLab\Third-party\third-party-clearance\logs\server_20250908_14h54m57s.log
2025-09-08 14:54:57 - root - INFO - 服务器日志系统初始化完成，日志文件: C:\Users\z0054unn\Documents\Siemens-GitLab\Third-party\third-party-clearance\logs\server_20250908_14h54m57s.log
2025-09-08 14:54:57 - nodes - INFO - Now we are parsing the original HTML File
2025-09-08 14:55:01 - nodes - INFO - Successfully parsed!
2025-09-08 14:55:01 - nodes - INFO - Now we are parsing the original PCR file.
2025-09-08 14:55:08 - back_end.services.chat_service - INFO - we have found risk bot when initializing the chat service!
2025-09-08 14:55:08 - back_end.services.chat_manager - WARNING - now we start with checking: pure_component
2025-09-08 14:55:08 - testing - INFO - 检验测试环境初始化...
2025-09-08 14:55:08 - testing - INFO - 测试环境验证通过!
2025-09-08 14:55:08 - testing - INFO - 开始执行测试: test_custom_instruction_retrieval
2025-09-08 14:55:08 - testing - INFO - Now we are using the customized shared dictionary
2025-09-08 14:55:11 - testing - INFO - Retrieved instructions with custom context: I am currently not in confirming mode. Please provide details or context so that I can assist you further.
2025-09-08 14:55:11 - testing - INFO - 开始执行测试: test_user_in_flow
2025-09-08 14:55:11 - testing - INFO - 当前对话轮次1, 用户输入OK, show me the first subtitle
2025-09-08 14:55:26 - back_end.services.chat_service - INFO - user_input: OK, show me the first subtitle
2025-09-08 14:55:28 - back_end.services.chat_service - INFO - chat_service.process_user_input: we have this response {'result': 'continue', 'talking': "I need more context to understand what you mean by 'the first subtitle.' Are you referring to a specific document, project, or section within a compliance audit? Please provide more details."}
2025-09-08 14:55:43 - ObligationsHandler - INFO - Initialized 7 subtitle handlers for item: 0
2025-09-08 14:55:43 - ObligationsHandler - INFO - Initialized 7 subtitle handlers for item: 1
2025-09-08 14:55:43 - ObligationsHandler - INFO - Initialized 7 subtitle handlers for item: 2
2025-09-08 14:55:43 - ObligationsHandler - INFO - Initialized 7 subtitle handlers for item: 3
2025-09-08 14:55:43 - ObligationsHandler - INFO - Initialized 7 subtitle handlers for item: 4
2025-09-08 14:55:43 - ObligationsHandler - INFO - Initialized 7 subtitle handlers for item: 5
2025-09-08 14:55:43 - ObligationsHandler - INFO - Initialized 7 subtitle handlers for item: 6
2025-09-08 14:55:43 - ObligationsHandler - INFO - Initialized 7 subtitle handlers for item: 7
2025-09-08 14:55:43 - back_end.services.chat_flow - INFO - chat_flow.process: 处理状态: ConfirmationStatus.OBLIGATIONS
2025-09-08 14:55:43 - LicenseHandler - INFO - Now we are checking...
2025-09-08 14:55:43 - back_end.services.chat_service - INFO - chat_service.process_user_input: Current status: obligations, Updated status: obligations
2025-09-08 14:55:43 - back_end.services.chat_service - INFO - Status check - Processing type: pure_component, Item type: ItemType.PC, Status: obligations -> obligations
2025-09-08 14:55:43 - back_end.services.chat_service - INFO - chat_service._handle_chapter_generation: Processing ChapterGeneration with result: continue
2025-09-08 14:55:56 - utils.database.hardDB - INFO - this is the found components
2025-09-08 14:56:09 - utils.database.hardDB - INFO - this is the found components
2025-09-08 14:56:09 - back_end.services.chat_gen.generator - INFO - Generated content for item_0 - HandlerStateWrapper
2025-09-08 14:56:09 - testing - INFO - 状态: obligations
2025-09-08 14:56:09 - testing - INFO - 系统回复: ['Now we have imported the licenses identified from the cli xml.', '*Global Licenses:*MIT\n\n*Other Licenses:*']
2025-09-08 14:56:09 - testing - INFO - 当前对话轮次2, 用户输入ok, next, please
2025-09-08 14:56:53 - back_end.services.chat_service - INFO - user_input: ok, next, please
2025-09-08 14:58:11 - back_end.services.chat_service - INFO - chat_service.process_user_input: we have this response {'result': 'next', 'talking': 'Switching to the next mode. Please provide details or the specific area where you need assistance regarding compliance clearance.'}
2025-09-08 14:58:21 - back_end.services.chat_flow - INFO - chat_flow.process: 处理状态: ConfirmationStatus.OBLIGATIONS
2025-09-08 14:58:21 - LicenseHandler - INFO - Now we are checking...
2025-09-08 14:58:21 - ObligationsHandler - INFO - Marked content_confirmed for item_0 - LicenseHandler
2025-09-08 14:58:22 - back_end.services.chat_service - INFO - chat_service.process_user_input: Current status: obligations, Updated status: obligations
2025-09-08 14:58:34 - back_end.services.chat_service - INFO - Status check - Processing type: pure_component, Item type: ItemType.PC, Status: obligations -> obligations
2025-09-08 14:58:34 - back_end.services.chat_service - INFO - chat_service._handle_chapter_generation: Processing ChapterGeneration with result: next
2025-09-08 14:58:41 - utils.database.hardDB - INFO - this is the found components
