2025-08-15 10:53:34 - root - INFO - 服务器日志系统初始化完成，日志文件: C:\Users\z0054unn\Documents\Siemens-GitLab\Third-party\third-party-clearance\logs\server_20250815_10h53m34s.log
2025-08-15 10:53:34 - uvicorn.error - INFO - Started server process [25820]
2025-08-15 10:53:34 - uvicorn.error - INFO - Waiting for application startup.
2025-08-15 10:53:34 - back_end.server - INFO - FastAPI应用启动
2025-08-15 10:53:34 - uvicorn.error - INFO - Application startup complete.
2025-08-15 10:54:31 - back_end.server - INFO - the html file is stored at: uploads\LicenseInfo-@automation-core_ac-engineering-ng-2.10.0-2025-07-30_05_57_51.html
2025-08-15 10:54:31 - nodes - INFO - Now we are parsing the original HTML File
2025-08-15 10:54:31 - nodes - INFO - Successfully parsed!
2025-08-15 10:54:31 - nodes - INFO - Now we are reviewing the components list
2025-08-15 10:54:31 - nodes - INFO - We have 3 to review
2025-08-15 10:54:45 - nodes - INFO - We have reviewed one component
2025-08-15 10:54:59 - nodes - INFO - We have reviewed one component
2025-08-15 10:55:13 - nodes - INFO - We have reviewed one component
2025-08-15 10:55:13 - nodes - INFO - Completely Reviewed.
2025-08-15 10:55:13 - nodes - INFO - Now we are collecing special licenses such as GPL
2025-08-15 10:55:13 - nodes - INFO - Now checking the reviewed risks
2025-08-15 10:55:13 - nodes - INFO - We have 3 components to check
2025-08-15 10:55:13 - nodes - INFO - Successfully combined 3 license and risk records
2025-08-15 10:55:22 - nodes - INFO - We have checked one component
2025-08-15 10:55:32 - nodes - INFO - We have checked one component
2025-08-15 10:55:41 - nodes - INFO - We have checked one component
2025-08-15 10:55:41 - nodes - INFO - finished checking, now we are checking the dependecies
2025-08-15 10:55:41 - nodes - INFO - now we start analyzing depencies between components
2025-08-15 10:55:50 - nodes - INFO - Now we have checked dependency of one component
2025-08-15 10:55:50 - utils.itemFilter - INFO - 开始筛选组件，共 1 个组件待处理
2025-08-15 10:55:50 - utils.itemFilter - INFO - 处理组件 1/1
2025-08-15 10:55:50 - utils.itemFilter - INFO - 正在检查组件: @ngrx/store 17.2.0
                            ⇧
2025-08-15 10:55:50 - utils.itemFilter - INFO - 组件许可证列表: ["Apache-2.0", "CC-BY-4.0", "MIT"]
2025-08-15 10:55:50 - utils.itemFilter - INFO - 风险分析中的许可证: ["Apache-2.0", "CC-BY-4.0", "2: CC-BY-4.0⇧", "MIT"]
2025-08-15 10:55:50 - utils.itemFilter - INFO - 筛选完成，保留了 1 个需要凭证的组件
2025-08-15 10:55:50 - nodes - INFO - finished checking, now we are starting the chat...
2025-08-15 10:55:53 - nodes - INFO - Initialized session successfully, waiting for the bot to start conversation
2025-08-15 10:55:53 - nodes - INFO - Starting Chatting...
2025-08-15 10:55:53 - back_end.services.chat_service - INFO - we have found risk bot when initializing the chat service!
2025-08-15 10:55:53 - back_end.services.chat_manager - WARNING - now we start with checking: component
2025-08-15 10:55:55 - back_end.server - INFO - now we initialized status as: OEMing
2025-08-15 10:56:00 - back_end.server - INFO - server: before processing input, we are in the status of: OEMing
2025-08-15 10:56:03 - back_end.services.chat_flow - INFO - chat_flow.process: 处理状态: ConfirmationStatus.OEM
2025-08-15 10:56:03 - back_end.services.chat_flow - INFO - chat_flow.process: 状态转移: ConfirmationStatus.OEM -> ConfirmationStatus.CONTRACT
2025-08-15 10:56:03 - back_end.services.chat_service - INFO - chat_service.process_user_input: Current status: OEMing, Updated status: toContract
2025-08-15 10:56:03 - back_end.services.chat_service - INFO - Status check - Processing type: component, Item type: ItemType.COMPONENT, Status: OEMing -> toContract
2025-08-15 10:56:03 - back_end.services.item_types - WARNING - 最新状态为toContract，未找到处理类型(processing_type)，使用默认值: component
2025-08-15 10:56:17 - back_end.server - INFO - The file is stored at: uploads\contract_template.docx
2025-08-15 10:56:24 - back_end.server - INFO - Contract analysis completed successfully for session 7ad9f5dd-875b-445d-ade2-f48a02b29e6f
2025-08-15 10:56:24 - back_end.services.chat_flow - INFO - chat_flow.process: 处理状态: ConfirmationStatus.CONTRACT
2025-08-15 10:56:24 - back_end.services.chat_flow - INFO - chat_flow.process: 状态转移: ConfirmationStatus.CONTRACT -> ConfirmationStatus.DEPENDENCY
2025-08-15 10:56:24 - back_end.services.chat_flow - INFO - chat_flow.DependencyCheck: 依赖处理: 初始化了 1 个组件子任务
2025-08-15 10:56:24 - back_end.services.chat_service - INFO - Status check - Processing type: component, Item type: ItemType.COMPONENT, Status: ConfirmationStatus.CONTRACT -> toDependency
2025-08-15 10:56:30 - back_end.server - INFO - server: before processing input, we are in the status of: toDependency
2025-08-15 10:56:33 - back_end.services.chat_flow - INFO - chat_flow.process: 处理状态: ConfirmationStatus.DEPENDENCY
2025-08-15 10:56:33 - back_end.services.chat_service - INFO - chat_service.process_user_input: Current status: toDependency, Updated status: toDependency
2025-08-15 10:56:33 - back_end.services.chat_service - INFO - Status check - Processing type: component, Item type: ItemType.COMPONENT, Status: toDependency -> toDependency
2025-08-15 10:56:33 - back_end.services.chat_service - INFO - chat_service.handle_nested: now the processing type in shared is: component
2025-08-15 10:56:33 - back_end.services.chat_service - INFO - chat_service.handle_nested: now we are handling license or component ItemType.COMPONENT
2025-08-15 10:56:33 - back_end.services.chat_manager - INFO - chat_manager.handle_next: now we return back to handling continue function
2025-08-15 10:56:35 - back_end.services.chat_service - WARNING - chat_service.handle_nested: we have found this messsage The component @ngrx/store version 17.2.0 has its own dependencies that may require compliance assessment. To ensure a complete risk analysis, it is important to determine if you would like to include these dependent components in your compliance checklist. Would you like to add the dependent components of @ngrx/store 17.2.0 to your compliance clearance list? Please answer yes or no.
2025-08-15 10:56:37 - back_end.server - INFO - server: before processing input, we are in the status of: toDependency
2025-08-15 10:56:39 - back_end.services.chat_flow - INFO - chat_flow.process: 处理状态: ConfirmationStatus.DEPENDENCY
2025-08-15 10:56:39 - back_end.services.chat_service - INFO - chat_service.process_user_input: Current status: toDependency, Updated status: toDependency
2025-08-15 10:56:39 - back_end.services.chat_service - INFO - Status check - Processing type: component, Item type: ItemType.COMPONENT, Status: toDependency -> toDependency
2025-08-15 10:56:39 - back_end.services.chat_service - INFO - chat_service.handle_nested: now the processing type in shared is: component
2025-08-15 10:56:39 - back_end.services.chat_service - INFO - chat_service.handle_nested: now we are handling license or component ItemType.COMPONENT
2025-08-15 10:56:39 - back_end.services.chat_manager - INFO - chat_manager.handle_next: we have updated the status of this item in the shared file
2025-08-15 10:56:39 - back_end.services.chat_service - WARNING - chat_service.handle_nested: we have found this messsage We have finished current checking!
2025-08-15 10:56:39 - back_end.services.chat_service - INFO - chat_service.handle_nested: we have finished the checking for this state toDependency
2025-08-15 10:56:39 - back_end.services.chat_flow - INFO - chat_flow.process: 处理状态: ConfirmationStatus.DEPENDENCY
2025-08-15 10:56:39 - back_end.services.chat_flow - INFO - chat_flow.process: 状态转移: ConfirmationStatus.DEPENDENCY -> ConfirmationStatus.CREDENTIAL
2025-08-15 10:56:39 - back_end.services.chat_flow - INFO - chat_flow.CredentialCheck: 依赖处理: 初始化了 1 个组件子任务
2025-08-15 10:56:39 - back_end.services.chat_service - INFO - Status check - Processing type: component, Item type: ItemType.COMPONENT, Status: toDependency -> credential
2025-08-15 10:56:44 - back_end.server - INFO - server: before processing input, we are in the status of: credential
2025-08-15 10:56:46 - back_end.services.chat_flow - INFO - chat_flow.process: 处理状态: ConfirmationStatus.CREDENTIAL
2025-08-15 10:56:46 - back_end.services.chat_service - INFO - chat_service.process_user_input: Current status: credential, Updated status: credential
2025-08-15 10:56:46 - back_end.services.chat_service - INFO - Status check - Processing type: credential, Item type: ItemType.CREDENTIAL, Status: credential -> credential
2025-08-15 10:56:46 - back_end.services.chat_service - INFO - chat_service.handle_nested: now the processing type in shared is: credential
2025-08-15 10:56:46 - back_end.services.chat_service - INFO - chat_service.handle_nested: now we are handling license or component ItemType.CREDENTIAL
2025-08-15 10:56:46 - back_end.services.chat_manager - INFO - chat_manager.handle_next: now we return back to handling continue function
2025-08-15 10:56:47 - back_end.services.chat_service - WARNING - chat_service.handle_nested: we have found this messsage The component @ngrx/store version 17.2.0 requires credentials from another cooperation. To ensure legal compliance, please confirm whether this component has been credentialized. Is @ngrx/store 17.2.0 properly authorized with the necessary credentials?
2025-08-15 10:56:51 - back_end.server - INFO - server: before processing input, we are in the status of: credential
2025-08-15 10:56:52 - back_end.services.chat_flow - INFO - chat_flow.process: 处理状态: ConfirmationStatus.CREDENTIAL
2025-08-15 10:56:52 - back_end.services.chat_service - INFO - chat_service.process_user_input: Current status: credential, Updated status: credential
2025-08-15 10:56:52 - back_end.services.chat_service - INFO - Status check - Processing type: credential, Item type: ItemType.CREDENTIAL, Status: credential -> credential
2025-08-15 10:56:52 - back_end.services.chat_service - INFO - chat_service.handle_nested: now the processing type in shared is: credential
2025-08-15 10:56:52 - back_end.services.chat_service - INFO - chat_service.handle_nested: now we are handling license or component ItemType.CREDENTIAL
2025-08-15 10:56:52 - back_end.services.chat_manager - INFO - chat_manager.handle_next: we have updated the status of this item in the shared file
2025-08-15 10:56:52 - back_end.services.chat_service - WARNING - chat_service.handle_nested: we have found this messsage We have finished current checking!
2025-08-15 10:56:52 - back_end.services.chat_service - INFO - chat_service.handle_nested: we have finished the checking for this state credential
2025-08-15 10:56:52 - back_end.services.chat_flow - INFO - chat_flow.process: 处理状态: ConfirmationStatus.CREDENTIAL
2025-08-15 10:56:52 - back_end.services.chat_flow - INFO - chat_flow.process: 状态转移: ConfirmationStatus.CREDENTIAL -> ConfirmationStatus.SPECIAL_CHECK
2025-08-15 10:56:52 - back_end.services.chat_flow - INFO - chat_flow.SpeicalCheck: 依赖处理: 初始化了 1 个组件子任务
2025-08-15 10:56:52 - back_end.services.chat_service - INFO - Status check - Processing type: credential, Item type: ItemType.CREDENTIAL, Status: credential -> special_check
2025-08-15 10:56:55 - back_end.services.chat_service - INFO - process_status_change: we need to get the instruction for the first item: special_check
2025-08-15 10:56:55 - back_end.services.chat_manager - INFO - chat_manager.handle_next: now we return back to handling continue function
2025-08-15 10:57:04 - back_end.server - INFO - server: before processing input, we are in the status of: special_check
2025-08-15 10:57:07 - back_end.services.chat_flow - INFO - chat_flow.process: 处理状态: ConfirmationStatus.SPECIAL_CHECK
2025-08-15 10:57:07 - back_end.services.chat_service - INFO - chat_service.process_user_input: Current status: special_check, Updated status: special_check
2025-08-15 10:57:07 - back_end.services.chat_service - INFO - Status check - Processing type: specialcheck, Item type: ItemType.SPECIALCHECK, Status: special_check -> special_check
2025-08-15 10:57:07 - back_end.services.chat_service - INFO - chat_service.handle_nested: now the processing type in shared is: specialcheck
2025-08-15 10:57:07 - back_end.services.chat_service - INFO - chat_service.handle_nested: now we are handling license or component ItemType.SPECIALCHECK
2025-08-15 10:57:07 - back_end.services.chat_manager - INFO - chat_manager.handle_next: we have updated the status of this item in the shared file
2025-08-15 10:57:07 - back_end.services.chat_service - WARNING - chat_service.handle_nested: we have found this messsage We have finished current checking!
2025-08-15 10:57:07 - back_end.services.chat_service - INFO - chat_service.handle_nested: we have finished the checking for this state special_check
2025-08-15 10:57:07 - back_end.services.chat_flow - INFO - chat_flow.process: 处理状态: ConfirmationStatus.SPECIAL_CHECK
2025-08-15 10:57:07 - back_end.services.chat_flow - INFO - chat_flow.process: 状态转移: ConfirmationStatus.SPECIAL_CHECK -> ConfirmationStatus.COMPLIANCE
2025-08-15 10:57:07 - back_end.services.chat_flow - INFO - chat_flow.LicenseCheck: 依赖处理: 初始化了 3 个组件子任务
2025-08-15 10:57:07 - back_end.services.chat_service - INFO - Status check - Processing type: specialcheck, Item type: ItemType.SPECIALCHECK, Status: special_check -> toCompliance
2025-08-15 10:57:10 - back_end.services.chat_service - INFO - process_status_change: we need to get the instruction for the first item: toCompliance
2025-08-15 10:57:10 - back_end.services.chat_manager - INFO - chat_manager.handle_next: now we return back to handling continue function # 这里就调出来了第一个许可证的回复 而且把第一个许可证的状态改为了inProgress
2025-08-15 10:57:20 - back_end.server - INFO - server: before processing input, we are in the status of: toCompliance
2025-08-15 10:57:25 - back_end.services.chat_flow - INFO - chat_flow.process: 处理状态: ConfirmationStatus.COMPLIANCE
2025-08-15 10:57:25 - back_end.services.chat_service - INFO - chat_service.process_user_input: Current status: toCompliance, Updated status: toCompliance
2025-08-15 10:57:25 - back_end.services.chat_service - INFO - Status check - Processing type: license, Item type: ItemType.LICENSE, Status: toCompliance -> toCompliance
2025-08-15 10:57:25 - back_end.services.chat_service - INFO - chat_service.handle_nested: now the processing type in shared is: license
2025-08-15 10:57:25 - back_end.services.chat_service - INFO - chat_service.handle_nested: now we are handling license or component ItemType.LICENSE
2025-08-15 10:57:25 - back_end.services.chat_manager - INFO - chat_manager.handle_next: we have updated the status of this item in the shared file # 这里是对一个许可证的确认
2025-08-15 10:57:29 - back_end.services.chat_service - WARNING - chat_service.handle_nested: we have found this messsage Apache-2.0 has been confirmed completely!

For the CC-BY-4.0 license with a checked risk level of medium, the compliance measures involve ensuring proper attribution whenever the licensed material is used or adapted. You must also be aware of any additional legal considerations regarding the reuse of the licensed material. Given the moderate level of risk, please provide justification for retaining this license or confirm its removal.
2025-08-15 10:57:51 - back_end.server - INFO - server: before processing input, we are in the status of: toCompliance
2025-08-15 10:57:54 - back_end.services.chat_flow - INFO - chat_flow.process: 处理状态: ConfirmationStatus.COMPLIANCE
2025-08-15 10:57:54 - back_end.services.chat_service - INFO - chat_service.process_user_input: Current status: toCompliance, Updated status: toCompliance
2025-08-15 10:57:54 - back_end.services.chat_service - INFO - Status check - Processing type: license, Item type: ItemType.LICENSE, Status: toCompliance -> toCompliance
2025-08-15 10:57:54 - back_end.services.chat_service - INFO - chat_service.handle_nested: now the processing type in shared is: license
2025-08-15 10:57:54 - back_end.services.chat_service - INFO - chat_service.handle_nested: now we are handling license or component ItemType.LICENSE
2025-08-15 10:57:54 - back_end.services.chat_manager - INFO - chat_manager.handle_next: now we return back to handling continue function
2025-08-15 10:57:56 - back_end.services.chat_service - WARNING - chat_service.handle_nested: we have found this messsage For the CC-BY-4.0 license with a checked risk level of medium, the compliance measures involve ensuring proper attribution whenever the licensed material is used or adapted. You must also be aware of any additional legal considerations regarding the reuse of the licensed material. Given the moderate level of risk, please provide justification for retaining this license or confirm its removal.
2025-08-15 10:58:21 - back_end.server - INFO - server: before processing input, we are in the status of: toCompliance
2025-08-15 10:58:27 - back_end.services.chat_flow - INFO - chat_flow.process: 处理状态: ConfirmationStatus.COMPLIANCE
2025-08-15 10:58:27 - back_end.services.chat_service - INFO - chat_service.process_user_input: Current status: toCompliance, Updated status: toCompliance
2025-08-15 10:58:27 - back_end.services.chat_service - INFO - Status check - Processing type: license, Item type: ItemType.LICENSE, Status: toCompliance -> toCompliance
2025-08-15 10:58:27 - back_end.services.chat_service - INFO - chat_service.handle_nested: now the processing type in shared is: license
2025-08-15 10:58:27 - back_end.services.chat_service - INFO - chat_service.handle_nested: now we are handling license or component ItemType.LICENSE
2025-08-15 10:58:27 - back_end.services.chat_manager - INFO - chat_manager.handle_next: we have updated the status of this item in the shared file
2025-08-15 10:58:32 - back_end.services.chat_service - WARNING - chat_service.handle_nested: we have found this messsage CC-BY-4.0 has been confirmed completely!

For the MIT license with a checked risk level of low, the compliance measures involve ensuring proper attribution and including the license text in any derivative works. Given the permissive nature of the MIT License, do you confirm the implementation of these compliance measures?
2025-08-15 10:58:35 - back_end.server - INFO - server: before processing input, we are in the status of: toCompliance
2025-08-15 10:58:40 - back_end.services.chat_flow - INFO - chat_flow.process: 处理状态: ConfirmationStatus.COMPLIANCE
2025-08-15 10:58:40 - back_end.services.chat_service - INFO - chat_service.process_user_input: Current status: toCompliance, Updated status: toCompliance
2025-08-15 10:58:40 - back_end.services.chat_service - INFO - Status check - Processing type: license, Item type: ItemType.LICENSE, Status: toCompliance -> toCompliance
2025-08-15 10:58:40 - back_end.services.chat_service - INFO - chat_service.handle_nested: now the processing type in shared is: license
2025-08-15 10:58:40 - back_end.services.chat_service - INFO - chat_service.handle_nested: now we are handling license or component ItemType.LICENSE
2025-08-15 10:58:40 - back_end.services.chat_manager - INFO - chat_manager.handle_next: now we return back to handling continue function
2025-08-15 10:58:42 - back_end.services.chat_service - WARNING - chat_service.handle_nested: we have found this messsage For the MIT license with a checked risk level of low, the compliance measures involve ensuring proper attribution and including the license text in any derivative works. Given the permissive nature of the MIT License, do you confirm the implementation of these compliance measures?
2025-08-15 10:58:48 - back_end.server - INFO - server: before processing input, we are in the status of: toCompliance
2025-08-15 10:58:51 - back_end.services.chat_flow - INFO - chat_flow.process: 处理状态: ConfirmationStatus.COMPLIANCE
2025-08-15 10:58:51 - back_end.services.chat_service - INFO - chat_service.process_user_input: Current status: toCompliance, Updated status: toCompliance
2025-08-15 10:58:51 - back_end.services.chat_service - INFO - Status check - Processing type: license, Item type: ItemType.LICENSE, Status: toCompliance -> toCompliance
2025-08-15 10:58:51 - back_end.services.chat_service - INFO - chat_service.handle_nested: now the processing type in shared is: license
2025-08-15 10:58:51 - back_end.services.chat_service - INFO - chat_service.handle_nested: now we are handling license or component ItemType.LICENSE
2025-08-15 10:58:51 - back_end.services.chat_manager - INFO - chat_manager.handle_next: we have updated the status of this item in the shared file
2025-08-15 10:58:51 - back_end.services.chat_service - WARNING - chat_service.handle_nested: we have found this messsage We have finished current checking!
2025-08-15 10:58:51 - back_end.services.chat_service - INFO - chat_service.handle_nested: we have finished the checking for this state toCompliance
2025-08-15 10:58:51 - back_end.services.chat_flow - INFO - chat_flow.process: 处理状态: ConfirmationStatus.COMPLIANCE
2025-08-15 10:58:51 - back_end.services.chat_flow - INFO - chat_flow.process: 状态转移: ConfirmationStatus.COMPLIANCE -> ConfirmationStatus.COMPLETED
2025-08-15 10:58:51 - back_end.services.chat_service - INFO - Status check - Processing type: license, Item type: ItemType.LICENSE, Status: toCompliance -> completed
2025-08-15 10:58:51 - back_end.services.item_types - WARNING - 最新状态为completed，未找到处理类型(processing_type)，使用默认值: component
2025-08-15 10:59:07 - back_end.server - INFO - server: before processing input, we are in the status of: completed
2025-08-15 10:59:07 - back_end.server - INFO - We have finished all checking in current session, please reupload a new license info file to start a new session. 
2025-08-15 11:14:58 - uvicorn.error - INFO - Shutting down
2025-08-15 11:14:58 - uvicorn.error - INFO - Waiting for application shutdown.
2025-08-15 11:14:58 - back_end.server - INFO - FastAPI应用关闭
2025-08-15 11:14:58 - uvicorn.error - INFO - Application shutdown complete.
2025-08-15 11:14:58 - uvicorn.error - INFO - Finished server process [25820]
