2025-08-27 16:33:11 - root - INFO - 服务器日志系统初始化完成，日志文件: C:\Users\z0054unn\Documents\Siemens-GitLab\Third-party\third-party-clearance\logs\server_20250827_16h33m11s.log
2025-08-27 16:33:11 - nodes - INFO - Now we are parsing the original HTML File
2025-08-27 16:33:15 - nodes - INFO - Successfully parsed!
2025-08-27 16:33:20 - back_end.services.chat_service - INFO - we have found risk bot when initializing the chat service!
2025-08-27 16:33:20 - testing - INFO - 开始执行测试: test_custom_instruction_retrieval
2025-08-27 16:33:20 - testing - INFO - 开始执行测试: test_initial_content_generation
2025-08-27 16:33:23 - utils.tools - INFO - we should have result like {'result': 'next', 'talking': 'I can assist with compliance auditing and risk assessment, but I need more specific information to help you. Please provide details about the OSS or PSS components you want to analyze.'}
2025-08-27 16:33:23 - back_end.services.chat_service - INFO - user_input: 
            Just generate the markdown

    
2025-08-27 16:33:23 - back_end.services.chat_flow - INFO - chat_flow.process: 处理状态: ConfirmationStatus.COMMONRULES
2025-08-27 16:33:23 - back_end.services.chat_service - INFO - chat_service.process_user_input: Current status: common_rules, Updated status: common_rules
2025-08-27 16:33:23 - utils.tools - WARNING - 未找到处理类型(processing_type)，使用默认值: component
2025-08-27 16:33:23 - back_end.services.chat_service - INFO - Status check - Processing type: component, Item type: ItemType.COMPONENT, Status: common_rules -> common_rules
2025-08-27 16:33:23 - back_end.services.chat_service - INFO - now we started generating content with this handler CommonRulesHandler
2025-08-27 16:33:23 - testing - INFO - 开始执行测试: test_user_satisfied_flow
2025-08-27 16:33:24 - utils.tools - INFO - we should have result like {'result': 'next', 'talking': 'Great! Since you are satisfied with the content and ready to proceed, please let me know what specific compliance or licensing concerns you would like to address next.'}
2025-08-27 16:33:24 - back_end.services.chat_service - INFO - user_input: Yes, I am satisfied with the current content.
2025-08-27 16:33:24 - back_end.services.chat_flow - INFO - chat_flow.process: 处理状态: ConfirmationStatus.COMMONRULES
2025-08-27 16:33:24 - CommonRulesHandler - INFO - we have generated content...
2025-08-27 16:33:24 - CommonRulesHandler - INFO - Now we are checking...
2025-08-27 16:33:24 - CommonRulesHandler - INFO - we have reset the status of completion
2025-08-27 16:33:24 - back_end.services.chat_flow - INFO - chat_flow.process: 状态转移: ConfirmationStatus.COMMONRULES -> ConfirmationStatus.COMPLETED
2025-08-27 16:33:24 - back_end.services.chat_service - INFO - chat_service.process_user_input: Current status: common_rules, Updated status: completed
2025-08-27 16:33:24 - back_end.services.chat_service - INFO - Status check - Processing type: component, Item type: ItemType.COMPONENT, Status: common_rules -> completed
2025-08-27 16:33:24 - back_end.items_utils.item_types - WARNING - 最新状态为completed，未找到处理类型(processing_type)，使用默认值: component
2025-08-27 16:33:24 - testing - INFO - 开始执行测试: test_user_unsatisfied_flow
2025-08-27 16:33:24 - testing - INFO - 开始执行测试: test_initial_content_generation
2025-08-27 16:33:37 - utils.tools - INFO - we should have result like {'result': 'continue', 'talking': 'I need more specific context or details about the markdown you would like generated. Could you please specify what content or which compliance aspects you want to include in the markdown?'}
2025-08-27 16:33:45 - back_end.services.chat_service - INFO - user_input: 
            Just generate the markdown

    
