2025-09-18 11:12:48 - root - INFO - 服务器日志系统初始化完成，日志文件: C:\Users\z0054unn\Documents\Siemens-GitLab\Third-party\third-party-clearance\logs\server_20250918_11h12m48s.log
2025-09-18 11:12:48 - root - INFO - 服务器日志系统初始化完成，日志文件: C:\Users\z0054unn\Documents\Siemens-GitLab\Third-party\third-party-clearance\logs\server_20250918_11h12m48s.log
2025-09-18 11:12:48 - uvicorn.error - INFO - Started server process [11136]
2025-09-18 11:12:48 - uvicorn.error - INFO - Waiting for application startup.
2025-09-18 11:12:48 - back_end.server - INFO - FastAPI应用启动
2025-09-18 11:12:48 - back_end.server - INFO - API base URL: http://127.0.0.1:8000
2025-09-18 11:12:48 - uvicorn.error - INFO - Application startup complete.
2025-09-18 11:13:08 - back_end.server - INFO - the html file is stored at: uploads\LicenseInfo-@automation-core_ac-engineering-ng-2.10.0-2025-07-30_05_57_51.html
2025-09-18 11:13:08 - nodes - INFO - Now we are parsing the original HTML File
2025-09-18 11:13:08 - nodes - INFO - Successfully parsed!
2025-09-18 11:13:08 - nodes - INFO - Now we are parsing the original PCR file.
2025-09-18 11:13:08 - nodes - INFO - Now we are reviewing the components list
2025-09-18 11:13:08 - nodes - INFO - We have 3 to review
2025-09-18 11:13:22 - nodes - INFO - We have reviewed one component
2025-09-18 11:13:36 - nodes - INFO - We have reviewed one component
2025-09-18 11:13:50 - nodes - INFO - We have reviewed one component
2025-09-18 11:13:50 - nodes - INFO - Completely Reviewed.
2025-09-18 11:13:50 - nodes - INFO - Now we are collecing special licenses such as GPL
2025-09-18 11:13:50 - nodes - INFO - Now checking the reviewed risks
2025-09-18 11:13:50 - nodes - INFO - We have 3 licenses to check
2025-09-18 11:13:50 - nodes - INFO - Successfully combined 3 license and risk records
2025-09-18 11:13:59 - nodes - INFO - We have checked one component
2025-09-18 11:14:08 - nodes - INFO - We have checked one component
2025-09-18 11:14:18 - nodes - INFO - We have checked one component
2025-09-18 11:14:18 - nodes - INFO - finished checking, now we are checking the dependecies
2025-09-18 11:14:18 - nodes - INFO - now we start analyzing depencies between components
2025-09-18 11:14:26 - nodes - INFO - Now we have checked dependency of one component
2025-09-18 11:14:26 - utils.itemFilter - INFO - 开始筛选组件，共 1 个组件待处理
2025-09-18 11:14:26 - utils.itemFilter - INFO - 处理组件 1/1
2025-09-18 11:14:26 - utils.itemFilter - INFO - 正在检查组件: @ngrx/store 17.2.0
                            ⇧
2025-09-18 11:14:26 - utils.itemFilter - INFO - 组件许可证列表: ["Apache-2.0", "CC-BY-4.0", "MIT"]
2025-09-18 11:14:26 - utils.itemFilter - INFO - 风险分析中的许可证: ["Apache-2.0", "CC-BY-4.0", "MIT", "3: MIT"]
2025-09-18 11:14:26 - utils.itemFilter - INFO - 筛选完成，保留了 1 个需要凭证的组件
2025-09-18 11:14:26 - nodes - INFO - finished checking, now we are starting the chat...
2025-09-18 11:14:30 - nodes - INFO - Initialized session successfully, waiting for the bot to start conversation
2025-09-18 11:14:30 - nodes - INFO - Starting Chatting...
2025-09-18 11:14:30 - SpecialConsiderationHandler - INFO - No items will be found.
2025-09-18 11:14:30 - SpecialConsiderationHandler - ERROR - content_handler_factory must be provided for ChapterGenerationHandler
2025-09-18 11:14:30 - SpecialConsiderationHandler - ERROR - subcontent_factory must be provided for ChapterGeneration
2025-09-18 11:14:30 - back_end.services.chat_service - INFO - we have found risk bot when initializing the chat service!
2025-09-18 11:14:30 - back_end.services.chat_manager - WARNING - now we start with checking: component
2025-09-18 11:14:32 - back_end.server - INFO - now we initialized status as: OEMing
2025-09-18 13:23:11 - uvicorn.error - INFO - Shutting down
2025-09-18 13:23:11 - uvicorn.error - INFO - Waiting for application shutdown.
2025-09-18 13:23:11 - back_end.server - INFO - FastAPI应用关闭
2025-09-18 13:23:11 - uvicorn.error - INFO - Application shutdown complete.
2025-09-18 13:23:11 - uvicorn.error - INFO - Finished server process [11136]
