2025-09-04 16:50:43 - root - INFO - 服务器日志系统初始化完成，日志文件: C:\Users\z0054unn\Documents\Siemens-GitLab\Third-party\third-party-clearance\logs\server_20250904_16h50m43s.log
2025-09-04 16:50:43 - root - INFO - 服务器日志系统初始化完成，日志文件: C:\Users\z0054unn\Documents\Siemens-GitLab\Third-party\third-party-clearance\logs\server_20250904_16h50m43s.log
2025-09-04 16:50:43 - nodes - INFO - Now we are parsing the original HTML File
2025-09-04 16:50:43 - nodes - INFO - Successfully parsed!
2025-09-04 16:50:43 - nodes - INFO - Now we are parsing the original PCR file.
2025-09-04 16:50:53 - back_end.services.chat_service - INFO - we have found risk bot when initializing the chat service!
2025-09-04 16:50:53 - back_end.services.chat_manager - WARNING - now we start with checking: pure_component
2025-09-04 16:50:55 - testing - INFO - 检验测试环境初始化...
2025-09-04 16:50:55 - testing - INFO - 测试环境验证通过!
2025-09-04 16:50:55 - testing - INFO - 开始执行测试: test_custom_instruction_retrieval
2025-09-04 16:50:55 - testing - INFO - Now we are using the customized shared dictionary
2025-09-04 16:50:58 - testing - INFO - Retrieved instructions with custom context: I will remain in confirming mode to ensure we address any concerns you may have. Please provide your feedback or let me know how I can assist you further.
2025-09-04 16:50:58 - testing - INFO - 开始执行测试: test_user_in_flow
2025-09-04 16:50:58 - testing - INFO - 当前对话轮次1, 用户输入OK, show me the first subtitle
2025-09-04 16:50:58 - back_end.services.chat_service - INFO - user_input: OK, show me the first subtitle
2025-09-04 16:50:59 - back_end.services.chat_service - INFO - chat_service.process_user_input: we have this response {'result': 'next', 'talking': 'The first subtitle can be interpreted as the overview of OSS and PSS compliance risks. Please confirm if you would like to move on to a detailed discussion on this topic or if there is something else you wish to focus on.'}
2025-09-04 16:51:16 - ObligationsHandler - INFO - Initialized 7 subtitle handlers for item: 0
2025-09-04 16:51:16 - ObligationsHandler - INFO - Initialized 7 subtitle handlers for item: 1
2025-09-04 16:51:16 - ObligationsHandler - INFO - Initialized 7 subtitle handlers for item: 2
2025-09-04 16:51:16 - ObligationsHandler - INFO - Initialized 7 subtitle handlers for item: 3
2025-09-04 16:51:16 - ObligationsHandler - INFO - Initialized 7 subtitle handlers for item: 4
2025-09-04 16:51:16 - ObligationsHandler - INFO - Initialized 7 subtitle handlers for item: 5
2025-09-04 16:51:16 - ObligationsHandler - INFO - Initialized 7 subtitle handlers for item: 6
2025-09-04 16:51:16 - ObligationsHandler - INFO - Initialized 7 subtitle handlers for item: 7
2025-09-04 16:51:16 - back_end.services.chat_flow - INFO - chat_flow.process: 处理状态: ConfirmationStatus.OBLIGATIONS
2025-09-04 16:51:16 - LicenseHandler - INFO - Now we are checking...
2025-09-04 16:51:16 - ObligationsHandler - INFO - Marked content_confirmed for item_0 - LicenseHandler
2025-09-04 16:51:16 - back_end.services.chat_service - INFO - chat_service.process_user_input: Current status: obligations, Updated status: obligations
2025-09-04 16:51:16 - back_end.services.chat_service - INFO - Status check - Processing type: pure_component, Item type: ItemType.PC, Status: obligations -> obligations
2025-09-04 16:51:16 - back_end.services.chat_service - INFO - chat_service._handle_chapter_generation: Processing ChapterGeneration with result: next
2025-09-04 16:51:29 - utils.database.hardDB - INFO - this is the found components
