2025-09-17 14:59:35 - root - INFO - 服务器日志系统初始化完成，日志文件: C:\Users\z0054unn\Documents\Siemens-GitLab\Third-party\third-party-clearance\logs\server_20250917_14h59m35s.log
2025-09-17 14:59:35 - root - INFO - 服务器日志系统初始化完成，日志文件: C:\Users\z0054unn\Documents\Siemens-GitLab\Third-party\third-party-clearance\logs\server_20250917_14h59m35s.log
2025-09-17 14:59:35 - nodes - INFO - Now we are parsing the original HTML File
2025-09-17 14:59:35 - nodes - INFO - Successfully parsed!
2025-09-17 14:59:35 - nodes - INFO - Now we are parsing the original PCR file.
2025-09-17 14:59:39 - SpecialConsiderationHandler - INFO - No items will be found.
2025-09-17 14:59:39 - SpecialConsiderationHandler - ERROR - content_handler_factory must be provided for ChapterGenerationHandler
2025-09-17 14:59:39 - SpecialConsiderationHandler - ERROR - subcontent_factory must be provided for ChapterGeneration
2025-09-17 14:59:39 - back_end.services.chat_service - INFO - we have found risk bot when initializing the chat service!
2025-09-17 14:59:39 - back_end.services.chat_manager - WARNING - now we start with checking: pure_component
2025-09-17 14:59:39 - testing - INFO - 检验测试环境初始化...
2025-09-17 14:59:39 - testing - INFO - 测试环境验证通过!
2025-09-17 14:59:39 - testing - INFO - 开始执行测试: test_custom_instruction_retrieval
2025-09-17 14:59:39 - testing - INFO - Now we are using the customized shared dictionary
2025-09-17 14:59:39 - testing - INFO - Retrieved instructions with custom context: Now we are importing common rules.
2025-09-17 14:59:39 - testing - INFO - 开始执行测试: test_user_in_flow
2025-09-17 14:59:39 - testing - INFO - 当前对话轮次1, 用户输入ok, let's move forward.
2025-09-17 14:59:39 - back_end.services.chat_service - INFO - user_input: ok, let's move forward.
2025-09-17 14:59:42 - back_end.services.chat_service - INFO - chat_service.process_user_input: we have this response {'result': 'next', 'talking': "Understood. Moving forward to the next phase of the compliance clearance process. Please provide the relevant documentation, contract details, SBOM, or any specific materials you'd like me to analyze for OSS and PSS compliance risks."}
2025-09-17 14:59:42 - back_end.services.chat_flow - INFO - chat_flow.process: 处理状态: ConfirmationStatus.COMMONRULES
2025-09-17 14:59:42 - back_end.services.chat_service - INFO - chat_service.process_user_input: Current status: common_rules, Updated status: common_rules
2025-09-17 14:59:42 - back_end.services.chat_service - INFO - Status check - Processing type: pure_component, Item type: ItemType.PC, Status: common_rules -> common_rules
2025-09-17 14:59:42 - back_end.services.chat_service - INFO - now we started generating content with this handler CommonRulesHandler
2025-09-17 14:59:42 - testing - INFO - 状态: common_rules
2025-09-17 14:59:42 - testing - INFO - 系统回复: ['Based on the information you proived, I have generated the following content: \n\n# Common Rules\n\n## Common Rules - Open-Source Software\n\n### Documentation\n\nDocumentation of license conditions and copyright notices in product documentation (ReadMe_OSS).\n\n- When you do not use the ReadMe_OSS generated by your software clearing expert, please make sure you comply with the following requirements regarding the content of the README_OSS:\n  - All relevant open-source licenses, copyrights and acknowledgements for distributed code must be contained\n  - Licenses marked as "Do Not Use" must not be contained in the ReadMe_OSS\n- Use a template that has been reviewed by Legal and do not delete or modify legally relevant content from a README_OSS template (including, but not limited to, the offer for the provision of source code and the permission to reverse engineer).\n\n### Modification of Source Code\n\nModifications in Source Code (if modifications are permitted).\n\n- Do not change or delete Copyright, patent, trademark, attribution notices or any further legal notices or license texts in any files (e.g. by minification of JavaScript code) - i.e. neither within any source file of the component package nor in any of its documentation files.\n- Document all changes and modifications in source code files with copyright notices formatted pursuant to Siemens Norm SN 11108.pdf, e.g. \'© Siemens, [YEAR]\'.\n\n### Obligations and Risks\n\n- Ensure that your distribution terms which are agreed with Siemens\' customers (e.g. standard terms, "AGB", or individual agreements) define that the open source license conditions shall prevail over the Siemens\' license conditions with respect to the open source software.\n- Do not use any names, trademarks, service marks or product names of the author(s) and/or licensors to endorse or promote products derived from this software component without the prior written consent of the author(s) and/or the owner of such rights.\n- Consider for your product/project if you accept the general risk that it cannot be verified whether contributors to open source software are legally permitted to contribute (the code could e.g. belong to his employer, and not the developer). Usually, disclaimers or contribution policies exclude responsibility for contributors even to verify the legal status.\n\n## Common Rules - Commercial Software\n\n### General obligations and restrictions\n\n- As per the applicable copyright law(s), all license rights that are not explicitly granted to Siemens are reserved by the Licensor.\n- You must not change or remove copyright, patent, trademark or any further legal notices.\n- You must not use any names, trademarks or product names of the copyright owner(s) and/or licensors to endorse or promote products derived from this software component without the prior written consent of the author(s) and/or the owner of such rights.\n- You must not reverse engineer, decompile, disassemble CS except after prior approval of copyright owner or after written confirmation from your Legal department.\n- You must not disclose any confidential information (incl. the terms and/or existence of the license agreement) to an unauthorized third party.\n- You must not publish benchmark tests regarding the component.\n- Upon termination of a license agreement, your license rights end, and you must cease all use of the component, return or destroy the component (incl. all copies and related material in Siemens\' possession). Furthermore, you may be required to certify the deletion/destruction (if required by the licensor).\n- You must not assign or transfer the license, the license agreement or the component without the licensor\'s prior written consent.\n\n### Development obligations and restrictions\n\n- You must ensure that all involved team members and subcontractors comply with all applicable obligations and restrictions of the license agreement (e.g. to keep confidential information non-disclosed, e.g. no unauthorized use of the software).\n- You must use a backup copy only to replace a defective original copy.\n- You must not use the component or the licensed software to develop an application that competes with the component or the licensed software.\n- You must not use a trial, beta or demo version of the component for any other use than for evaluation purposes.\n\n### Distribution obligations and restrictions\n\n- You must not deliver proprietary Source Code except when explicitly mentioned in this Protocol and/or after prior written consent of the copyright owner and/or licensor.\n- You must not add commercial license agreements/ contracts to the Readme_OSS file except when explicitly requested.\n- You must not subject the component to any kind of Open Source license (in whole or in part).\n- You must not create obligations or representations on behalf of the licensor.\n- In case, the license allows you to transfer single license rights and/or the entire license agreement, you must bind the recipient/assignee to the license agreement before such transfer and transfer all copies of the component including all parts, material and documents.\n\n Would you mind telling me if it meets your requirements?']
2025-09-17 14:59:42 - testing - INFO - 当前对话轮次2, 用户输入ok, let's move forward.
2025-09-17 14:59:42 - back_end.services.chat_service - INFO - user_input: ok, let's move forward.
2025-09-17 14:59:43 - back_end.services.chat_service - INFO - chat_service.process_user_input: we have this response {'result': 'next', 'talking': 'Proceeding to the subsequent mode. Please upload or specify the software components, contractual documents, or SBOM information that you would like me to review for compliance analysis.'}
2025-09-17 14:59:43 - back_end.services.chat_flow - INFO - chat_flow.process: 处理状态: ConfirmationStatus.COMMONRULES
2025-09-17 14:59:43 - CommonRulesHandler - INFO - we have generated content...
2025-09-17 14:59:43 - CommonRulesHandler - INFO - Now we are checking...
2025-09-17 14:59:43 - CommonRulesHandler - INFO - we have reset the status of completion
2025-09-17 14:59:43 - back_end.services.chat_flow - INFO - chat_flow.process: 状态转移: ConfirmationStatus.COMMONRULES -> ConfirmationStatus.OBLIGATIONS
2025-09-17 14:59:43 - back_end.services.chat_service - INFO - chat_service.process_user_input: Current status: common_rules, Updated status: obligations
2025-09-17 14:59:43 - back_end.services.chat_service - INFO - Status check - Processing type: pure_component, Item type: ItemType.PC, Status: common_rules -> obligations
2025-09-17 14:59:43 - back_end.services.chat_service - INFO - _process_status_change: ChapterGeneration completed, aggregating content
2025-09-17 14:59:43 - back_end.services.chat_gen.generator - INFO - Content aggregation completed and stored in markdown format
2025-09-17 14:59:43 - back_end.services.chat_service - WARNING - _process_status_change: No aggregated content returned from ChapterGeneration
2025-09-17 14:59:44 - testing - INFO - 状态: obligations
2025-09-17 14:59:44 - testing - INFO - 系统回复: ['I am now in confirming mode. Please review my previous findings or recommendations and let me know if you are satisfied or if further clarification or analysis is needed. I will decide to continue if you are not satisfied, or move on if you indicate satisfaction.']
2025-09-17 14:59:44 - testing - INFO - 当前对话轮次3, 用户输入ok, let's move forward.
2025-09-17 14:59:44 - back_end.services.chat_service - INFO - user_input: ok, let's move forward.
2025-09-17 14:59:45 - back_end.services.chat_service - INFO - chat_service.process_user_input: we have this response {'result': 'next', 'talking': 'Confirmation received. Since you are satisfied, I will proceed to the next step in the compliance clearance process. Please specify the subsequent task or area you would like to address, or let me know if you need further assistance.'}
2025-09-17 15:00:14 - ObligationsHandler - INFO - Initialized 7 subtitle handlers for item: 0
2025-09-17 15:00:14 - ObligationsHandler - INFO - Initialized 7 subtitle handlers for item: 1
2025-09-17 15:00:14 - ObligationsHandler - INFO - Initialized 7 subtitle handlers for item: 2
2025-09-17 15:00:14 - ObligationsHandler - INFO - Initialized 7 subtitle handlers for item: 3
2025-09-17 15:00:14 - ObligationsHandler - INFO - Initialized 7 subtitle handlers for item: 4
2025-09-17 15:00:14 - ObligationsHandler - INFO - Initialized 7 subtitle handlers for item: 5
2025-09-17 15:00:14 - ObligationsHandler - INFO - Initialized 7 subtitle handlers for item: 6
2025-09-17 15:00:14 - ObligationsHandler - INFO - Initialized 7 subtitle handlers for item: 7
2025-09-17 15:00:14 - back_end.services.chat_flow - INFO - chat_flow.process: 处理状态: ConfirmationStatus.OBLIGATIONS
2025-09-17 15:00:14 - ObligationsHandler - INFO - ChapterGenerationHandler: Now we are checking item_0, and you see this handlerLicenseHandler
2025-09-17 15:00:14 - back_end.services.chat_service - INFO - chat_service.process_user_input: Current status: obligations, Updated status: obligations
2025-09-17 15:00:14 - back_end.services.chat_service - INFO - Status check - Processing type: pure_component, Item type: ItemType.PC, Status: obligations -> obligations
2025-09-17 15:00:14 - back_end.services.chat_service - INFO - chat_service._handle_chapter_generation: 处理章节生成，结果: next
2025-09-17 15:00:30 - utils.database.hardDB - INFO - this is the found components
2025-09-17 15:01:01 - utils.database.hardDB - INFO - this is the found components
2025-09-17 15:01:01 - back_end.services.chat_gen.generator - INFO - Generated content for item_0 - LicenseHandler
2025-09-17 15:01:01 - testing - INFO - 状态: obligations
2025-09-17 15:01:01 - testing - INFO - 系统回复: ['Now we have imported the licenses identified from the cli xml.', '*Global Licenses:*\n\n*Other Licenses:*']
2025-09-17 15:01:01 - testing - INFO - 当前对话轮次4, 用户输入ok, let's move forward.
2025-09-17 15:01:01 - back_end.services.chat_service - INFO - user_input: ok, let's move forward.
2025-09-17 15:01:04 - back_end.services.chat_service - INFO - chat_service.process_user_input: we have this response {'result': 'next', 'talking': 'Acknowledged. Moving on to the next stage of the compliance clearance workflow. Please provide details about the next component, contract, or document you wish to review, or specify the next compliance area to address.'}
2025-09-17 15:01:04 - back_end.services.chat_flow - INFO - chat_flow.process: 处理状态: ConfirmationStatus.OBLIGATIONS
2025-09-17 15:01:04 - ObligationsHandler - INFO - ChapterGenerationHandler: Now we are checking item_0, and you see this handlerLicenseHandler
2025-09-17 15:01:04 - LicenseHandler - INFO - Now we are checking...
2025-09-17 15:01:04 - ObligationsHandler - INFO - Marked content_confirmed for item_0 - LicenseHandler
2025-09-17 15:01:04 - back_end.services.chat_service - INFO - chat_service.process_user_input: Current status: obligations, Updated status: obligations
2025-09-17 15:01:04 - back_end.services.chat_service - INFO - Status check - Processing type: pure_component, Item type: ItemType.PC, Status: obligations -> obligations
2025-09-17 15:01:04 - back_end.services.chat_service - INFO - chat_service._handle_chapter_generation: 处理章节生成，结果: next
2025-09-17 15:01:04 - testing - INFO - 状态: obligations
2025-09-17 15:01:04 - testing - INFO - 系统回复: ['Now we start importing the obligations for this component']
2025-09-17 15:01:04 - testing - INFO - 当前对话轮次5, 用户输入ok, let's move forward.
2025-09-17 15:01:04 - back_end.services.chat_service - INFO - user_input: ok, let's move forward.
2025-09-17 15:01:05 - back_end.services.chat_service - INFO - chat_service.process_user_input: we have this response {'result': 'next', 'talking': 'Thank you for your confirmation. Proceeding to the next phase. Please indicate the next documentation, software component, or compliance aspect that requires review or analysis.'}
2025-09-17 15:01:05 - back_end.services.chat_flow - INFO - chat_flow.process: 处理状态: ConfirmationStatus.OBLIGATIONS
2025-09-17 15:01:05 - ObligationsHandler - INFO - ChapterGenerationHandler: Now we are checking item_0, and you see this handlerLicenseHandler
2025-09-17 15:01:05 - ObligationsHandler - INFO - ChapterGenerationHandler: Now we are checking item_0, and you see this handlerSubObligationsHandler
2025-09-17 15:01:05 - back_end.services.chat_service - INFO - chat_service.process_user_input: Current status: obligations, Updated status: obligations
2025-09-17 15:01:05 - back_end.services.chat_service - INFO - Status check - Processing type: pure_component, Item type: ItemType.PC, Status: obligations -> obligations
2025-09-17 15:01:05 - back_end.services.chat_service - INFO - chat_service._handle_chapter_generation: 处理章节生成，结果: next
2025-09-17 15:01:15 - utils.database.hardDB - INFO - this is the found components
2025-09-17 15:01:15 - back_end.services.chat_gen.generator - INFO - Generated content for item_0 - SubObligationsHandler
2025-09-17 15:01:15 - testing - INFO - 状态: obligations
2025-09-17 15:01:15 - testing - INFO - 系统回复: ['Now we start importing the obligations for this component']
2025-09-17 15:01:15 - testing - INFO - 当前对话轮次6, 用户输入ok, let's move forward.
2025-09-17 15:01:15 - back_end.services.chat_service - INFO - user_input: ok, let's move forward.
2025-09-17 15:01:18 - back_end.services.chat_service - INFO - chat_service.process_user_input: we have this response {'result': 'next', 'talking': 'Understood. Advancing to the subsequent stage. Please share the next set of materials, documentation, or compliance topics you would like me to address.'}
2025-09-17 15:01:18 - back_end.services.chat_flow - INFO - chat_flow.process: 处理状态: ConfirmationStatus.OBLIGATIONS
2025-09-17 15:01:18 - ObligationsHandler - INFO - ChapterGenerationHandler: Now we are checking item_0, and you see this handlerLicenseHandler
2025-09-17 15:01:18 - ObligationsHandler - INFO - ChapterGenerationHandler: Now we are checking item_0, and you see this handlerSubObligationsHandler
2025-09-17 15:01:18 - back_end.services.chat_service - INFO - chat_service.process_user_input: Current status: obligations, Updated status: obligations
2025-09-17 15:01:18 - back_end.services.chat_service - INFO - Status check - Processing type: pure_component, Item type: ItemType.PC, Status: obligations -> obligations
2025-09-17 15:01:18 - back_end.services.chat_service - INFO - chat_service._handle_chapter_generation: 处理章节生成，结果: next
2025-09-17 15:01:24 - utils.database.hardDB - INFO - this is the found components
2025-09-17 15:01:24 - back_end.services.chat_gen.generator - INFO - Generated content for item_0 - SubObligationsHandler
2025-09-17 15:01:24 - testing - INFO - 状态: obligations
2025-09-17 15:01:24 - testing - INFO - 系统回复: ['Now we start importing the obligations for this component']
2025-09-17 15:01:24 - testing - INFO - 当前对话轮次7, 用户输入ok, let's move forward.
2025-09-17 15:01:24 - back_end.services.chat_service - INFO - user_input: ok, let's move forward.
2025-09-17 15:01:27 - back_end.services.chat_service - INFO - chat_service.process_user_input: we have this response {'result': 'next', 'talking': 'Confirmation noted. Proceeding to the next mode. Please provide any new information, documentation, or compliance-related details to continue the process.'}
2025-09-17 15:01:27 - back_end.services.chat_flow - INFO - chat_flow.process: 处理状态: ConfirmationStatus.OBLIGATIONS
2025-09-17 15:01:27 - ObligationsHandler - INFO - ChapterGenerationHandler: Now we are checking item_0, and you see this handlerLicenseHandler
2025-09-17 15:01:27 - ObligationsHandler - INFO - ChapterGenerationHandler: Now we are checking item_0, and you see this handlerSubObligationsHandler
2025-09-17 15:01:27 - back_end.services.chat_service - INFO - chat_service.process_user_input: Current status: obligations, Updated status: obligations
2025-09-17 15:01:27 - back_end.services.chat_service - INFO - Status check - Processing type: pure_component, Item type: ItemType.PC, Status: obligations -> obligations
2025-09-17 15:01:27 - back_end.services.chat_service - INFO - chat_service._handle_chapter_generation: 处理章节生成，结果: next
2025-09-17 15:01:36 - utils.database.hardDB - INFO - this is the found components
2025-09-17 15:01:36 - back_end.services.chat_gen.generator - INFO - Generated content for item_0 - SubObligationsHandler
2025-09-17 15:01:36 - testing - INFO - 状态: obligations
2025-09-17 15:01:36 - testing - INFO - 系统回复: ['Now we start importing the obligations for this component']
2025-09-17 15:01:36 - testing - INFO - 当前对话轮次8, 用户输入ok, let's move forward.
2025-09-17 15:01:36 - back_end.services.chat_service - INFO - user_input: ok, let's move forward.
2025-09-17 15:01:39 - back_end.services.chat_service - INFO - chat_service.process_user_input: we have this response {'result': 'next', 'talking': "Proceeding as requested. Please let me know the next compliance task, document, or component you'd like reviewed or analyzed."}
2025-09-17 15:01:39 - back_end.services.chat_flow - INFO - chat_flow.process: 处理状态: ConfirmationStatus.OBLIGATIONS
2025-09-17 15:01:39 - ObligationsHandler - INFO - ChapterGenerationHandler: Now we are checking item_0, and you see this handlerLicenseHandler
2025-09-17 15:01:39 - ObligationsHandler - INFO - ChapterGenerationHandler: Now we are checking item_0, and you see this handlerSubObligationsHandler
2025-09-17 15:01:39 - back_end.services.chat_service - INFO - chat_service.process_user_input: Current status: obligations, Updated status: obligations
2025-09-17 15:01:39 - back_end.services.chat_service - INFO - Status check - Processing type: pure_component, Item type: ItemType.PC, Status: obligations -> obligations
2025-09-17 15:01:39 - back_end.services.chat_service - INFO - chat_service._handle_chapter_generation: 处理章节生成，结果: next
2025-09-17 15:01:45 - utils.database.hardDB - INFO - this is the found components
2025-09-17 15:01:45 - back_end.services.chat_gen.generator - INFO - Generated content for item_0 - SubObligationsHandler
2025-09-17 15:01:45 - testing - INFO - 状态: obligations
2025-09-17 15:01:45 - testing - INFO - 系统回复: ['Now we start importing the obligations for this component']
2025-09-17 15:01:45 - testing - INFO - 当前对话轮次9, 用户输入ok, let's move forward.
2025-09-17 15:01:45 - back_end.services.chat_service - INFO - user_input: ok, let's move forward.
2025-09-17 15:01:47 - back_end.services.chat_service - INFO - chat_service.process_user_input: we have this response {'result': 'next', 'talking': 'Understood. Moving forward. Please specify the next document, software component, or compliance concern you would like to address.'}
2025-09-17 15:01:47 - back_end.services.chat_flow - INFO - chat_flow.process: 处理状态: ConfirmationStatus.OBLIGATIONS
2025-09-17 15:01:47 - ObligationsHandler - INFO - ChapterGenerationHandler: Now we are checking item_0, and you see this handlerLicenseHandler
2025-09-17 15:01:47 - ObligationsHandler - INFO - ChapterGenerationHandler: Now we are checking item_0, and you see this handlerSubObligationsHandler
2025-09-17 15:01:47 - back_end.services.chat_service - INFO - chat_service.process_user_input: Current status: obligations, Updated status: obligations
2025-09-17 15:01:47 - back_end.services.chat_service - INFO - Status check - Processing type: pure_component, Item type: ItemType.PC, Status: obligations -> obligations
2025-09-17 15:01:47 - back_end.services.chat_service - INFO - chat_service._handle_chapter_generation: 处理章节生成，结果: next
2025-09-17 15:01:53 - utils.database.hardDB - INFO - this is the found components
2025-09-17 15:01:53 - back_end.services.chat_gen.generator - INFO - Generated content for item_0 - SubObligationsHandler
2025-09-17 15:01:53 - testing - INFO - 状态: obligations
2025-09-17 15:01:53 - testing - INFO - 系统回复: ['Now we start importing the obligations for this component']
2025-09-17 15:01:53 - testing - INFO - 当前对话轮次10, 用户输入ok, let's move forward.
2025-09-17 15:01:53 - back_end.services.chat_service - INFO - user_input: ok, let's move forward.
2025-09-17 15:01:56 - back_end.services.chat_service - INFO - chat_service.process_user_input: we have this response {'result': 'next', 'talking': 'Acknowledged. Advancing to the next step. Please provide details on the next item for compliance review, or let me know your specific requirements for this stage.'}
2025-09-17 15:01:56 - back_end.services.chat_flow - INFO - chat_flow.process: 处理状态: ConfirmationStatus.OBLIGATIONS
2025-09-17 15:01:56 - ObligationsHandler - INFO - ChapterGenerationHandler: Now we are checking item_0, and you see this handlerLicenseHandler
2025-09-17 15:01:56 - ObligationsHandler - INFO - ChapterGenerationHandler: Now we are checking item_0, and you see this handlerSubObligationsHandler
2025-09-17 15:01:56 - back_end.services.chat_service - INFO - chat_service.process_user_input: Current status: obligations, Updated status: obligations
2025-09-17 15:01:56 - back_end.services.chat_service - INFO - Status check - Processing type: pure_component, Item type: ItemType.PC, Status: obligations -> obligations
2025-09-17 15:01:56 - back_end.services.chat_service - INFO - chat_service._handle_chapter_generation: 处理章节生成，结果: next
2025-09-17 15:02:02 - utils.database.hardDB - INFO - this is the found components
2025-09-17 15:02:02 - back_end.services.chat_gen.generator - INFO - Generated content for item_0 - SubObligationsHandler
2025-09-17 15:02:02 - testing - INFO - 状态: obligations
2025-09-17 15:02:02 - testing - INFO - 系统回复: ['Now we start importing the obligations for this component']
2025-09-17 15:02:02 - testing - INFO - 当前对话轮次11, 用户输入ok, let's move forward.
2025-09-17 15:02:02 - back_end.services.chat_service - INFO - user_input: ok, let's move forward.
2025-09-17 15:02:05 - back_end.services.chat_service - INFO - chat_service.process_user_input: we have this response {'result': 'next', 'talking': 'Confirmation received. Proceeding to the next step. Please provide information on the next compliance aspect or materials for review.'}
2025-09-17 15:02:05 - back_end.services.chat_flow - INFO - chat_flow.process: 处理状态: ConfirmationStatus.OBLIGATIONS
2025-09-17 15:02:05 - ObligationsHandler - INFO - ChapterGenerationHandler: Now we are checking item_0, and you see this handlerLicenseHandler
2025-09-17 15:02:05 - ObligationsHandler - INFO - ChapterGenerationHandler: Now we are checking item_0, and you see this handlerSubObligationsHandler
2025-09-17 15:02:05 - back_end.services.chat_service - INFO - chat_service.process_user_input: Current status: obligations, Updated status: obligations
2025-09-17 15:02:05 - back_end.services.chat_service - INFO - Status check - Processing type: pure_component, Item type: ItemType.PC, Status: obligations -> obligations
2025-09-17 15:02:05 - back_end.services.chat_service - INFO - chat_service._handle_chapter_generation: 处理章节生成，结果: next
2025-09-17 15:02:11 - utils.database.hardDB - INFO - this is the found components
2025-09-17 15:02:11 - back_end.services.chat_gen.generator - INFO - Generated content for item_0 - SubObligationsHandler
2025-09-17 15:02:11 - testing - INFO - 状态: obligations
2025-09-17 15:02:11 - testing - INFO - 系统回复: ['Now we start importing the obligations for this component']
2025-09-17 15:02:11 - testing - INFO - 当前对话轮次12, 用户输入ok, let's move forward.
2025-09-17 15:02:11 - back_end.services.chat_service - INFO - user_input: ok, let's move forward.
2025-09-17 15:02:14 - back_end.services.chat_service - INFO - chat_service.process_user_input: we have this response {'result': 'next', 'talking': 'Understood. Advancing to the next phase. Please specify any further documentation, components, or compliance-related subjects you wish to review.'}
2025-09-17 15:02:14 - back_end.services.chat_flow - INFO - chat_flow.process: 处理状态: ConfirmationStatus.OBLIGATIONS
2025-09-17 15:02:14 - ObligationsHandler - INFO - ChapterGenerationHandler: Now we are checking item_0, and you see this handlerLicenseHandler
2025-09-17 15:02:14 - ObligationsHandler - INFO - ChapterGenerationHandler: Now we are checking item_0, and you see this handlerSubObligationsHandler
2025-09-17 15:02:14 - back_end.services.chat_service - INFO - chat_service.process_user_input: Current status: obligations, Updated status: obligations
2025-09-17 15:02:14 - back_end.services.chat_service - INFO - Status check - Processing type: pure_component, Item type: ItemType.PC, Status: obligations -> obligations
2025-09-17 15:02:14 - back_end.services.chat_service - INFO - chat_service._handle_chapter_generation: 处理章节生成，结果: next
2025-09-17 15:02:21 - utils.database.hardDB - INFO - this is the found components
2025-09-17 15:02:21 - back_end.services.chat_gen.generator - INFO - Generated content for item_0 - SubObligationsHandler
2025-09-17 15:02:21 - testing - INFO - 状态: obligations
2025-09-17 15:02:21 - testing - INFO - 系统回复: ['Now we start importing the obligations for this component']
2025-09-17 15:02:21 - testing - INFO - 当前对话轮次13, 用户输入ok, let's move forward.
2025-09-17 15:02:21 - back_end.services.chat_service - INFO - user_input: ok, let's move forward.
2025-09-17 15:02:23 - back_end.services.chat_service - INFO - chat_service.process_user_input: we have this response {'result': 'next', 'talking': 'Thank you for your confirmation. Proceeding to the next stage. Please provide the next document, software list, or compliance issue to continue the process.'}
2025-09-17 15:02:23 - back_end.services.chat_flow - INFO - chat_flow.process: 处理状态: ConfirmationStatus.OBLIGATIONS
2025-09-17 15:02:23 - ObligationsHandler - INFO - ChapterGenerationHandler: Now we are checking item_0, and you see this handlerLicenseHandler
2025-09-17 15:02:23 - ObligationsHandler - INFO - ChapterGenerationHandler: Now we are checking item_0, and you see this handlerSubObligationsHandler
2025-09-17 15:02:23 - back_end.services.chat_service - INFO - chat_service.process_user_input: Current status: obligations, Updated status: obligations
2025-09-17 15:02:23 - back_end.services.chat_service - INFO - Status check - Processing type: pure_component, Item type: ItemType.PC, Status: obligations -> obligations
2025-09-17 15:02:23 - back_end.services.chat_service - INFO - chat_service._handle_chapter_generation: 处理章节生成，结果: next
2025-09-17 15:02:30 - utils.database.hardDB - INFO - this is the found components
2025-09-17 15:02:30 - back_end.services.chat_gen.generator - INFO - Generated content for item_0 - SubObligationsHandler
2025-09-17 15:02:30 - testing - INFO - 状态: obligations
2025-09-17 15:02:30 - testing - INFO - 系统回复: ['Now we start importing the obligations for this component']
2025-09-17 15:02:30 - testing - INFO - 当前对话轮次14, 用户输入ok, let's move forward.
2025-09-17 15:02:30 - back_end.services.chat_service - INFO - user_input: ok, let's move forward.
2025-09-17 15:02:33 - back_end.services.chat_service - INFO - chat_service.process_user_input: we have this response {'result': 'next', 'talking': 'Acknowledged. Moving on to the next phase of compliance clearance. Please share the next item, documentation, or compliance detail you wish me to address.'}
2025-09-17 15:02:33 - back_end.services.chat_flow - INFO - chat_flow.process: 处理状态: ConfirmationStatus.OBLIGATIONS
2025-09-17 15:02:33 - ObligationsHandler - INFO - ChapterGenerationHandler: Now we are checking item_0, and you see this handlerLicenseHandler
2025-09-17 15:02:33 - ObligationsHandler - INFO - ChapterGenerationHandler: Now we are checking item_0, and you see this handlerSubObligationsHandler
2025-09-17 15:02:33 - back_end.services.chat_service - INFO - chat_service.process_user_input: Current status: obligations, Updated status: obligations
2025-09-17 15:02:33 - back_end.services.chat_service - INFO - Status check - Processing type: pure_component, Item type: ItemType.PC, Status: obligations -> obligations
2025-09-17 15:02:33 - back_end.services.chat_service - INFO - chat_service._handle_chapter_generation: 处理章节生成，结果: next
2025-09-17 15:02:40 - utils.database.hardDB - INFO - this is the found components
2025-09-17 15:02:40 - back_end.services.chat_gen.generator - INFO - Generated content for item_0 - SubObligationsHandler
2025-09-17 15:02:40 - testing - INFO - 状态: obligations
2025-09-17 15:02:40 - testing - INFO - 系统回复: ['Now we start importing the obligations for this component']
2025-09-17 15:02:40 - testing - INFO - 当前对话轮次15, 用户输入ok, let's move forward.
2025-09-17 15:02:40 - back_end.services.chat_service - INFO - user_input: ok, let's move forward.
2025-09-17 15:02:42 - back_end.services.chat_service - INFO - chat_service.process_user_input: we have this response {'result': 'next', 'talking': 'Proceeding as requested. Please indicate the next compliance document, component, or issue you would like me to analyze.'}
2025-09-17 15:02:42 - back_end.services.chat_flow - INFO - chat_flow.process: 处理状态: ConfirmationStatus.OBLIGATIONS
2025-09-17 15:02:42 - ObligationsHandler - INFO - ChapterGenerationHandler: Now we are checking item_0, and you see this handlerLicenseHandler
2025-09-17 15:02:42 - ObligationsHandler - INFO - ChapterGenerationHandler: Now we are checking item_0, and you see this handlerSubObligationsHandler
2025-09-17 15:02:42 - back_end.services.chat_service - INFO - chat_service.process_user_input: Current status: obligations, Updated status: obligations
2025-09-17 15:02:42 - back_end.services.chat_service - INFO - Status check - Processing type: pure_component, Item type: ItemType.PC, Status: obligations -> obligations
2025-09-17 15:02:42 - back_end.services.chat_service - INFO - chat_service._handle_chapter_generation: 处理章节生成，结果: next
2025-09-17 15:02:48 - utils.database.hardDB - INFO - this is the found components
2025-09-17 15:02:48 - back_end.services.chat_gen.generator - INFO - Generated content for item_0 - SubObligationsHandler
2025-09-17 15:02:48 - testing - INFO - 状态: obligations
2025-09-17 15:02:48 - testing - INFO - 系统回复: ['Now we start importing the obligations for this component']
2025-09-17 15:02:48 - testing - INFO - 当前对话轮次16, 用户输入ok, let's move forward.
2025-09-17 15:02:48 - back_end.services.chat_service - INFO - user_input: ok, let's move forward.
2025-09-17 15:02:50 - back_end.services.chat_service - INFO - chat_service.process_user_input: we have this response {'result': 'next', 'talking': 'Understood. Advancing to the next step. Please provide any additional materials or specify the next area of compliance you want to focus on.'}
2025-09-17 15:02:50 - back_end.services.chat_flow - INFO - chat_flow.process: 处理状态: ConfirmationStatus.OBLIGATIONS
2025-09-17 15:02:50 - ObligationsHandler - INFO - ChapterGenerationHandler: Now we are checking item_0, and you see this handlerLicenseHandler
2025-09-17 15:02:50 - ObligationsHandler - INFO - ChapterGenerationHandler: Now we are checking item_0, and you see this handlerSubObligationsHandler
2025-09-17 15:02:50 - back_end.services.chat_service - INFO - chat_service.process_user_input: Current status: obligations, Updated status: obligations
2025-09-17 15:02:50 - back_end.services.chat_service - INFO - Status check - Processing type: pure_component, Item type: ItemType.PC, Status: obligations -> obligations
2025-09-17 15:02:50 - back_end.services.chat_service - INFO - chat_service._handle_chapter_generation: 处理章节生成，结果: next
2025-09-17 15:02:57 - utils.database.hardDB - INFO - this is the found components
2025-09-17 15:02:57 - back_end.services.chat_gen.generator - INFO - Generated content for item_0 - SubObligationsHandler
2025-09-17 15:02:57 - testing - INFO - 状态: obligations
2025-09-17 15:02:57 - testing - INFO - 系统回复: ['Now we start importing the obligations for this component']
2025-09-17 15:02:57 - testing - INFO - 当前对话轮次17, 用户输入ok, let's move forward.
2025-09-17 15:02:57 - back_end.services.chat_service - INFO - user_input: ok, let's move forward.
2025-09-17 15:02:59 - back_end.services.chat_service - INFO - chat_service.process_user_input: we have this response {'result': 'next', 'talking': 'Confirmation received. Proceeding further in the compliance clearance process. Please provide the next item or detail requiring review.'}
2025-09-17 15:02:59 - back_end.services.chat_flow - INFO - chat_flow.process: 处理状态: ConfirmationStatus.OBLIGATIONS
2025-09-17 15:02:59 - ObligationsHandler - INFO - ChapterGenerationHandler: Now we are checking item_0, and you see this handlerLicenseHandler
2025-09-17 15:02:59 - ObligationsHandler - INFO - ChapterGenerationHandler: Now we are checking item_0, and you see this handlerSubObligationsHandler
2025-09-17 15:02:59 - back_end.services.chat_service - INFO - chat_service.process_user_input: Current status: obligations, Updated status: obligations
2025-09-17 15:02:59 - back_end.services.chat_service - INFO - Status check - Processing type: pure_component, Item type: ItemType.PC, Status: obligations -> obligations
2025-09-17 15:02:59 - back_end.services.chat_service - INFO - chat_service._handle_chapter_generation: 处理章节生成，结果: next
2025-09-17 15:03:06 - utils.database.hardDB - INFO - this is the found components
2025-09-17 15:03:06 - back_end.services.chat_gen.generator - INFO - Generated content for item_0 - SubObligationsHandler
2025-09-17 15:03:06 - testing - INFO - 状态: obligations
2025-09-17 15:03:06 - testing - INFO - 系统回复: ['Now we start importing the obligations for this component']
2025-09-17 15:03:06 - testing - INFO - 当前对话轮次18, 用户输入ok, let's move forward.
2025-09-17 15:03:06 - back_end.services.chat_service - INFO - user_input: ok, let's move forward.
2025-09-17 15:03:08 - back_end.services.chat_service - INFO - chat_service.process_user_input: we have this response {'result': 'next', 'talking': 'Understood. Moving forward. Please specify the next compliance-related document, component, or topic to review.'}
2025-09-17 15:03:08 - back_end.services.chat_flow - INFO - chat_flow.process: 处理状态: ConfirmationStatus.OBLIGATIONS
2025-09-17 15:03:08 - ObligationsHandler - INFO - ChapterGenerationHandler: Now we are checking item_0, and you see this handlerLicenseHandler
2025-09-17 15:03:08 - ObligationsHandler - INFO - ChapterGenerationHandler: Now we are checking item_0, and you see this handlerSubObligationsHandler
2025-09-17 15:03:08 - back_end.services.chat_service - INFO - chat_service.process_user_input: Current status: obligations, Updated status: obligations
2025-09-17 15:03:08 - back_end.services.chat_service - INFO - Status check - Processing type: pure_component, Item type: ItemType.PC, Status: obligations -> obligations
2025-09-17 15:03:08 - back_end.services.chat_service - INFO - chat_service._handle_chapter_generation: 处理章节生成，结果: next
2025-09-17 15:03:16 - utils.database.hardDB - INFO - this is the found components
2025-09-17 15:03:16 - back_end.services.chat_gen.generator - INFO - Generated content for item_0 - SubObligationsHandler
2025-09-17 15:03:16 - testing - INFO - 状态: obligations
2025-09-17 15:03:16 - testing - INFO - 系统回复: ['Now we start importing the obligations for this component']
2025-09-17 15:03:16 - testing - INFO - 当前对话轮次19, 用户输入ok, let's move forward.
2025-09-17 15:03:16 - back_end.services.chat_service - INFO - user_input: ok, let's move forward.
2025-09-17 15:03:19 - back_end.services.chat_service - INFO - chat_service.process_user_input: we have this response {'result': 'next', 'talking': 'Proceeding to the next step as requested. Please provide the details of the next compliance item or area for review.'}
2025-09-17 15:03:19 - back_end.services.chat_flow - INFO - chat_flow.process: 处理状态: ConfirmationStatus.OBLIGATIONS
2025-09-17 15:03:19 - ObligationsHandler - INFO - ChapterGenerationHandler: Now we are checking item_0, and you see this handlerLicenseHandler
2025-09-17 15:03:19 - ObligationsHandler - INFO - ChapterGenerationHandler: Now we are checking item_0, and you see this handlerSubObligationsHandler
2025-09-17 15:03:19 - back_end.services.chat_service - INFO - chat_service.process_user_input: Current status: obligations, Updated status: obligations
2025-09-17 15:03:19 - back_end.services.chat_service - INFO - Status check - Processing type: pure_component, Item type: ItemType.PC, Status: obligations -> obligations
2025-09-17 15:03:19 - back_end.services.chat_service - INFO - chat_service._handle_chapter_generation: 处理章节生成，结果: next
2025-09-17 15:03:25 - utils.database.hardDB - INFO - this is the found components
2025-09-17 15:03:25 - back_end.services.chat_gen.generator - INFO - Generated content for item_0 - SubObligationsHandler
2025-09-17 15:03:25 - testing - INFO - 状态: obligations
2025-09-17 15:03:25 - testing - INFO - 系统回复: ['Now we start importing the obligations for this component']
2025-09-17 15:03:25 - testing - INFO - The latest file has been saved sucessfully!
