2025-09-11 15:36:18 - root - INFO - 服务器日志系统初始化完成，日志文件: C:\Users\z0054unn\Documents\Siemens-GitLab\Third-party\third-party-clearance\logs\server_20250911_15h36m18s.log
2025-09-11 15:36:18 - root - INFO - 服务器日志系统初始化完成，日志文件: C:\Users\z0054unn\Documents\Siemens-GitLab\Third-party\third-party-clearance\logs\server_20250911_15h36m18s.log
2025-09-11 15:36:18 - nodes - INFO - Now we are parsing the original HTML File
2025-09-11 15:36:22 - nodes - INFO - Successfully parsed!
2025-09-11 15:36:22 - nodes - INFO - Now we are parsing the original PCR file.
2025-09-11 15:36:28 - SpecialConsiderationHandler - INFO - No items will be found.
2025-09-11 15:36:28 - SpecialConsiderationHandler - ERROR - content_handler_factory must be provided for ChapterGenerationHandler
2025-09-11 15:36:28 - SpecialConsiderationHandler - ERROR - subcontent_factory must be provided for ChapterGeneration
2025-09-11 15:36:28 - back_end.services.chat_service - INFO - we have found risk bot when initializing the chat service!
2025-09-11 15:36:28 - back_end.services.chat_manager - WARNING - now we start with checking: pure_component
2025-09-11 15:36:28 - testing - INFO - 检验测试环境初始化...
2025-09-11 15:36:28 - testing - INFO - 测试环境验证通过!
2025-09-11 15:36:28 - testing - INFO - 开始执行测试: test_custom_instruction_retrieval
2025-09-11 15:36:28 - testing - INFO - Now we are using the customized shared dictionary
2025-09-11 15:36:28 - testing - INFO - Retrieved instructions with custom context: Now we are importing the conclusion.
2025-09-11 15:36:28 - testing - INFO - 开始执行测试: test_user_in_flow
2025-09-11 15:36:28 - testing - INFO - 当前对话轮次1, 用户输入OK, show me the first subtitle
2025-09-11 15:36:31 - back_end.services.chat_service - INFO - user_input: OK, show me the first subtitle
2025-09-11 15:36:34 - back_end.services.chat_service - INFO - chat_service.process_user_input: we have this response {'result': 'next', 'talking': "I'm switching to the next mode for further assistance with compliance-related inquiries. Please provide details or specify the next task you'd like to address."}
2025-09-11 15:36:34 - back_end.services.chat_flow - INFO - chat_flow.process: 处理状态: ConfirmationStatus.CONCLUSION
2025-09-11 15:36:34 - back_end.services.chat_service - INFO - chat_service.process_user_input: Current status: conclusion, Updated status: conclusion
2025-09-11 15:36:34 - back_end.services.chat_service - INFO - Status check - Processing type: pure_component, Item type: ItemType.PC, Status: conclusion -> conclusion
2025-09-11 15:36:34 - back_end.services.chat_service - INFO - now we started generating content with this handler ConclusionHandler
2025-09-11 15:36:34 - testing - INFO - 状态: conclusion
2025-09-11 15:36:34 - testing - INFO - 系统回复: ['Based on the information you proived, I have generated the following content: \n\n# Conclusion\n## Clearing summary\nThe handling of 3rd party software components for this product is at a good state. The Readme_OSS document contains all required licenses.\n## Obligations to be fulfilled from superordinated product\nAll superordinated products must include the Readme_OSS of this product into their respective Readme_OSS document.\n## Obligations and restrictions which could not be fulfilled\nNone.\n## Remaining risks\n### General risks\nGeneral risks relating to OSS:\n- Termination/Revocation: OSS licenses may terminate or can be revoked immediately.\n- Local and International Jurisdiction: Due to place of venue clauses and arbitration clauses, disputes may be settled, relating to the seat of the licensor, before foreign courts.\n- Warranty/Liability Disclaimer: There is general absence of warranty / liability, e.g. – error corrections must be made by or ordered by SIEMENS, and SIEMENS must cover all damages.\n- Proprietorship of a copyright: It cannot be verified whether contributors to open source software are legally permitted to contribute(the code could e.g.belong to his employer, and not the developer).\n### Special risks\nNone.\n\n Would you mind telling me if it meets your requirements?']
2025-09-11 15:36:34 - testing - INFO - 当前对话轮次2, 用户输入ok, next, please
2025-09-11 15:37:00 - back_end.services.chat_service - INFO - user_input: ok, next, please
2025-09-11 15:37:08 - back_end.services.chat_service - INFO - chat_service.process_user_input: we have this response {'result': 'continue', 'talking': "Please provide more details or specify the compliance-related topic you'd like to address so I can assist you effectively."}
2025-09-11 15:37:24 - back_end.services.chat_flow - INFO - chat_flow.process: 处理状态: ConfirmationStatus.CONCLUSION
2025-09-11 15:37:24 - ConclusionHandler - INFO - we have generated content...
2025-09-11 15:37:24 - ConclusionHandler - INFO - Now we are checking...
2025-09-11 15:37:30 - back_end.services.chat_service - INFO - chat_service.process_user_input: Current status: conclusion, Updated status: conclusion
2025-09-11 15:37:32 - back_end.services.chat_service - INFO - Status check - Processing type: pure_component, Item type: ItemType.PC, Status: conclusion -> conclusion
2025-09-11 15:37:34 - testing - INFO - 状态: conclusion
2025-09-11 15:37:35 - testing - INFO - 系统回复: No content has been generated.
2025-09-11 15:37:53 - testing - INFO - 当前对话轮次3, 用户输入show me the obligation
2025-09-11 15:38:00 - back_end.services.chat_service - INFO - user_input: show me the obligation
2025-09-11 15:38:05 - back_end.services.chat_service - INFO - chat_service.process_user_input: we have this response {'result': 'continue', 'talking': 'Could you please clarify which specific obligations you are referring to? Are you asking about obligations related to a particular OSS or PSS license, or is it related to contractual obligations? Any additional context would be helpful.'}
2025-09-11 15:38:11 - back_end.services.chat_flow - INFO - chat_flow.process: 处理状态: ConfirmationStatus.CONCLUSION
2025-09-11 15:38:11 - ConclusionHandler - INFO - we have generated content...
2025-09-11 15:38:11 - ConclusionHandler - INFO - Now we are checking...
2025-09-11 15:38:11 - back_end.services.chat_service - INFO - chat_service.process_user_input: Current status: conclusion, Updated status: conclusion
2025-09-11 15:38:11 - back_end.services.chat_service - INFO - Status check - Processing type: pure_component, Item type: ItemType.PC, Status: conclusion -> conclusion
2025-09-11 15:38:11 - testing - INFO - 状态: conclusion
2025-09-11 15:38:11 - testing - INFO - 系统回复: No content has been generated.
2025-09-11 15:38:11 - testing - INFO - 当前对话轮次4, 用户输入I am not satisfied with it, generate again
2025-09-11 15:38:14 - back_end.services.chat_service - INFO - user_input: I am not satisfied with it, generate again
2025-09-11 15:38:16 - back_end.services.chat_service - INFO - chat_service.process_user_input: we have this response {'result': 'continue', 'talking': 'I apologize for not meeting your expectations. Please provide more specific information regarding the obligations you are seeking, such as the type of software or the relevant context so I can assist you better.'}
2025-09-11 15:38:16 - back_end.services.chat_flow - INFO - chat_flow.process: 处理状态: ConfirmationStatus.CONCLUSION
2025-09-11 15:38:16 - ConclusionHandler - INFO - we have generated content...
2025-09-11 15:38:16 - ConclusionHandler - INFO - Now we are checking...
2025-09-11 15:38:16 - back_end.services.chat_service - INFO - chat_service.process_user_input: Current status: conclusion, Updated status: conclusion
2025-09-11 15:38:16 - back_end.services.chat_service - INFO - Status check - Processing type: pure_component, Item type: ItemType.PC, Status: conclusion -> conclusion
2025-09-11 15:38:16 - testing - INFO - 状态: conclusion
2025-09-11 15:38:16 - testing - INFO - 系统回复: No content has been generated.
2025-09-11 15:38:16 - testing - INFO - 当前对话轮次5, 用户输入Show me the licenses
2025-09-11 15:38:29 - back_end.services.chat_service - INFO - user_input: Show me the licenses
2025-09-11 15:38:35 - back_end.services.chat_service - INFO - chat_service.process_user_input: we have this response {'result': 'continue', 'talking': 'Could you specify which licenses you are interested in? For example, are you looking for a list of common OSS licenses like GPL, MIT, Apache, or are you interested in proprietary software licensing terms? Additional context will help me provide a more accurate response.'}
