2025-09-04 09:09:12 - root - INFO - 服务器日志系统初始化完成，日志文件: C:\Users\z0054unn\Documents\Siemens-GitLab\Third-party\third-party-clearance\logs\server_20250904_09h09m12s.log
2025-09-04 09:09:12 - root - INFO - 服务器日志系统初始化完成，日志文件: C:\Users\z0054unn\Documents\Siemens-GitLab\Third-party\third-party-clearance\logs\server_20250904_09h09m12s.log
2025-09-04 09:09:12 - nodes - INFO - Now we are parsing the original HTML File
2025-09-04 09:09:13 - nodes - INFO - Successfully parsed!
2025-09-04 09:09:13 - nodes - INFO - Now we are parsing the original PCR file.
2025-09-04 09:09:22 - back_end.services.chat_service - INFO - we have found risk bot when initializing the chat service!
2025-09-04 09:09:22 - back_end.services.chat_manager - WARNING - now we start with checking: pure_component
2025-09-04 09:09:24 - testing - INFO - 检验测试环境初始化...
2025-09-04 09:09:24 - testing - INFO - 测试环境验证通过!
2025-09-04 09:09:24 - testing - INFO - 开始执行测试: test_custom_instruction_retrieval
2025-09-04 09:09:24 - testing - INFO - Now we are using the customized shared dictionary
2025-09-04 09:09:26 - testing - INFO - Retrieved instructions with custom context: I'm ready to assist you with confirming the results. Please let me know your satisfaction level with the previous information or request further clarification.
2025-09-04 09:09:26 - testing - INFO - 开始执行测试: test_initial_content_generation
2025-09-04 09:09:26 - back_end.services.chat_service - INFO - user_input: 
            That's totally OK.

    
2025-09-04 09:09:27 - back_end.services.chat_service - INFO - chat_service.process_user_input: we have this response {'result': 'next', 'talking': "I'm glad to hear that you're satisfied. Let's proceed to the next mode. Please specify the next steps or areas you would like to focus on regarding compliance."}
2025-09-04 09:09:43 - ObligationsHandler - INFO - Initialized 7 subtitle handlers for item: 0
2025-09-04 09:09:59 - ObligationsHandler - INFO - Initialized 7 subtitle handlers for item: 1
2025-09-04 09:10:33 - ObligationsHandler - INFO - Initialized 7 subtitle handlers for item: 2
2025-09-04 09:10:58 - ObligationsHandler - INFO - Initialized 7 subtitle handlers for item: 3
2025-09-04 09:11:16 - ObligationsHandler - INFO - Initialized 7 subtitle handlers for item: 4
2025-09-04 09:11:34 - ObligationsHandler - INFO - Initialized 7 subtitle handlers for item: 5
2025-09-04 09:11:50 - ObligationsHandler - INFO - Initialized 7 subtitle handlers for item: 6
2025-09-04 09:12:07 - ObligationsHandler - INFO - Initialized 7 subtitle handlers for item: 7
2025-09-04 09:12:07 - back_end.services.chat_flow - INFO - chat_flow.process: 处理状态: ConfirmationStatus.OBLIGATIONS
2025-09-04 09:12:07 - ObligationsHandler - INFO - All subtitles completed for item: item_0
2025-09-04 09:12:07 - back_end.services.chat_service - INFO - chat_service.process_user_input: Current status: obligations, Updated status: obligations
2025-09-04 09:12:07 - back_end.services.chat_service - INFO - Status check - Processing type: pure_component, Item type: ItemType.PC, Status: obligations -> obligations
2025-09-04 09:12:07 - back_end.services.chat_service - INFO - chat_service._handle_chapter_generation: Processing ChapterGeneration with result: next
2025-09-04 09:12:07 - back_end.services.chat_service - INFO - chat_service._handle_chapter_generation: Chapter generation completed
2025-09-04 09:12:07 - back_end.services.chat_flow - INFO - chat_flow.process: 处理状态: ConfirmationStatus.OBLIGATIONS
2025-09-04 09:12:07 - ObligationsHandler - INFO - All subtitles completed for item: item_1
2025-09-04 09:12:07 - testing - INFO - 开始执行测试: test_user_in_flow
2025-09-04 09:12:07 - testing - INFO - 当前对话轮次1, 用户输入OK, show me the first subtitle
2025-09-04 09:12:07 - back_end.services.chat_service - INFO - user_input: OK, show me the first subtitle
2025-09-04 09:12:09 - back_end.services.chat_service - INFO - chat_service.process_user_input: we have this response {'result': 'continue', 'talking': "It seems I need more context regarding what you mean by 'the first subtitle'. Could you please clarify or provide more details on the specific section or topic you are referring to?"}
