2025-08-22 14:16:53 - root - INFO - 服务器日志系统初始化完成，日志文件: C:\Users\z0054unn\Documents\Siemens-GitLab\Third-party\third-party-clearance\logs\server_20250822_14h16m53s.log
2025-08-22 14:16:53 - uvicorn.error - INFO - Started server process [3780]
2025-08-22 14:16:53 - uvicorn.error - INFO - Waiting for application startup.
2025-08-22 14:16:53 - back_end.server - INFO - FastAPI应用启动
2025-08-22 14:16:53 - uvicorn.error - INFO - Application startup complete.
2025-08-22 14:17:29 - back_end.server - INFO - the html file is stored at: uploads\LicenseInfo-@automation-core_ac-engineering-ng-2.10.0-2025-07-30_05_57_51.html
2025-08-22 14:17:29 - nodes - INFO - Now we are parsing the original HTML File
2025-08-22 14:17:29 - nodes - INFO - Successfully parsed!
2025-08-22 14:17:29 - nodes - INFO - Now we are reviewing the components list
2025-08-22 14:17:29 - nodes - INFO - We have 3 to review
2025-08-22 14:17:46 - nodes - INFO - We have reviewed one component
2025-08-22 14:18:01 - nodes - INFO - We have reviewed one component
2025-08-22 14:18:13 - nodes - INFO - We have reviewed one component
2025-08-22 14:18:13 - nodes - INFO - Completely Reviewed.
2025-08-22 14:18:13 - nodes - INFO - Now we are collecing special licenses such as GPL
2025-08-22 14:18:13 - nodes - INFO - Now checking the reviewed risks
2025-08-22 14:18:13 - nodes - INFO - We have 3 licenses to check
2025-08-22 14:18:13 - nodes - INFO - Successfully combined 3 license and risk records
2025-08-22 14:18:24 - nodes - INFO - We have checked one component
2025-08-22 14:18:33 - nodes - INFO - We have checked one component
2025-08-22 14:18:42 - nodes - INFO - We have checked one component
2025-08-22 14:18:42 - nodes - INFO - finished checking, now we are checking the dependecies
2025-08-22 14:18:42 - nodes - INFO - now we start analyzing depencies between components
2025-08-22 14:18:51 - nodes - INFO - Now we have checked dependency of one component
2025-08-22 14:18:51 - utils.itemFilter - INFO - 开始筛选组件，共 1 个组件待处理
2025-08-22 14:18:51 - utils.itemFilter - INFO - 处理组件 1/1
2025-08-22 14:18:51 - utils.itemFilter - INFO - 正在检查组件: @ngrx/store 17.2.0
                            ⇧
2025-08-22 14:18:51 - utils.itemFilter - INFO - 组件许可证列表: ["Apache-2.0", "CC-BY-4.0", "MIT"]
2025-08-22 14:18:51 - utils.itemFilter - INFO - 风险分析中的许可证: ["Apache-2.0", "CC-BY-4.0", "MIT", "3: MIT⇧"]
2025-08-22 14:18:51 - utils.itemFilter - INFO - 筛选完成，保留了 1 个需要凭证的组件
2025-08-22 14:18:51 - nodes - INFO - finished checking, now we are starting the chat...
2025-08-22 14:18:55 - nodes - INFO - Initialized session successfully, waiting for the bot to start conversation
2025-08-22 14:18:55 - nodes - INFO - Starting Chatting...
2025-08-22 14:18:55 - utils.tools - ERROR - Error Error during analysis: Can't instantiate abstract class MainLicenseHandler without an implementation for abstract method 'is_subtask_completed'
2025-08-22 14:20:02 - uvicorn.error - INFO - Shutting down
2025-08-22 14:20:02 - uvicorn.error - INFO - Waiting for application shutdown.
2025-08-22 14:20:02 - back_end.server - INFO - FastAPI应用关闭
2025-08-22 14:20:02 - uvicorn.error - INFO - Application shutdown complete.
2025-08-22 14:20:02 - uvicorn.error - INFO - Finished server process [3780]
