2025-09-05 16:24:26 - root - INFO - 服务器日志系统初始化完成，日志文件: C:\Users\z0054unn\Documents\Siemens-GitLab\Third-party\third-party-clearance\logs\server_20250905_16h24m26s.log
2025-09-05 16:24:26 - nodes - INFO - Now we are parsing the original HTML File
2025-09-05 16:24:30 - nodes - INFO - Successfully parsed!
2025-09-05 16:24:30 - nodes - INFO - Now we are parsing the original PCR file.
2025-09-05 16:24:39 - back_end.services.chat_service - INFO - we have found risk bot when initializing the chat service!
2025-09-05 16:24:39 - back_end.services.chat_manager - WARNING - now we start with checking: pure_component
2025-09-05 16:24:41 - testing - INFO - 检验测试环境初始化...
2025-09-05 16:24:41 - testing - INFO - 测试环境验证通过!
2025-09-05 16:24:41 - testing - INFO - 开始执行测试: test_custom_instruction_retrieval
2025-09-05 16:24:41 - testing - INFO - Now we are using the customized shared dictionary
2025-09-05 16:24:44 - testing - INFO - Retrieved instructions with custom context: I will now operate in confirming mode. Please let me know if you are satisfied with the results or if you need further clarification.
2025-09-05 16:24:44 - testing - INFO - 开始执行测试: test_user_in_flow
2025-09-05 16:24:44 - testing - INFO - 当前对话轮次1, 用户输入OK, show me the first subtitle
2025-09-05 16:25:03 - back_end.services.chat_service - INFO - user_input: OK, show me the first subtitle
2025-09-05 16:25:05 - back_end.services.chat_service - INFO - chat_service.process_user_input: we have this response {'result': 'continue', 'talking': "Could you please provide more context or specify what you mean by 'the first subtitle'? This will help me assist you better."}
2025-09-05 16:25:20 - ObligationsHandler - INFO - Initialized 7 subtitle handlers for item: 0
2025-09-05 16:25:20 - ObligationsHandler - INFO - Initialized 7 subtitle handlers for item: 1
2025-09-05 16:25:20 - ObligationsHandler - INFO - Initialized 7 subtitle handlers for item: 2
2025-09-05 16:25:20 - ObligationsHandler - INFO - Initialized 7 subtitle handlers for item: 3
2025-09-05 16:25:20 - ObligationsHandler - INFO - Initialized 7 subtitle handlers for item: 4
2025-09-05 16:25:20 - ObligationsHandler - INFO - Initialized 7 subtitle handlers for item: 5
2025-09-05 16:25:20 - ObligationsHandler - INFO - Initialized 7 subtitle handlers for item: 6
2025-09-05 16:25:20 - ObligationsHandler - INFO - Initialized 7 subtitle handlers for item: 7
2025-09-05 16:25:20 - back_end.services.chat_flow - INFO - chat_flow.process: 处理状态: ConfirmationStatus.OBLIGATIONS
2025-09-05 16:25:20 - LicenseHandler - INFO - Now we are checking...
2025-09-05 16:25:20 - back_end.services.chat_service - INFO - chat_service.process_user_input: Current status: obligations, Updated status: obligations
2025-09-05 16:25:20 - back_end.services.chat_service - INFO - Status check - Processing type: pure_component, Item type: ItemType.PC, Status: obligations -> obligations
2025-09-05 16:25:20 - back_end.services.chat_service - INFO - chat_service._handle_chapter_generation: Processing ChapterGeneration with result: continue
2025-09-05 16:25:51 - utils.database.hardDB - INFO - this is the found components
2025-09-05 16:26:04 - utils.database.hardDB - INFO - this is the found components
2025-09-05 16:26:04 - back_end.services.chat_gen.generator - INFO - Generated content for item_0 - HandlerStateWrapper
2025-09-05 16:26:06 - testing - INFO - 状态: obligations
2025-09-05 16:26:06 - testing - INFO - 系统回复: ['I am now in confirming mode. Please let me know if you are satisfied with the results or if you need more information.', '*Global Licenses:*MIT\n\n*Other Licenses:*GPL-2.0-with-FreeRTOS exception, Dual license MIT and BSD-3-Clause, BSD-3-Clause, Apache-2.0']
2025-09-05 16:26:06 - testing - INFO - 当前对话轮次2, 用户输入ok, next, please
2025-09-05 16:26:40 - back_end.services.chat_service - INFO - user_input: ok, next, please
2025-09-05 16:26:44 - back_end.services.chat_service - INFO - chat_service.process_user_input: we have this response {'result': 'next', 'talking': 'Moving to the next mode. Please specify the next task or area of focus for compliance clearance.'}
2025-09-05 16:27:00 - back_end.services.chat_flow - INFO - chat_flow.process: 处理状态: ConfirmationStatus.OBLIGATIONS
2025-09-05 16:27:00 - LicenseHandler - INFO - Now we are checking...
2025-09-05 16:27:00 - ObligationsHandler - INFO - Marked content_confirmed for item_0 - LicenseHandler
2025-09-05 16:27:02 - back_end.services.chat_service - INFO - chat_service.process_user_input: Current status: obligations, Updated status: obligations
2025-09-05 16:27:07 - back_end.services.chat_service - INFO - Status check - Processing type: pure_component, Item type: ItemType.PC, Status: obligations -> obligations
2025-09-05 16:27:12 - back_end.services.chat_service - INFO - chat_service._handle_chapter_generation: Processing ChapterGeneration with result: next
2025-09-05 16:27:33 - LicenseHandler - ERROR - 访问 handler.__iter__ 时出错: 'LicenseHandler' object has no attribute '__iter__'
2025-09-05 16:27:33 - SubObligationsHandler - ERROR - 访问 handler.__iter__ 时出错: 'SubObligationsHandler' object has no attribute '__iter__'
2025-09-05 16:27:33 - SubRisksHandler - ERROR - 访问 handler.__iter__ 时出错: 'SubRisksHandler' object has no attribute '__iter__'
2025-09-05 16:27:33 - CommonRulesHandler - ERROR - 访问 handler.__iter__ 时出错: 'CommonRulesHandler' object has no attribute '__iter__'
2025-09-05 16:27:33 - AdditionalHandler - ERROR - 访问 handler.__iter__ 时出错: 'AdditionalHandler' object has no attribute '__iter__'
2025-09-05 16:27:33 - ImplementationHandler - ERROR - 访问 handler.__iter__ 时出错: 'ImplementationHandler' object has no attribute '__iter__'
2025-09-05 16:27:33 - ObligationCombiningHandler - ERROR - 访问 handler.__iter__ 时出错: 'ObligationCombiningHandler' object has no attribute '__iter__'
2025-09-05 16:27:33 - LicenseHandler - ERROR - 访问 handler.__iter__ 时出错: 'LicenseHandler' object has no attribute '__iter__'
2025-09-05 16:27:33 - LicenseHandler - ERROR - 访问 handler.__iter__ 时出错: 'LicenseHandler' object has no attribute '__iter__'
2025-09-05 16:27:33 - SubObligationsHandler - ERROR - 访问 handler.__iter__ 时出错: 'SubObligationsHandler' object has no attribute '__iter__'
2025-09-05 16:27:33 - SubRisksHandler - ERROR - 访问 handler.__iter__ 时出错: 'SubRisksHandler' object has no attribute '__iter__'
2025-09-05 16:27:33 - CommonRulesHandler - ERROR - 访问 handler.__iter__ 时出错: 'CommonRulesHandler' object has no attribute '__iter__'
2025-09-05 16:27:33 - AdditionalHandler - ERROR - 访问 handler.__iter__ 时出错: 'AdditionalHandler' object has no attribute '__iter__'
2025-09-05 16:27:33 - ImplementationHandler - ERROR - 访问 handler.__iter__ 时出错: 'ImplementationHandler' object has no attribute '__iter__'
2025-09-05 16:27:33 - ObligationCombiningHandler - ERROR - 访问 handler.__iter__ 时出错: 'ObligationCombiningHandler' object has no attribute '__iter__'
2025-09-05 16:27:34 - LicenseHandler - ERROR - 访问 handler.__iter__ 时出错: 'LicenseHandler' object has no attribute '__iter__'
2025-09-05 16:27:34 - LicenseHandler - ERROR - 访问 handler.__iter__ 时出错: 'LicenseHandler' object has no attribute '__iter__'
2025-09-05 16:27:34 - SubObligationsHandler - ERROR - 访问 handler.__iter__ 时出错: 'SubObligationsHandler' object has no attribute '__iter__'
2025-09-05 16:27:34 - SubRisksHandler - ERROR - 访问 handler.__iter__ 时出错: 'SubRisksHandler' object has no attribute '__iter__'
2025-09-05 16:27:34 - CommonRulesHandler - ERROR - 访问 handler.__iter__ 时出错: 'CommonRulesHandler' object has no attribute '__iter__'
2025-09-05 16:27:34 - AdditionalHandler - ERROR - 访问 handler.__iter__ 时出错: 'AdditionalHandler' object has no attribute '__iter__'
2025-09-05 16:27:34 - ImplementationHandler - ERROR - 访问 handler.__iter__ 时出错: 'ImplementationHandler' object has no attribute '__iter__'
2025-09-05 16:27:34 - ObligationCombiningHandler - ERROR - 访问 handler.__iter__ 时出错: 'ObligationCombiningHandler' object has no attribute '__iter__'
2025-09-05 16:27:35 - SubObligationsHandler - ERROR - 访问 handler.__iter__ 时出错: 'SubObligationsHandler' object has no attribute '__iter__'
2025-09-05 16:27:35 - LicenseHandler - ERROR - 访问 handler.__iter__ 时出错: 'LicenseHandler' object has no attribute '__iter__'
2025-09-05 16:27:35 - SubObligationsHandler - ERROR - 访问 handler.__iter__ 时出错: 'SubObligationsHandler' object has no attribute '__iter__'
2025-09-05 16:27:35 - SubRisksHandler - ERROR - 访问 handler.__iter__ 时出错: 'SubRisksHandler' object has no attribute '__iter__'
2025-09-05 16:27:35 - CommonRulesHandler - ERROR - 访问 handler.__iter__ 时出错: 'CommonRulesHandler' object has no attribute '__iter__'
2025-09-05 16:27:35 - AdditionalHandler - ERROR - 访问 handler.__iter__ 时出错: 'AdditionalHandler' object has no attribute '__iter__'
2025-09-05 16:27:35 - ImplementationHandler - ERROR - 访问 handler.__iter__ 时出错: 'ImplementationHandler' object has no attribute '__iter__'
2025-09-05 16:27:35 - ObligationCombiningHandler - ERROR - 访问 handler.__iter__ 时出错: 'ObligationCombiningHandler' object has no attribute '__iter__'
2025-09-05 16:27:36 - SubObligationsHandler - ERROR - 访问 handler.__iter__ 时出错: 'SubObligationsHandler' object has no attribute '__iter__'
2025-09-05 16:27:36 - LicenseHandler - ERROR - 访问 handler.__iter__ 时出错: 'LicenseHandler' object has no attribute '__iter__'
2025-09-05 16:27:36 - SubObligationsHandler - ERROR - 访问 handler.__iter__ 时出错: 'SubObligationsHandler' object has no attribute '__iter__'
2025-09-05 16:27:36 - SubRisksHandler - ERROR - 访问 handler.__iter__ 时出错: 'SubRisksHandler' object has no attribute '__iter__'
2025-09-05 16:27:36 - CommonRulesHandler - ERROR - 访问 handler.__iter__ 时出错: 'CommonRulesHandler' object has no attribute '__iter__'
2025-09-05 16:27:36 - AdditionalHandler - ERROR - 访问 handler.__iter__ 时出错: 'AdditionalHandler' object has no attribute '__iter__'
2025-09-05 16:27:36 - ImplementationHandler - ERROR - 访问 handler.__iter__ 时出错: 'ImplementationHandler' object has no attribute '__iter__'
2025-09-05 16:27:36 - ObligationCombiningHandler - ERROR - 访问 handler.__iter__ 时出错: 'ObligationCombiningHandler' object has no attribute '__iter__'
2025-09-05 16:27:37 - SubObligationsHandler - ERROR - 访问 handler.__iter__ 时出错: 'SubObligationsHandler' object has no attribute '__iter__'
2025-09-05 16:27:37 - LicenseHandler - ERROR - 访问 handler.__iter__ 时出错: 'LicenseHandler' object has no attribute '__iter__'
2025-09-05 16:27:37 - SubObligationsHandler - ERROR - 访问 handler.__iter__ 时出错: 'SubObligationsHandler' object has no attribute '__iter__'
2025-09-05 16:27:37 - SubRisksHandler - ERROR - 访问 handler.__iter__ 时出错: 'SubRisksHandler' object has no attribute '__iter__'
2025-09-05 16:27:37 - CommonRulesHandler - ERROR - 访问 handler.__iter__ 时出错: 'CommonRulesHandler' object has no attribute '__iter__'
2025-09-05 16:27:37 - AdditionalHandler - ERROR - 访问 handler.__iter__ 时出错: 'AdditionalHandler' object has no attribute '__iter__'
2025-09-05 16:27:37 - ImplementationHandler - ERROR - 访问 handler.__iter__ 时出错: 'ImplementationHandler' object has no attribute '__iter__'
2025-09-05 16:27:37 - ObligationCombiningHandler - ERROR - 访问 handler.__iter__ 时出错: 'ObligationCombiningHandler' object has no attribute '__iter__'
2025-09-05 16:27:38 - SubObligationsHandler - ERROR - 访问 handler.__iter__ 时出错: 'SubObligationsHandler' object has no attribute '__iter__'
2025-09-05 16:27:39 - SubObligationsHandler - ERROR - 访问 handler.__iter__ 时出错: 'SubObligationsHandler' object has no attribute '__iter__'
2025-09-05 16:27:40 - SubObligationsHandler - ERROR - 访问 handler.__iter__ 时出错: 'SubObligationsHandler' object has no attribute '__iter__'
2025-09-05 16:27:41 - SubObligationsHandler - ERROR - 访问 handler.__iter__ 时出错: 'SubObligationsHandler' object has no attribute '__iter__'
2025-09-05 16:27:41 - SubObligationsHandler - ERROR - 访问 handler.__iter__ 时出错: 'SubObligationsHandler' object has no attribute '__iter__'
2025-09-05 16:27:41 - LicenseHandler - ERROR - 访问 handler.__iter__ 时出错: 'LicenseHandler' object has no attribute '__iter__'
2025-09-05 16:27:41 - SubObligationsHandler - ERROR - 访问 handler.__iter__ 时出错: 'SubObligationsHandler' object has no attribute '__iter__'
2025-09-05 16:27:41 - SubRisksHandler - ERROR - 访问 handler.__iter__ 时出错: 'SubRisksHandler' object has no attribute '__iter__'
2025-09-05 16:27:41 - CommonRulesHandler - ERROR - 访问 handler.__iter__ 时出错: 'CommonRulesHandler' object has no attribute '__iter__'
2025-09-05 16:27:41 - AdditionalHandler - ERROR - 访问 handler.__iter__ 时出错: 'AdditionalHandler' object has no attribute '__iter__'
2025-09-05 16:27:41 - ImplementationHandler - ERROR - 访问 handler.__iter__ 时出错: 'ImplementationHandler' object has no attribute '__iter__'
2025-09-05 16:27:41 - ObligationCombiningHandler - ERROR - 访问 handler.__iter__ 时出错: 'ObligationCombiningHandler' object has no attribute '__iter__'
2025-09-05 16:28:14 - utils.database.hardDB - INFO - this is the found components
2025-09-05 16:32:12 - SubObligationsHandler - ERROR - 访问 handler.__iter__ 时出错: 'SubObligationsHandler' object has no attribute '__iter__'
2025-09-05 16:32:12 - LicenseHandler - ERROR - 访问 handler.__iter__ 时出错: 'LicenseHandler' object has no attribute '__iter__'
2025-09-05 16:32:12 - SubObligationsHandler - ERROR - 访问 handler.__iter__ 时出错: 'SubObligationsHandler' object has no attribute '__iter__'
2025-09-05 16:32:12 - SubRisksHandler - ERROR - 访问 handler.__iter__ 时出错: 'SubRisksHandler' object has no attribute '__iter__'
2025-09-05 16:32:12 - CommonRulesHandler - ERROR - 访问 handler.__iter__ 时出错: 'CommonRulesHandler' object has no attribute '__iter__'
2025-09-05 16:32:12 - AdditionalHandler - ERROR - 访问 handler.__iter__ 时出错: 'AdditionalHandler' object has no attribute '__iter__'
2025-09-05 16:32:12 - ImplementationHandler - ERROR - 访问 handler.__iter__ 时出错: 'ImplementationHandler' object has no attribute '__iter__'
2025-09-05 16:32:12 - ObligationCombiningHandler - ERROR - 访问 handler.__iter__ 时出错: 'ObligationCombiningHandler' object has no attribute '__iter__'
2025-09-05 16:32:13 - SubObligationsHandler - ERROR - 访问 handler.__iter__ 时出错: 'SubObligationsHandler' object has no attribute '__iter__'
2025-09-05 16:32:13 - LicenseHandler - ERROR - 访问 handler.__iter__ 时出错: 'LicenseHandler' object has no attribute '__iter__'
2025-09-05 16:32:13 - SubObligationsHandler - ERROR - 访问 handler.__iter__ 时出错: 'SubObligationsHandler' object has no attribute '__iter__'
2025-09-05 16:32:13 - SubRisksHandler - ERROR - 访问 handler.__iter__ 时出错: 'SubRisksHandler' object has no attribute '__iter__'
2025-09-05 16:32:13 - CommonRulesHandler - ERROR - 访问 handler.__iter__ 时出错: 'CommonRulesHandler' object has no attribute '__iter__'
2025-09-05 16:32:13 - AdditionalHandler - ERROR - 访问 handler.__iter__ 时出错: 'AdditionalHandler' object has no attribute '__iter__'
2025-09-05 16:32:13 - ImplementationHandler - ERROR - 访问 handler.__iter__ 时出错: 'ImplementationHandler' object has no attribute '__iter__'
2025-09-05 16:32:13 - ObligationCombiningHandler - ERROR - 访问 handler.__iter__ 时出错: 'ObligationCombiningHandler' object has no attribute '__iter__'
2025-09-05 16:32:14 - SubObligationsHandler - ERROR - 访问 handler.__iter__ 时出错: 'SubObligationsHandler' object has no attribute '__iter__'
2025-09-05 16:32:14 - LicenseHandler - ERROR - 访问 handler.__iter__ 时出错: 'LicenseHandler' object has no attribute '__iter__'
2025-09-05 16:32:14 - SubObligationsHandler - ERROR - 访问 handler.__iter__ 时出错: 'SubObligationsHandler' object has no attribute '__iter__'
2025-09-05 16:32:14 - SubRisksHandler - ERROR - 访问 handler.__iter__ 时出错: 'SubRisksHandler' object has no attribute '__iter__'
2025-09-05 16:32:14 - CommonRulesHandler - ERROR - 访问 handler.__iter__ 时出错: 'CommonRulesHandler' object has no attribute '__iter__'
2025-09-05 16:32:14 - AdditionalHandler - ERROR - 访问 handler.__iter__ 时出错: 'AdditionalHandler' object has no attribute '__iter__'
2025-09-05 16:32:14 - ImplementationHandler - ERROR - 访问 handler.__iter__ 时出错: 'ImplementationHandler' object has no attribute '__iter__'
2025-09-05 16:32:14 - ObligationCombiningHandler - ERROR - 访问 handler.__iter__ 时出错: 'ObligationCombiningHandler' object has no attribute '__iter__'
2025-09-05 16:32:23 - SubObligationsHandler - ERROR - 访问 handler.__iter__ 时出错: 'SubObligationsHandler' object has no attribute '__iter__'
2025-09-05 16:32:23 - LicenseHandler - ERROR - 访问 handler.__iter__ 时出错: 'LicenseHandler' object has no attribute '__iter__'
2025-09-05 16:32:23 - SubObligationsHandler - ERROR - 访问 handler.__iter__ 时出错: 'SubObligationsHandler' object has no attribute '__iter__'
2025-09-05 16:32:23 - SubRisksHandler - ERROR - 访问 handler.__iter__ 时出错: 'SubRisksHandler' object has no attribute '__iter__'
2025-09-05 16:32:23 - CommonRulesHandler - ERROR - 访问 handler.__iter__ 时出错: 'CommonRulesHandler' object has no attribute '__iter__'
2025-09-05 16:32:23 - AdditionalHandler - ERROR - 访问 handler.__iter__ 时出错: 'AdditionalHandler' object has no attribute '__iter__'
2025-09-05 16:32:23 - ImplementationHandler - ERROR - 访问 handler.__iter__ 时出错: 'ImplementationHandler' object has no attribute '__iter__'
2025-09-05 16:32:23 - ObligationCombiningHandler - ERROR - 访问 handler.__iter__ 时出错: 'ObligationCombiningHandler' object has no attribute '__iter__'
2025-09-05 16:32:23 - back_end.services.chat_gen.generator - INFO - Generated content for item_0 - HandlerStateWrapper
2025-09-05 16:32:23 - SubObligationsHandler - ERROR - 访问 handler.__iter__ 时出错: 'SubObligationsHandler' object has no attribute '__iter__'
2025-09-05 16:32:23 - LicenseHandler - ERROR - 访问 handler.__iter__ 时出错: 'LicenseHandler' object has no attribute '__iter__'
2025-09-05 16:32:23 - SubObligationsHandler - ERROR - 访问 handler.__iter__ 时出错: 'SubObligationsHandler' object has no attribute '__iter__'
2025-09-05 16:32:23 - SubRisksHandler - ERROR - 访问 handler.__iter__ 时出错: 'SubRisksHandler' object has no attribute '__iter__'
2025-09-05 16:32:23 - CommonRulesHandler - ERROR - 访问 handler.__iter__ 时出错: 'CommonRulesHandler' object has no attribute '__iter__'
2025-09-05 16:32:23 - AdditionalHandler - ERROR - 访问 handler.__iter__ 时出错: 'AdditionalHandler' object has no attribute '__iter__'
2025-09-05 16:32:23 - ImplementationHandler - ERROR - 访问 handler.__iter__ 时出错: 'ImplementationHandler' object has no attribute '__iter__'
2025-09-05 16:32:23 - ObligationCombiningHandler - ERROR - 访问 handler.__iter__ 时出错: 'ObligationCombiningHandler' object has no attribute '__iter__'
2025-09-05 16:32:40 - testing - INFO - 状态: obligations
2025-09-05 16:32:40 - testing - INFO - 系统回复: ['I have switched to confirming mode. Please indicate if you are satisfied with the current results or if you require more clarification.', '- No description found for license: MIT\n\n- No description found for license: GPL-2.0-with-FreeRTOS exception\n\n- No description found for license: Dual license MIT and BSD-3-Clause\n\n- No description found for license: BSD-3-Clause\n\n- Note for Apache-2.0, ECL-2.0:  \nIf you modify this component and do not intend to contribute the modifications/the modified work back to open source community, you must conspicuously mark or designate the modifications as â\x80\x9cNot a Contributionâ\x80\x9d.\n\nIf you modify this component and intend to contribute the modifications/the modified work back to open source community, you must contact your 3rd Party Software Manager. There is a process for contributions.\n\nNote for CDDL-1.0:  \nIf you modify this component and intend to contribute the modifications/the modified work back to open source community, you must contact your 3rd Party Software Manager. There is a process for contributions.     \n\nIf [Your Legal Entity] sues contributors regarding [Your Legal Entity] patents, any patent license granted to [Your Legal Entity] for this component will automatically terminate     \n\n']
2025-09-05 16:32:40 - testing - INFO - 当前对话轮次3, 用户输入show me the obligation
