2025-09-11 10:21:24 - root - INFO - 服务器日志系统初始化完成，日志文件: C:\Users\z0054unn\Documents\Siemens-GitLab\Third-party\third-party-clearance\logs\server_20250911_10h21m24s.log
2025-09-11 10:21:24 - root - INFO - 服务器日志系统初始化完成，日志文件: C:\Users\z0054unn\Documents\Siemens-GitLab\Third-party\third-party-clearance\logs\server_20250911_10h21m24s.log
2025-09-11 10:21:24 - nodes - INFO - Now we are parsing the original HTML File
2025-09-11 10:21:28 - nodes - INFO - Successfully parsed!
2025-09-11 10:21:28 - nodes - INFO - Now we are parsing the original PCR file.
2025-09-11 10:21:34 - SpecialConsiderationHandler - INFO - No items will be found.
2025-09-11 10:21:34 - SpecialConsiderationHandler - ERROR - content_handler_factory must be provided for ChapterGenerationHandler
2025-09-11 10:21:34 - SpecialConsiderationHandler - ERROR - subcontent_factory must be provided for ChapterGeneration
2025-09-11 10:21:34 - back_end.services.chat_service - INFO - we have found risk bot when initializing the chat service!
2025-09-11 10:21:34 - back_end.services.chat_manager - WARNING - now we start with checking: pure_component
2025-09-11 10:21:34 - testing - INFO - 检验测试环境初始化...
2025-09-11 10:21:34 - testing - INFO - 测试环境验证通过!
2025-09-11 10:21:34 - testing - INFO - 开始执行测试: test_custom_instruction_retrieval
2025-09-11 10:21:34 - testing - INFO - Now we are using the customized shared dictionary
2025-09-11 10:21:36 - testing - INFO - Retrieved instructions with custom context: I understand that you would like me to switch to confirming mode. Please provide me with the necessary information or details on which I can assist you, and I will determine whether to continue or proceed based on your satisfaction.
2025-09-11 10:21:36 - testing - INFO - 开始执行测试: test_user_in_flow
2025-09-11 10:21:36 - testing - INFO - 当前对话轮次1, 用户输入OK, show me the first subtitle
2025-09-11 10:22:03 - back_end.services.chat_service - INFO - user_input: OK, show me the first subtitle
2025-09-11 10:22:08 - back_end.services.chat_service - INFO - chat_service.process_user_input: we have this response {'result': 'continue', 'talking': "I'm not certain what you mean by 'the first subtitle.' Could you please clarify whether you are referring to a specific document, section, or topic related to compliance that you would like to explore?"}
2025-09-11 10:23:26 - SpecialConsiderationHandler - INFO - Initialized 8 subtitle handlers
2025-09-11 10:23:26 - back_end.services.chat_flow - INFO - chat_flow.process: 处理状态: ConfirmationStatus.SPECIAL_CONSIDERATION
2025-09-11 10:31:08 - back_end.services.chat_service - INFO - chat_service.process_user_input: Current status: special_consideration, Updated status: special_consideration
2025-09-11 10:31:20 - InteractionObligationHandler - ERROR - 访问 handler.__iter__ 时出错: 'InteractionObligationHandler' object has no attribute '__iter__'
2025-09-11 10:31:20 - CopyLeftHandler - ERROR - 访问 handler.__iter__ 时出错: 'CopyLeftHandler' object has no attribute '__iter__'
2025-09-11 10:31:20 - AdditionalObligationHandler - ERROR - 访问 handler.__iter__ 时出错: 'AdditionalObligationHandler' object has no attribute '__iter__'
2025-09-11 10:31:20 - OtherObligations - ERROR - 访问 handler.__iter__ 时出错: 'OtherObligations' object has no attribute '__iter__'
2025-09-11 10:31:20 - ReadmeOSS - ERROR - 访问 handler.__iter__ 时出错: 'ReadmeOSS' object has no attribute '__iter__'
2025-09-11 10:31:20 - SourceCodeHandler - ERROR - 访问 handler.__iter__ 时出错: 'SourceCodeHandler' object has no attribute '__iter__'
2025-09-11 10:31:20 - RemainingHandler - ERROR - 访问 handler.__iter__ 时出错: 'RemainingHandler' object has no attribute '__iter__'
2025-09-11 10:31:20 - SpecialCombiningHandler - ERROR - 访问 handler.__iter__ 时出错: 'SpecialCombiningHandler' object has no attribute '__iter__'
2025-09-11 10:31:27 - InteractionObligationHandler - ERROR - 访问 handler.__iter__ 时出错: 'InteractionObligationHandler' object has no attribute '__iter__'
2025-09-11 10:31:27 - CopyLeftHandler - ERROR - 访问 handler.__iter__ 时出错: 'CopyLeftHandler' object has no attribute '__iter__'
2025-09-11 10:31:27 - AdditionalObligationHandler - ERROR - 访问 handler.__iter__ 时出错: 'AdditionalObligationHandler' object has no attribute '__iter__'
2025-09-11 10:31:27 - OtherObligations - ERROR - 访问 handler.__iter__ 时出错: 'OtherObligations' object has no attribute '__iter__'
2025-09-11 10:31:27 - ReadmeOSS - ERROR - 访问 handler.__iter__ 时出错: 'ReadmeOSS' object has no attribute '__iter__'
2025-09-11 10:31:27 - SourceCodeHandler - ERROR - 访问 handler.__iter__ 时出错: 'SourceCodeHandler' object has no attribute '__iter__'
2025-09-11 10:31:27 - RemainingHandler - ERROR - 访问 handler.__iter__ 时出错: 'RemainingHandler' object has no attribute '__iter__'
2025-09-11 10:31:27 - SpecialCombiningHandler - ERROR - 访问 handler.__iter__ 时出错: 'SpecialCombiningHandler' object has no attribute '__iter__'
2025-09-11 10:31:39 - InteractionObligationHandler - ERROR - 访问 handler.__iter__ 时出错: 'InteractionObligationHandler' object has no attribute '__iter__'
2025-09-11 10:31:39 - CopyLeftHandler - ERROR - 访问 handler.__iter__ 时出错: 'CopyLeftHandler' object has no attribute '__iter__'
2025-09-11 10:31:39 - AdditionalObligationHandler - ERROR - 访问 handler.__iter__ 时出错: 'AdditionalObligationHandler' object has no attribute '__iter__'
2025-09-11 10:31:39 - OtherObligations - ERROR - 访问 handler.__iter__ 时出错: 'OtherObligations' object has no attribute '__iter__'
2025-09-11 10:31:39 - ReadmeOSS - ERROR - 访问 handler.__iter__ 时出错: 'ReadmeOSS' object has no attribute '__iter__'
2025-09-11 10:31:39 - SourceCodeHandler - ERROR - 访问 handler.__iter__ 时出错: 'SourceCodeHandler' object has no attribute '__iter__'
2025-09-11 10:31:39 - RemainingHandler - ERROR - 访问 handler.__iter__ 时出错: 'RemainingHandler' object has no attribute '__iter__'
2025-09-11 10:31:39 - SpecialCombiningHandler - ERROR - 访问 handler.__iter__ 时出错: 'SpecialCombiningHandler' object has no attribute '__iter__'
2025-09-11 10:31:39 - InteractionObligationHandler - ERROR - 访问 handler.__iter__ 时出错: 'InteractionObligationHandler' object has no attribute '__iter__'
2025-09-11 10:31:39 - CopyLeftHandler - ERROR - 访问 handler.__iter__ 时出错: 'CopyLeftHandler' object has no attribute '__iter__'
2025-09-11 10:31:39 - AdditionalObligationHandler - ERROR - 访问 handler.__iter__ 时出错: 'AdditionalObligationHandler' object has no attribute '__iter__'
2025-09-11 10:31:39 - OtherObligations - ERROR - 访问 handler.__iter__ 时出错: 'OtherObligations' object has no attribute '__iter__'
2025-09-11 10:31:39 - ReadmeOSS - ERROR - 访问 handler.__iter__ 时出错: 'ReadmeOSS' object has no attribute '__iter__'
2025-09-11 10:31:39 - SourceCodeHandler - ERROR - 访问 handler.__iter__ 时出错: 'SourceCodeHandler' object has no attribute '__iter__'
2025-09-11 10:31:39 - RemainingHandler - ERROR - 访问 handler.__iter__ 时出错: 'RemainingHandler' object has no attribute '__iter__'
2025-09-11 10:31:39 - SpecialCombiningHandler - ERROR - 访问 handler.__iter__ 时出错: 'SpecialCombiningHandler' object has no attribute '__iter__'
2025-09-11 10:31:40 - back_end.services.chat_service - INFO - Status check - Processing type: pure_component, Item type: ItemType.PC, Status: special_consideration -> special_consideration
2025-09-11 10:31:40 - InteractionObligationHandler - ERROR - 访问 handler.__iter__ 时出错: 'InteractionObligationHandler' object has no attribute '__iter__'
2025-09-11 10:31:40 - CopyLeftHandler - ERROR - 访问 handler.__iter__ 时出错: 'CopyLeftHandler' object has no attribute '__iter__'
2025-09-11 10:31:40 - AdditionalObligationHandler - ERROR - 访问 handler.__iter__ 时出错: 'AdditionalObligationHandler' object has no attribute '__iter__'
2025-09-11 10:31:40 - OtherObligations - ERROR - 访问 handler.__iter__ 时出错: 'OtherObligations' object has no attribute '__iter__'
2025-09-11 10:31:40 - ReadmeOSS - ERROR - 访问 handler.__iter__ 时出错: 'ReadmeOSS' object has no attribute '__iter__'
2025-09-11 10:31:40 - SourceCodeHandler - ERROR - 访问 handler.__iter__ 时出错: 'SourceCodeHandler' object has no attribute '__iter__'
2025-09-11 10:31:40 - RemainingHandler - ERROR - 访问 handler.__iter__ 时出错: 'RemainingHandler' object has no attribute '__iter__'
2025-09-11 10:31:40 - SpecialCombiningHandler - ERROR - 访问 handler.__iter__ 时出错: 'SpecialCombiningHandler' object has no attribute '__iter__'
2025-09-11 10:31:40 - InteractionObligationHandler - ERROR - 访问 handler.__iter__ 时出错: 'InteractionObligationHandler' object has no attribute '__iter__'
2025-09-11 10:31:40 - CopyLeftHandler - ERROR - 访问 handler.__iter__ 时出错: 'CopyLeftHandler' object has no attribute '__iter__'
2025-09-11 10:31:40 - AdditionalObligationHandler - ERROR - 访问 handler.__iter__ 时出错: 'AdditionalObligationHandler' object has no attribute '__iter__'
2025-09-11 10:31:40 - OtherObligations - ERROR - 访问 handler.__iter__ 时出错: 'OtherObligations' object has no attribute '__iter__'
2025-09-11 10:31:40 - ReadmeOSS - ERROR - 访问 handler.__iter__ 时出错: 'ReadmeOSS' object has no attribute '__iter__'
2025-09-11 10:31:40 - SourceCodeHandler - ERROR - 访问 handler.__iter__ 时出错: 'SourceCodeHandler' object has no attribute '__iter__'
2025-09-11 10:31:40 - RemainingHandler - ERROR - 访问 handler.__iter__ 时出错: 'RemainingHandler' object has no attribute '__iter__'
2025-09-11 10:31:40 - SpecialCombiningHandler - ERROR - 访问 handler.__iter__ 时出错: 'SpecialCombiningHandler' object has no attribute '__iter__'
2025-09-11 10:31:41 - InteractionObligationHandler - ERROR - 访问 handler.__iter__ 时出错: 'InteractionObligationHandler' object has no attribute '__iter__'
2025-09-11 10:31:41 - CopyLeftHandler - ERROR - 访问 handler.__iter__ 时出错: 'CopyLeftHandler' object has no attribute '__iter__'
2025-09-11 10:31:41 - AdditionalObligationHandler - ERROR - 访问 handler.__iter__ 时出错: 'AdditionalObligationHandler' object has no attribute '__iter__'
2025-09-11 10:31:41 - OtherObligations - ERROR - 访问 handler.__iter__ 时出错: 'OtherObligations' object has no attribute '__iter__'
2025-09-11 10:31:41 - ReadmeOSS - ERROR - 访问 handler.__iter__ 时出错: 'ReadmeOSS' object has no attribute '__iter__'
2025-09-11 10:31:41 - SourceCodeHandler - ERROR - 访问 handler.__iter__ 时出错: 'SourceCodeHandler' object has no attribute '__iter__'
2025-09-11 10:31:41 - RemainingHandler - ERROR - 访问 handler.__iter__ 时出错: 'RemainingHandler' object has no attribute '__iter__'
2025-09-11 10:31:41 - SpecialCombiningHandler - ERROR - 访问 handler.__iter__ 时出错: 'SpecialCombiningHandler' object has no attribute '__iter__'
2025-09-11 10:31:41 - InteractionObligationHandler - ERROR - 访问 handler.__iter__ 时出错: 'InteractionObligationHandler' object has no attribute '__iter__'
2025-09-11 10:31:41 - CopyLeftHandler - ERROR - 访问 handler.__iter__ 时出错: 'CopyLeftHandler' object has no attribute '__iter__'
2025-09-11 10:31:41 - AdditionalObligationHandler - ERROR - 访问 handler.__iter__ 时出错: 'AdditionalObligationHandler' object has no attribute '__iter__'
2025-09-11 10:31:41 - OtherObligations - ERROR - 访问 handler.__iter__ 时出错: 'OtherObligations' object has no attribute '__iter__'
2025-09-11 10:31:41 - ReadmeOSS - ERROR - 访问 handler.__iter__ 时出错: 'ReadmeOSS' object has no attribute '__iter__'
2025-09-11 10:31:41 - SourceCodeHandler - ERROR - 访问 handler.__iter__ 时出错: 'SourceCodeHandler' object has no attribute '__iter__'
2025-09-11 10:31:41 - RemainingHandler - ERROR - 访问 handler.__iter__ 时出错: 'RemainingHandler' object has no attribute '__iter__'
2025-09-11 10:31:41 - SpecialCombiningHandler - ERROR - 访问 handler.__iter__ 时出错: 'SpecialCombiningHandler' object has no attribute '__iter__'
2025-09-11 10:31:44 - InteractionObligationHandler - ERROR - 访问 handler.__iter__ 时出错: 'InteractionObligationHandler' object has no attribute '__iter__'
2025-09-11 10:31:44 - CopyLeftHandler - ERROR - 访问 handler.__iter__ 时出错: 'CopyLeftHandler' object has no attribute '__iter__'
2025-09-11 10:31:44 - AdditionalObligationHandler - ERROR - 访问 handler.__iter__ 时出错: 'AdditionalObligationHandler' object has no attribute '__iter__'
2025-09-11 10:31:44 - OtherObligations - ERROR - 访问 handler.__iter__ 时出错: 'OtherObligations' object has no attribute '__iter__'
2025-09-11 10:31:44 - ReadmeOSS - ERROR - 访问 handler.__iter__ 时出错: 'ReadmeOSS' object has no attribute '__iter__'
2025-09-11 10:31:44 - SourceCodeHandler - ERROR - 访问 handler.__iter__ 时出错: 'SourceCodeHandler' object has no attribute '__iter__'
2025-09-11 10:31:44 - RemainingHandler - ERROR - 访问 handler.__iter__ 时出错: 'RemainingHandler' object has no attribute '__iter__'
2025-09-11 10:31:44 - SpecialCombiningHandler - ERROR - 访问 handler.__iter__ 时出错: 'SpecialCombiningHandler' object has no attribute '__iter__'
2025-09-11 10:31:44 - InteractionObligationHandler - ERROR - 访问 handler.__iter__ 时出错: 'InteractionObligationHandler' object has no attribute '__iter__'
2025-09-11 10:31:44 - CopyLeftHandler - ERROR - 访问 handler.__iter__ 时出错: 'CopyLeftHandler' object has no attribute '__iter__'
2025-09-11 10:31:44 - AdditionalObligationHandler - ERROR - 访问 handler.__iter__ 时出错: 'AdditionalObligationHandler' object has no attribute '__iter__'
2025-09-11 10:31:44 - OtherObligations - ERROR - 访问 handler.__iter__ 时出错: 'OtherObligations' object has no attribute '__iter__'
2025-09-11 10:31:44 - ReadmeOSS - ERROR - 访问 handler.__iter__ 时出错: 'ReadmeOSS' object has no attribute '__iter__'
2025-09-11 10:31:44 - SourceCodeHandler - ERROR - 访问 handler.__iter__ 时出错: 'SourceCodeHandler' object has no attribute '__iter__'
2025-09-11 10:31:44 - RemainingHandler - ERROR - 访问 handler.__iter__ 时出错: 'RemainingHandler' object has no attribute '__iter__'
2025-09-11 10:31:44 - SpecialCombiningHandler - ERROR - 访问 handler.__iter__ 时出错: 'SpecialCombiningHandler' object has no attribute '__iter__'
2025-09-11 10:31:45 - InteractionObligationHandler - ERROR - 访问 handler.__iter__ 时出错: 'InteractionObligationHandler' object has no attribute '__iter__'
2025-09-11 10:31:45 - CopyLeftHandler - ERROR - 访问 handler.__iter__ 时出错: 'CopyLeftHandler' object has no attribute '__iter__'
2025-09-11 10:31:45 - AdditionalObligationHandler - ERROR - 访问 handler.__iter__ 时出错: 'AdditionalObligationHandler' object has no attribute '__iter__'
2025-09-11 10:31:45 - OtherObligations - ERROR - 访问 handler.__iter__ 时出错: 'OtherObligations' object has no attribute '__iter__'
2025-09-11 10:31:45 - ReadmeOSS - ERROR - 访问 handler.__iter__ 时出错: 'ReadmeOSS' object has no attribute '__iter__'
2025-09-11 10:31:45 - SourceCodeHandler - ERROR - 访问 handler.__iter__ 时出错: 'SourceCodeHandler' object has no attribute '__iter__'
2025-09-11 10:31:45 - RemainingHandler - ERROR - 访问 handler.__iter__ 时出错: 'RemainingHandler' object has no attribute '__iter__'
2025-09-11 10:31:45 - SpecialCombiningHandler - ERROR - 访问 handler.__iter__ 时出错: 'SpecialCombiningHandler' object has no attribute '__iter__'
2025-09-11 10:31:45 - InteractionObligationHandler - ERROR - 访问 handler.__iter__ 时出错: 'InteractionObligationHandler' object has no attribute '__iter__'
2025-09-11 10:31:45 - CopyLeftHandler - ERROR - 访问 handler.__iter__ 时出错: 'CopyLeftHandler' object has no attribute '__iter__'
2025-09-11 10:31:45 - AdditionalObligationHandler - ERROR - 访问 handler.__iter__ 时出错: 'AdditionalObligationHandler' object has no attribute '__iter__'
2025-09-11 10:31:45 - OtherObligations - ERROR - 访问 handler.__iter__ 时出错: 'OtherObligations' object has no attribute '__iter__'
2025-09-11 10:31:45 - ReadmeOSS - ERROR - 访问 handler.__iter__ 时出错: 'ReadmeOSS' object has no attribute '__iter__'
2025-09-11 10:31:45 - SourceCodeHandler - ERROR - 访问 handler.__iter__ 时出错: 'SourceCodeHandler' object has no attribute '__iter__'
2025-09-11 10:31:45 - RemainingHandler - ERROR - 访问 handler.__iter__ 时出错: 'RemainingHandler' object has no attribute '__iter__'
2025-09-11 10:31:45 - SpecialCombiningHandler - ERROR - 访问 handler.__iter__ 时出错: 'SpecialCombiningHandler' object has no attribute '__iter__'
2025-09-11 10:31:48 - back_end.services.chat_service - INFO - chat_service._handle_chapter_generation: Processing ChapterGeneration with result: continue
2025-09-11 10:31:49 - InteractionObligationHandler - ERROR - 访问 handler.__iter__ 时出错: 'InteractionObligationHandler' object has no attribute '__iter__'
2025-09-11 10:31:49 - CopyLeftHandler - ERROR - 访问 handler.__iter__ 时出错: 'CopyLeftHandler' object has no attribute '__iter__'
2025-09-11 10:31:49 - AdditionalObligationHandler - ERROR - 访问 handler.__iter__ 时出错: 'AdditionalObligationHandler' object has no attribute '__iter__'
2025-09-11 10:31:49 - OtherObligations - ERROR - 访问 handler.__iter__ 时出错: 'OtherObligations' object has no attribute '__iter__'
2025-09-11 10:31:49 - ReadmeOSS - ERROR - 访问 handler.__iter__ 时出错: 'ReadmeOSS' object has no attribute '__iter__'
2025-09-11 10:31:49 - SourceCodeHandler - ERROR - 访问 handler.__iter__ 时出错: 'SourceCodeHandler' object has no attribute '__iter__'
2025-09-11 10:31:49 - RemainingHandler - ERROR - 访问 handler.__iter__ 时出错: 'RemainingHandler' object has no attribute '__iter__'
2025-09-11 10:31:49 - SpecialCombiningHandler - ERROR - 访问 handler.__iter__ 时出错: 'SpecialCombiningHandler' object has no attribute '__iter__'
2025-09-11 10:31:49 - InteractionObligationHandler - ERROR - 访问 handler.__iter__ 时出错: 'InteractionObligationHandler' object has no attribute '__iter__'
2025-09-11 10:31:49 - CopyLeftHandler - ERROR - 访问 handler.__iter__ 时出错: 'CopyLeftHandler' object has no attribute '__iter__'
2025-09-11 10:31:49 - AdditionalObligationHandler - ERROR - 访问 handler.__iter__ 时出错: 'AdditionalObligationHandler' object has no attribute '__iter__'
2025-09-11 10:31:49 - OtherObligations - ERROR - 访问 handler.__iter__ 时出错: 'OtherObligations' object has no attribute '__iter__'
2025-09-11 10:31:49 - ReadmeOSS - ERROR - 访问 handler.__iter__ 时出错: 'ReadmeOSS' object has no attribute '__iter__'
2025-09-11 10:31:49 - SourceCodeHandler - ERROR - 访问 handler.__iter__ 时出错: 'SourceCodeHandler' object has no attribute '__iter__'
2025-09-11 10:31:49 - RemainingHandler - ERROR - 访问 handler.__iter__ 时出错: 'RemainingHandler' object has no attribute '__iter__'
2025-09-11 10:31:49 - SpecialCombiningHandler - ERROR - 访问 handler.__iter__ 时出错: 'SpecialCombiningHandler' object has no attribute '__iter__'
2025-09-11 10:31:50 - InteractionObligationHandler - ERROR - 访问 handler.__iter__ 时出错: 'InteractionObligationHandler' object has no attribute '__iter__'
2025-09-11 10:31:50 - CopyLeftHandler - ERROR - 访问 handler.__iter__ 时出错: 'CopyLeftHandler' object has no attribute '__iter__'
2025-09-11 10:31:50 - AdditionalObligationHandler - ERROR - 访问 handler.__iter__ 时出错: 'AdditionalObligationHandler' object has no attribute '__iter__'
2025-09-11 10:31:50 - OtherObligations - ERROR - 访问 handler.__iter__ 时出错: 'OtherObligations' object has no attribute '__iter__'
2025-09-11 10:31:50 - ReadmeOSS - ERROR - 访问 handler.__iter__ 时出错: 'ReadmeOSS' object has no attribute '__iter__'
2025-09-11 10:31:50 - SourceCodeHandler - ERROR - 访问 handler.__iter__ 时出错: 'SourceCodeHandler' object has no attribute '__iter__'
2025-09-11 10:31:50 - RemainingHandler - ERROR - 访问 handler.__iter__ 时出错: 'RemainingHandler' object has no attribute '__iter__'
2025-09-11 10:31:50 - SpecialCombiningHandler - ERROR - 访问 handler.__iter__ 时出错: 'SpecialCombiningHandler' object has no attribute '__iter__'
2025-09-11 10:31:50 - InteractionObligationHandler - ERROR - 访问 handler.__iter__ 时出错: 'InteractionObligationHandler' object has no attribute '__iter__'
2025-09-11 10:31:50 - CopyLeftHandler - ERROR - 访问 handler.__iter__ 时出错: 'CopyLeftHandler' object has no attribute '__iter__'
2025-09-11 10:31:50 - AdditionalObligationHandler - ERROR - 访问 handler.__iter__ 时出错: 'AdditionalObligationHandler' object has no attribute '__iter__'
2025-09-11 10:31:50 - OtherObligations - ERROR - 访问 handler.__iter__ 时出错: 'OtherObligations' object has no attribute '__iter__'
2025-09-11 10:31:50 - ReadmeOSS - ERROR - 访问 handler.__iter__ 时出错: 'ReadmeOSS' object has no attribute '__iter__'
2025-09-11 10:31:50 - SourceCodeHandler - ERROR - 访问 handler.__iter__ 时出错: 'SourceCodeHandler' object has no attribute '__iter__'
2025-09-11 10:31:50 - RemainingHandler - ERROR - 访问 handler.__iter__ 时出错: 'RemainingHandler' object has no attribute '__iter__'
2025-09-11 10:31:50 - SpecialCombiningHandler - ERROR - 访问 handler.__iter__ 时出错: 'SpecialCombiningHandler' object has no attribute '__iter__'
2025-09-11 10:31:52 - InteractionObligationHandler - ERROR - 访问 handler.__iter__ 时出错: 'InteractionObligationHandler' object has no attribute '__iter__'
2025-09-11 10:31:52 - CopyLeftHandler - ERROR - 访问 handler.__iter__ 时出错: 'CopyLeftHandler' object has no attribute '__iter__'
2025-09-11 10:31:52 - AdditionalObligationHandler - ERROR - 访问 handler.__iter__ 时出错: 'AdditionalObligationHandler' object has no attribute '__iter__'
2025-09-11 10:31:52 - OtherObligations - ERROR - 访问 handler.__iter__ 时出错: 'OtherObligations' object has no attribute '__iter__'
2025-09-11 10:31:52 - ReadmeOSS - ERROR - 访问 handler.__iter__ 时出错: 'ReadmeOSS' object has no attribute '__iter__'
2025-09-11 10:31:52 - SourceCodeHandler - ERROR - 访问 handler.__iter__ 时出错: 'SourceCodeHandler' object has no attribute '__iter__'
2025-09-11 10:31:52 - RemainingHandler - ERROR - 访问 handler.__iter__ 时出错: 'RemainingHandler' object has no attribute '__iter__'
2025-09-11 10:31:52 - SpecialCombiningHandler - ERROR - 访问 handler.__iter__ 时出错: 'SpecialCombiningHandler' object has no attribute '__iter__'
2025-09-11 10:31:52 - InteractionObligationHandler - ERROR - 访问 handler.__iter__ 时出错: 'InteractionObligationHandler' object has no attribute '__iter__'
2025-09-11 10:31:52 - CopyLeftHandler - ERROR - 访问 handler.__iter__ 时出错: 'CopyLeftHandler' object has no attribute '__iter__'
2025-09-11 10:31:52 - AdditionalObligationHandler - ERROR - 访问 handler.__iter__ 时出错: 'AdditionalObligationHandler' object has no attribute '__iter__'
2025-09-11 10:31:52 - OtherObligations - ERROR - 访问 handler.__iter__ 时出错: 'OtherObligations' object has no attribute '__iter__'
2025-09-11 10:31:52 - ReadmeOSS - ERROR - 访问 handler.__iter__ 时出错: 'ReadmeOSS' object has no attribute '__iter__'
2025-09-11 10:31:52 - SourceCodeHandler - ERROR - 访问 handler.__iter__ 时出错: 'SourceCodeHandler' object has no attribute '__iter__'
2025-09-11 10:31:52 - RemainingHandler - ERROR - 访问 handler.__iter__ 时出错: 'RemainingHandler' object has no attribute '__iter__'
2025-09-11 10:31:52 - SpecialCombiningHandler - ERROR - 访问 handler.__iter__ 时出错: 'SpecialCombiningHandler' object has no attribute '__iter__'
2025-09-11 10:31:55 - InteractionObligationHandler - ERROR - 访问 handler.__iter__ 时出错: 'InteractionObligationHandler' object has no attribute '__iter__'
2025-09-11 10:31:55 - CopyLeftHandler - ERROR - 访问 handler.__iter__ 时出错: 'CopyLeftHandler' object has no attribute '__iter__'
2025-09-11 10:31:55 - AdditionalObligationHandler - ERROR - 访问 handler.__iter__ 时出错: 'AdditionalObligationHandler' object has no attribute '__iter__'
2025-09-11 10:31:55 - OtherObligations - ERROR - 访问 handler.__iter__ 时出错: 'OtherObligations' object has no attribute '__iter__'
2025-09-11 10:31:55 - ReadmeOSS - ERROR - 访问 handler.__iter__ 时出错: 'ReadmeOSS' object has no attribute '__iter__'
2025-09-11 10:31:55 - SourceCodeHandler - ERROR - 访问 handler.__iter__ 时出错: 'SourceCodeHandler' object has no attribute '__iter__'
2025-09-11 10:31:55 - RemainingHandler - ERROR - 访问 handler.__iter__ 时出错: 'RemainingHandler' object has no attribute '__iter__'
2025-09-11 10:31:55 - SpecialCombiningHandler - ERROR - 访问 handler.__iter__ 时出错: 'SpecialCombiningHandler' object has no attribute '__iter__'
2025-09-11 10:31:57 - InteractionObligationHandler - ERROR - 访问 handler.__iter__ 时出错: 'InteractionObligationHandler' object has no attribute '__iter__'
2025-09-11 10:31:57 - CopyLeftHandler - ERROR - 访问 handler.__iter__ 时出错: 'CopyLeftHandler' object has no attribute '__iter__'
2025-09-11 10:31:57 - AdditionalObligationHandler - ERROR - 访问 handler.__iter__ 时出错: 'AdditionalObligationHandler' object has no attribute '__iter__'
2025-09-11 10:31:57 - OtherObligations - ERROR - 访问 handler.__iter__ 时出错: 'OtherObligations' object has no attribute '__iter__'
2025-09-11 10:31:57 - ReadmeOSS - ERROR - 访问 handler.__iter__ 时出错: 'ReadmeOSS' object has no attribute '__iter__'
2025-09-11 10:31:57 - SourceCodeHandler - ERROR - 访问 handler.__iter__ 时出错: 'SourceCodeHandler' object has no attribute '__iter__'
2025-09-11 10:31:57 - RemainingHandler - ERROR - 访问 handler.__iter__ 时出错: 'RemainingHandler' object has no attribute '__iter__'
2025-09-11 10:31:57 - SpecialCombiningHandler - ERROR - 访问 handler.__iter__ 时出错: 'SpecialCombiningHandler' object has no attribute '__iter__'
2025-09-11 10:31:58 - InteractionObligationHandler - ERROR - 访问 handler.__iter__ 时出错: 'InteractionObligationHandler' object has no attribute '__iter__'
2025-09-11 10:31:58 - CopyLeftHandler - ERROR - 访问 handler.__iter__ 时出错: 'CopyLeftHandler' object has no attribute '__iter__'
2025-09-11 10:31:58 - AdditionalObligationHandler - ERROR - 访问 handler.__iter__ 时出错: 'AdditionalObligationHandler' object has no attribute '__iter__'
2025-09-11 10:31:58 - OtherObligations - ERROR - 访问 handler.__iter__ 时出错: 'OtherObligations' object has no attribute '__iter__'
2025-09-11 10:31:58 - ReadmeOSS - ERROR - 访问 handler.__iter__ 时出错: 'ReadmeOSS' object has no attribute '__iter__'
2025-09-11 10:31:58 - SourceCodeHandler - ERROR - 访问 handler.__iter__ 时出错: 'SourceCodeHandler' object has no attribute '__iter__'
2025-09-11 10:31:58 - RemainingHandler - ERROR - 访问 handler.__iter__ 时出错: 'RemainingHandler' object has no attribute '__iter__'
2025-09-11 10:31:58 - SpecialCombiningHandler - ERROR - 访问 handler.__iter__ 时出错: 'SpecialCombiningHandler' object has no attribute '__iter__'
2025-09-11 10:32:00 - InteractionObligationHandler - ERROR - 访问 handler.__iter__ 时出错: 'InteractionObligationHandler' object has no attribute '__iter__'
2025-09-11 10:32:00 - CopyLeftHandler - ERROR - 访问 handler.__iter__ 时出错: 'CopyLeftHandler' object has no attribute '__iter__'
2025-09-11 10:32:00 - AdditionalObligationHandler - ERROR - 访问 handler.__iter__ 时出错: 'AdditionalObligationHandler' object has no attribute '__iter__'
2025-09-11 10:32:00 - OtherObligations - ERROR - 访问 handler.__iter__ 时出错: 'OtherObligations' object has no attribute '__iter__'
2025-09-11 10:32:00 - ReadmeOSS - ERROR - 访问 handler.__iter__ 时出错: 'ReadmeOSS' object has no attribute '__iter__'
2025-09-11 10:32:00 - SourceCodeHandler - ERROR - 访问 handler.__iter__ 时出错: 'SourceCodeHandler' object has no attribute '__iter__'
2025-09-11 10:32:00 - RemainingHandler - ERROR - 访问 handler.__iter__ 时出错: 'RemainingHandler' object has no attribute '__iter__'
2025-09-11 10:32:00 - SpecialCombiningHandler - ERROR - 访问 handler.__iter__ 时出错: 'SpecialCombiningHandler' object has no attribute '__iter__'
2025-09-11 10:32:10 - InteractionObligationHandler - ERROR - 访问 handler.__iter__ 时出错: 'InteractionObligationHandler' object has no attribute '__iter__'
2025-09-11 10:32:21 - InteractionObligationHandler - ERROR - 访问 handler.__iter__ 时出错: 'InteractionObligationHandler' object has no attribute '__iter__'
2025-09-11 10:32:21 - CopyLeftHandler - ERROR - 访问 handler.__iter__ 时出错: 'CopyLeftHandler' object has no attribute '__iter__'
2025-09-11 10:32:21 - AdditionalObligationHandler - ERROR - 访问 handler.__iter__ 时出错: 'AdditionalObligationHandler' object has no attribute '__iter__'
2025-09-11 10:32:21 - OtherObligations - ERROR - 访问 handler.__iter__ 时出错: 'OtherObligations' object has no attribute '__iter__'
2025-09-11 10:32:21 - ReadmeOSS - ERROR - 访问 handler.__iter__ 时出错: 'ReadmeOSS' object has no attribute '__iter__'
2025-09-11 10:32:21 - SourceCodeHandler - ERROR - 访问 handler.__iter__ 时出错: 'SourceCodeHandler' object has no attribute '__iter__'
2025-09-11 10:32:21 - RemainingHandler - ERROR - 访问 handler.__iter__ 时出错: 'RemainingHandler' object has no attribute '__iter__'
2025-09-11 10:32:21 - SpecialCombiningHandler - ERROR - 访问 handler.__iter__ 时出错: 'SpecialCombiningHandler' object has no attribute '__iter__'
2025-09-11 10:32:25 - InteractionObligationHandler - ERROR - 访问 handler.__iter__ 时出错: 'InteractionObligationHandler' object has no attribute '__iter__'
2025-09-11 10:32:25 - CopyLeftHandler - ERROR - 访问 handler.__iter__ 时出错: 'CopyLeftHandler' object has no attribute '__iter__'
2025-09-11 10:32:25 - AdditionalObligationHandler - ERROR - 访问 handler.__iter__ 时出错: 'AdditionalObligationHandler' object has no attribute '__iter__'
2025-09-11 10:32:25 - OtherObligations - ERROR - 访问 handler.__iter__ 时出错: 'OtherObligations' object has no attribute '__iter__'
2025-09-11 10:32:25 - ReadmeOSS - ERROR - 访问 handler.__iter__ 时出错: 'ReadmeOSS' object has no attribute '__iter__'
2025-09-11 10:32:25 - SourceCodeHandler - ERROR - 访问 handler.__iter__ 时出错: 'SourceCodeHandler' object has no attribute '__iter__'
2025-09-11 10:32:25 - RemainingHandler - ERROR - 访问 handler.__iter__ 时出错: 'RemainingHandler' object has no attribute '__iter__'
2025-09-11 10:32:25 - SpecialCombiningHandler - ERROR - 访问 handler.__iter__ 时出错: 'SpecialCombiningHandler' object has no attribute '__iter__'
2025-09-11 10:35:19 - InteractionObligationHandler - ERROR - 访问 handler.__iter__ 时出错: 'InteractionObligationHandler' object has no attribute '__iter__'
2025-09-11 10:35:20 - InteractionObligationHandler - ERROR - 访问 handler.__iter__ 时出错: 'InteractionObligationHandler' object has no attribute '__iter__'
2025-09-11 10:35:20 - CopyLeftHandler - ERROR - 访问 handler.__iter__ 时出错: 'CopyLeftHandler' object has no attribute '__iter__'
2025-09-11 10:35:20 - AdditionalObligationHandler - ERROR - 访问 handler.__iter__ 时出错: 'AdditionalObligationHandler' object has no attribute '__iter__'
2025-09-11 10:35:20 - OtherObligations - ERROR - 访问 handler.__iter__ 时出错: 'OtherObligations' object has no attribute '__iter__'
2025-09-11 10:35:20 - ReadmeOSS - ERROR - 访问 handler.__iter__ 时出错: 'ReadmeOSS' object has no attribute '__iter__'
2025-09-11 10:35:20 - SourceCodeHandler - ERROR - 访问 handler.__iter__ 时出错: 'SourceCodeHandler' object has no attribute '__iter__'
2025-09-11 10:35:20 - RemainingHandler - ERROR - 访问 handler.__iter__ 时出错: 'RemainingHandler' object has no attribute '__iter__'
2025-09-11 10:35:20 - SpecialCombiningHandler - ERROR - 访问 handler.__iter__ 时出错: 'SpecialCombiningHandler' object has no attribute '__iter__'
2025-09-11 10:35:20 - InteractionObligationHandler - ERROR - 访问 handler.__iter__ 时出错: 'InteractionObligationHandler' object has no attribute '__iter__'
2025-09-11 10:35:20 - CopyLeftHandler - ERROR - 访问 handler.__iter__ 时出错: 'CopyLeftHandler' object has no attribute '__iter__'
2025-09-11 10:35:20 - AdditionalObligationHandler - ERROR - 访问 handler.__iter__ 时出错: 'AdditionalObligationHandler' object has no attribute '__iter__'
2025-09-11 10:35:20 - OtherObligations - ERROR - 访问 handler.__iter__ 时出错: 'OtherObligations' object has no attribute '__iter__'
2025-09-11 10:35:20 - ReadmeOSS - ERROR - 访问 handler.__iter__ 时出错: 'ReadmeOSS' object has no attribute '__iter__'
2025-09-11 10:35:20 - SourceCodeHandler - ERROR - 访问 handler.__iter__ 时出错: 'SourceCodeHandler' object has no attribute '__iter__'
2025-09-11 10:35:20 - RemainingHandler - ERROR - 访问 handler.__iter__ 时出错: 'RemainingHandler' object has no attribute '__iter__'
2025-09-11 10:35:20 - SpecialCombiningHandler - ERROR - 访问 handler.__iter__ 时出错: 'SpecialCombiningHandler' object has no attribute '__iter__'
2025-09-11 10:35:20 - InteractionObligationHandler - ERROR - 访问 handler.__iter__ 时出错: 'InteractionObligationHandler' object has no attribute '__iter__'
2025-09-11 10:35:22 - InteractionObligationHandler - ERROR - 访问 handler.__iter__ 时出错: 'InteractionObligationHandler' object has no attribute '__iter__'
2025-09-11 10:35:23 - InteractionObligationHandler - ERROR - 访问 handler.__iter__ 时出错: 'InteractionObligationHandler' object has no attribute '__iter__'
2025-09-11 10:35:23 - InteractionObligationHandler - ERROR - 访问 handler.__iter__ 时出错: 'InteractionObligationHandler' object has no attribute '__iter__'
2025-09-11 10:35:24 - InteractionObligationHandler - ERROR - 访问 handler.__iter__ 时出错: 'InteractionObligationHandler' object has no attribute '__iter__'
2025-09-11 10:35:24 - InteractionObligationHandler - ERROR - 访问 handler.__iter__ 时出错: 'InteractionObligationHandler' object has no attribute '__iter__'
2025-09-11 10:35:24 - CopyLeftHandler - ERROR - 访问 handler.__iter__ 时出错: 'CopyLeftHandler' object has no attribute '__iter__'
2025-09-11 10:35:24 - AdditionalObligationHandler - ERROR - 访问 handler.__iter__ 时出错: 'AdditionalObligationHandler' object has no attribute '__iter__'
2025-09-11 10:35:24 - OtherObligations - ERROR - 访问 handler.__iter__ 时出错: 'OtherObligations' object has no attribute '__iter__'
2025-09-11 10:35:24 - ReadmeOSS - ERROR - 访问 handler.__iter__ 时出错: 'ReadmeOSS' object has no attribute '__iter__'
2025-09-11 10:35:24 - SourceCodeHandler - ERROR - 访问 handler.__iter__ 时出错: 'SourceCodeHandler' object has no attribute '__iter__'
2025-09-11 10:35:24 - RemainingHandler - ERROR - 访问 handler.__iter__ 时出错: 'RemainingHandler' object has no attribute '__iter__'
2025-09-11 10:35:24 - SpecialCombiningHandler - ERROR - 访问 handler.__iter__ 时出错: 'SpecialCombiningHandler' object has no attribute '__iter__'
2025-09-11 10:35:24 - InteractionObligationHandler - ERROR - 访问 handler.__iter__ 时出错: 'InteractionObligationHandler' object has no attribute '__iter__'
2025-09-11 10:35:24 - CopyLeftHandler - ERROR - 访问 handler.__iter__ 时出错: 'CopyLeftHandler' object has no attribute '__iter__'
2025-09-11 10:35:24 - AdditionalObligationHandler - ERROR - 访问 handler.__iter__ 时出错: 'AdditionalObligationHandler' object has no attribute '__iter__'
2025-09-11 10:35:24 - OtherObligations - ERROR - 访问 handler.__iter__ 时出错: 'OtherObligations' object has no attribute '__iter__'
2025-09-11 10:35:24 - ReadmeOSS - ERROR - 访问 handler.__iter__ 时出错: 'ReadmeOSS' object has no attribute '__iter__'
2025-09-11 10:35:24 - SourceCodeHandler - ERROR - 访问 handler.__iter__ 时出错: 'SourceCodeHandler' object has no attribute '__iter__'
2025-09-11 10:35:24 - RemainingHandler - ERROR - 访问 handler.__iter__ 时出错: 'RemainingHandler' object has no attribute '__iter__'
2025-09-11 10:35:24 - SpecialCombiningHandler - ERROR - 访问 handler.__iter__ 时出错: 'SpecialCombiningHandler' object has no attribute '__iter__'
2025-09-11 10:35:29 - InteractionObligationHandler - ERROR - 访问 handler.__iter__ 时出错: 'InteractionObligationHandler' object has no attribute '__iter__'
2025-09-11 10:35:29 - InteractionObligationHandler - ERROR - 访问 handler.__iter__ 时出错: 'InteractionObligationHandler' object has no attribute '__iter__'
2025-09-11 10:35:29 - CopyLeftHandler - ERROR - 访问 handler.__iter__ 时出错: 'CopyLeftHandler' object has no attribute '__iter__'
2025-09-11 10:35:29 - AdditionalObligationHandler - ERROR - 访问 handler.__iter__ 时出错: 'AdditionalObligationHandler' object has no attribute '__iter__'
2025-09-11 10:35:29 - OtherObligations - ERROR - 访问 handler.__iter__ 时出错: 'OtherObligations' object has no attribute '__iter__'
2025-09-11 10:35:29 - ReadmeOSS - ERROR - 访问 handler.__iter__ 时出错: 'ReadmeOSS' object has no attribute '__iter__'
2025-09-11 10:35:29 - SourceCodeHandler - ERROR - 访问 handler.__iter__ 时出错: 'SourceCodeHandler' object has no attribute '__iter__'
2025-09-11 10:35:29 - RemainingHandler - ERROR - 访问 handler.__iter__ 时出错: 'RemainingHandler' object has no attribute '__iter__'
2025-09-11 10:35:29 - SpecialCombiningHandler - ERROR - 访问 handler.__iter__ 时出错: 'SpecialCombiningHandler' object has no attribute '__iter__'
2025-09-11 10:35:29 - InteractionObligationHandler - ERROR - 访问 handler.__iter__ 时出错: 'InteractionObligationHandler' object has no attribute '__iter__'
2025-09-11 10:35:29 - CopyLeftHandler - ERROR - 访问 handler.__iter__ 时出错: 'CopyLeftHandler' object has no attribute '__iter__'
2025-09-11 10:35:29 - AdditionalObligationHandler - ERROR - 访问 handler.__iter__ 时出错: 'AdditionalObligationHandler' object has no attribute '__iter__'
2025-09-11 10:35:29 - OtherObligations - ERROR - 访问 handler.__iter__ 时出错: 'OtherObligations' object has no attribute '__iter__'
2025-09-11 10:35:29 - ReadmeOSS - ERROR - 访问 handler.__iter__ 时出错: 'ReadmeOSS' object has no attribute '__iter__'
2025-09-11 10:35:29 - SourceCodeHandler - ERROR - 访问 handler.__iter__ 时出错: 'SourceCodeHandler' object has no attribute '__iter__'
2025-09-11 10:35:29 - RemainingHandler - ERROR - 访问 handler.__iter__ 时出错: 'RemainingHandler' object has no attribute '__iter__'
2025-09-11 10:35:29 - SpecialCombiningHandler - ERROR - 访问 handler.__iter__ 时出错: 'SpecialCombiningHandler' object has no attribute '__iter__'
2025-09-11 10:35:32 - InteractionObligationHandler - ERROR - 访问 handler.__iter__ 时出错: 'InteractionObligationHandler' object has no attribute '__iter__'
2025-09-11 10:35:32 - InteractionObligationHandler - ERROR - 访问 handler.__iter__ 时出错: 'InteractionObligationHandler' object has no attribute '__iter__'
2025-09-11 10:35:32 - CopyLeftHandler - ERROR - 访问 handler.__iter__ 时出错: 'CopyLeftHandler' object has no attribute '__iter__'
2025-09-11 10:35:32 - AdditionalObligationHandler - ERROR - 访问 handler.__iter__ 时出错: 'AdditionalObligationHandler' object has no attribute '__iter__'
2025-09-11 10:35:32 - OtherObligations - ERROR - 访问 handler.__iter__ 时出错: 'OtherObligations' object has no attribute '__iter__'
2025-09-11 10:35:32 - ReadmeOSS - ERROR - 访问 handler.__iter__ 时出错: 'ReadmeOSS' object has no attribute '__iter__'
2025-09-11 10:35:32 - SourceCodeHandler - ERROR - 访问 handler.__iter__ 时出错: 'SourceCodeHandler' object has no attribute '__iter__'
2025-09-11 10:35:32 - RemainingHandler - ERROR - 访问 handler.__iter__ 时出错: 'RemainingHandler' object has no attribute '__iter__'
2025-09-11 10:35:32 - SpecialCombiningHandler - ERROR - 访问 handler.__iter__ 时出错: 'SpecialCombiningHandler' object has no attribute '__iter__'
2025-09-11 10:35:32 - InteractionObligationHandler - ERROR - 访问 handler.__iter__ 时出错: 'InteractionObligationHandler' object has no attribute '__iter__'
2025-09-11 10:35:32 - CopyLeftHandler - ERROR - 访问 handler.__iter__ 时出错: 'CopyLeftHandler' object has no attribute '__iter__'
2025-09-11 10:35:32 - AdditionalObligationHandler - ERROR - 访问 handler.__iter__ 时出错: 'AdditionalObligationHandler' object has no attribute '__iter__'
2025-09-11 10:35:32 - OtherObligations - ERROR - 访问 handler.__iter__ 时出错: 'OtherObligations' object has no attribute '__iter__'
2025-09-11 10:35:32 - ReadmeOSS - ERROR - 访问 handler.__iter__ 时出错: 'ReadmeOSS' object has no attribute '__iter__'
2025-09-11 10:35:32 - SourceCodeHandler - ERROR - 访问 handler.__iter__ 时出错: 'SourceCodeHandler' object has no attribute '__iter__'
2025-09-11 10:35:32 - RemainingHandler - ERROR - 访问 handler.__iter__ 时出错: 'RemainingHandler' object has no attribute '__iter__'
2025-09-11 10:35:32 - SpecialCombiningHandler - ERROR - 访问 handler.__iter__ 时出错: 'SpecialCombiningHandler' object has no attribute '__iter__'
2025-09-11 10:35:32 - InteractionObligationHandler - ERROR - 访问 handler.__iter__ 时出错: 'InteractionObligationHandler' object has no attribute '__iter__'
2025-09-11 10:35:33 - InteractionObligationHandler - ERROR - 访问 handler.__iter__ 时出错: 'InteractionObligationHandler' object has no attribute '__iter__'
2025-09-11 10:35:33 - CopyLeftHandler - ERROR - 访问 handler.__iter__ 时出错: 'CopyLeftHandler' object has no attribute '__iter__'
2025-09-11 10:35:33 - AdditionalObligationHandler - ERROR - 访问 handler.__iter__ 时出错: 'AdditionalObligationHandler' object has no attribute '__iter__'
2025-09-11 10:35:33 - OtherObligations - ERROR - 访问 handler.__iter__ 时出错: 'OtherObligations' object has no attribute '__iter__'
2025-09-11 10:35:33 - ReadmeOSS - ERROR - 访问 handler.__iter__ 时出错: 'ReadmeOSS' object has no attribute '__iter__'
2025-09-11 10:35:33 - SourceCodeHandler - ERROR - 访问 handler.__iter__ 时出错: 'SourceCodeHandler' object has no attribute '__iter__'
2025-09-11 10:35:33 - RemainingHandler - ERROR - 访问 handler.__iter__ 时出错: 'RemainingHandler' object has no attribute '__iter__'
2025-09-11 10:35:33 - SpecialCombiningHandler - ERROR - 访问 handler.__iter__ 时出错: 'SpecialCombiningHandler' object has no attribute '__iter__'
2025-09-11 10:35:33 - InteractionObligationHandler - ERROR - 访问 handler.__iter__ 时出错: 'InteractionObligationHandler' object has no attribute '__iter__'
2025-09-11 10:35:33 - CopyLeftHandler - ERROR - 访问 handler.__iter__ 时出错: 'CopyLeftHandler' object has no attribute '__iter__'
2025-09-11 10:35:33 - AdditionalObligationHandler - ERROR - 访问 handler.__iter__ 时出错: 'AdditionalObligationHandler' object has no attribute '__iter__'
2025-09-11 10:35:33 - OtherObligations - ERROR - 访问 handler.__iter__ 时出错: 'OtherObligations' object has no attribute '__iter__'
2025-09-11 10:35:33 - ReadmeOSS - ERROR - 访问 handler.__iter__ 时出错: 'ReadmeOSS' object has no attribute '__iter__'
2025-09-11 10:35:33 - SourceCodeHandler - ERROR - 访问 handler.__iter__ 时出错: 'SourceCodeHandler' object has no attribute '__iter__'
2025-09-11 10:35:33 - RemainingHandler - ERROR - 访问 handler.__iter__ 时出错: 'RemainingHandler' object has no attribute '__iter__'
2025-09-11 10:35:33 - SpecialCombiningHandler - ERROR - 访问 handler.__iter__ 时出错: 'SpecialCombiningHandler' object has no attribute '__iter__'
2025-09-11 10:35:33 - InteractionObligationHandler - ERROR - 访问 handler.__iter__ 时出错: 'InteractionObligationHandler' object has no attribute '__iter__'
2025-09-11 10:35:34 - InteractionObligationHandler - ERROR - 访问 handler.__iter__ 时出错: 'InteractionObligationHandler' object has no attribute '__iter__'
2025-09-11 10:35:34 - CopyLeftHandler - ERROR - 访问 handler.__iter__ 时出错: 'CopyLeftHandler' object has no attribute '__iter__'
2025-09-11 10:35:34 - AdditionalObligationHandler - ERROR - 访问 handler.__iter__ 时出错: 'AdditionalObligationHandler' object has no attribute '__iter__'
2025-09-11 10:35:34 - OtherObligations - ERROR - 访问 handler.__iter__ 时出错: 'OtherObligations' object has no attribute '__iter__'
2025-09-11 10:35:34 - ReadmeOSS - ERROR - 访问 handler.__iter__ 时出错: 'ReadmeOSS' object has no attribute '__iter__'
2025-09-11 10:35:34 - SourceCodeHandler - ERROR - 访问 handler.__iter__ 时出错: 'SourceCodeHandler' object has no attribute '__iter__'
2025-09-11 10:35:34 - RemainingHandler - ERROR - 访问 handler.__iter__ 时出错: 'RemainingHandler' object has no attribute '__iter__'
2025-09-11 10:35:34 - SpecialCombiningHandler - ERROR - 访问 handler.__iter__ 时出错: 'SpecialCombiningHandler' object has no attribute '__iter__'
2025-09-11 10:35:34 - InteractionObligationHandler - ERROR - 访问 handler.__iter__ 时出错: 'InteractionObligationHandler' object has no attribute '__iter__'
2025-09-11 10:35:34 - CopyLeftHandler - ERROR - 访问 handler.__iter__ 时出错: 'CopyLeftHandler' object has no attribute '__iter__'
2025-09-11 10:35:34 - AdditionalObligationHandler - ERROR - 访问 handler.__iter__ 时出错: 'AdditionalObligationHandler' object has no attribute '__iter__'
2025-09-11 10:35:34 - OtherObligations - ERROR - 访问 handler.__iter__ 时出错: 'OtherObligations' object has no attribute '__iter__'
2025-09-11 10:35:34 - ReadmeOSS - ERROR - 访问 handler.__iter__ 时出错: 'ReadmeOSS' object has no attribute '__iter__'
2025-09-11 10:35:34 - SourceCodeHandler - ERROR - 访问 handler.__iter__ 时出错: 'SourceCodeHandler' object has no attribute '__iter__'
2025-09-11 10:35:34 - RemainingHandler - ERROR - 访问 handler.__iter__ 时出错: 'RemainingHandler' object has no attribute '__iter__'
2025-09-11 10:35:34 - SpecialCombiningHandler - ERROR - 访问 handler.__iter__ 时出错: 'SpecialCombiningHandler' object has no attribute '__iter__'
2025-09-11 10:35:36 - InteractionObligationHandler - ERROR - 访问 handler.__iter__ 时出错: 'InteractionObligationHandler' object has no attribute '__iter__'
2025-09-11 10:35:37 - InteractionObligationHandler - ERROR - 访问 handler.__iter__ 时出错: 'InteractionObligationHandler' object has no attribute '__iter__'
2025-09-11 10:35:37 - CopyLeftHandler - ERROR - 访问 handler.__iter__ 时出错: 'CopyLeftHandler' object has no attribute '__iter__'
2025-09-11 10:35:37 - AdditionalObligationHandler - ERROR - 访问 handler.__iter__ 时出错: 'AdditionalObligationHandler' object has no attribute '__iter__'
2025-09-11 10:35:37 - OtherObligations - ERROR - 访问 handler.__iter__ 时出错: 'OtherObligations' object has no attribute '__iter__'
2025-09-11 10:35:37 - ReadmeOSS - ERROR - 访问 handler.__iter__ 时出错: 'ReadmeOSS' object has no attribute '__iter__'
2025-09-11 10:35:37 - SourceCodeHandler - ERROR - 访问 handler.__iter__ 时出错: 'SourceCodeHandler' object has no attribute '__iter__'
2025-09-11 10:35:37 - RemainingHandler - ERROR - 访问 handler.__iter__ 时出错: 'RemainingHandler' object has no attribute '__iter__'
2025-09-11 10:35:37 - SpecialCombiningHandler - ERROR - 访问 handler.__iter__ 时出错: 'SpecialCombiningHandler' object has no attribute '__iter__'
2025-09-11 10:35:37 - InteractionObligationHandler - ERROR - 访问 handler.__iter__ 时出错: 'InteractionObligationHandler' object has no attribute '__iter__'
2025-09-11 10:35:37 - CopyLeftHandler - ERROR - 访问 handler.__iter__ 时出错: 'CopyLeftHandler' object has no attribute '__iter__'
2025-09-11 10:35:37 - AdditionalObligationHandler - ERROR - 访问 handler.__iter__ 时出错: 'AdditionalObligationHandler' object has no attribute '__iter__'
2025-09-11 10:35:37 - OtherObligations - ERROR - 访问 handler.__iter__ 时出错: 'OtherObligations' object has no attribute '__iter__'
2025-09-11 10:35:37 - ReadmeOSS - ERROR - 访问 handler.__iter__ 时出错: 'ReadmeOSS' object has no attribute '__iter__'
2025-09-11 10:35:37 - SourceCodeHandler - ERROR - 访问 handler.__iter__ 时出错: 'SourceCodeHandler' object has no attribute '__iter__'
2025-09-11 10:35:37 - RemainingHandler - ERROR - 访问 handler.__iter__ 时出错: 'RemainingHandler' object has no attribute '__iter__'
2025-09-11 10:35:37 - SpecialCombiningHandler - ERROR - 访问 handler.__iter__ 时出错: 'SpecialCombiningHandler' object has no attribute '__iter__'
2025-09-11 10:35:37 - InteractionObligationHandler - ERROR - 访问 handler.__iter__ 时出错: 'InteractionObligationHandler' object has no attribute '__iter__'
2025-09-11 10:35:37 - InteractionObligationHandler - ERROR - 访问 handler.__iter__ 时出错: 'InteractionObligationHandler' object has no attribute '__iter__'
2025-09-11 10:35:37 - CopyLeftHandler - ERROR - 访问 handler.__iter__ 时出错: 'CopyLeftHandler' object has no attribute '__iter__'
2025-09-11 10:35:37 - AdditionalObligationHandler - ERROR - 访问 handler.__iter__ 时出错: 'AdditionalObligationHandler' object has no attribute '__iter__'
2025-09-11 10:35:37 - OtherObligations - ERROR - 访问 handler.__iter__ 时出错: 'OtherObligations' object has no attribute '__iter__'
2025-09-11 10:35:37 - ReadmeOSS - ERROR - 访问 handler.__iter__ 时出错: 'ReadmeOSS' object has no attribute '__iter__'
2025-09-11 10:35:37 - SourceCodeHandler - ERROR - 访问 handler.__iter__ 时出错: 'SourceCodeHandler' object has no attribute '__iter__'
2025-09-11 10:35:37 - RemainingHandler - ERROR - 访问 handler.__iter__ 时出错: 'RemainingHandler' object has no attribute '__iter__'
2025-09-11 10:35:37 - SpecialCombiningHandler - ERROR - 访问 handler.__iter__ 时出错: 'SpecialCombiningHandler' object has no attribute '__iter__'
2025-09-11 10:35:37 - back_end.services.chat_gen.generator - INFO - Generated content for HandlerStateWrapper
2025-09-11 10:35:37 - InteractionObligationHandler - ERROR - 访问 handler.__iter__ 时出错: 'InteractionObligationHandler' object has no attribute '__iter__'
2025-09-11 10:35:38 - InteractionObligationHandler - ERROR - 访问 handler.__iter__ 时出错: 'InteractionObligationHandler' object has no attribute '__iter__'
2025-09-11 10:35:38 - CopyLeftHandler - ERROR - 访问 handler.__iter__ 时出错: 'CopyLeftHandler' object has no attribute '__iter__'
2025-09-11 10:35:38 - AdditionalObligationHandler - ERROR - 访问 handler.__iter__ 时出错: 'AdditionalObligationHandler' object has no attribute '__iter__'
2025-09-11 10:35:38 - OtherObligations - ERROR - 访问 handler.__iter__ 时出错: 'OtherObligations' object has no attribute '__iter__'
2025-09-11 10:35:38 - ReadmeOSS - ERROR - 访问 handler.__iter__ 时出错: 'ReadmeOSS' object has no attribute '__iter__'
2025-09-11 10:35:38 - SourceCodeHandler - ERROR - 访问 handler.__iter__ 时出错: 'SourceCodeHandler' object has no attribute '__iter__'
2025-09-11 10:35:38 - RemainingHandler - ERROR - 访问 handler.__iter__ 时出错: 'RemainingHandler' object has no attribute '__iter__'
2025-09-11 10:35:38 - SpecialCombiningHandler - ERROR - 访问 handler.__iter__ 时出错: 'SpecialCombiningHandler' object has no attribute '__iter__'
2025-09-11 10:35:38 - InteractionObligationHandler - ERROR - 访问 handler.__iter__ 时出错: 'InteractionObligationHandler' object has no attribute '__iter__'
2025-09-11 10:35:38 - CopyLeftHandler - ERROR - 访问 handler.__iter__ 时出错: 'CopyLeftHandler' object has no attribute '__iter__'
2025-09-11 10:35:38 - AdditionalObligationHandler - ERROR - 访问 handler.__iter__ 时出错: 'AdditionalObligationHandler' object has no attribute '__iter__'
2025-09-11 10:35:38 - OtherObligations - ERROR - 访问 handler.__iter__ 时出错: 'OtherObligations' object has no attribute '__iter__'
2025-09-11 10:35:38 - ReadmeOSS - ERROR - 访问 handler.__iter__ 时出错: 'ReadmeOSS' object has no attribute '__iter__'
2025-09-11 10:35:38 - SourceCodeHandler - ERROR - 访问 handler.__iter__ 时出错: 'SourceCodeHandler' object has no attribute '__iter__'
2025-09-11 10:35:38 - RemainingHandler - ERROR - 访问 handler.__iter__ 时出错: 'RemainingHandler' object has no attribute '__iter__'
2025-09-11 10:35:38 - SpecialCombiningHandler - ERROR - 访问 handler.__iter__ 时出错: 'SpecialCombiningHandler' object has no attribute '__iter__'
2025-09-11 10:35:39 - InteractionObligationHandler - ERROR - 访问 handler.__iter__ 时出错: 'InteractionObligationHandler' object has no attribute '__iter__'
2025-09-11 10:35:39 - CopyLeftHandler - ERROR - 访问 handler.__iter__ 时出错: 'CopyLeftHandler' object has no attribute '__iter__'
2025-09-11 10:35:39 - AdditionalObligationHandler - ERROR - 访问 handler.__iter__ 时出错: 'AdditionalObligationHandler' object has no attribute '__iter__'
2025-09-11 10:35:39 - OtherObligations - ERROR - 访问 handler.__iter__ 时出错: 'OtherObligations' object has no attribute '__iter__'
2025-09-11 10:35:39 - ReadmeOSS - ERROR - 访问 handler.__iter__ 时出错: 'ReadmeOSS' object has no attribute '__iter__'
2025-09-11 10:35:39 - SourceCodeHandler - ERROR - 访问 handler.__iter__ 时出错: 'SourceCodeHandler' object has no attribute '__iter__'
2025-09-11 10:35:39 - RemainingHandler - ERROR - 访问 handler.__iter__ 时出错: 'RemainingHandler' object has no attribute '__iter__'
2025-09-11 10:35:39 - SpecialCombiningHandler - ERROR - 访问 handler.__iter__ 时出错: 'SpecialCombiningHandler' object has no attribute '__iter__'
2025-09-11 10:35:39 - InteractionObligationHandler - ERROR - 访问 handler.__iter__ 时出错: 'InteractionObligationHandler' object has no attribute '__iter__'
2025-09-11 10:35:39 - CopyLeftHandler - ERROR - 访问 handler.__iter__ 时出错: 'CopyLeftHandler' object has no attribute '__iter__'
2025-09-11 10:35:39 - AdditionalObligationHandler - ERROR - 访问 handler.__iter__ 时出错: 'AdditionalObligationHandler' object has no attribute '__iter__'
2025-09-11 10:35:39 - OtherObligations - ERROR - 访问 handler.__iter__ 时出错: 'OtherObligations' object has no attribute '__iter__'
2025-09-11 10:35:39 - ReadmeOSS - ERROR - 访问 handler.__iter__ 时出错: 'ReadmeOSS' object has no attribute '__iter__'
2025-09-11 10:35:39 - SourceCodeHandler - ERROR - 访问 handler.__iter__ 时出错: 'SourceCodeHandler' object has no attribute '__iter__'
2025-09-11 10:35:39 - RemainingHandler - ERROR - 访问 handler.__iter__ 时出错: 'RemainingHandler' object has no attribute '__iter__'
2025-09-11 10:35:39 - SpecialCombiningHandler - ERROR - 访问 handler.__iter__ 时出错: 'SpecialCombiningHandler' object has no attribute '__iter__'
2025-09-11 10:35:41 - InteractionObligationHandler - ERROR - 访问 handler.__iter__ 时出错: 'InteractionObligationHandler' object has no attribute '__iter__'
2025-09-11 10:35:41 - CopyLeftHandler - ERROR - 访问 handler.__iter__ 时出错: 'CopyLeftHandler' object has no attribute '__iter__'
2025-09-11 10:35:41 - AdditionalObligationHandler - ERROR - 访问 handler.__iter__ 时出错: 'AdditionalObligationHandler' object has no attribute '__iter__'
2025-09-11 10:35:41 - OtherObligations - ERROR - 访问 handler.__iter__ 时出错: 'OtherObligations' object has no attribute '__iter__'
2025-09-11 10:35:41 - ReadmeOSS - ERROR - 访问 handler.__iter__ 时出错: 'ReadmeOSS' object has no attribute '__iter__'
2025-09-11 10:35:41 - SourceCodeHandler - ERROR - 访问 handler.__iter__ 时出错: 'SourceCodeHandler' object has no attribute '__iter__'
2025-09-11 10:35:41 - RemainingHandler - ERROR - 访问 handler.__iter__ 时出错: 'RemainingHandler' object has no attribute '__iter__'
2025-09-11 10:35:41 - SpecialCombiningHandler - ERROR - 访问 handler.__iter__ 时出错: 'SpecialCombiningHandler' object has no attribute '__iter__'
2025-09-11 10:35:41 - InteractionObligationHandler - ERROR - 访问 handler.__iter__ 时出错: 'InteractionObligationHandler' object has no attribute '__iter__'
2025-09-11 10:35:41 - CopyLeftHandler - ERROR - 访问 handler.__iter__ 时出错: 'CopyLeftHandler' object has no attribute '__iter__'
2025-09-11 10:35:41 - AdditionalObligationHandler - ERROR - 访问 handler.__iter__ 时出错: 'AdditionalObligationHandler' object has no attribute '__iter__'
2025-09-11 10:35:41 - OtherObligations - ERROR - 访问 handler.__iter__ 时出错: 'OtherObligations' object has no attribute '__iter__'
2025-09-11 10:35:41 - ReadmeOSS - ERROR - 访问 handler.__iter__ 时出错: 'ReadmeOSS' object has no attribute '__iter__'
2025-09-11 10:35:41 - SourceCodeHandler - ERROR - 访问 handler.__iter__ 时出错: 'SourceCodeHandler' object has no attribute '__iter__'
2025-09-11 10:35:41 - RemainingHandler - ERROR - 访问 handler.__iter__ 时出错: 'RemainingHandler' object has no attribute '__iter__'
2025-09-11 10:35:41 - SpecialCombiningHandler - ERROR - 访问 handler.__iter__ 时出错: 'SpecialCombiningHandler' object has no attribute '__iter__'
2025-09-11 10:35:45 - InteractionObligationHandler - ERROR - 访问 handler.__iter__ 时出错: 'InteractionObligationHandler' object has no attribute '__iter__'
2025-09-11 10:35:45 - CopyLeftHandler - ERROR - 访问 handler.__iter__ 时出错: 'CopyLeftHandler' object has no attribute '__iter__'
2025-09-11 10:35:45 - AdditionalObligationHandler - ERROR - 访问 handler.__iter__ 时出错: 'AdditionalObligationHandler' object has no attribute '__iter__'
2025-09-11 10:35:45 - OtherObligations - ERROR - 访问 handler.__iter__ 时出错: 'OtherObligations' object has no attribute '__iter__'
2025-09-11 10:35:45 - ReadmeOSS - ERROR - 访问 handler.__iter__ 时出错: 'ReadmeOSS' object has no attribute '__iter__'
2025-09-11 10:35:45 - SourceCodeHandler - ERROR - 访问 handler.__iter__ 时出错: 'SourceCodeHandler' object has no attribute '__iter__'
2025-09-11 10:35:45 - RemainingHandler - ERROR - 访问 handler.__iter__ 时出错: 'RemainingHandler' object has no attribute '__iter__'
2025-09-11 10:35:45 - SpecialCombiningHandler - ERROR - 访问 handler.__iter__ 时出错: 'SpecialCombiningHandler' object has no attribute '__iter__'
2025-09-11 10:35:45 - InteractionObligationHandler - ERROR - 访问 handler.__iter__ 时出错: 'InteractionObligationHandler' object has no attribute '__iter__'
2025-09-11 10:35:45 - CopyLeftHandler - ERROR - 访问 handler.__iter__ 时出错: 'CopyLeftHandler' object has no attribute '__iter__'
2025-09-11 10:35:45 - AdditionalObligationHandler - ERROR - 访问 handler.__iter__ 时出错: 'AdditionalObligationHandler' object has no attribute '__iter__'
2025-09-11 10:35:45 - OtherObligations - ERROR - 访问 handler.__iter__ 时出错: 'OtherObligations' object has no attribute '__iter__'
2025-09-11 10:35:45 - ReadmeOSS - ERROR - 访问 handler.__iter__ 时出错: 'ReadmeOSS' object has no attribute '__iter__'
2025-09-11 10:35:45 - SourceCodeHandler - ERROR - 访问 handler.__iter__ 时出错: 'SourceCodeHandler' object has no attribute '__iter__'
2025-09-11 10:35:45 - RemainingHandler - ERROR - 访问 handler.__iter__ 时出错: 'RemainingHandler' object has no attribute '__iter__'
2025-09-11 10:35:45 - SpecialCombiningHandler - ERROR - 访问 handler.__iter__ 时出错: 'SpecialCombiningHandler' object has no attribute '__iter__'
2025-09-11 10:35:46 - InteractionObligationHandler - ERROR - 访问 handler.__iter__ 时出错: 'InteractionObligationHandler' object has no attribute '__iter__'
2025-09-11 10:35:46 - CopyLeftHandler - ERROR - 访问 handler.__iter__ 时出错: 'CopyLeftHandler' object has no attribute '__iter__'
2025-09-11 10:35:46 - AdditionalObligationHandler - ERROR - 访问 handler.__iter__ 时出错: 'AdditionalObligationHandler' object has no attribute '__iter__'
2025-09-11 10:35:46 - OtherObligations - ERROR - 访问 handler.__iter__ 时出错: 'OtherObligations' object has no attribute '__iter__'
2025-09-11 10:35:46 - ReadmeOSS - ERROR - 访问 handler.__iter__ 时出错: 'ReadmeOSS' object has no attribute '__iter__'
2025-09-11 10:35:46 - SourceCodeHandler - ERROR - 访问 handler.__iter__ 时出错: 'SourceCodeHandler' object has no attribute '__iter__'
2025-09-11 10:35:46 - RemainingHandler - ERROR - 访问 handler.__iter__ 时出错: 'RemainingHandler' object has no attribute '__iter__'
2025-09-11 10:35:46 - SpecialCombiningHandler - ERROR - 访问 handler.__iter__ 时出错: 'SpecialCombiningHandler' object has no attribute '__iter__'
2025-09-11 10:35:46 - InteractionObligationHandler - ERROR - 访问 handler.__iter__ 时出错: 'InteractionObligationHandler' object has no attribute '__iter__'
2025-09-11 10:35:46 - CopyLeftHandler - ERROR - 访问 handler.__iter__ 时出错: 'CopyLeftHandler' object has no attribute '__iter__'
2025-09-11 10:35:46 - AdditionalObligationHandler - ERROR - 访问 handler.__iter__ 时出错: 'AdditionalObligationHandler' object has no attribute '__iter__'
2025-09-11 10:35:46 - OtherObligations - ERROR - 访问 handler.__iter__ 时出错: 'OtherObligations' object has no attribute '__iter__'
2025-09-11 10:35:46 - ReadmeOSS - ERROR - 访问 handler.__iter__ 时出错: 'ReadmeOSS' object has no attribute '__iter__'
2025-09-11 10:35:46 - SourceCodeHandler - ERROR - 访问 handler.__iter__ 时出错: 'SourceCodeHandler' object has no attribute '__iter__'
2025-09-11 10:35:46 - RemainingHandler - ERROR - 访问 handler.__iter__ 时出错: 'RemainingHandler' object has no attribute '__iter__'
2025-09-11 10:35:46 - SpecialCombiningHandler - ERROR - 访问 handler.__iter__ 时出错: 'SpecialCombiningHandler' object has no attribute '__iter__'
2025-09-11 10:35:47 - InteractionObligationHandler - ERROR - 访问 handler.__iter__ 时出错: 'InteractionObligationHandler' object has no attribute '__iter__'
2025-09-11 10:35:47 - CopyLeftHandler - ERROR - 访问 handler.__iter__ 时出错: 'CopyLeftHandler' object has no attribute '__iter__'
2025-09-11 10:35:47 - AdditionalObligationHandler - ERROR - 访问 handler.__iter__ 时出错: 'AdditionalObligationHandler' object has no attribute '__iter__'
2025-09-11 10:35:47 - OtherObligations - ERROR - 访问 handler.__iter__ 时出错: 'OtherObligations' object has no attribute '__iter__'
2025-09-11 10:35:47 - ReadmeOSS - ERROR - 访问 handler.__iter__ 时出错: 'ReadmeOSS' object has no attribute '__iter__'
2025-09-11 10:35:47 - SourceCodeHandler - ERROR - 访问 handler.__iter__ 时出错: 'SourceCodeHandler' object has no attribute '__iter__'
2025-09-11 10:35:47 - RemainingHandler - ERROR - 访问 handler.__iter__ 时出错: 'RemainingHandler' object has no attribute '__iter__'
2025-09-11 10:35:47 - SpecialCombiningHandler - ERROR - 访问 handler.__iter__ 时出错: 'SpecialCombiningHandler' object has no attribute '__iter__'
2025-09-11 10:35:49 - InteractionObligationHandler - ERROR - 访问 handler.__iter__ 时出错: 'InteractionObligationHandler' object has no attribute '__iter__'
2025-09-11 10:35:49 - CopyLeftHandler - ERROR - 访问 handler.__iter__ 时出错: 'CopyLeftHandler' object has no attribute '__iter__'
2025-09-11 10:35:49 - AdditionalObligationHandler - ERROR - 访问 handler.__iter__ 时出错: 'AdditionalObligationHandler' object has no attribute '__iter__'
2025-09-11 10:35:49 - OtherObligations - ERROR - 访问 handler.__iter__ 时出错: 'OtherObligations' object has no attribute '__iter__'
2025-09-11 10:35:49 - ReadmeOSS - ERROR - 访问 handler.__iter__ 时出错: 'ReadmeOSS' object has no attribute '__iter__'
2025-09-11 10:35:49 - SourceCodeHandler - ERROR - 访问 handler.__iter__ 时出错: 'SourceCodeHandler' object has no attribute '__iter__'
2025-09-11 10:35:49 - RemainingHandler - ERROR - 访问 handler.__iter__ 时出错: 'RemainingHandler' object has no attribute '__iter__'
2025-09-11 10:35:49 - SpecialCombiningHandler - ERROR - 访问 handler.__iter__ 时出错: 'SpecialCombiningHandler' object has no attribute '__iter__'
