2025-08-19 16:35:33 - root - INFO - 服务器日志系统初始化完成，日志文件: C:\Users\z0054unn\Documents\Siemens-GitLab\Third-party\third-party-clearance\logs\server_20250819_16h35m33s.log
2025-08-19 16:35:33 - uvicorn.error - INFO - Started server process [25728]
2025-08-19 16:35:33 - uvicorn.error - INFO - Waiting for application startup.
2025-08-19 16:35:33 - back_end.server - INFO - FastAPI应用启动
2025-08-19 16:35:33 - uvicorn.error - INFO - Application startup complete.
2025-08-19 16:39:51 - utils.tools - ERROR - Error SESSION_NOT_FOUND: Session c58af74b-08fc-49f5-842a-400d4935d469 not found
2025-08-19 16:40:23 - back_end.server - INFO - the html file is stored at: uploads\LicenseInfo-@automation-core_ac-engineering-ng-2.10.0-2025-07-30_05_57_51.html
2025-08-19 16:40:23 - nodes - INFO - Now we are parsing the original HTML File
2025-08-19 16:40:23 - nodes - INFO - Successfully parsed!
2025-08-19 16:40:23 - nodes - INFO - Now we are reviewing the components list
2025-08-19 16:40:23 - nodes - INFO - We have 3 to review
2025-08-19 16:40:38 - nodes - INFO - We have reviewed one component
2025-08-19 16:40:51 - nodes - INFO - We have reviewed one component
2025-08-19 16:41:03 - nodes - INFO - We have reviewed one component
2025-08-19 16:41:03 - nodes - INFO - Completely Reviewed.
2025-08-19 16:41:03 - nodes - INFO - Now we are collecing special licenses such as GPL
2025-08-19 16:41:03 - nodes - INFO - Now checking the reviewed risks
2025-08-19 16:41:03 - nodes - INFO - We have 3 components to check
2025-08-19 16:41:03 - nodes - INFO - Successfully combined 3 license and risk records
2025-08-19 16:41:14 - nodes - INFO - We have checked one component
2025-08-19 16:41:24 - nodes - INFO - We have checked one component
2025-08-19 16:41:33 - nodes - INFO - We have checked one component
2025-08-19 16:41:33 - nodes - INFO - finished checking, now we are checking the dependecies
2025-08-19 16:41:33 - nodes - INFO - now we start analyzing depencies between components
2025-08-19 16:41:41 - nodes - INFO - Now we have checked dependency of one component
2025-08-19 16:41:41 - utils.itemFilter - INFO - 开始筛选组件，共 1 个组件待处理
2025-08-19 16:41:41 - utils.itemFilter - INFO - 处理组件 1/1
2025-08-19 16:41:41 - utils.itemFilter - INFO - 正在检查组件: @ngrx/store 17.2.0
                            ⇧
2025-08-19 16:41:41 - utils.itemFilter - INFO - 组件许可证列表: ["Apache-2.0", "CC-BY-4.0", "MIT"]
2025-08-19 16:41:41 - utils.itemFilter - INFO - 风险分析中的许可证: ["Apache-2.0", "CC-BY-4.0", "MIT", "3: MIT⇧"]
2025-08-19 16:41:41 - utils.itemFilter - INFO - 筛选完成，保留了 1 个需要凭证的组件
2025-08-19 16:41:41 - nodes - INFO - finished checking, now we are starting the chat...
2025-08-19 16:41:45 - nodes - INFO - Initialized session successfully, waiting for the bot to start conversation
2025-08-19 16:41:45 - nodes - INFO - Starting Chatting...
2025-08-19 16:41:45 - back_end.services.chat_service - INFO - we have found risk bot when initializing the chat service!
2025-08-19 16:41:45 - back_end.services.chat_manager - WARNING - now we start with checking: component
2025-08-19 16:41:47 - back_end.server - INFO - now we initialized status as: OEMing
2025-08-19 16:42:18 - back_end.server - INFO - server: before processing input, we are in the status of: OEMing
2025-08-19 16:42:20 - back_end.services.chat_service - INFO - user_input: yes

2025-08-19 16:42:20 - back_end.services.state_handlers.object_handler - WARNING - OEM handler received invalid result type: <class 'str'>
2025-08-19 16:42:20 - back_end.services.chat_flow - INFO - chat_flow.process: 处理状态: ConfirmationStatus.OEM
2025-08-19 16:42:20 - back_end.services.chat_flow - INFO - chat_flow.process: 状态转移: ConfirmationStatus.OEM -> ConfirmationStatus.CONTRACT
2025-08-19 16:42:20 - back_end.services.chat_service - INFO - chat_service.process_user_input: Current status: OEMing, Updated status: toContract
2025-08-19 16:42:20 - back_end.services.chat_service - INFO - Status check - Processing type: component, Item type: ItemType.COMPONENT, Status: OEMing -> toContract
2025-08-19 16:42:20 - back_end.items_utils.item_types - WARNING - 最新状态为toContract，未找到处理类型(processing_type)，使用默认值: component
2025-08-19 16:42:42 - back_end.server - INFO - The file is stored at: uploads\contract_template.docx
2025-08-19 16:42:49 - back_end.server - INFO - Contract analysis completed successfully for session c1bd08a4-bc7c-4a0f-b8fa-b7a1412cf252
2025-08-19 16:42:49 - back_end.services.chat_flow - INFO - chat_flow.process: 处理状态: ConfirmationStatus.CONTRACT
2025-08-19 16:42:49 - back_end.services.chat_flow - INFO - chat_flow.process: 状态转移: ConfirmationStatus.CONTRACT -> ConfirmationStatus.DEPENDENCY
2025-08-19 16:42:49 - back_end.services.chat_flow - INFO - chat_flow.DependencyCheck: 依赖处理: 初始化了 1 个组件子任务
2025-08-19 16:42:49 - back_end.services.chat_service - INFO - Status check - Processing type: component, Item type: ItemType.COMPONENT, Status: ConfirmationStatus.CONTRACT -> toDependency
2025-08-19 16:42:59 - back_end.server - INFO - server: before processing input, we are in the status of: toDependency
2025-08-19 16:43:01 - back_end.services.chat_service - INFO - user_input: yes

2025-08-19 16:43:01 - back_end.services.chat_flow - INFO - chat_flow.process: 处理状态: ConfirmationStatus.DEPENDENCY
2025-08-19 16:43:01 - back_end.services.chat_service - INFO - chat_service.process_user_input: Current status: toDependency, Updated status: toDependency
2025-08-19 16:43:01 - back_end.services.chat_service - INFO - Status check - Processing type: component, Item type: ItemType.COMPONENT, Status: toDependency -> toDependency
2025-08-19 16:43:01 - back_end.services.chat_service - INFO - chat_service.handle_nested: now the processing type in shared is: component
2025-08-19 16:43:01 - back_end.services.chat_service - INFO - chat_service.handle_nested: now we are handling license or component ItemType.COMPONENT
2025-08-19 16:43:01 - back_end.services.chat_manager - INFO - chat_manager.handle_next: now we return back to handling continue function
2025-08-19 16:43:03 - back_end.services.chat_service - WARNING - chat_service.handle_nested: we have found this messsage The component @ngrx/store version 17.2.0 may have dependencies that could pose additional compliance risks. To ensure a comprehensive compliance checklist, would you like to add all dependent components related to @ngrx/store into the compliance clearance checklist? Please answer yes or no.
2025-08-19 16:43:18 - back_end.server - INFO - server: before processing input, we are in the status of: toDependency
2025-08-19 16:43:23 - back_end.services.chat_service - INFO - user_input: yes

2025-08-19 16:43:23 - back_end.services.chat_flow - INFO - chat_flow.process: 处理状态: ConfirmationStatus.DEPENDENCY
2025-08-19 16:43:23 - back_end.services.chat_service - INFO - chat_service.process_user_input: Current status: toDependency, Updated status: toDependency
2025-08-19 16:43:23 - back_end.services.chat_service - INFO - Status check - Processing type: component, Item type: ItemType.COMPONENT, Status: toDependency -> toDependency
2025-08-19 16:43:23 - back_end.services.chat_service - INFO - chat_service.handle_nested: now the processing type in shared is: component
2025-08-19 16:43:23 - back_end.services.chat_service - INFO - chat_service.handle_nested: now we are handling license or component ItemType.COMPONENT
2025-08-19 16:43:23 - back_end.services.chat_manager - INFO - chat_manager: updated item status to confirmed
2025-08-19 16:43:23 - back_end.services.chat_service - WARNING - chat_service.handle_nested: we have found this messsage @ngrx/store 17.2.0 has been confirmed!

We have finished current checking!
2025-08-19 16:43:23 - back_end.services.chat_service - INFO - chat_service.handle_nested: we have finished the checking for this state toDependency
2025-08-19 16:43:23 - back_end.services.chat_flow - INFO - chat_flow.process: 处理状态: ConfirmationStatus.DEPENDENCY
2025-08-19 16:43:23 - back_end.services.chat_flow - INFO - chat_flow.process: 状态转移: ConfirmationStatus.DEPENDENCY -> ConfirmationStatus.CREDENTIAL
2025-08-19 16:43:23 - back_end.services.chat_flow - INFO - chat_flow.CredentialCheck: 依赖处理: 初始化了 1 个组件子任务
2025-08-19 16:43:23 - back_end.services.chat_service - INFO - Status check - Processing type: component, Item type: ItemType.COMPONENT, Status: toDependency -> credential
2025-08-19 16:43:29 - back_end.server - INFO - server: before processing input, we are in the status of: credential
2025-08-19 16:43:31 - back_end.services.chat_service - INFO - user_input: yes

2025-08-19 16:43:31 - back_end.services.chat_flow - INFO - chat_flow.process: 处理状态: ConfirmationStatus.CREDENTIAL
2025-08-19 16:43:31 - back_end.services.chat_service - INFO - chat_service.process_user_input: Current status: credential, Updated status: credential
2025-08-19 16:43:31 - back_end.services.chat_service - INFO - Status check - Processing type: credential, Item type: ItemType.CREDENTIAL, Status: credential -> credential
2025-08-19 16:43:31 - back_end.services.chat_service - INFO - chat_service.handle_nested: now the processing type in shared is: credential
2025-08-19 16:43:31 - back_end.services.chat_service - INFO - chat_service.handle_nested: now we are handling license or component ItemType.CREDENTIAL
2025-08-19 16:43:32 - back_end.services.chat_service - WARNING - chat_service.handle_nested: we have found this messsage The component @ngrx/store version 17.2.0 requires credentials from another cooperation. To ensure proper compliance, please confirm whether you have obtained the necessary credentials for this component. Is it credentialized?
2025-08-19 16:43:37 - back_end.server - INFO - server: before processing input, we are in the status of: credential
2025-08-19 16:43:38 - back_end.services.chat_service - INFO - user_input: yes

2025-08-19 16:43:38 - back_end.services.chat_flow - INFO - chat_flow.process: 处理状态: ConfirmationStatus.CREDENTIAL
2025-08-19 16:43:38 - back_end.services.chat_service - INFO - chat_service.process_user_input: Current status: credential, Updated status: credential
2025-08-19 16:43:38 - back_end.services.chat_service - INFO - Status check - Processing type: credential, Item type: ItemType.CREDENTIAL, Status: credential -> credential
2025-08-19 16:43:38 - back_end.services.chat_service - INFO - chat_service.handle_nested: now the processing type in shared is: credential
2025-08-19 16:43:38 - back_end.services.chat_service - INFO - chat_service.handle_nested: now we are handling license or component ItemType.CREDENTIAL
2025-08-19 16:43:38 - back_end.services.chat_manager - INFO - chat_manager: updated item status to confirmed
2025-08-19 16:43:38 - back_end.services.chat_service - WARNING - chat_service.handle_nested: we have found this messsage 未命名凭证 has been confirmed!

We have finished current checking!
2025-08-19 16:43:38 - back_end.services.chat_service - INFO - chat_service.handle_nested: we have finished the checking for this state credential
2025-08-19 16:43:38 - back_end.services.chat_flow - INFO - chat_flow.process: 处理状态: ConfirmationStatus.CREDENTIAL
2025-08-19 16:43:38 - back_end.services.chat_flow - INFO - chat_flow.process: 状态转移: ConfirmationStatus.CREDENTIAL -> ConfirmationStatus.SPECIAL_CHECK
2025-08-19 16:43:38 - back_end.services.chat_flow - INFO - chat_flow.SpeicalCheck: 依赖处理: 初始化了 1 个组件子任务
2025-08-19 16:43:38 - back_end.services.chat_service - INFO - Status check - Processing type: credential, Item type: ItemType.CREDENTIAL, Status: credential -> special_check
2025-08-19 16:43:41 - back_end.services.chat_service - INFO - process_status_change: we need to get the instruction for the first item: special_check
2025-08-19 16:43:56 - back_end.server - INFO - server: before processing input, we are in the status of: special_check
2025-08-19 16:44:01 - back_end.services.chat_service - INFO - user_input: yes

2025-08-19 16:44:01 - back_end.services.chat_flow - INFO - chat_flow.process: 处理状态: ConfirmationStatus.SPECIAL_CHECK
2025-08-19 16:44:01 - back_end.services.chat_service - INFO - chat_service.process_user_input: Current status: special_check, Updated status: special_check
2025-08-19 16:44:01 - back_end.services.chat_service - INFO - Status check - Processing type: specialcheck, Item type: ItemType.SPECIALCHECK, Status: special_check -> special_check
2025-08-19 16:44:01 - back_end.services.chat_service - INFO - chat_service.handle_nested: now the processing type in shared is: specialcheck
2025-08-19 16:44:01 - back_end.services.chat_service - INFO - chat_service.handle_nested: now we are handling license or component ItemType.SPECIALCHECK
2025-08-19 16:44:01 - back_end.services.chat_manager - INFO - chat_manager: updated item status to confirmed
2025-08-19 16:44:01 - back_end.services.chat_service - WARNING - chat_service.handle_nested: we have found this messsage GPL has been confirmed!

We have finished current checking!
2025-08-19 16:44:01 - back_end.services.chat_service - INFO - chat_service.handle_nested: we have finished the checking for this state special_check
2025-08-19 16:44:01 - back_end.services.chat_flow - INFO - chat_flow.process: 处理状态: ConfirmationStatus.SPECIAL_CHECK
2025-08-19 16:44:01 - back_end.services.chat_flow - INFO - chat_flow.process: 状态转移: ConfirmationStatus.SPECIAL_CHECK -> ConfirmationStatus.COMPLIANCE
2025-08-19 16:44:01 - back_end.services.chat_flow - INFO - chat_flow.LicenseCheck: 依赖处理: 初始化了 3 个组件子任务
2025-08-19 16:44:01 - back_end.services.chat_service - INFO - Status check - Processing type: specialcheck, Item type: ItemType.SPECIALCHECK, Status: special_check -> toCompliance
2025-08-19 16:44:03 - back_end.services.chat_service - INFO - process_status_change: we need to get the instruction for the first item: toCompliance
2025-08-19 16:44:10 - back_end.server - INFO - server: before processing input, we are in the status of: toCompliance
2025-08-19 16:44:15 - back_end.services.chat_service - INFO - user_input: yes

2025-08-19 16:44:15 - back_end.services.chat_flow - INFO - chat_flow.process: 处理状态: ConfirmationStatus.COMPLIANCE
2025-08-19 16:44:15 - back_end.services.chat_service - INFO - chat_service.process_user_input: Current status: toCompliance, Updated status: toCompliance
2025-08-19 16:44:15 - back_end.services.chat_service - INFO - Status check - Processing type: license, Item type: ItemType.LICENSE, Status: toCompliance -> toCompliance
2025-08-19 16:44:15 - back_end.services.chat_service - INFO - chat_service.handle_nested: now the processing type in shared is: license
2025-08-19 16:44:15 - back_end.services.chat_service - INFO - chat_service.handle_nested: now we are handling license or component ItemType.LICENSE
2025-08-19 16:44:15 - back_end.services.chat_manager - INFO - chat_manager: updated item status to confirmed
2025-08-19 16:44:19 - back_end.services.chat_service - WARNING - chat_service.handle_nested: we have found this messsage Apache-2.0 has been confirmed!

For the CC-BY-4.0 license, assessed as medium-risk, the identified risks include the requirement for attribution and the irrevocable nature of the license. Compliance measures should ensure proper credit is given and that there is clarity on how derivative works are handled to avoid legal complications. Please provide justification if you choose to retain this license under the identified risks, or confirm if you would like to remove it.
2025-08-19 16:44:23 - back_end.server - INFO - server: before processing input, we are in the status of: toCompliance
2025-08-19 16:44:25 - back_end.services.chat_service - INFO - user_input: yes

2025-08-19 16:44:25 - back_end.services.chat_flow - INFO - chat_flow.process: 处理状态: ConfirmationStatus.COMPLIANCE
2025-08-19 16:44:25 - back_end.services.chat_service - INFO - chat_service.process_user_input: Current status: toCompliance, Updated status: toCompliance
2025-08-19 16:44:25 - back_end.services.chat_service - INFO - Status check - Processing type: license, Item type: ItemType.LICENSE, Status: toCompliance -> toCompliance
2025-08-19 16:44:25 - back_end.services.chat_service - INFO - chat_service.handle_nested: now the processing type in shared is: license
2025-08-19 16:44:25 - back_end.services.chat_service - INFO - chat_service.handle_nested: now we are handling license or component ItemType.LICENSE
2025-08-19 16:44:25 - back_end.services.chat_manager - INFO - chat_manager: updated item status to confirmed
2025-08-19 16:44:29 - back_end.services.chat_service - WARNING - chat_service.handle_nested: we have found this messsage CC-BY-4.0 has been confirmed!

For the MIT license, assessed as low-risk, the appropriate compliance measures include including the original copyright notice and permission notice in all substantial copies of the software distributed. Since you confirmed these measures, I will now summarize the overall compliance status based on all the information provided so far.
2025-08-19 16:44:34 - back_end.server - INFO - server: before processing input, we are in the status of: toCompliance
2025-08-19 16:44:41 - back_end.services.chat_service - INFO - user_input: yes

2025-08-19 16:44:41 - back_end.services.chat_flow - INFO - chat_flow.process: 处理状态: ConfirmationStatus.COMPLIANCE
2025-08-19 16:44:41 - back_end.services.chat_service - INFO - chat_service.process_user_input: Current status: toCompliance, Updated status: toCompliance
2025-08-19 16:44:41 - back_end.services.chat_service - INFO - Status check - Processing type: license, Item type: ItemType.LICENSE, Status: toCompliance -> toCompliance
2025-08-19 16:44:41 - back_end.services.chat_service - INFO - chat_service.handle_nested: now the processing type in shared is: license
2025-08-19 16:44:41 - back_end.services.chat_service - INFO - chat_service.handle_nested: now we are handling license or component ItemType.LICENSE
2025-08-19 16:44:41 - back_end.services.chat_manager - INFO - chat_manager: updated item status to confirmed
2025-08-19 16:44:41 - back_end.services.chat_service - WARNING - chat_service.handle_nested: we have found this messsage MIT has been confirmed!

We have finished current checking!
2025-08-19 16:44:41 - back_end.services.chat_service - INFO - chat_service.handle_nested: we have finished the checking for this state toCompliance
2025-08-19 16:44:41 - back_end.services.chat_flow - INFO - chat_flow.process: 处理状态: ConfirmationStatus.COMPLIANCE
2025-08-19 16:44:41 - back_end.services.chat_flow - INFO - chat_flow.process: 状态转移: ConfirmationStatus.COMPLIANCE -> ConfirmationStatus.FINALLIST
2025-08-19 16:44:41 - back_end.services.chat_service - INFO - Status check - Processing type: license, Item type: ItemType.LICENSE, Status: toCompliance -> finallist
2025-08-19 16:44:41 - back_end.items_utils.item_types - WARNING - 最新状态为finallist，未找到处理类型(processing_type)，使用默认值: component
2025-08-19 16:44:45 - back_end.server - INFO - server: before processing input, we are in the status of: finallist
2025-08-19 16:44:51 - back_end.services.chat_service - INFO - user_input: next

2025-08-19 16:44:51 - back_end.services.chat_flow - INFO - chat_flow.process: 处理状态: ConfirmationStatus.FINALLIST
2025-08-19 16:44:51 - back_end.services.chat_flow - INFO - chat_flow.process: 状态转移: ConfirmationStatus.FINALLIST -> ConfirmationStatus.COMPLETED
2025-08-19 16:44:51 - back_end.services.chat_service - INFO - chat_service.process_user_input: Current status: finallist, Updated status: completed
2025-08-19 16:44:51 - back_end.services.chat_service - INFO - Status check - Processing type: component, Item type: ItemType.COMPONENT, Status: finallist -> completed
2025-08-19 16:44:51 - back_end.items_utils.item_types - WARNING - 最新状态为completed，未找到处理类型(processing_type)，使用默认值: component
2025-08-19 16:44:51 - back_end.server - INFO - All checking finished. Now we are generating the report...
2025-08-19 16:44:51 - nodes - INFO - now we are filtering items...
2025-08-19 16:44:51 - nodes - INFO - Now we are generating filtered html...
2025-08-19 16:44:51 - utils.itemFilter - INFO - Filtered component names: {'@ngrx/store'}
2025-08-19 16:44:51 - utils.itemFilter - INFO - Filtered license names: {'Apache-2.0', 'MIT', 'CC-BY-4.0'}
2025-08-19 16:44:51 - utils.itemFilter - INFO - Keeping component in release_overview: @ngrx/store
2025-08-19 16:44:51 - utils.itemFilter - INFO - Keeping component in releases: @ngrx/store
2025-08-19 16:44:51 - utils.itemFilter - INFO - Keeping license Apache-2.0 for component @ngrx/store
2025-08-19 16:44:51 - utils.itemFilter - INFO - Keeping license CC-BY-4.0 for component @ngrx/store
2025-08-19 16:44:51 - utils.itemFilter - INFO - Keeping license MIT for component @ngrx/store
2025-08-19 16:44:51 - utils.itemFilter - INFO - Keeping license in license_texts: Apache-2.0
2025-08-19 16:44:51 - utils.itemFilter - INFO - Keeping license in license_texts: CC-BY-4.0
2025-08-19 16:44:51 - utils.itemFilter - INFO - Keeping license in license_texts: MIT
2025-08-19 16:44:51 - nodes - INFO - We got the reconstructed html successfully!
2025-08-19 16:44:54 - nodes - INFO - We have generated the oss readme file successfully!
2025-08-19 16:45:43 - back_end.server - INFO - server: before processing input, we are in the status of: completed
2025-08-19 16:45:43 - back_end.server - INFO - We have finished all checking in current session, please reupload a new license info file to start a new session. 
2025-08-19 16:50:27 - back_end.server - INFO - the html file is stored at: uploads\LicenseInfo-@automation-core_ac-engineering-ng-2.10.0-2025-07-30_05_57_51.html
2025-08-19 16:50:27 - nodes - INFO - Now we are parsing the original HTML File
2025-08-19 16:50:27 - nodes - INFO - Successfully parsed!
2025-08-19 16:50:27 - nodes - INFO - Now we are reviewing the components list
2025-08-19 16:50:27 - nodes - INFO - We have 3 to review
2025-08-19 16:50:40 - nodes - INFO - We have reviewed one component
2025-08-19 16:50:57 - nodes - INFO - We have reviewed one component
2025-08-19 16:51:09 - nodes - INFO - We have reviewed one component
2025-08-19 16:51:09 - nodes - INFO - Completely Reviewed.
2025-08-19 16:51:09 - nodes - INFO - Now we are collecing special licenses such as GPL
2025-08-19 16:51:09 - nodes - INFO - Now checking the reviewed risks
2025-08-19 16:51:09 - nodes - INFO - We have 3 components to check
2025-08-19 16:51:09 - nodes - INFO - Successfully combined 3 license and risk records
2025-08-19 16:51:19 - nodes - INFO - We have checked one component
2025-08-19 16:51:29 - nodes - INFO - We have checked one component
2025-08-19 16:51:38 - nodes - INFO - We have checked one component
2025-08-19 16:51:38 - nodes - INFO - finished checking, now we are checking the dependecies
2025-08-19 16:51:38 - nodes - INFO - now we start analyzing depencies between components
2025-08-19 16:51:47 - nodes - INFO - Now we have checked dependency of one component
2025-08-19 16:51:47 - utils.itemFilter - INFO - 开始筛选组件，共 1 个组件待处理
2025-08-19 16:51:47 - utils.itemFilter - INFO - 处理组件 1/1
2025-08-19 16:51:47 - utils.itemFilter - INFO - 正在检查组件: @ngrx/store 17.2.0
                            ⇧
2025-08-19 16:51:47 - utils.itemFilter - INFO - 组件许可证列表: ["Apache-2.0", "CC-BY-4.0", "MIT"]
2025-08-19 16:51:47 - utils.itemFilter - INFO - 风险分析中的许可证: ["Apache-2.0", "CC-BY-4.0", "2: CC-BY-4.0⇧", "MIT", "3: MIT⇧"]
2025-08-19 16:51:47 - utils.itemFilter - INFO - 筛选完成，保留了 1 个需要凭证的组件
2025-08-19 16:51:47 - nodes - INFO - finished checking, now we are starting the chat...
2025-08-19 16:51:50 - nodes - INFO - Initialized session successfully, waiting for the bot to start conversation
2025-08-19 16:51:50 - nodes - INFO - Starting Chatting...
2025-08-19 16:51:50 - back_end.services.chat_service - INFO - we have found risk bot when initializing the chat service!
2025-08-19 16:51:50 - back_end.services.chat_manager - WARNING - now we start with checking: component
2025-08-19 16:52:06 - utils.tools - ERROR - Error Error during analysis: Model did not give valid JSON after retries.
2025-08-19 17:05:54 - uvicorn.error - INFO - Shutting down
2025-08-19 17:05:54 - uvicorn.error - INFO - Waiting for application shutdown.
2025-08-19 17:05:54 - back_end.server - INFO - FastAPI应用关闭
2025-08-19 17:05:54 - uvicorn.error - INFO - Application shutdown complete.
2025-08-19 17:05:54 - uvicorn.error - INFO - Finished server process [25728]
