2025-09-03 15:29:44 - root - INFO - 服务器日志系统初始化完成，日志文件: C:\Users\z0054unn\Documents\Siemens-GitLab\Third-party\third-party-clearance\logs\server_20250903_15h29m44s.log
2025-09-03 15:29:44 - root - INFO - 服务器日志系统初始化完成，日志文件: C:\Users\z0054unn\Documents\Siemens-GitLab\Third-party\third-party-clearance\logs\server_20250903_15h29m44s.log
2025-09-03 15:29:44 - nodes - INFO - Now we are parsing the original HTML File
2025-09-03 15:29:45 - nodes - INFO - Successfully parsed!
2025-09-03 15:29:45 - nodes - INFO - Now we are parsing the original PCR file.
2025-09-03 15:29:57 - back_end.services.chat_service - INFO - we have found risk bot when initializing the chat service!
2025-09-03 15:30:00 - testing - INFO - 检验测试环境初始化...
2025-09-03 15:30:00 - testing - INFO - 测试环境验证通过!
2025-09-03 15:30:00 - testing - INFO - 开始执行测试: test_custom_instruction_retrieval
2025-09-03 15:30:00 - testing - INFO - Now we are using the customized shared dictionary
2025-09-03 15:30:00 - testing - INFO - 开始执行测试: test_initial_content_generation
2025-09-03 15:30:00 - back_end.services.chat_service - INFO - user_input: 
            That's totally OK.

    
2025-09-03 15:30:04 - back_end.services.chat_service - INFO - chat_service.process_user_input: we have this response {'result': 'continue', 'talking': 'Could you please provide more context or specify what assistance you need regarding third-party component compliance? This will help me better assist you.'}
2025-09-03 15:30:04 - ObligationsHandler - WARNING - No items found for key 'component'. Chapter will be empty.
2025-09-03 15:30:04 - back_end.services.chat_flow - INFO - chat_flow.process: 处理状态: ConfirmationStatus.OBLIGATIONS
2025-09-03 15:30:04 - ObligationsHandler - WARNING - No items found for key 'component'. Chapter will be empty.
2025-09-03 15:30:04 - back_end.services.chat_flow - INFO - chat_flow.process: 状态转移: ConfirmationStatus.OBLIGATIONS -> ConfirmationStatus.COMPLETED
2025-09-03 15:30:04 - back_end.services.chat_service - INFO - chat_service.process_user_input: Current status: obligations, Updated status: completed
2025-09-03 15:30:04 - utils.tools - WARNING - 未找到处理类型(processing_type)，使用默认值: component
2025-09-03 15:30:04 - back_end.services.chat_service - INFO - Status check - Processing type: component, Item type: ItemType.COMPONENT, Status: obligations -> completed
2025-09-03 15:30:04 - back_end.items_utils.item_types - WARNING - 最新状态为completed，未找到处理类型(processing_type)，使用默认值: component
2025-09-03 15:30:04 - back_end.services.chat_service - INFO - _process_status_change: ChapterGeneration completed, aggregating content
2025-09-03 15:30:04 - back_end.services.chat_gen.generator - INFO - Content aggregation completed and stored in markdown format
2025-09-03 15:30:04 - back_end.services.chat_service - WARNING - _process_status_change: No aggregated content returned from ChapterGeneration
2025-09-03 15:30:05 - testing - INFO - 开始执行测试: test_user_in_flow
2025-09-03 15:30:05 - testing - INFO - 当前对话轮次1, 用户输入OK, show me the first subtitle
2025-09-03 15:30:05 - back_end.services.chat_service - INFO - user_input: OK, show me the first subtitle
2025-09-03 15:30:06 - back_end.services.chat_service - INFO - chat_service.process_user_input: we have this response {'result': 'next', 'talking': "The first subtitle is 'Core Responsibilities'. This section outlines the primary functions I perform concerning software compliance auditing and risk assessment."}
