2025-09-04 10:22:16 - root - INFO - 服务器日志系统初始化完成，日志文件: C:\Users\z0054unn\Documents\Siemens-GitLab\Third-party\third-party-clearance\logs\server_20250904_10h22m16s.log
2025-09-04 10:22:16 - root - INFO - 服务器日志系统初始化完成，日志文件: C:\Users\z0054unn\Documents\Siemens-GitLab\Third-party\third-party-clearance\logs\server_20250904_10h22m16s.log
2025-09-04 10:22:16 - nodes - INFO - Now we are parsing the original HTML File
2025-09-04 10:22:16 - nodes - INFO - Successfully parsed!
2025-09-04 10:22:16 - nodes - INFO - Now we are parsing the original PCR file.
2025-09-04 10:22:26 - back_end.services.chat_service - INFO - we have found risk bot when initializing the chat service!
2025-09-04 10:22:26 - back_end.services.chat_manager - WARNING - now we start with checking: pure_component
2025-09-04 10:22:28 - testing - INFO - 检验测试环境初始化...
2025-09-04 10:22:28 - testing - INFO - 测试环境验证通过!
2025-09-04 10:22:28 - testing - INFO - 开始执行测试: test_custom_instruction_retrieval
2025-09-04 10:22:28 - testing - INFO - Now we are using the customized shared dictionary
2025-09-04 10:22:30 - testing - INFO - Retrieved instructions with custom context: I am now in confirming mode. Please provide your feedback on my previous responses, and let me know if you are satisfied or if there's anything else you would like to address.
2025-09-04 10:22:30 - testing - INFO - 开始执行测试: test_user_in_flow
2025-09-04 10:22:30 - testing - INFO - 当前对话轮次1, 用户输入OK, show me the first subtitle
2025-09-04 10:22:30 - back_end.services.chat_service - INFO - user_input: OK, show me the first subtitle
2025-09-04 10:22:31 - back_end.services.chat_service - INFO - chat_service.process_user_input: we have this response {'result': 'continue', 'talking': "Could you clarify what specific document or section you are referring to when you mention 'the first subtitle'? This will help me provide the appropriate information."}
2025-09-04 10:22:47 - ObligationsHandler - INFO - Initialized 7 subtitle handlers for item: 0
2025-09-04 10:23:03 - ObligationsHandler - INFO - Initialized 7 subtitle handlers for item: 1
2025-09-04 10:23:20 - ObligationsHandler - INFO - Initialized 7 subtitle handlers for item: 2
2025-09-04 10:23:36 - ObligationsHandler - INFO - Initialized 7 subtitle handlers for item: 3
2025-09-04 10:23:52 - ObligationsHandler - INFO - Initialized 7 subtitle handlers for item: 4
2025-09-04 10:24:07 - ObligationsHandler - INFO - Initialized 7 subtitle handlers for item: 5
2025-09-04 10:24:22 - ObligationsHandler - INFO - Initialized 7 subtitle handlers for item: 6
2025-09-04 10:24:38 - ObligationsHandler - INFO - Initialized 7 subtitle handlers for item: 7
2025-09-04 10:24:38 - back_end.services.chat_flow - INFO - chat_flow.process: 处理状态: ConfirmationStatus.OBLIGATIONS
2025-09-04 10:24:38 - ObligationsHandler - INFO - Marked content_confirmed for item_0 - LicenseHandler
2025-09-04 10:24:38 - back_end.services.chat_service - INFO - chat_service.process_user_input: Current status: obligations, Updated status: obligations
2025-09-04 10:24:38 - back_end.services.chat_service - INFO - Status check - Processing type: pure_component, Item type: ItemType.PC, Status: obligations -> obligations
2025-09-04 10:24:38 - back_end.services.chat_service - INFO - chat_service._handle_chapter_generation: Processing ChapterGeneration with result: continue
2025-09-04 10:24:38 - back_end.services.chat_service - INFO - chat_service._handle_chapter_generation: Chapter generation completed
2025-09-04 10:24:38 - back_end.services.chat_flow - INFO - chat_flow.process: 处理状态: ConfirmationStatus.OBLIGATIONS
2025-09-04 10:24:38 - ObligationsHandler - INFO - Marked content_confirmed for item_0 - SubObligationsHandler
2025-09-04 10:24:38 - testing - INFO - 状态: obligations
2025-09-04 10:24:38 - testing - INFO - 系统回复: ['Content for current chapter has been generated']
2025-09-04 10:24:38 - testing - INFO - 当前对话轮次2, 用户输入ok, next, please
2025-09-04 10:24:38 - back_end.services.chat_service - INFO - user_input: ok, next, please
2025-09-04 10:24:40 - back_end.services.chat_service - INFO - chat_service.process_user_input: we have this response {'result': 'next', 'talking': 'I will now proceed to the next mode. If you have further instructions or need assistance with particular compliance queries, please let me know.'}
2025-09-04 10:24:40 - back_end.services.chat_flow - INFO - chat_flow.process: 处理状态: ConfirmationStatus.OBLIGATIONS
2025-09-04 10:24:40 - ObligationsHandler - INFO - Marked content_confirmed for item_0 - SubRisksHandler
2025-09-04 10:24:40 - back_end.services.chat_service - INFO - chat_service.process_user_input: Current status: obligations, Updated status: obligations
2025-09-04 10:24:40 - back_end.services.chat_service - INFO - Status check - Processing type: pure_component, Item type: ItemType.PC, Status: obligations -> obligations
2025-09-04 10:24:40 - back_end.services.chat_service - INFO - chat_service._handle_chapter_generation: Processing ChapterGeneration with result: next
2025-09-04 10:24:40 - back_end.services.chat_service - INFO - chat_service._handle_chapter_generation: Chapter generation completed
2025-09-04 10:24:40 - back_end.services.chat_flow - INFO - chat_flow.process: 处理状态: ConfirmationStatus.OBLIGATIONS
2025-09-04 10:24:40 - ObligationsHandler - INFO - Marked content_confirmed for item_0 - CommonRulesHandler
2025-09-04 10:24:40 - testing - INFO - 状态: obligations
2025-09-04 10:24:40 - testing - INFO - 系统回复: ['Content for current chapter has been generated']
2025-09-04 10:24:40 - testing - INFO - 当前对话轮次3, 用户输入show me the obligation
2025-09-04 10:24:40 - back_end.services.chat_service - INFO - user_input: show me the obligation
2025-09-04 10:24:41 - back_end.services.chat_service - INFO - chat_service.process_user_input: we have this response {'result': 'continue', 'talking': "To assist you accurately, could you specify which obligation you're referring to? Are you looking for obligations related to a specific OSS license, PSS agreement, or perhaps an obligation within a specific contract? Please provide more details."}
2025-09-04 10:24:41 - back_end.services.chat_flow - INFO - chat_flow.process: 处理状态: ConfirmationStatus.OBLIGATIONS
2025-09-04 10:24:41 - ObligationsHandler - INFO - Marked content_confirmed for item_0 - AdditionalHandler
2025-09-04 10:24:41 - back_end.services.chat_service - INFO - chat_service.process_user_input: Current status: obligations, Updated status: obligations
2025-09-04 10:24:41 - back_end.services.chat_service - INFO - Status check - Processing type: pure_component, Item type: ItemType.PC, Status: obligations -> obligations
2025-09-04 10:24:41 - back_end.services.chat_service - INFO - chat_service._handle_chapter_generation: Processing ChapterGeneration with result: continue
2025-09-04 10:24:41 - back_end.services.chat_service - INFO - chat_service._handle_chapter_generation: Chapter generation completed
2025-09-04 10:24:41 - back_end.services.chat_flow - INFO - chat_flow.process: 处理状态: ConfirmationStatus.OBLIGATIONS
2025-09-04 10:24:41 - ObligationsHandler - INFO - Marked content_confirmed for item_0 - ImplementationHandler
2025-09-04 10:24:41 - testing - INFO - 状态: obligations
2025-09-04 10:24:41 - testing - INFO - 系统回复: ['Content for current chapter has been generated']
2025-09-04 10:24:41 - testing - INFO - 当前对话轮次4, 用户输入I am not satisfied with it, generate again
2025-09-04 10:24:41 - back_end.services.chat_service - INFO - user_input: I am not satisfied with it, generate again
2025-09-04 10:24:42 - back_end.services.chat_service - INFO - chat_service.process_user_input: we have this response {'result': 'continue', 'talking': "I appreciate your feedback. To better address your request regarding 'obligation,' please let me know if you are looking for obligations under a specific OSS license, proprietary software terms, or compliance requirements in a particular context. Your clarification will help me provide a more relevant response."}
2025-09-04 10:24:42 - back_end.services.chat_flow - INFO - chat_flow.process: 处理状态: ConfirmationStatus.OBLIGATIONS
2025-09-04 10:24:42 - ObligationsHandler - INFO - Marked content_confirmed for item_0 - ObligationCombiningHandler
2025-09-04 10:24:42 - ObligationsHandler - INFO - All subtitles completed for item: item_0
2025-09-04 10:24:42 - back_end.services.chat_service - INFO - chat_service.process_user_input: Current status: obligations, Updated status: obligations
2025-09-04 10:24:42 - back_end.services.chat_service - INFO - Status check - Processing type: pure_component, Item type: ItemType.PC, Status: obligations -> obligations
2025-09-04 10:24:42 - back_end.services.chat_service - INFO - chat_service._handle_chapter_generation: Processing ChapterGeneration with result: continue
2025-09-04 10:24:42 - back_end.services.chat_service - INFO - chat_service._handle_chapter_generation: Chapter generation completed
2025-09-04 10:24:42 - back_end.services.chat_flow - INFO - chat_flow.process: 处理状态: ConfirmationStatus.OBLIGATIONS
2025-09-04 10:24:42 - ObligationsHandler - INFO - Marked content_confirmed for item_1 - LicenseHandler
2025-09-04 10:24:42 - testing - INFO - 状态: obligations
2025-09-04 10:24:42 - testing - INFO - 系统回复: ['Content for current chapter has been generated']
2025-09-04 10:24:42 - testing - INFO - 当前对话轮次5, 用户输入Show me the licenses
2025-09-04 10:24:42 - back_end.services.chat_service - INFO - user_input: Show me the licenses
2025-09-04 10:24:43 - back_end.services.chat_service - INFO - chat_service.process_user_input: we have this response {'result': 'continue', 'talking': 'Could you specify the context of the licenses you would like me to show? For example, are you looking for a list of common OSS licenses such as GPL, MIT, Apache, etc., or are you interested in proprietary software licenses? Your clarification will assist in providing the appropriate information.'}
2025-09-04 10:24:43 - back_end.services.chat_flow - INFO - chat_flow.process: 处理状态: ConfirmationStatus.OBLIGATIONS
2025-09-04 10:24:43 - ObligationsHandler - INFO - Marked content_confirmed for item_1 - SubObligationsHandler
2025-09-04 10:24:43 - back_end.services.chat_service - INFO - chat_service.process_user_input: Current status: obligations, Updated status: obligations
2025-09-04 10:24:43 - back_end.services.chat_service - INFO - Status check - Processing type: pure_component, Item type: ItemType.PC, Status: obligations -> obligations
2025-09-04 10:24:43 - back_end.services.chat_service - INFO - chat_service._handle_chapter_generation: Processing ChapterGeneration with result: continue
2025-09-04 10:24:43 - back_end.services.chat_service - INFO - chat_service._handle_chapter_generation: Chapter generation completed
2025-09-04 10:24:43 - back_end.services.chat_flow - INFO - chat_flow.process: 处理状态: ConfirmationStatus.OBLIGATIONS
2025-09-04 10:24:43 - ObligationsHandler - INFO - Marked content_confirmed for item_1 - SubRisksHandler
2025-09-04 10:24:43 - testing - INFO - 状态: obligations
2025-09-04 10:24:43 - testing - INFO - 系统回复: ['Content for current chapter has been generated']
