2025-08-21 15:23:58 - root - INFO - 服务器日志系统初始化完成，日志文件: C:\Users\z0054unn\Documents\Siemens-GitLab\Third-party\third-party-clearance\logs\server_20250821_15h23m58s.log
2025-08-21 15:23:58 - root - INFO - 服务器日志系统初始化完成，日志文件: C:\Users\z0054unn\Documents\Siemens-GitLab\Third-party\third-party-clearance\logs\server_20250821_15h23m58s.log
2025-08-21 15:24:02 - back_end.services.chat_service - INFO - we have found risk bot when initializing the chat service!
2025-08-21 15:24:02 - testing - INFO - 开始执行测试: test_custom_instruction_retrieval
2025-08-21 15:24:05 - testing - INFO - 开始执行测试: test_initial_content_generation
2025-08-21 15:24:07 - back_end.services.chat_service - INFO - user_input: 
2	Product overview 
2.1	Product description
TC5 is a a KNX S-Mode multi-functional touch panel for display, operation and control. The device offers a 5-inch color capacitive touch screen at a resolution of 480 × 854.
The device is powered over KNX on DC 24...30 V auxiliary supply voltage.
Key features:
•	KNX controller with extensive range of functions – integrated temperature sensor 
•	Password protection 
•	Proximity sensor 
•	Customization of wall papers, screen savers and icons
•	LED colored light strip Control functions 
-	Lighting control
-	Solar protection
-	HVAC 
-	Scene control 
-	Schedule and timer function
-	Alarmhandling
The original manufacturer is GVS. All software and hardware is provided by GVS, no development is done by Siemens.
2.2	Sales and delivery channels
Standard SI B sales channels.
2.3	Development details
This is an OEM product developed by GVS (https://www.gvssmart.com/).
It is based on a customized Linux. 


2025-08-21 15:24:07 - back_end.services.chat_flow - INFO - chat_flow.process: 处理状态: ConfirmationStatus.PRODUCTOVERVIEW
2025-08-21 15:24:07 - ProductOverviewHandler - INFO - Now we are checking...
2025-08-21 15:24:07 - back_end.services.chat_service - INFO - chat_service.process_user_input: Current status: product_overview, Updated status: product_overview
2025-08-21 15:24:07 - utils.tools - WARNING - 未找到处理类型(processing_type)，使用默认值: component
2025-08-21 15:24:07 - back_end.services.chat_service - INFO - Status check - Processing type: component, Item type: ItemType.COMPONENT, Status: product_overview -> product_overview
2025-08-21 15:24:07 - ProductOverviewHandler - INFO - Now we are checking...
2025-08-21 15:24:21 - testing - INFO - 开始执行测试: test_user_satisfied_flow
2025-08-21 15:24:27 - back_end.services.chat_service - INFO - user_input: Yes, I am satisfied with the current content.
2025-08-21 15:24:27 - back_end.services.chat_flow - INFO - chat_flow.process: 处理状态: ConfirmationStatus.PRODUCTOVERVIEW
2025-08-21 15:24:27 - ProductOverviewHandler - INFO - Now we are checking...
2025-08-21 15:24:27 - ProductOverviewHandler - INFO - we have generated content...
2025-08-21 15:24:27 - ProductOverviewHandler - INFO - Now we are checking...
2025-08-21 15:24:27 - ProductOverviewHandler - INFO - we have reset the status of completion
2025-08-21 15:24:27 - back_end.services.chat_flow - INFO - chat_flow.process: 状态转移: ConfirmationStatus.PRODUCTOVERVIEW -> ConfirmationStatus.COMPLETED
2025-08-21 15:24:27 - back_end.services.chat_service - INFO - chat_service.process_user_input: Current status: product_overview, Updated status: completed
2025-08-21 15:24:27 - back_end.services.chat_service - INFO - Status check - Processing type: component, Item type: ItemType.COMPONENT, Status: product_overview -> completed
2025-08-21 15:24:27 - back_end.items_utils.item_types - WARNING - 最新状态为completed，未找到处理类型(processing_type)，使用默认值: component
2025-08-21 15:24:27 - testing - INFO - 开始执行测试: test_user_unsatisfied_flow
2025-08-21 15:24:27 - testing - INFO - 开始执行测试: test_initial_content_generation
2025-08-21 15:24:32 - back_end.services.chat_service - INFO - user_input: 
2	Product overview 
2.1	Product description
TC5 is a a KNX S-Mode multi-functional touch panel for display, operation and control. The device offers a 5-inch color capacitive touch screen at a resolution of 480 × 854.
The device is powered over KNX on DC 24...30 V auxiliary supply voltage.
Key features:
•	KNX controller with extensive range of functions – integrated temperature sensor 
•	Password protection 
•	Proximity sensor 
•	Customization of wall papers, screen savers and icons
•	LED colored light strip Control functions 
-	Lighting control
-	Solar protection
-	HVAC 
-	Scene control 
-	Schedule and timer function
-	Alarmhandling
The original manufacturer is GVS. All software and hardware is provided by GVS, no development is done by Siemens.
2.2	Sales and delivery channels
Standard SI B sales channels.
2.3	Development details
This is an OEM product developed by GVS (https://www.gvssmart.com/).
It is based on a customized Linux. 


2025-08-21 15:24:32 - back_end.services.chat_flow - INFO - chat_flow.process: 处理状态: ConfirmationStatus.PRODUCTOVERVIEW
2025-08-21 15:24:32 - ProductOverviewHandler - INFO - Now we are checking...
2025-08-21 15:24:32 - back_end.services.chat_service - INFO - chat_service.process_user_input: Current status: product_overview, Updated status: product_overview
2025-08-21 15:24:32 - back_end.services.chat_service - INFO - Status check - Processing type: component, Item type: ItemType.COMPONENT, Status: product_overview -> product_overview
2025-08-21 15:24:32 - ProductOverviewHandler - INFO - Now we are checking...
2025-08-21 15:24:32 - ProductOverviewHandler - INFO - we have generated content...
2025-08-21 15:24:32 - ProductOverviewHandler - INFO - Now we are checking...
2025-08-21 15:24:37 - back_end.services.chat_service - INFO - user_input: I am not satisfied with it, please generate it again.
2025-08-21 15:24:37 - back_end.services.chat_flow - INFO - chat_flow.process: 处理状态: ConfirmationStatus.PRODUCTOVERVIEW
2025-08-21 15:24:37 - ProductOverviewHandler - INFO - Now we are checking...
2025-08-21 15:24:37 - back_end.services.chat_service - INFO - chat_service.process_user_input: Current status: product_overview, Updated status: product_overview
2025-08-21 15:24:37 - back_end.services.chat_service - INFO - Status check - Processing type: component, Item type: ItemType.COMPONENT, Status: product_overview -> product_overview
2025-08-21 15:24:37 - ProductOverviewHandler - INFO - Now we are checking...
2025-08-21 15:24:37 - ProductOverviewHandler - INFO - we have generated content...
2025-08-21 15:24:37 - ProductOverviewHandler - INFO - Now we are checking...
2025-08-21 15:24:37 - testing - INFO - 原始内容: continue...
2025-08-21 15:24:37 - testing - INFO - 重新生成的内容: continue...
