2025-08-22 14:26:24 - root - INFO - 服务器日志系统初始化完成，日志文件: C:\Users\z0054unn\Documents\Siemens-GitLab\Third-party\third-party-clearance\logs\server_20250822_14h26m24s.log
2025-08-22 14:26:24 - uvicorn.error - INFO - Started server process [10124]
2025-08-22 14:26:24 - uvicorn.error - INFO - Waiting for application startup.
2025-08-22 14:26:24 - back_end.server - INFO - FastAPI应用启动
2025-08-22 14:26:24 - uvicorn.error - INFO - Application startup complete.
2025-08-22 14:26:35 - back_end.server - INFO - the html file is stored at: uploads\LicenseInfo-@automation-core_ac-engineering-ng-2.10.0-2025-07-30_05_57_51.html
2025-08-22 14:26:35 - nodes - INFO - Now we are parsing the original HTML File
2025-08-22 14:26:35 - nodes - INFO - Successfully parsed!
2025-08-22 14:26:35 - nodes - INFO - Now we are reviewing the components list
2025-08-22 14:26:35 - nodes - INFO - We have 3 to review
2025-08-22 14:26:54 - nodes - INFO - We have reviewed one component
2025-08-22 14:27:09 - nodes - INFO - We have reviewed one component
2025-08-22 14:27:21 - nodes - INFO - We have reviewed one component
2025-08-22 14:27:21 - nodes - INFO - Completely Reviewed.
2025-08-22 14:27:21 - nodes - INFO - Now we are collecing special licenses such as GPL
2025-08-22 14:27:21 - nodes - INFO - Now checking the reviewed risks
2025-08-22 14:27:21 - nodes - INFO - We have 3 licenses to check
2025-08-22 14:27:21 - nodes - INFO - Successfully combined 3 license and risk records
2025-08-22 14:27:30 - nodes - INFO - We have checked one component
2025-08-22 14:27:40 - nodes - INFO - We have checked one component
2025-08-22 14:27:49 - nodes - INFO - We have checked one component
2025-08-22 14:27:49 - nodes - INFO - finished checking, now we are checking the dependecies
2025-08-22 14:27:49 - nodes - INFO - now we start analyzing depencies between components
2025-08-22 14:27:57 - nodes - INFO - Now we have checked dependency of one component
2025-08-22 14:27:57 - utils.itemFilter - INFO - 开始筛选组件，共 1 个组件待处理
2025-08-22 14:27:57 - utils.itemFilter - INFO - 处理组件 1/1
2025-08-22 14:27:57 - utils.itemFilter - INFO - 正在检查组件: @ngrx/store 17.2.0
                            ⇧
2025-08-22 14:27:57 - utils.itemFilter - INFO - 组件许可证列表: ["Apache-2.0", "CC-BY-4.0", "MIT"]
2025-08-22 14:27:57 - utils.itemFilter - INFO - 风险分析中的许可证: ["Apache-2.0", "CC-BY-4.0", "2: CC-BY-4.0⇧", "MIT"]
2025-08-22 14:27:57 - utils.itemFilter - INFO - 筛选完成，保留了 1 个需要凭证的组件
2025-08-22 14:27:57 - nodes - INFO - finished checking, now we are starting the chat...
2025-08-22 14:28:00 - nodes - INFO - Initialized session successfully, waiting for the bot to start conversation
2025-08-22 14:28:00 - nodes - INFO - Starting Chatting...
2025-08-22 14:28:00 - back_end.services.chat_service - INFO - we have found risk bot when initializing the chat service!
2025-08-22 14:28:00 - back_end.services.chat_manager - WARNING - now we start with checking: component
2025-08-22 14:28:02 - back_end.server - INFO - now we initialized status as: OEMing
2025-08-22 14:28:24 - back_end.server - INFO - server: before processing input, we are in the status of: OEMing
2025-08-22 14:28:27 - back_end.services.chat_service - INFO - user_input: yes

2025-08-22 14:28:27 - back_end.services.state_handlers.object_handler - WARNING - OEM handler received invalid result type: <class 'str'>
2025-08-22 14:28:27 - back_end.services.chat_flow - INFO - chat_flow.process: 处理状态: ConfirmationStatus.OEM
2025-08-22 14:28:27 - OEMStateHandler - INFO - Now we are checking...
2025-08-22 14:28:27 - back_end.services.chat_flow - INFO - chat_flow.process: 状态转移: ConfirmationStatus.OEM -> ConfirmationStatus.CONTRACT
2025-08-22 14:28:27 - back_end.services.chat_service - INFO - chat_service.process_user_input: Current status: OEMing, Updated status: toContract
2025-08-22 14:28:27 - back_end.services.chat_service - INFO - Status check - Processing type: component, Item type: ItemType.COMPONENT, Status: OEMing -> toContract
2025-08-22 14:28:27 - back_end.items_utils.item_types - WARNING - 最新状态为toContract，未找到处理类型(processing_type)，使用默认值: component
2025-08-22 14:28:41 - back_end.server - INFO - The file is stored at: uploads\contract_template.docx
2025-08-22 14:28:49 - back_end.server - INFO - Contract analysis completed successfully for session de1cd296-b832-430a-a7e2-6d99c9a7dc16
2025-08-22 14:28:49 - back_end.services.chat_flow - INFO - chat_flow.process: 处理状态: ConfirmationStatus.CONTRACT
2025-08-22 14:28:49 - ContractHandler - INFO - Now we are checking...
2025-08-22 14:28:49 - back_end.services.chat_flow - INFO - chat_flow.process: 状态转移: ConfirmationStatus.CONTRACT -> ConfirmationStatus.DEPENDENCY
2025-08-22 14:28:49 - back_end.services.state_handlers.object_handler - INFO - chat_flow.DependencyCheck: 依赖处理: 初始化了 1 个组件子任务
2025-08-22 14:28:49 - back_end.services.chat_service - INFO - Status check - Processing type: component, Item type: ItemType.COMPONENT, Status: ConfirmationStatus.CONTRACT -> toDependency
2025-08-22 14:28:53 - back_end.server - INFO - server: before processing input, we are in the status of: toDependency
2025-08-22 14:28:55 - back_end.services.chat_service - INFO - user_input: yes

2025-08-22 14:28:55 - back_end.services.chat_flow - INFO - chat_flow.process: 处理状态: ConfirmationStatus.DEPENDENCY
2025-08-22 14:28:55 - back_end.services.chat_service - INFO - chat_service.process_user_input: Current status: toDependency, Updated status: toDependency
2025-08-22 14:28:55 - back_end.services.chat_service - INFO - Status check - Processing type: component, Item type: ItemType.COMPONENT, Status: toDependency -> toDependency
2025-08-22 14:28:55 - back_end.services.chat_service - INFO - chat_service.handle_nested: now the processing type in shared is: component
2025-08-22 14:28:55 - back_end.services.chat_service - INFO - chat_service.handle_nested: now we are handling license or component ItemType.COMPONENT
2025-08-22 14:28:55 - back_end.services.chat_manager - INFO - chat_manager.handle_next: now we return back to handling continue function
2025-08-22 14:28:56 - back_end.services.chat_service - WARNING - chat_service.handle_nested: we have found this messsage The component '@ngrx/store 17.2.0' has its own dependencies that may also introduce compliance risks. It's important to assess these dependent components to ensure they are included in our compliance checklist. Would you like to include the dependent components of '@ngrx/store 17.2.0' in your compliance clearance list? Please answer yes or no.
2025-08-22 14:28:59 - back_end.server - INFO - server: before processing input, we are in the status of: toDependency
2025-08-22 14:29:01 - back_end.services.chat_service - INFO - user_input: yes

2025-08-22 14:29:01 - back_end.services.chat_flow - INFO - chat_flow.process: 处理状态: ConfirmationStatus.DEPENDENCY
2025-08-22 14:29:01 - back_end.services.chat_service - INFO - chat_service.process_user_input: Current status: toDependency, Updated status: toDependency
2025-08-22 14:29:01 - back_end.services.chat_service - INFO - Status check - Processing type: component, Item type: ItemType.COMPONENT, Status: toDependency -> toDependency
2025-08-22 14:29:01 - back_end.services.chat_service - INFO - chat_service.handle_nested: now the processing type in shared is: component
2025-08-22 14:29:01 - back_end.services.chat_service - INFO - chat_service.handle_nested: now we are handling license or component ItemType.COMPONENT
2025-08-22 14:29:01 - back_end.services.chat_manager - INFO - chat_manager: updated item status to confirmed
2025-08-22 14:29:01 - back_end.services.chat_service - WARNING - chat_service.handle_nested: we have found this messsage @ngrx/store 17.2.0 has been confirmed!

We have finished current checking!
2025-08-22 14:29:01 - back_end.services.chat_service - INFO - chat_service.handle_nested: we have finished the checking for this state toDependency
2025-08-22 14:29:01 - back_end.services.chat_flow - INFO - chat_flow.process: 处理状态: ConfirmationStatus.DEPENDENCY
2025-08-22 14:29:01 - back_end.services.chat_flow - INFO - chat_flow.process: 状态转移: ConfirmationStatus.DEPENDENCY -> ConfirmationStatus.CREDENTIAL
2025-08-22 14:29:01 - back_end.services.state_handlers.object_handler - INFO - chat_flow.CredentialCheck: 依赖处理: 初始化了 1 个组件子任务
2025-08-22 14:29:01 - back_end.server - ERROR - Error during chat: ChatService._status_check() missing 1 required positional argument: 'handler'
Traceback (most recent call last):
  File "C:\Users\z0054unn\Documents\Siemens-GitLab\Third-party\third-party-clearance\back_end\server.py", line 213, in chat
    status, updated_shared, reply = chat_service.process_user_input(
                                    ~~~~~~~~~~~~~~~~~~~~~~~~~~~~~~~^
        session["shared"],
        ^^^^^^^^^^^^^^^^^^
        chat_message.message,
        ^^^^^^^^^^^^^^^^^^^^^
        status
        ^^^^^^
    )
    ^
  File "C:\Users\z0054unn\Documents\Siemens-GitLab\Third-party\third-party-clearance\back_end\services\chat_service.py", line 51, in process_user_input
    final_status, updated_shared, reply = self._status_check(shared, updated_status, status, result,reply, handler)
                                          ~~~~~~~~~~~~~~~~~~^^^^^^^^^^^^^^^^^^^^^^^^^^^^^^^^^^^^^^^^^^^^^^^^^^^^^^^
  File "C:\Users\z0054unn\Documents\Siemens-GitLab\Third-party\third-party-clearance\back_end\services\chat_service.py", line 69, in _status_check
    return self._handle_nested_logic(shared, status, result, reply, handler)
           ~~~~~~~~~~~~~~~~~~~~~~~~~^^^^^^^^^^^^^^^^^^^^^^^^^^^^^^^^^^^^^^^^
  File "C:\Users\z0054unn\Documents\Siemens-GitLab\Third-party\third-party-clearance\back_end\services\chat_service.py", line 195, in _handle_nested_logic
    final_status, updated_shared, message = self._status_check(
                                            ~~~~~~~~~~~~~~~~~~^
        updated_shared,
        ^^^^^^^^^^^^^^^
    ...<3 lines>...
        reply
        ^^^^^
    )
    ^
TypeError: ChatService._status_check() missing 1 required positional argument: 'handler'
2025-08-22 14:29:01 - utils.tools - ERROR - Error CHAT_ERROR: Error during contract analysis: ChatService._status_check() missing 1 required positional argument: 'handler'
2025-08-22 14:30:02 - uvicorn.error - INFO - Shutting down
2025-08-22 14:30:02 - uvicorn.error - INFO - Waiting for application shutdown.
2025-08-22 14:30:02 - back_end.server - INFO - FastAPI应用关闭
2025-08-22 14:30:02 - uvicorn.error - INFO - Application shutdown complete.
2025-08-22 14:30:02 - uvicorn.error - INFO - Finished server process [10124]
